

<!DOCTYPE html>
<html>
<head>
	<meta charset='utf-8' /> 
	<meta name='description' content='' />
	<meta name='robots' content='noodp, noydir' />
	<meta name='viewport' content='width=device-width, initial-scale=1' />
	<meta id="timeStampFormat" name="timeStampFormat" content='MMM d, yyyy hh:mm:ss a'/>
	
	<link href='https://fonts.googleapis.com/css?family=Source+Sans+Pro:400,600' rel='stylesheet' type='text/css' />
	<link href="https://fonts.googleapis.com/icon?family=Material+Icons" rel="stylesheet" />
	<link href='https://cdn.rawgit.com/extent-framework/extent-github-cdn/b65cd69/v3html/css/extent.css' type='text/css' rel='stylesheet' />
	
	<title>/Users/MDPAPITESTING/MDP/Reports/TestRun2020_01_29134529/AutomationResult.html</title>

	<style type='text/css'>
		/* json-tree */
		.jstBracket,.jstComma,.jstValue{white-space:pre-wrap}.jstValue{font-size:10px;font-weight:400;font-family:"Lucida Console",Monaco,monospace}.jstProperty{color:#666;word-wrap:break-word}.jstBool{color:#2525CC}.jstNum{color:#D036D0}.jstNull{color:gray}.jstStr{color:#2DB669}.jstFold:after{content:' -';cursor:pointer}.jstExpand{white-space:normal}.jstExpand:after{content:' +';cursor:pointer}.jstFolded{white-space:normal!important}.jstHiddenBlock{display:none}
	</style>
	
	<script type="text/javascript">
		/*! json-tree - v0.2.2 - 2017-09-25, MIT LICENSE */
		var JSONTree=function(){var n={"&":"&amp;","<":"&lt;",">":"&gt;",'"':"&quot;","'":"&#x27;","/":"&#x2F;"},t=0,r=0;this.create=function(n,t){return r+=1,N(u(n,0,!1),{class:"jstValue"})};var e=function(t){return t.replace(/[&<>'"]/g,function(t){return n[t]})},s=function(){return r+"_"+t++},u=function(n,t,r){if(null===n)return f(r?t:0);switch(typeof n){case"boolean":return l(n,r?t:0);case"number":return i(n,r?t:0);case"string":return o(n,r?t:0);default:return n instanceof Array?a(n,t,r):c(n,t,r)}},c=function(n,t,r){var e=s(),u=Object.keys(n).map(function(r){return j(r,n[r],t+1,!0)}).join(m()),c=[g("{",r?t:0,e),N(u,{id:e}),p("}",t)].join("\n");return N(c,{})},a=function(n,t,r){var e=s(),c=n.map(function(n){return u(n,t+1,!0)}).join(m());return[g("[",r?t:0,e),N(c,{id:e}),p("]",t)].join("\n")},o=function(n,t){var r=e(JSON.stringify(n));return N(v(r,t),{class:"jstStr"})},i=function(n,t){return N(v(n,t),{class:"jstNum"})},l=function(n,t){return N(v(n,t),{class:"jstBool"})},f=function(n){return N(v("null",n),{class:"jstNull"})},j=function(n,t,r){var s=v(e(JSON.stringify(n))+": ",r),c=N(u(t,r,!1),{});return N(s+c,{class:"jstProperty"})},m=function(){return N(",\n",{class:"jstComma"})},N=function(n,t){return d("span",t,n)},d=function(n,t,r){return"<"+n+Object.keys(t).map(function(n){return" "+n+'="'+t[n]+'"'}).join("")+">"+r+"</"+n+">"},g=function(n,t,r){return N(v(n,t),{class:"jstBracket"})+N("",{class:"jstFold",onclick:"JSONTree.toggle('"+r+"')"})};this.toggle=function(n){var t=document.getElementById(n),r=t.parentNode,e=t.previousElementSibling;""===t.className?(t.className="jstHiddenBlock",r.className="jstFolded",e.className="jstExpand"):(t.className="",r.className="",e.className="jstFold")};var p=function(n,t){return N(v(n,t),{})},v=function(n,t){return Array(2*t+1).join(" ")+n};return this}();
	</script>
</head>
	<body class='extent standard default hide-overflow '>
		<div id='theme-selector' alt='Click to toggle theme. To enable by default, use theme configuration.' title='Click to toggle theme. To enable by default, use theme configuration.'>
			<span><i class='material-icons'>desktop_windows</i></span>
		</div>
<nav>
	<div class="nav-wrapper">
		<a href="#!" class="brand-logo black"><img src="https://cdn.rawgit.com/extent-framework/extent-github-cdn/d74480e/commons/img/logo.png"></a>
		<!-- slideout menu -->
		<ul id='slide-out' class='side-nav fixed hide-on-med-and-down'>
			<li class='waves-effect active'><a href='#!' view='test-view' onclick="configureView(0);chartsView('test');"><i class='material-icons'>dashboard</i></a></li>
						<li class='waves-effect'><a href='#!' view='exception-view' onclick="configureView(2)"><i class='material-icons'>bug_report</i></a></li>
			<li class='waves-effect'><a href='#!' onclick="configureView(-1);chartsView('dashboard');" view='dashboard-view'><i class='material-icons'>track_changes</i></a></li>
		</ul>
		<!-- report name -->
		<span class='report-name'>/Users/MDPAPITESTING/MDP/Reports/TestRun2020_01_29134529/AutomationResult.html</span>
		<!-- report headline -->
		<span class='report-headline'></span>
		<!-- nav-right -->
		<ul id='nav-mobile' class='right hide-on-med-and-down nav-right'>
			<a href='#!'>
			<span class='label blue darken-3 suite-start-time'>Jan 29, 2020 01:45:29 PM</span>
			</a>
		</ul>
	</div>
</nav>		<!-- container -->
		<div class='container'>
<div id='test-view' class='view'>
	<section id='controls'>
		<div class='controls grey lighten-4'>
			<!-- test toggle -->
			<div class='chip transparent'>
				<a class='dropdown-button tests-toggle' data-activates='tests-toggle' data-constrainwidth='true' data-beloworigin='true' data-hover='true' href='#'>
				<i class='material-icons'>warning</i> Status
				</a>
				<ul id='tests-toggle' class='dropdown-content'>
										<li status='pass'><a href='#!'>Pass <i class='material-icons green-text'>check_circle</i></a></li>
					<li status='fail'><a href='#!'>Fail <i class='material-icons red-text'>cancel</i></a></li>
					<li class='divider'></li>
					<li status='clear' clear='true'><a href='#!'>Clear Filters <i class='material-icons'>clear</i></a></li>
				</ul>
			</div>
			<!-- test toggle -->
			<!-- category toggle -->
			<!-- category toggle -->
			<!-- clear filters -->
			<div class='chip transparent hide'>
				<a class='' id='clear-filters' alt='Clear Filters' title='Clear Filters'>
				<i class='material-icons'>close</i> Clear
				</a>
			</div>
			<!-- clear filters -->
			<!-- enable dashboard -->
			<div id='toggle-test-view-charts' class='chip transparent'>
				<a class='pink-text' id='enable-dashboard' alt='Enable Dashboard' title='Enable Dashboard'>
				<i class='material-icons'>track_changes</i> Dashboard
				</a>
			</div>
			<!-- enable dashboard -->
			<!-- search -->
			<div class='chip transparent' alt='Search Tests' title='Search Tests'>
				<a href="#" class='search-div'>
				<i class='material-icons'>search</i> Search
				</a>
				<div class='input-field left hide'>
					<input id='search-tests' type='text' class='validate browser-default' placeholder='Search Tests...'>
				</div>
			</div>
			<!-- search -->
		</div>
	</section>
<div id='test-view-charts' class='subview-full'>
    <div id='charts-row' class='row nm-v nm-h'>
        <div class='col s12 m12 l12 np-h'>
            <div class='card-panel nm-v'>
                <div class='left panel-name'>Tests</div>
                <div class='chart-box' style="max-height:94px;">
                    <canvas id='parent-analysis' width='90' height='70'></canvas>
                </div>
                <div class='block text-small'>
                    <span class='tooltipped' data-position='top' data-tooltip='51.613%'><span class='strong'>16</span> test(s) passed</span>
                </div>
                <div class='block text-small'>
                    <span class='strong tooltipped' data-position='top' data-tooltip='48.387%'>15</span> test(s) failed, <span class='strong tooltipped' data-position='top' data-tooltip='0%'>0</span> others
                </div>
            </div>
        </div>
    </div>
    <div id="timeline-chart" class="row nm-v nm-h">
        <div class="col s12 m12 l12 np-h">
            <div class="card-panel">
                <div class='left panel-name'>Timeline (seconds)</div>
                <div class="chart-box" style="width:98%;max-height:145px;">
                    <canvas id="timeline" height="120"></canvas>
                </div>
            </div>
        </div>
    </div>
</div>	<div class='subview-left left'>
		<div class='view-summary'>
			<ul id='test-collection' class='test-collection'>
				<li class='test displayed active  fail' status='fail' bdd='false' test-id='1'>
					<div class='test-heading'>
						<span class='test-name'>tC201_AdminUser_Test01_CreateAppAdminSibblingWithUserType1</span>
						<span class='test-time'>Jan 29, 2020 01:45:34 PM</span>
						<span class='test-status right fail'>fail</span>
					</div>
					<div class='test-content hide'>
<div class='test-time-info'>
	<span class='label start-time'>Jan 29, 2020 01:45:34 PM</span>
	<span class='label end-time'>Jan 29, 2020 01:46:14 PM</span>
	<span class='label time-taken grey lighten-1 white-text'>0h 0m 40s+22ms</span>
</div>
<div class='test-steps'>
	<table class='bordered table-results'>
		<thead>
			<tr>
				<th>Status</th>
				<th>Timestamp</th>
				<th>Details</th>
			</tr>
		</thead>
		<tbody>
			<tr class='log' status='debug'>
				<td class='status debug' title='debug' alt='debug'><i class='material-icons'>low_priority</i></td>
				<td class='timestamp'>1:45:58 PM</td>
				<td class='step-details'>
						UserName Used for Genrating the Access token:MDPAdmin@id.zeiss.com
					
				</td>
			</tr>
			<tr class='log' status='info'>
				<td class='status info' title='info' alt='info'><i class='material-icons'>info_outline</i></td>
				<td class='timestamp'>1:46:04 PM</td>
				<td class='step-details'>
						Clicked on the Element
					
				</td>
			</tr>
			<tr class='log' status='debug'>
				<td class='status debug' title='debug' alt='debug'><i class='material-icons'>low_priority</i></td>
				<td class='timestamp'>1:46:13 PM</td>
				<td class='step-details'>
						The Auth token Used :
eyJ0eXAiOiJKV1QiLCJhbGciOiJSUzI1NiIsImtpZCI6IlRva2VuU2lnbmluZ0tleUNvbnRhaW5lciJ9.eyJpc3MiOiJodHRwczovL3plaXNzaWRiMmN0ZXN0LmIyY2xvZ2luLmNvbS83Yzg5NjlkMS0zZDFjLTQ2MGMtYTMyZi04NzlkODk0MTI1NWYvdjIuMC8iLCJleHAiOjE1ODAyODkzNjcsIm5iZiI6MTU4MDI4NTc2NywiYXVkIjoiM0QzMENDQzktNzk2NC00MzIzLTkwQkItNkQ3MkFBOERDOUM2Iiwib2lkIjoiZjZkMWMyNWQtMWI5ZS00NWQ5LTkyNjMtMTFiNmQxY2EzMWQxIiwic3ViIjoiTm90IHN1cHBvcnRlZCBjdXJyZW50bHkuIFVzZSBvaWQgY2xhaW0uIiwiZW1haWwiOiJ7T0lEQzpVc2VybmFtZX0iLCJaZWlzc0lkQmFzZSI6IntcclxuICBcImFjY291bnRJZFwiOiAxMTE1NCxcclxuICBcImZpcnN0TmFtZVwiOiBcIk1EUFwiLFxyXG4gIFwibGFzdE5hbWVcIjogXCJhZG1pblwiLFxyXG4gIFwiZU1haWxcIjogXCJNRFBBZG1pbkBpZC56ZWlzcy5jb21cIixcclxuICBcImxhc3RDaGFuZ2VcIjogXCIyMDE5LTEyLTAyVDA5OjAxOjUwLjAyM1wiLFxyXG4gIFwiaWRlbnRpdHlQcm92aWRlclwiOiA2LFxyXG4gIFwiam9iVGl0bGVcIjogXCJcIixcclxuICBcImRlcGFydG1lbnRcIjogXCJcIixcclxuICBcInNhbHV0YXRpb25cIjogXCJuYVwiLFxyXG4gIFwibGFuZ3VhZ2VcIjogXCJlbi1JTlwiXHJcbn0iLCJaZWlzc0lkQ29udGFjdCI6IntcclxuICBcInN0cmVldFwiOiBcIlwiLFxyXG4gIFwiaG91c2VOdW1iZXJcIjogXCJcIixcclxuICBcInppcFwiOiBcIlwiLFxyXG4gIFwiY2l0eVwiOiBcIlwiLFxyXG4gIFwiY291bnRyeVwiOiBcIlwiLFxyXG4gIFwiY2VsbFBob25lXCI6IFwiXCIsXHJcbiAgXCJwaG9uZVwiOiBcIlwiLFxyXG4gIFwiZmF4XCI6IFwiXCJcclxufSIsIlplaXNzSWRPcmdhbmlzYXRpb24iOiJ7fSIsIlplaXNzSWRBcHBsaWNhdGlvbiI6IntcclxuICBcImNsaWVudEFwcElkXCI6IDM3NixcclxuICBcImFwcGxpY2F0aW9uRG9tYWluSWRcIjogMyxcclxuICBcInRlcm1zQW5kQ29uZGl0aW9uc0lkXCI6IDAsXHJcbiAgXCJhY2NlcHRhbmNlT2ZUZXJtc0FuZENvbmRpdGlvbnNJZFwiOiAwLFxyXG4gIFwiZGlyZWN0QWNjZXNzXCI6IGZhbHNlLFxyXG4gIFwiaW52aXRhdGlvbklkXCI6IDBcclxufSIsIlplaXNzSWRDdXN0b21GaWVsZHMiOiJ7fSIsIlplaXNzSWRBZ3JlZW1lbnRzIjoie1xyXG4gIFwiYWdyZWVtZW50c1wiOiBbXVxyXG59IiwiYXpwIjoiM0QzMENDQzktNzk2NC00MzIzLTkwQkItNkQ3MkFBOERDOUM2IiwidmVyIjoiMS4wIiwiaWF0IjoxNTgwMjg1NzY3fQ.wPSdywJ9dPyPEYaCEs_IOdhXLyDHKH40wLF4_HKq6nKiDs5NJ4wsE_WJ3zYLm-Rt745tFHbI_wE8icGKiNr5ElUGkOgTnYjELucbPJHWGGKALWnQq19hwvApfcN8NvL-6HA0iYQVqQXz1Jp6M-JSP3WdRY8obn0gwFGuonovRgkhAFduJSDBTz_FRNetc8Amh2ZwneFqMD015FE2D7aZEV_4PbBumSTraTvtrOEdfcJlcyWynnSNpSCrmrn0lNfC2R5FVBG72EMSVYWcZQwCCUhG6oyEx_33HQSSDPxLVtdxDTbsEc6qrHENEmrGJS1cAEZUIEOQ2nU91BlcU_-eyQ
					
				</td>
			</tr>
			<tr class='log' status='debug'>
				<td class='status debug' title='debug' alt='debug'><i class='material-icons'>low_priority</i></td>
				<td class='timestamp'>1:46:13 PM</td>
				<td class='step-details'>
						Creating the user with defualt generated email:zeiss0719+20200129_134613@gmail.com
					
				</td>
			</tr>
			<tr class='log' status='debug'>
				<td class='status debug' title='debug' alt='debug'><i class='material-icons'>low_priority</i></td>
				<td class='timestamp'>1:46:13 PM</td>
				<td class='step-details'>
						The BaseUri is :https://mdptest.api.zeiss.com
					
				</td>
			</tr>
			<tr class='log' status='debug'>
				<td class='status debug' title='debug' alt='debug'><i class='material-icons'>low_priority</i></td>
				<td class='timestamp'>1:46:13 PM</td>
				<td class='step-details'>
						/nThe Values to change In JSON:{"COUNTRY":"SA","ALTERNATEEMAIL":"noemaildude@fuckoff.com","ZEISSIDUSERTYPE":1,"ROLEID":"985b931d-a04f-491c-de88-08d790386490","EMAIL":"zeiss0719+20200129_134613@gmail.com","CLIENTID":"ed8d6270-da8b-4ea0-aaa0-7214f6dd09d5"}
					
				</td>
			</tr>
			<tr class='log' status='debug'>
				<td class='status debug' title='debug' alt='debug'><i class='material-icons'>low_priority</i></td>
				<td class='timestamp'>1:46:13 PM</td>
				<td class='step-details'>
						The Effective end point is :/adminuserservice/api/v2.0/mdpapps/96b144c4-db4d-4cee-e6e9-08d7629609b9/AdminUsers
					
				</td>
			</tr>
			<tr class='log' status='debug'>
				<td class='status debug' title='debug' alt='debug'><i class='material-icons'>low_priority</i></td>
				<td class='timestamp'>1:46:13 PM</td>
				<td class='step-details'>
						Created users with the payload{"firstName":"ZeissUSer","lastName":"Admin","clientId":"ed8d6270-da8b-4ea0-aaa0-7214f6dd09d5","zeissIdUserType":1,"roleId":"985b931d-a04f-491c-de88-08d790386490","contactDetails":[{"country":"SA","alternateEmail":"noemaildude@fuckoff.com","period":"string","city":"Bangalore","district":"string","postalCode":"string","addressLine1":"Zeiss","addressLine2":"EC","state":"KA","type":"string","alternateNo":"string","contactNo":"string"}],"email":"zeiss0719+20200129_134613@gmail.com"}
					
				</td>
			</tr>
			<tr class='log' status='debug'>
				<td class='status debug' title='debug' alt='debug'><i class='material-icons'>low_priority</i></td>
				<td class='timestamp'>1:46:14 PM</td>
				<td class='step-details'>
						Response Code:401
					
				</td>
			</tr>
			<tr class='log' status='debug'>
				<td class='status debug' title='debug' alt='debug'><i class='material-icons'>low_priority</i></td>
				<td class='timestamp'>1:46:14 PM</td>
				<td class='step-details'>
						Response:{"Error":{"Code":"UnAuthorizedUser","Message":"Logged-In User is not authorized to create this user","Target":null,"Details":null,"InnerError":null}}
					
				</td>
			</tr>
			<tr class='log' status='fail'>
				<td class='status fail' title='fail' alt='fail'><i class='material-icons'>cancel</i></td>
				<td class='timestamp'>1:46:14 PM</td>
				<td class='step-details'>
						<textarea disabled class="code-block">java.lang.AssertionError: expected [201] but found [401]
	at org.testng.Assert.fail(Assert.java:96)
	at org.testng.Assert.failNotEquals(Assert.java:776)
	at org.testng.Assert.assertEqualsImpl(Assert.java:137)
	at org.testng.Assert.assertEquals(Assert.java:118)
	at org.testng.Assert.assertEquals(Assert.java:652)
	at org.testng.Assert.assertEquals(Assert.java:662)
	at com.mdp.api.tests.AdminUserService_AdminUserTests.tC201_AdminUser_Test01_CreateAppAdminSibblingWithUserType1(AdminUserService_AdminUserTests.java:40)
	at sun.reflect.NativeMethodAccessorImpl.invoke0(Native Method)
	at sun.reflect.NativeMethodAccessorImpl.invoke(NativeMethodAccessorImpl.java:62)
	at sun.reflect.DelegatingMethodAccessorImpl.invoke(DelegatingMethodAccessorImpl.java:43)
	at java.lang.reflect.Method.invoke(Method.java:498)
	at org.testng.internal.MethodInvocationHelper.invokeMethod(MethodInvocationHelper.java:124)
	at org.testng.internal.Invoker.invokeMethod(Invoker.java:583)
	at org.testng.internal.Invoker.invokeTestMethod(Invoker.java:719)
	at org.testng.internal.Invoker.invokeTestMethods(Invoker.java:989)
	at org.testng.internal.TestMethodWorker.invokeTestMethods(TestMethodWorker.java:125)
	at org.testng.internal.TestMethodWorker.run(TestMethodWorker.java:109)
	at org.testng.TestRunner.privateRun(TestRunner.java:648)
	at org.testng.TestRunner.run(TestRunner.java:505)
	at org.testng.SuiteRunner.runTest(SuiteRunner.java:455)
	at org.testng.SuiteRunner.runSequentially(SuiteRunner.java:450)
	at org.testng.SuiteRunner.privateRun(SuiteRunner.java:415)
	at org.testng.SuiteRunner.run(SuiteRunner.java:364)
	at org.testng.SuiteRunnerWorker.runSuite(SuiteRunnerWorker.java:52)
	at org.testng.SuiteRunnerWorker.run(SuiteRunnerWorker.java:84)
	at org.testng.TestNG.runSuitesSequentially(TestNG.java:1208)
	at org.testng.TestNG.runSuitesLocally(TestNG.java:1137)
	at org.testng.TestNG.runSuites(TestNG.java:1049)
	at org.testng.TestNG.run(TestNG.java:1017)
	at org.testng.remote.AbstractRemoteTestNG.run(AbstractRemoteTestNG.java:114)
	at org.testng.remote.RemoteTestNG.initAndRun(RemoteTestNG.java:251)
	at org.testng.remote.RemoteTestNG.main(RemoteTestNG.java:77)
</textarea>
					
				</td>
			</tr>
		</tbody>
	</table>
</div>
						<ul class='screenshots'>
							<li><img class='r-img' onerror='this.style.display="none"' data-featherlight='/Users/MDPAPITESTING/MDP/Reports/TestRun2020_01_29134529/tC201_AdminUser_Test01_CreateAppAdminSibblingWithUserType1.png' src='/Users/MDPAPITESTING/MDP/Reports/TestRun2020_01_29134529/tC201_AdminUser_Test01_CreateAppAdminSibblingWithUserType1.png' data-src='/Users/MDPAPITESTING/MDP/Reports/TestRun2020_01_29134529/tC201_AdminUser_Test01_CreateAppAdminSibblingWithUserType1.png'></li>
						</ul>
					</div>
				</li>
				<li class='test displayed active  fail' status='fail' bdd='false' test-id='2'>
					<div class='test-heading'>
						<span class='test-name'>tC201_AdminUser_Test02_CreateAppAdminSibblingWithUserType2</span>
						<span class='test-time'>Jan 29, 2020 01:46:19 PM</span>
						<span class='test-status right fail'>fail</span>
					</div>
					<div class='test-content hide'>
<div class='test-time-info'>
	<span class='label start-time'>Jan 29, 2020 01:46:19 PM</span>
	<span class='label end-time'>Jan 29, 2020 01:46:42 PM</span>
	<span class='label time-taken grey lighten-1 white-text'>0h 0m 22s+815ms</span>
</div>
<div class='test-steps'>
	<table class='bordered table-results'>
		<thead>
			<tr>
				<th>Status</th>
				<th>Timestamp</th>
				<th>Details</th>
			</tr>
		</thead>
		<tbody>
			<tr class='log' status='debug'>
				<td class='status debug' title='debug' alt='debug'><i class='material-icons'>low_priority</i></td>
				<td class='timestamp'>1:46:42 PM</td>
				<td class='step-details'>
						UserName Used for Genrating the Access token:MDPAdmin@id.zeiss.com
					
				</td>
			</tr>
			<tr class='log' status='debug'>
				<td class='status debug' title='debug' alt='debug'><i class='material-icons'>low_priority</i></td>
				<td class='timestamp'>1:46:42 PM</td>
				<td class='step-details'>
						Creating the user with defualt generated email:zeiss0719+20200129_134642@gmail.com
					
				</td>
			</tr>
			<tr class='log' status='debug'>
				<td class='status debug' title='debug' alt='debug'><i class='material-icons'>low_priority</i></td>
				<td class='timestamp'>1:46:42 PM</td>
				<td class='step-details'>
						The BaseUri is :https://mdptest.api.zeiss.com
					
				</td>
			</tr>
			<tr class='log' status='debug'>
				<td class='status debug' title='debug' alt='debug'><i class='material-icons'>low_priority</i></td>
				<td class='timestamp'>1:46:42 PM</td>
				<td class='step-details'>
						/nThe Values to change In JSON:{"ALTERNATEEMAIL":"noemaildude@fuckoff.com","ZEISSIDUSERTYPE":2,"ROLEID":"985b931d-a04f-491c-de88-08d790386490","EMAIL":"zeiss0719+20200129_134642@gmail.com","CLIENTID":"ed8d6270-da8b-4ea0-aaa0-7214f6dd09d5"}
					
				</td>
			</tr>
			<tr class='log' status='debug'>
				<td class='status debug' title='debug' alt='debug'><i class='material-icons'>low_priority</i></td>
				<td class='timestamp'>1:46:42 PM</td>
				<td class='step-details'>
						The Effective end point is :/adminuserservice/api/v2.0/mdpapps/96b144c4-db4d-4cee-e6e9-08d7629609b9/AdminUsers
					
				</td>
			</tr>
			<tr class='log' status='debug'>
				<td class='status debug' title='debug' alt='debug'><i class='material-icons'>low_priority</i></td>
				<td class='timestamp'>1:46:42 PM</td>
				<td class='step-details'>
						Created users with the payload{"firstName":"ZeissUSer","lastName":"Admin","clientId":"ed8d6270-da8b-4ea0-aaa0-7214f6dd09d5","zeissIdUserType":2,"roleId":"985b931d-a04f-491c-de88-08d790386490","contactDetails":[{"country":"string","alternateEmail":"noemaildude@fuckoff.com","period":"string","city":"Bangalore","district":"string","postalCode":"string","addressLine1":"Zeiss","addressLine2":"EC","state":"KA","type":"string","alternateNo":"string","contactNo":"string"}],"email":"zeiss0719+20200129_134642@gmail.com"}
					
				</td>
			</tr>
			<tr class='log' status='debug'>
				<td class='status debug' title='debug' alt='debug'><i class='material-icons'>low_priority</i></td>
				<td class='timestamp'>1:46:42 PM</td>
				<td class='step-details'>
						Response Code:401
					
				</td>
			</tr>
			<tr class='log' status='debug'>
				<td class='status debug' title='debug' alt='debug'><i class='material-icons'>low_priority</i></td>
				<td class='timestamp'>1:46:42 PM</td>
				<td class='step-details'>
						Response:{"Error":{"Code":"UnAuthorizedUser","Message":"Logged-In User is not authorized to create this user","Target":null,"Details":null,"InnerError":null}}
					
				</td>
			</tr>
			<tr class='log' status='fail'>
				<td class='status fail' title='fail' alt='fail'><i class='material-icons'>cancel</i></td>
				<td class='timestamp'>1:46:42 PM</td>
				<td class='step-details'>
						<textarea disabled class="code-block">java.lang.AssertionError: expected [201] but found [401]
	at org.testng.Assert.fail(Assert.java:96)
	at org.testng.Assert.failNotEquals(Assert.java:776)
	at org.testng.Assert.assertEqualsImpl(Assert.java:137)
	at org.testng.Assert.assertEquals(Assert.java:118)
	at org.testng.Assert.assertEquals(Assert.java:652)
	at org.testng.Assert.assertEquals(Assert.java:662)
	at com.mdp.api.tests.AdminUserService_AdminUserTests.tC201_AdminUser_Test02_CreateAppAdminSibblingWithUserType2(AdminUserService_AdminUserTests.java:66)
	at sun.reflect.NativeMethodAccessorImpl.invoke0(Native Method)
	at sun.reflect.NativeMethodAccessorImpl.invoke(NativeMethodAccessorImpl.java:62)
	at sun.reflect.DelegatingMethodAccessorImpl.invoke(DelegatingMethodAccessorImpl.java:43)
	at java.lang.reflect.Method.invoke(Method.java:498)
	at org.testng.internal.MethodInvocationHelper.invokeMethod(MethodInvocationHelper.java:124)
	at org.testng.internal.Invoker.invokeMethod(Invoker.java:583)
	at org.testng.internal.Invoker.invokeTestMethod(Invoker.java:719)
	at org.testng.internal.Invoker.invokeTestMethods(Invoker.java:989)
	at org.testng.internal.TestMethodWorker.invokeTestMethods(TestMethodWorker.java:125)
	at org.testng.internal.TestMethodWorker.run(TestMethodWorker.java:109)
	at org.testng.TestRunner.privateRun(TestRunner.java:648)
	at org.testng.TestRunner.run(TestRunner.java:505)
	at org.testng.SuiteRunner.runTest(SuiteRunner.java:455)
	at org.testng.SuiteRunner.runSequentially(SuiteRunner.java:450)
	at org.testng.SuiteRunner.privateRun(SuiteRunner.java:415)
	at org.testng.SuiteRunner.run(SuiteRunner.java:364)
	at org.testng.SuiteRunnerWorker.runSuite(SuiteRunnerWorker.java:52)
	at org.testng.SuiteRunnerWorker.run(SuiteRunnerWorker.java:84)
	at org.testng.TestNG.runSuitesSequentially(TestNG.java:1208)
	at org.testng.TestNG.runSuitesLocally(TestNG.java:1137)
	at org.testng.TestNG.runSuites(TestNG.java:1049)
	at org.testng.TestNG.run(TestNG.java:1017)
	at org.testng.remote.AbstractRemoteTestNG.run(AbstractRemoteTestNG.java:114)
	at org.testng.remote.RemoteTestNG.initAndRun(RemoteTestNG.java:251)
	at org.testng.remote.RemoteTestNG.main(RemoteTestNG.java:77)
</textarea>
					
				</td>
			</tr>
		</tbody>
	</table>
</div>
						<ul class='screenshots'>
							<li><img class='r-img' onerror='this.style.display="none"' data-featherlight='/Users/MDPAPITESTING/MDP/Reports/TestRun2020_01_29134529/tC201_AdminUser_Test02_CreateAppAdminSibblingWithUserType2.png' src='/Users/MDPAPITESTING/MDP/Reports/TestRun2020_01_29134529/tC201_AdminUser_Test02_CreateAppAdminSibblingWithUserType2.png' data-src='/Users/MDPAPITESTING/MDP/Reports/TestRun2020_01_29134529/tC201_AdminUser_Test02_CreateAppAdminSibblingWithUserType2.png'></li>
						</ul>
					</div>
				</li>
				<li class='test displayed active  pass' status='pass' bdd='false' test-id='3'>
					<div class='test-heading'>
						<span class='test-name'>tC201_AdminUser_Test03_CreateAppAdminSibblingWithUserType3</span>
						<span class='test-time'>Jan 29, 2020 01:46:47 PM</span>
						<span class='test-status right pass'>pass</span>
					</div>
					<div class='test-content hide'>
<div class='test-time-info'>
	<span class='label start-time'>Jan 29, 2020 01:46:47 PM</span>
	<span class='label end-time'>Jan 29, 2020 01:47:19 PM</span>
	<span class='label time-taken grey lighten-1 white-text'>0h 0m 31s+620ms</span>
</div>
<div class='test-steps'>
	<table class='bordered table-results'>
		<thead>
			<tr>
				<th>Status</th>
				<th>Timestamp</th>
				<th>Details</th>
			</tr>
		</thead>
		<tbody>
			<tr class='log' status='debug'>
				<td class='status debug' title='debug' alt='debug'><i class='material-icons'>low_priority</i></td>
				<td class='timestamp'>1:47:13 PM</td>
				<td class='step-details'>
						UserName Used for Genrating the Access token:MDPAdmin@id.zeiss.com
					
				</td>
			</tr>
			<tr class='log' status='debug'>
				<td class='status debug' title='debug' alt='debug'><i class='material-icons'>low_priority</i></td>
				<td class='timestamp'>1:47:13 PM</td>
				<td class='step-details'>
						Creating the user with defualt generated email:zeiss0719+20200129_134713@gmail.com
					
				</td>
			</tr>
			<tr class='log' status='debug'>
				<td class='status debug' title='debug' alt='debug'><i class='material-icons'>low_priority</i></td>
				<td class='timestamp'>1:47:13 PM</td>
				<td class='step-details'>
						The BaseUri is :https://mdptest.api.zeiss.com
					
				</td>
			</tr>
			<tr class='log' status='debug'>
				<td class='status debug' title='debug' alt='debug'><i class='material-icons'>low_priority</i></td>
				<td class='timestamp'>1:47:13 PM</td>
				<td class='step-details'>
						/nThe Values to change In JSON:{"ALTERNATEEMAIL":"noemaildude@fuckoff.com","ZEISSIDUSERTYPE":3,"ROLEID":"985b931d-a04f-491c-de88-08d790386490","EMAIL":"zeiss0719+20200129_134713@gmail.com","CLIENTID":"ed8d6270-da8b-4ea0-aaa0-7214f6dd09d5"}
					
				</td>
			</tr>
			<tr class='log' status='debug'>
				<td class='status debug' title='debug' alt='debug'><i class='material-icons'>low_priority</i></td>
				<td class='timestamp'>1:47:13 PM</td>
				<td class='step-details'>
						The Effective end point is :/adminuserservice/api/v2.0/mdpapps/96b144c4-db4d-4cee-e6e9-08d7629609b9/AdminUsers
					
				</td>
			</tr>
			<tr class='log' status='debug'>
				<td class='status debug' title='debug' alt='debug'><i class='material-icons'>low_priority</i></td>
				<td class='timestamp'>1:47:13 PM</td>
				<td class='step-details'>
						Created users with the payload{"firstName":"ZeissUSer","lastName":"Admin","clientId":"ed8d6270-da8b-4ea0-aaa0-7214f6dd09d5","zeissIdUserType":3,"roleId":"985b931d-a04f-491c-de88-08d790386490","contactDetails":[{"country":"string","alternateEmail":"noemaildude@fuckoff.com","period":"string","city":"Bangalore","district":"string","postalCode":"string","addressLine1":"Zeiss","addressLine2":"EC","state":"KA","type":"string","alternateNo":"string","contactNo":"string"}],"email":"zeiss0719+20200129_134713@gmail.com"}
					
				</td>
			</tr>
			<tr class='log' status='debug'>
				<td class='status debug' title='debug' alt='debug'><i class='material-icons'>low_priority</i></td>
				<td class='timestamp'>1:47:19 PM</td>
				<td class='step-details'>
						Response Code:401
					
				</td>
			</tr>
			<tr class='log' status='debug'>
				<td class='status debug' title='debug' alt='debug'><i class='material-icons'>low_priority</i></td>
				<td class='timestamp'>1:47:19 PM</td>
				<td class='step-details'>
						Response:{"Error":{"Code":"UnAuthorizedUser","Message":"Logged-In User is not authorized to create this user","Target":null,"Details":null,"InnerError":null}}
					
				</td>
			</tr>
			<tr class='log' status='pass'>
				<td class='status pass' title='pass' alt='pass'><i class='material-icons'>check_circle</i></td>
				<td class='timestamp'>1:47:19 PM</td>
				<td class='step-details'>
						Test passed
					
				</td>
			</tr>
		</tbody>
	</table>
</div>
					</div>
				</li>
				<li class='test displayed active  pass' status='pass' bdd='false' test-id='4'>
					<div class='test-heading'>
						<span class='test-name'>tC201_AdminUser_Test04_CreateSSCAdminWithUserType1</span>
						<span class='test-time'>Jan 29, 2020 01:47:24 PM</span>
						<span class='test-status right pass'>pass</span>
					</div>
					<div class='test-content hide'>
<div class='test-time-info'>
	<span class='label start-time'>Jan 29, 2020 01:47:24 PM</span>
	<span class='label end-time'>Jan 29, 2020 01:49:10 PM</span>
	<span class='label time-taken grey lighten-1 white-text'>0h 1m 46s+146ms</span>
</div>
<div class='test-steps'>
	<table class='bordered table-results'>
		<thead>
			<tr>
				<th>Status</th>
				<th>Timestamp</th>
				<th>Details</th>
			</tr>
		</thead>
		<tbody>
			<tr class='log' status='debug'>
				<td class='status debug' title='debug' alt='debug'><i class='material-icons'>low_priority</i></td>
				<td class='timestamp'>1:47:47 PM</td>
				<td class='step-details'>
						UserName Used for Genrating the Access token:MDPAdmin@id.zeiss.com
					
				</td>
			</tr>
			<tr class='log' status='debug'>
				<td class='status debug' title='debug' alt='debug'><i class='material-icons'>low_priority</i></td>
				<td class='timestamp'>1:47:47 PM</td>
				<td class='step-details'>
						Creating the user with defualt generated email:zeiss0719+20200129_134747@gmail.com
					
				</td>
			</tr>
			<tr class='log' status='debug'>
				<td class='status debug' title='debug' alt='debug'><i class='material-icons'>low_priority</i></td>
				<td class='timestamp'>1:47:47 PM</td>
				<td class='step-details'>
						The BaseUri is :https://mdptest.api.zeiss.com
					
				</td>
			</tr>
			<tr class='log' status='debug'>
				<td class='status debug' title='debug' alt='debug'><i class='material-icons'>low_priority</i></td>
				<td class='timestamp'>1:47:47 PM</td>
				<td class='step-details'>
						/nThe Values to change In JSON:{"COUNTRY":"SA","ALTERNATEEMAIL":"noemaildude@fuckoff.com","ZEISSIDUSERTYPE":1,"ROLEID":"985b931d-a04f-491c-de88-08d790386491","EMAIL":"zeiss0719+20200129_134747@gmail.com","CLIENTID":"ed8d6270-da8b-4ea0-aaa0-7214f6dd09d5"}
					
				</td>
			</tr>
			<tr class='log' status='debug'>
				<td class='status debug' title='debug' alt='debug'><i class='material-icons'>low_priority</i></td>
				<td class='timestamp'>1:47:47 PM</td>
				<td class='step-details'>
						The Effective end point is :/adminuserservice/api/v2.0/mdpapps/96b144c4-db4d-4cee-e6e9-08d7629609b9/AdminUsers
					
				</td>
			</tr>
			<tr class='log' status='debug'>
				<td class='status debug' title='debug' alt='debug'><i class='material-icons'>low_priority</i></td>
				<td class='timestamp'>1:47:47 PM</td>
				<td class='step-details'>
						Created users with the payload{"firstName":"ZeissUSer","lastName":"Admin","clientId":"ed8d6270-da8b-4ea0-aaa0-7214f6dd09d5","zeissIdUserType":1,"roleId":"985b931d-a04f-491c-de88-08d790386491","contactDetails":[{"country":"SA","alternateEmail":"noemaildude@fuckoff.com","period":"string","city":"Bangalore","district":"string","postalCode":"string","addressLine1":"Zeiss","addressLine2":"EC","state":"KA","type":"string","alternateNo":"string","contactNo":"string"}],"email":"zeiss0719+20200129_134747@gmail.com"}
					
				</td>
			</tr>
			<tr class='log' status='debug'>
				<td class='status debug' title='debug' alt='debug'><i class='material-icons'>low_priority</i></td>
				<td class='timestamp'>1:47:55 PM</td>
				<td class='step-details'>
						Response Code:201
					
				</td>
			</tr>
			<tr class='log' status='debug'>
				<td class='status debug' title='debug' alt='debug'><i class='material-icons'>low_priority</i></td>
				<td class='timestamp'>1:47:55 PM</td>
				<td class='step-details'>
						Response:{"id":"143d815d-7134-412a-9a5e-00a1aa6a6e23","clientId":"ed8d6270-da8b-4ea0-aaa0-7214f6dd09d5","roleId":"985b931d-a04f-491c-de88-08d790386491","email":"zeiss0719+20200129_134747@gmail.com","firstName":"ZeissUSer","lastName":"Admin","contactDetails":[{"addressLine1":"Zeiss","addressLine2":"EC","city":"Bangalore","district":"string","state":"KA","country":"SA","postalCode":"string","period":"string","alternateEmail":"noemaildude@fuckoff.com","contactNo":"string","alternateNo":"string","type":"string"}],"zeissIdUserType":1}
					
				</td>
			</tr>
			<tr class='log' status='debug'>
				<td class='status debug' title='debug' alt='debug'><i class='material-icons'>low_priority</i></td>
				<td class='timestamp'>1:48:28 PM</td>
				<td class='step-details'>
						The generated link in the email  for verificationhttps://id-test.zeiss.com/Invitation/Redeem?invitationToken=kdz2NCRINYz1F2yMp0ZFVQIneEHcTDcog24LYgTRDaprT4Mp5KpKvDstcbTg4OcA76qZp0CesY27Egq%2F1dw8B19dHmQn%2BbqpkfvpITgVd4M7%2F0LV4eYgz8ZWMVZ2tjYmEeH1%2Bu03TlOPE9Bf0zWPHih%2B8YaVGFrZMJuGAXI2X4ThE5wJjzsa9pB%2BLoCorHwWSjPfa%2F7XhJO6Rus%2BJ71pZ%2B1qE9uW5T4z2EQcARW646VOJZM76JcDrRjvS9bTqRu%2FslteiJsYHNd8OE4IZKU4XIMKCIxuIClpHduamsemH7Zo4fLLRfDA9gLvAJByflAWmYTpZsf6Auu4cKfFjBm8l9SnVgIa5K0IFWQtG1q4JmvFJh8GFpkasGrRmQmgevr9K6J5%2FCn2wYUspJIwWGck5ojAZsUKTNWD6HXUgNgLjJ1KcEN2vx%2BuqEir5LEBzxwjXOogQxxo4%2BmGyg3lohFBNPZnvTeyKunq8675MAM1eU%2FZ%2FFy9hCM9UMueK%2BWE4TkQUW%2F2FvW7hJ26FY61MXBn8aC02pknPdQjTvorzOVblmvevU354dEnumsiENBXubEocakEYI%2Ba6FzumB6Xu2yGz13hwb%2FDmJC5pXUvY5hWQd9C7Pfitl%2FHYD3lUpqS6c%2BpIdiHcMiEQkheTJJIk2UIJoFKoEwUENi5qJ6wgMqyGbTbhXjeSKZLq8zBrLIIqF4tv3jGmOYKMSCkw%2Bnywg82qc6jIyY5qNfhtn7ntlb3lbE1jxMXLE6dH0d%2Fku9NgVE8z1U6RRP3vvt%2FvSeXWiS9AQ%3D%3D
					
				</td>
			</tr>
			<tr class='log' status='pass'>
				<td class='status pass' title='pass' alt='pass'><i class='material-icons'>check_circle</i></td>
				<td class='timestamp'>1:49:10 PM</td>
				<td class='step-details'>
						Test passed
					
				</td>
			</tr>
		</tbody>
	</table>
</div>
					</div>
				</li>
				<li class='test displayed active  fail' status='fail' bdd='false' test-id='5'>
					<div class='test-heading'>
						<span class='test-name'>tC201_AdminUser_Test05_CreateSSCAdminWithUserType2</span>
						<span class='test-time'>Jan 29, 2020 01:49:14 PM</span>
						<span class='test-status right fail'>fail</span>
					</div>
					<div class='test-content hide'>
<div class='test-time-info'>
	<span class='label start-time'>Jan 29, 2020 01:49:14 PM</span>
	<span class='label end-time'>Jan 29, 2020 01:51:49 PM</span>
	<span class='label time-taken grey lighten-1 white-text'>0h 2m 34s+686ms</span>
</div>
<div class='test-steps'>
	<table class='bordered table-results'>
		<thead>
			<tr>
				<th>Status</th>
				<th>Timestamp</th>
				<th>Details</th>
			</tr>
		</thead>
		<tbody>
			<tr class='log' status='debug'>
				<td class='status debug' title='debug' alt='debug'><i class='material-icons'>low_priority</i></td>
				<td class='timestamp'>1:49:40 PM</td>
				<td class='step-details'>
						UserName Used for Genrating the Access token:MDPAdmin@id.zeiss.com
					
				</td>
			</tr>
			<tr class='log' status='debug'>
				<td class='status debug' title='debug' alt='debug'><i class='material-icons'>low_priority</i></td>
				<td class='timestamp'>1:49:40 PM</td>
				<td class='step-details'>
						Creating the user with defualt generated email:zeiss0719+20200129_134940@gmail.com
					
				</td>
			</tr>
			<tr class='log' status='debug'>
				<td class='status debug' title='debug' alt='debug'><i class='material-icons'>low_priority</i></td>
				<td class='timestamp'>1:49:40 PM</td>
				<td class='step-details'>
						The BaseUri is :https://mdptest.api.zeiss.com
					
				</td>
			</tr>
			<tr class='log' status='debug'>
				<td class='status debug' title='debug' alt='debug'><i class='material-icons'>low_priority</i></td>
				<td class='timestamp'>1:49:40 PM</td>
				<td class='step-details'>
						/nThe Values to change In JSON:{"ALTERNATEEMAIL":"noemaildude@fuckoff.com","ZEISSIDUSERTYPE":2,"ROLEID":"985b931d-a04f-491c-de88-08d790386491","EMAIL":"zeiss0719+20200129_134940@gmail.com","CLIENTID":"ed8d6270-da8b-4ea0-aaa0-7214f6dd09d5"}
					
				</td>
			</tr>
			<tr class='log' status='debug'>
				<td class='status debug' title='debug' alt='debug'><i class='material-icons'>low_priority</i></td>
				<td class='timestamp'>1:49:40 PM</td>
				<td class='step-details'>
						The Effective end point is :/adminuserservice/api/v2.0/mdpapps/96b144c4-db4d-4cee-e6e9-08d7629609b9/AdminUsers
					
				</td>
			</tr>
			<tr class='log' status='debug'>
				<td class='status debug' title='debug' alt='debug'><i class='material-icons'>low_priority</i></td>
				<td class='timestamp'>1:49:40 PM</td>
				<td class='step-details'>
						Created users with the payload{"firstName":"ZeissUSer","lastName":"Admin","clientId":"ed8d6270-da8b-4ea0-aaa0-7214f6dd09d5","zeissIdUserType":2,"roleId":"985b931d-a04f-491c-de88-08d790386491","contactDetails":[{"country":"string","alternateEmail":"noemaildude@fuckoff.com","period":"string","city":"Bangalore","district":"string","postalCode":"string","addressLine1":"Zeiss","addressLine2":"EC","state":"KA","type":"string","alternateNo":"string","contactNo":"string"}],"email":"zeiss0719+20200129_134940@gmail.com"}
					
				</td>
			</tr>
			<tr class='log' status='debug'>
				<td class='status debug' title='debug' alt='debug'><i class='material-icons'>low_priority</i></td>
				<td class='timestamp'>1:49:56 PM</td>
				<td class='step-details'>
						Response Code:400
					
				</td>
			</tr>
			<tr class='log' status='debug'>
				<td class='status debug' title='debug' alt='debug'><i class='material-icons'>low_priority</i></td>
				<td class='timestamp'>1:49:56 PM</td>
				<td class='step-details'>
						Response:{"Error":{"Code":"UserInviteFailed","Message":"Unable to Invite User","Target":null,"Details":null,"InnerError":null}}
					
				</td>
			</tr>
			<tr class='log' status='fail'>
				<td class='status fail' title='fail' alt='fail'><i class='material-icons'>cancel</i></td>
				<td class='timestamp'>1:51:49 PM</td>
				<td class='step-details'>
						<textarea disabled class="code-block">java.lang.IllegalStateException: This operation is not allowed on a closed folder
	at com.sun.mail.imap.IMAPFolder.checkOpened(IMAPFolder.java:478)
	at com.sun.mail.imap.IMAPFolder.getMessages(IMAPFolder.java:1856)
	at com.selenium.utils.MailBox.getContent(MailBox.java:86)
	at com.mdp.api.tests.AdminUserService_AdminUserTests.tC201_AdminUser_Test05_CreateSSCAdminWithUserType2(AdminUserService_AdminUserTests.java:129)
	at sun.reflect.NativeMethodAccessorImpl.invoke0(Native Method)
	at sun.reflect.NativeMethodAccessorImpl.invoke(NativeMethodAccessorImpl.java:62)
	at sun.reflect.DelegatingMethodAccessorImpl.invoke(DelegatingMethodAccessorImpl.java:43)
	at java.lang.reflect.Method.invoke(Method.java:498)
	at org.testng.internal.MethodInvocationHelper.invokeMethod(MethodInvocationHelper.java:124)
	at org.testng.internal.Invoker.invokeMethod(Invoker.java:583)
	at org.testng.internal.Invoker.invokeTestMethod(Invoker.java:719)
	at org.testng.internal.Invoker.invokeTestMethods(Invoker.java:989)
	at org.testng.internal.TestMethodWorker.invokeTestMethods(TestMethodWorker.java:125)
	at org.testng.internal.TestMethodWorker.run(TestMethodWorker.java:109)
	at org.testng.TestRunner.privateRun(TestRunner.java:648)
	at org.testng.TestRunner.run(TestRunner.java:505)
	at org.testng.SuiteRunner.runTest(SuiteRunner.java:455)
	at org.testng.SuiteRunner.runSequentially(SuiteRunner.java:450)
	at org.testng.SuiteRunner.privateRun(SuiteRunner.java:415)
	at org.testng.SuiteRunner.run(SuiteRunner.java:364)
	at org.testng.SuiteRunnerWorker.runSuite(SuiteRunnerWorker.java:52)
	at org.testng.SuiteRunnerWorker.run(SuiteRunnerWorker.java:84)
	at org.testng.TestNG.runSuitesSequentially(TestNG.java:1208)
	at org.testng.TestNG.runSuitesLocally(TestNG.java:1137)
	at org.testng.TestNG.runSuites(TestNG.java:1049)
	at org.testng.TestNG.run(TestNG.java:1017)
	at org.testng.remote.AbstractRemoteTestNG.run(AbstractRemoteTestNG.java:114)
	at org.testng.remote.RemoteTestNG.initAndRun(RemoteTestNG.java:251)
	at org.testng.remote.RemoteTestNG.main(RemoteTestNG.java:77)
</textarea>
					
				</td>
			</tr>
		</tbody>
	</table>
</div>
						<ul class='screenshots'>
							<li><img class='r-img' onerror='this.style.display="none"' data-featherlight='/Users/MDPAPITESTING/MDP/Reports/TestRun2020_01_29134529/tC201_AdminUser_Test05_CreateSSCAdminWithUserType2.png' src='/Users/MDPAPITESTING/MDP/Reports/TestRun2020_01_29134529/tC201_AdminUser_Test05_CreateSSCAdminWithUserType2.png' data-src='/Users/MDPAPITESTING/MDP/Reports/TestRun2020_01_29134529/tC201_AdminUser_Test05_CreateSSCAdminWithUserType2.png'></li>
						</ul>
					</div>
				</li>
				<li class='test displayed active  fail' status='fail' bdd='false' test-id='6'>
					<div class='test-heading'>
						<span class='test-name'>tC201_AdminUser_Test06_CreateSSCAdminWithUserType3</span>
						<span class='test-time'>Jan 29, 2020 01:51:54 PM</span>
						<span class='test-status right fail'>fail</span>
					</div>
					<div class='test-content hide'>
<div class='test-time-info'>
	<span class='label start-time'>Jan 29, 2020 01:51:54 PM</span>
	<span class='label end-time'>Jan 29, 2020 01:52:31 PM</span>
	<span class='label time-taken grey lighten-1 white-text'>0h 0m 36s+925ms</span>
</div>
<div class='test-steps'>
	<table class='bordered table-results'>
		<thead>
			<tr>
				<th>Status</th>
				<th>Timestamp</th>
				<th>Details</th>
			</tr>
		</thead>
		<tbody>
			<tr class='log' status='debug'>
				<td class='status debug' title='debug' alt='debug'><i class='material-icons'>low_priority</i></td>
				<td class='timestamp'>1:52:20 PM</td>
				<td class='step-details'>
						UserName Used for Genrating the Access token:MDPAdmin@id.zeiss.com
					
				</td>
			</tr>
			<tr class='log' status='debug'>
				<td class='status debug' title='debug' alt='debug'><i class='material-icons'>low_priority</i></td>
				<td class='timestamp'>1:52:20 PM</td>
				<td class='step-details'>
						Creating the user with defualt generated email:zeiss0719+20200129_135220@gmail.com
					
				</td>
			</tr>
			<tr class='log' status='debug'>
				<td class='status debug' title='debug' alt='debug'><i class='material-icons'>low_priority</i></td>
				<td class='timestamp'>1:52:20 PM</td>
				<td class='step-details'>
						The BaseUri is :https://mdptest.api.zeiss.com
					
				</td>
			</tr>
			<tr class='log' status='debug'>
				<td class='status debug' title='debug' alt='debug'><i class='material-icons'>low_priority</i></td>
				<td class='timestamp'>1:52:20 PM</td>
				<td class='step-details'>
						/nThe Values to change In JSON:{"ALTERNATEEMAIL":"noemaildude@fuckoff.com","ZEISSIDUSERTYPE":3,"ROLEID":"985b931d-a04f-491c-de88-08d790386491","EMAIL":"zeiss0719+20200129_135220@gmail.com","CLIENTID":"ed8d6270-da8b-4ea0-aaa0-7214f6dd09d5"}
					
				</td>
			</tr>
			<tr class='log' status='debug'>
				<td class='status debug' title='debug' alt='debug'><i class='material-icons'>low_priority</i></td>
				<td class='timestamp'>1:52:20 PM</td>
				<td class='step-details'>
						The Effective end point is :/adminuserservice/api/v2.0/mdpapps/96b144c4-db4d-4cee-e6e9-08d7629609b9/AdminUsers
					
				</td>
			</tr>
			<tr class='log' status='debug'>
				<td class='status debug' title='debug' alt='debug'><i class='material-icons'>low_priority</i></td>
				<td class='timestamp'>1:52:20 PM</td>
				<td class='step-details'>
						Created users with the payload{"firstName":"ZeissUSer","lastName":"Admin","clientId":"ed8d6270-da8b-4ea0-aaa0-7214f6dd09d5","zeissIdUserType":3,"roleId":"985b931d-a04f-491c-de88-08d790386491","contactDetails":[{"country":"string","alternateEmail":"noemaildude@fuckoff.com","period":"string","city":"Bangalore","district":"string","postalCode":"string","addressLine1":"Zeiss","addressLine2":"EC","state":"KA","type":"string","alternateNo":"string","contactNo":"string"}],"email":"zeiss0719+20200129_135220@gmail.com"}
					
				</td>
			</tr>
			<tr class='log' status='debug'>
				<td class='status debug' title='debug' alt='debug'><i class='material-icons'>low_priority</i></td>
				<td class='timestamp'>1:52:31 PM</td>
				<td class='step-details'>
						Response Code:201
					
				</td>
			</tr>
			<tr class='log' status='debug'>
				<td class='status debug' title='debug' alt='debug'><i class='material-icons'>low_priority</i></td>
				<td class='timestamp'>1:52:31 PM</td>
				<td class='step-details'>
						Response:{"id":"0a4e432c-fed0-4e44-9486-b192e1efc91e","clientId":"ed8d6270-da8b-4ea0-aaa0-7214f6dd09d5","roleId":"985b931d-a04f-491c-de88-08d790386491","email":"zeiss0719+20200129_135220@gmail.com","firstName":"ZeissUSer","lastName":"Admin","contactDetails":[{"addressLine1":"Zeiss","addressLine2":"EC","city":"Bangalore","district":"string","state":"KA","country":"string","postalCode":"string","period":"string","alternateEmail":"noemaildude@fuckoff.com","contactNo":"string","alternateNo":"string","type":"string"}],"zeissIdUserType":3}
					
				</td>
			</tr>
			<tr class='log' status='fail'>
				<td class='status fail' title='fail' alt='fail'><i class='material-icons'>cancel</i></td>
				<td class='timestamp'>1:52:31 PM</td>
				<td class='step-details'>
						<textarea disabled class="code-block">java.lang.AssertionError: expected [null] but found [0a4e432c-fed0-4e44-9486-b192e1efc91e]
	at org.testng.Assert.fail(Assert.java:96)
	at org.testng.Assert.failNotEquals(Assert.java:776)
	at org.testng.Assert.assertEqualsImpl(Assert.java:132)
	at org.testng.Assert.assertEquals(Assert.java:118)
	at org.testng.Assert.assertEquals(Assert.java:453)
	at org.testng.Assert.assertEquals(Assert.java:463)
	at com.mdp.api.tests.AdminUserService_AdminUserTests.tC201_AdminUser_Test06_CreateSSCAdminWithUserType3(AdminUserService_AdminUserTests.java:150)
	at sun.reflect.NativeMethodAccessorImpl.invoke0(Native Method)
	at sun.reflect.NativeMethodAccessorImpl.invoke(NativeMethodAccessorImpl.java:62)
	at sun.reflect.DelegatingMethodAccessorImpl.invoke(DelegatingMethodAccessorImpl.java:43)
	at java.lang.reflect.Method.invoke(Method.java:498)
	at org.testng.internal.MethodInvocationHelper.invokeMethod(MethodInvocationHelper.java:124)
	at org.testng.internal.Invoker.invokeMethod(Invoker.java:583)
	at org.testng.internal.Invoker.invokeTestMethod(Invoker.java:719)
	at org.testng.internal.Invoker.invokeTestMethods(Invoker.java:989)
	at org.testng.internal.TestMethodWorker.invokeTestMethods(TestMethodWorker.java:125)
	at org.testng.internal.TestMethodWorker.run(TestMethodWorker.java:109)
	at org.testng.TestRunner.privateRun(TestRunner.java:648)
	at org.testng.TestRunner.run(TestRunner.java:505)
	at org.testng.SuiteRunner.runTest(SuiteRunner.java:455)
	at org.testng.SuiteRunner.runSequentially(SuiteRunner.java:450)
	at org.testng.SuiteRunner.privateRun(SuiteRunner.java:415)
	at org.testng.SuiteRunner.run(SuiteRunner.java:364)
	at org.testng.SuiteRunnerWorker.runSuite(SuiteRunnerWorker.java:52)
	at org.testng.SuiteRunnerWorker.run(SuiteRunnerWorker.java:84)
	at org.testng.TestNG.runSuitesSequentially(TestNG.java:1208)
	at org.testng.TestNG.runSuitesLocally(TestNG.java:1137)
	at org.testng.TestNG.runSuites(TestNG.java:1049)
	at org.testng.TestNG.run(TestNG.java:1017)
	at org.testng.remote.AbstractRemoteTestNG.run(AbstractRemoteTestNG.java:114)
	at org.testng.remote.RemoteTestNG.initAndRun(RemoteTestNG.java:251)
	at org.testng.remote.RemoteTestNG.main(RemoteTestNG.java:77)
</textarea>
					
				</td>
			</tr>
		</tbody>
	</table>
</div>
						<ul class='screenshots'>
							<li><img class='r-img' onerror='this.style.display="none"' data-featherlight='/Users/MDPAPITESTING/MDP/Reports/TestRun2020_01_29134529/tC201_AdminUser_Test06_CreateSSCAdminWithUserType3.png' src='/Users/MDPAPITESTING/MDP/Reports/TestRun2020_01_29134529/tC201_AdminUser_Test06_CreateSSCAdminWithUserType3.png' data-src='/Users/MDPAPITESTING/MDP/Reports/TestRun2020_01_29134529/tC201_AdminUser_Test06_CreateSSCAdminWithUserType3.png'></li>
						</ul>
					</div>
				</li>
				<li class='test displayed active  fail' status='fail' bdd='false' test-id='7'>
					<div class='test-heading'>
						<span class='test-name'>tC201_AdminUser_Test07_CreateAccountAdminWithMDPAdmin</span>
						<span class='test-time'>Jan 29, 2020 01:52:36 PM</span>
						<span class='test-status right fail'>fail</span>
					</div>
					<div class='test-content hide'>
<div class='test-time-info'>
	<span class='label start-time'>Jan 29, 2020 01:52:36 PM</span>
	<span class='label end-time'>Jan 29, 2020 01:53:16 PM</span>
	<span class='label time-taken grey lighten-1 white-text'>0h 0m 39s+935ms</span>
</div>
<div class='test-steps'>
	<table class='bordered table-results'>
		<thead>
			<tr>
				<th>Status</th>
				<th>Timestamp</th>
				<th>Details</th>
			</tr>
		</thead>
		<tbody>
			<tr class='log' status='debug'>
				<td class='status debug' title='debug' alt='debug'><i class='material-icons'>low_priority</i></td>
				<td class='timestamp'>1:53:04 PM</td>
				<td class='step-details'>
						UserName Used for Genrating the Access token:MDPAdmin@id.zeiss.com
					
				</td>
			</tr>
			<tr class='log' status='debug'>
				<td class='status debug' title='debug' alt='debug'><i class='material-icons'>low_priority</i></td>
				<td class='timestamp'>1:53:04 PM</td>
				<td class='step-details'>
						Creating the user with defualt generated email:zeiss0719+20200129_135304@gmail.com
					
				</td>
			</tr>
			<tr class='log' status='debug'>
				<td class='status debug' title='debug' alt='debug'><i class='material-icons'>low_priority</i></td>
				<td class='timestamp'>1:53:04 PM</td>
				<td class='step-details'>
						The BaseUri is :https://mdptest.api.zeiss.com
					
				</td>
			</tr>
			<tr class='log' status='debug'>
				<td class='status debug' title='debug' alt='debug'><i class='material-icons'>low_priority</i></td>
				<td class='timestamp'>1:53:04 PM</td>
				<td class='step-details'>
						/nThe Values to change In JSON:{"ALTERNATEEMAIL":"noemaildude@fuckoff.com","ZEISSIDUSERTYPE":1,"ROLEID":"985b931d-a04f-491c-de88-08d790386492","EMAIL":"zeiss0719+20200129_135304@gmail.com","CLIENTID":"ed8d6270-da8b-4ea0-aaa0-7214f6dd09d5"}
					
				</td>
			</tr>
			<tr class='log' status='debug'>
				<td class='status debug' title='debug' alt='debug'><i class='material-icons'>low_priority</i></td>
				<td class='timestamp'>1:53:04 PM</td>
				<td class='step-details'>
						The Effective end point is :/adminuserservice/api/v2.0/mdpapps/96b144c4-db4d-4cee-e6e9-08d7629609b9/AdminUsers
					
				</td>
			</tr>
			<tr class='log' status='debug'>
				<td class='status debug' title='debug' alt='debug'><i class='material-icons'>low_priority</i></td>
				<td class='timestamp'>1:53:04 PM</td>
				<td class='step-details'>
						Created users with the payload{"firstName":"ZeissUSer","lastName":"Admin","clientId":"ed8d6270-da8b-4ea0-aaa0-7214f6dd09d5","zeissIdUserType":1,"roleId":"985b931d-a04f-491c-de88-08d790386492","contactDetails":[{"country":"string","alternateEmail":"noemaildude@fuckoff.com","period":"string","city":"Bangalore","district":"string","postalCode":"string","addressLine1":"Zeiss","addressLine2":"EC","state":"KA","type":"string","alternateNo":"string","contactNo":"string"}],"email":"zeiss0719+20200129_135304@gmail.com"}
					
				</td>
			</tr>
			<tr class='log' status='debug'>
				<td class='status debug' title='debug' alt='debug'><i class='material-icons'>low_priority</i></td>
				<td class='timestamp'>1:53:16 PM</td>
				<td class='step-details'>
						Response Code:201
					
				</td>
			</tr>
			<tr class='log' status='debug'>
				<td class='status debug' title='debug' alt='debug'><i class='material-icons'>low_priority</i></td>
				<td class='timestamp'>1:53:16 PM</td>
				<td class='step-details'>
						Response:{"id":"13133f8c-826f-4be1-9b73-158cd7ae8c24","clientId":"ed8d6270-da8b-4ea0-aaa0-7214f6dd09d5","roleId":"985b931d-a04f-491c-de88-08d790386492","email":"zeiss0719+20200129_135304@gmail.com","firstName":"ZeissUSer","lastName":"Admin","contactDetails":[{"addressLine1":"Zeiss","addressLine2":"EC","city":"Bangalore","district":"string","state":"KA","country":"string","postalCode":"string","period":"string","alternateEmail":"noemaildude@fuckoff.com","contactNo":"string","alternateNo":"string","type":"string"}],"zeissIdUserType":1}
					
				</td>
			</tr>
			<tr class='log' status='fail'>
				<td class='status fail' title='fail' alt='fail'><i class='material-icons'>cancel</i></td>
				<td class='timestamp'>1:53:16 PM</td>
				<td class='step-details'>
						<textarea disabled class="code-block">java.lang.AssertionError: expected [401] but found [201]
	at org.testng.Assert.fail(Assert.java:96)
	at org.testng.Assert.failNotEquals(Assert.java:776)
	at org.testng.Assert.assertEqualsImpl(Assert.java:137)
	at org.testng.Assert.assertEquals(Assert.java:118)
	at org.testng.Assert.assertEquals(Assert.java:652)
	at org.testng.Assert.assertEquals(Assert.java:662)
	at com.mdp.api.tests.AdminUserService_AdminUserTests.tC201_AdminUser_Test07_CreateAccountAdminWithMDPAdmin(AdminUserService_AdminUserTests.java:169)
	at sun.reflect.NativeMethodAccessorImpl.invoke0(Native Method)
	at sun.reflect.NativeMethodAccessorImpl.invoke(NativeMethodAccessorImpl.java:62)
	at sun.reflect.DelegatingMethodAccessorImpl.invoke(DelegatingMethodAccessorImpl.java:43)
	at java.lang.reflect.Method.invoke(Method.java:498)
	at org.testng.internal.MethodInvocationHelper.invokeMethod(MethodInvocationHelper.java:124)
	at org.testng.internal.Invoker.invokeMethod(Invoker.java:583)
	at org.testng.internal.Invoker.invokeTestMethod(Invoker.java:719)
	at org.testng.internal.Invoker.invokeTestMethods(Invoker.java:989)
	at org.testng.internal.TestMethodWorker.invokeTestMethods(TestMethodWorker.java:125)
	at org.testng.internal.TestMethodWorker.run(TestMethodWorker.java:109)
	at org.testng.TestRunner.privateRun(TestRunner.java:648)
	at org.testng.TestRunner.run(TestRunner.java:505)
	at org.testng.SuiteRunner.runTest(SuiteRunner.java:455)
	at org.testng.SuiteRunner.runSequentially(SuiteRunner.java:450)
	at org.testng.SuiteRunner.privateRun(SuiteRunner.java:415)
	at org.testng.SuiteRunner.run(SuiteRunner.java:364)
	at org.testng.SuiteRunnerWorker.runSuite(SuiteRunnerWorker.java:52)
	at org.testng.SuiteRunnerWorker.run(SuiteRunnerWorker.java:84)
	at org.testng.TestNG.runSuitesSequentially(TestNG.java:1208)
	at org.testng.TestNG.runSuitesLocally(TestNG.java:1137)
	at org.testng.TestNG.runSuites(TestNG.java:1049)
	at org.testng.TestNG.run(TestNG.java:1017)
	at org.testng.remote.AbstractRemoteTestNG.run(AbstractRemoteTestNG.java:114)
	at org.testng.remote.RemoteTestNG.initAndRun(RemoteTestNG.java:251)
	at org.testng.remote.RemoteTestNG.main(RemoteTestNG.java:77)
</textarea>
					
				</td>
			</tr>
		</tbody>
	</table>
</div>
						<ul class='screenshots'>
							<li><img class='r-img' onerror='this.style.display="none"' data-featherlight='/Users/MDPAPITESTING/MDP/Reports/TestRun2020_01_29134529/tC201_AdminUser_Test07_CreateAccountAdminWithMDPAdmin.png' src='/Users/MDPAPITESTING/MDP/Reports/TestRun2020_01_29134529/tC201_AdminUser_Test07_CreateAccountAdminWithMDPAdmin.png' data-src='/Users/MDPAPITESTING/MDP/Reports/TestRun2020_01_29134529/tC201_AdminUser_Test07_CreateAccountAdminWithMDPAdmin.png'></li>
						</ul>
					</div>
				</li>
				<li class='test displayed active  fail' status='fail' bdd='false' test-id='8'>
					<div class='test-heading'>
						<span class='test-name'>tC201_AdminUser_Test08_CreateSiteAdminWithMDPAdmin</span>
						<span class='test-time'>Jan 29, 2020 01:53:21 PM</span>
						<span class='test-status right fail'>fail</span>
					</div>
					<div class='test-content hide'>
<div class='test-time-info'>
	<span class='label start-time'>Jan 29, 2020 01:53:21 PM</span>
	<span class='label end-time'>Jan 29, 2020 01:53:59 PM</span>
	<span class='label time-taken grey lighten-1 white-text'>0h 0m 38s+86ms</span>
</div>
<div class='test-steps'>
	<table class='bordered table-results'>
		<thead>
			<tr>
				<th>Status</th>
				<th>Timestamp</th>
				<th>Details</th>
			</tr>
		</thead>
		<tbody>
			<tr class='log' status='debug'>
				<td class='status debug' title='debug' alt='debug'><i class='material-icons'>low_priority</i></td>
				<td class='timestamp'>1:53:45 PM</td>
				<td class='step-details'>
						UserName Used for Genrating the Access token:MDPAdmin@id.zeiss.com
					
				</td>
			</tr>
			<tr class='log' status='debug'>
				<td class='status debug' title='debug' alt='debug'><i class='material-icons'>low_priority</i></td>
				<td class='timestamp'>1:53:45 PM</td>
				<td class='step-details'>
						Creating the user with defualt generated email:zeiss0719+20200129_135345@gmail.com
					
				</td>
			</tr>
			<tr class='log' status='debug'>
				<td class='status debug' title='debug' alt='debug'><i class='material-icons'>low_priority</i></td>
				<td class='timestamp'>1:53:45 PM</td>
				<td class='step-details'>
						The BaseUri is :https://mdptest.api.zeiss.com
					
				</td>
			</tr>
			<tr class='log' status='debug'>
				<td class='status debug' title='debug' alt='debug'><i class='material-icons'>low_priority</i></td>
				<td class='timestamp'>1:53:45 PM</td>
				<td class='step-details'>
						/nThe Values to change In JSON:{"ALTERNATEEMAIL":"noemaildude@fuckoff.com","ZEISSIDUSERTYPE":1,"ROLEID":"985b931d-a04f-491c-de88-08d790386493","EMAIL":"zeiss0719+20200129_135345@gmail.com","CLIENTID":"ed8d6270-da8b-4ea0-aaa0-7214f6dd09d5"}
					
				</td>
			</tr>
			<tr class='log' status='debug'>
				<td class='status debug' title='debug' alt='debug'><i class='material-icons'>low_priority</i></td>
				<td class='timestamp'>1:53:45 PM</td>
				<td class='step-details'>
						The Effective end point is :/adminuserservice/api/v2.0/mdpapps/96b144c4-db4d-4cee-e6e9-08d7629609b9/AdminUsers
					
				</td>
			</tr>
			<tr class='log' status='debug'>
				<td class='status debug' title='debug' alt='debug'><i class='material-icons'>low_priority</i></td>
				<td class='timestamp'>1:53:45 PM</td>
				<td class='step-details'>
						Created users with the payload{"firstName":"ZeissUSer","lastName":"Admin","clientId":"ed8d6270-da8b-4ea0-aaa0-7214f6dd09d5","zeissIdUserType":1,"roleId":"985b931d-a04f-491c-de88-08d790386493","contactDetails":[{"country":"string","alternateEmail":"noemaildude@fuckoff.com","period":"string","city":"Bangalore","district":"string","postalCode":"string","addressLine1":"Zeiss","addressLine2":"EC","state":"KA","type":"string","alternateNo":"string","contactNo":"string"}],"email":"zeiss0719+20200129_135345@gmail.com"}
					
				</td>
			</tr>
			<tr class='log' status='debug'>
				<td class='status debug' title='debug' alt='debug'><i class='material-icons'>low_priority</i></td>
				<td class='timestamp'>1:53:59 PM</td>
				<td class='step-details'>
						Response Code:201
					
				</td>
			</tr>
			<tr class='log' status='debug'>
				<td class='status debug' title='debug' alt='debug'><i class='material-icons'>low_priority</i></td>
				<td class='timestamp'>1:53:59 PM</td>
				<td class='step-details'>
						Response:{"id":"f9d46f9c-fc66-46f0-b2be-16c0b40d1bf4","clientId":"ed8d6270-da8b-4ea0-aaa0-7214f6dd09d5","roleId":"985b931d-a04f-491c-de88-08d790386493","email":"zeiss0719+20200129_135345@gmail.com","firstName":"ZeissUSer","lastName":"Admin","contactDetails":[{"addressLine1":"Zeiss","addressLine2":"EC","city":"Bangalore","district":"string","state":"KA","country":"string","postalCode":"string","period":"string","alternateEmail":"noemaildude@fuckoff.com","contactNo":"string","alternateNo":"string","type":"string"}],"zeissIdUserType":1}
					
				</td>
			</tr>
			<tr class='log' status='fail'>
				<td class='status fail' title='fail' alt='fail'><i class='material-icons'>cancel</i></td>
				<td class='timestamp'>1:53:59 PM</td>
				<td class='step-details'>
						<textarea disabled class="code-block">java.lang.AssertionError: expected [401] but found [201]
	at org.testng.Assert.fail(Assert.java:96)
	at org.testng.Assert.failNotEquals(Assert.java:776)
	at org.testng.Assert.assertEqualsImpl(Assert.java:137)
	at org.testng.Assert.assertEquals(Assert.java:118)
	at org.testng.Assert.assertEquals(Assert.java:652)
	at org.testng.Assert.assertEquals(Assert.java:662)
	at com.mdp.api.tests.AdminUserService_AdminUserTests.tC201_AdminUser_Test08_CreateSiteAdminWithMDPAdmin(AdminUserService_AdminUserTests.java:186)
	at sun.reflect.NativeMethodAccessorImpl.invoke0(Native Method)
	at sun.reflect.NativeMethodAccessorImpl.invoke(NativeMethodAccessorImpl.java:62)
	at sun.reflect.DelegatingMethodAccessorImpl.invoke(DelegatingMethodAccessorImpl.java:43)
	at java.lang.reflect.Method.invoke(Method.java:498)
	at org.testng.internal.MethodInvocationHelper.invokeMethod(MethodInvocationHelper.java:124)
	at org.testng.internal.Invoker.invokeMethod(Invoker.java:583)
	at org.testng.internal.Invoker.invokeTestMethod(Invoker.java:719)
	at org.testng.internal.Invoker.invokeTestMethods(Invoker.java:989)
	at org.testng.internal.TestMethodWorker.invokeTestMethods(TestMethodWorker.java:125)
	at org.testng.internal.TestMethodWorker.run(TestMethodWorker.java:109)
	at org.testng.TestRunner.privateRun(TestRunner.java:648)
	at org.testng.TestRunner.run(TestRunner.java:505)
	at org.testng.SuiteRunner.runTest(SuiteRunner.java:455)
	at org.testng.SuiteRunner.runSequentially(SuiteRunner.java:450)
	at org.testng.SuiteRunner.privateRun(SuiteRunner.java:415)
	at org.testng.SuiteRunner.run(SuiteRunner.java:364)
	at org.testng.SuiteRunnerWorker.runSuite(SuiteRunnerWorker.java:52)
	at org.testng.SuiteRunnerWorker.run(SuiteRunnerWorker.java:84)
	at org.testng.TestNG.runSuitesSequentially(TestNG.java:1208)
	at org.testng.TestNG.runSuitesLocally(TestNG.java:1137)
	at org.testng.TestNG.runSuites(TestNG.java:1049)
	at org.testng.TestNG.run(TestNG.java:1017)
	at org.testng.remote.AbstractRemoteTestNG.run(AbstractRemoteTestNG.java:114)
	at org.testng.remote.RemoteTestNG.initAndRun(RemoteTestNG.java:251)
	at org.testng.remote.RemoteTestNG.main(RemoteTestNG.java:77)
</textarea>
					
				</td>
			</tr>
		</tbody>
	</table>
</div>
						<ul class='screenshots'>
							<li><img class='r-img' onerror='this.style.display="none"' data-featherlight='/Users/MDPAPITESTING/MDP/Reports/TestRun2020_01_29134529/tC201_AdminUser_Test08_CreateSiteAdminWithMDPAdmin.png' src='/Users/MDPAPITESTING/MDP/Reports/TestRun2020_01_29134529/tC201_AdminUser_Test08_CreateSiteAdminWithMDPAdmin.png' data-src='/Users/MDPAPITESTING/MDP/Reports/TestRun2020_01_29134529/tC201_AdminUser_Test08_CreateSiteAdminWithMDPAdmin.png'></li>
						</ul>
					</div>
				</li>
				<li class='test displayed active  fail' status='fail' bdd='false' test-id='9'>
					<div class='test-heading'>
						<span class='test-name'>TC201_AdminUser_Test27_CreateSSCAdminWithMDPAppIdInvalid</span>
						<span class='test-time'>Jan 29, 2020 01:54:04 PM</span>
						<span class='test-status right fail'>fail</span>
					</div>
					<div class='test-content hide'>
<div class='test-time-info'>
	<span class='label start-time'>Jan 29, 2020 01:54:04 PM</span>
	<span class='label end-time'>Jan 29, 2020 01:54:47 PM</span>
	<span class='label time-taken grey lighten-1 white-text'>0h 0m 43s+11ms</span>
</div>
<div class='test-steps'>
	<table class='bordered table-results'>
		<thead>
			<tr>
				<th>Status</th>
				<th>Timestamp</th>
				<th>Details</th>
			</tr>
		</thead>
		<tbody>
			<tr class='log' status='debug'>
				<td class='status debug' title='debug' alt='debug'><i class='material-icons'>low_priority</i></td>
				<td class='timestamp'>1:54:46 PM</td>
				<td class='step-details'>
						UserName Used for Genrating the Access token:MDPAdmin@id.zeiss.com
					
				</td>
			</tr>
			<tr class='log' status='debug'>
				<td class='status debug' title='debug' alt='debug'><i class='material-icons'>low_priority</i></td>
				<td class='timestamp'>1:54:46 PM</td>
				<td class='step-details'>
						Creating the user with defualt generated email:zeiss0719+20200129_135446@gmail.com
					
				</td>
			</tr>
			<tr class='log' status='debug'>
				<td class='status debug' title='debug' alt='debug'><i class='material-icons'>low_priority</i></td>
				<td class='timestamp'>1:54:46 PM</td>
				<td class='step-details'>
						The BaseUri is :https://mdptest.api.zeiss.com
					
				</td>
			</tr>
			<tr class='log' status='debug'>
				<td class='status debug' title='debug' alt='debug'><i class='material-icons'>low_priority</i></td>
				<td class='timestamp'>1:54:46 PM</td>
				<td class='step-details'>
						/nThe Values to change In JSON:{"ALTERNATEEMAIL":"","ZEISSIDUSERTYPE":1,"ROLEID":"985b931d-a04f-491c-de88-08d790386491","EMAIL":"zeiss0719+20200129_135446@gmail.com","CLIENTID":"ed8d6270-da8b-4ea0-aaa0-7214f6dd09d5"}
					
				</td>
			</tr>
			<tr class='log' status='debug'>
				<td class='status debug' title='debug' alt='debug'><i class='material-icons'>low_priority</i></td>
				<td class='timestamp'>1:54:46 PM</td>
				<td class='step-details'>
						The Effective end point is :/adminuserservice/api/v2.0/mdpapps/96b144c4-db4d-4cee-e6e9-08d7629609b3/AdminUsers
					
				</td>
			</tr>
			<tr class='log' status='debug'>
				<td class='status debug' title='debug' alt='debug'><i class='material-icons'>low_priority</i></td>
				<td class='timestamp'>1:54:46 PM</td>
				<td class='step-details'>
						Created users with the payload{"firstName":"ZeissUSer","lastName":"Admin","clientId":"ed8d6270-da8b-4ea0-aaa0-7214f6dd09d5","zeissIdUserType":1,"roleId":"985b931d-a04f-491c-de88-08d790386491","contactDetails":[{"country":"string","alternateEmail":"","period":"string","city":"Bangalore","district":"string","postalCode":"string","addressLine1":"Zeiss","addressLine2":"EC","state":"KA","type":"string","alternateNo":"string","contactNo":"string"}],"email":"zeiss0719+20200129_135446@gmail.com"}
					
				</td>
			</tr>
			<tr class='log' status='debug'>
				<td class='status debug' title='debug' alt='debug'><i class='material-icons'>low_priority</i></td>
				<td class='timestamp'>1:54:47 PM</td>
				<td class='step-details'>
						Response Code:400
					
				</td>
			</tr>
			<tr class='log' status='debug'>
				<td class='status debug' title='debug' alt='debug'><i class='material-icons'>low_priority</i></td>
				<td class='timestamp'>1:54:47 PM</td>
				<td class='step-details'>
						Response:{"Error":{"Code":"InvalidOrMissingParameter","Message":"One or more required parameters are invalid or missing.","Target":null,"Details":[{"Code":"InvalidOrMissingParameter","Message":"The AlternateEmail field is not a valid e-mail address.","Target":"ContactDetails[0].AlternateEmail","Details":null,"InnerError":null}],"InnerError":null}}
					
				</td>
			</tr>
			<tr class='log' status='fail'>
				<td class='status fail' title='fail' alt='fail'><i class='material-icons'>cancel</i></td>
				<td class='timestamp'>1:54:47 PM</td>
				<td class='step-details'>
						<textarea disabled class="code-block">java.lang.AssertionError: expected [404] but found [400]
	at org.testng.Assert.fail(Assert.java:96)
	at org.testng.Assert.failNotEquals(Assert.java:776)
	at org.testng.Assert.assertEqualsImpl(Assert.java:137)
	at org.testng.Assert.assertEquals(Assert.java:118)
	at org.testng.Assert.assertEquals(Assert.java:652)
	at org.testng.Assert.assertEquals(Assert.java:662)
	at com.mdp.api.tests.AdminUserService_AdminUserTests.TC201_AdminUser_Test27_CreateSSCAdminWithMDPAppIdInvalid(AdminUserService_AdminUserTests.java:552)
	at sun.reflect.NativeMethodAccessorImpl.invoke0(Native Method)
	at sun.reflect.NativeMethodAccessorImpl.invoke(NativeMethodAccessorImpl.java:62)
	at sun.reflect.DelegatingMethodAccessorImpl.invoke(DelegatingMethodAccessorImpl.java:43)
	at java.lang.reflect.Method.invoke(Method.java:498)
	at org.testng.internal.MethodInvocationHelper.invokeMethod(MethodInvocationHelper.java:124)
	at org.testng.internal.Invoker.invokeMethod(Invoker.java:583)
	at org.testng.internal.Invoker.invokeTestMethod(Invoker.java:719)
	at org.testng.internal.Invoker.invokeTestMethods(Invoker.java:989)
	at org.testng.internal.TestMethodWorker.invokeTestMethods(TestMethodWorker.java:125)
	at org.testng.internal.TestMethodWorker.run(TestMethodWorker.java:109)
	at org.testng.TestRunner.privateRun(TestRunner.java:648)
	at org.testng.TestRunner.run(TestRunner.java:505)
	at org.testng.SuiteRunner.runTest(SuiteRunner.java:455)
	at org.testng.SuiteRunner.runSequentially(SuiteRunner.java:450)
	at org.testng.SuiteRunner.privateRun(SuiteRunner.java:415)
	at org.testng.SuiteRunner.run(SuiteRunner.java:364)
	at org.testng.SuiteRunnerWorker.runSuite(SuiteRunnerWorker.java:52)
	at org.testng.SuiteRunnerWorker.run(SuiteRunnerWorker.java:84)
	at org.testng.TestNG.runSuitesSequentially(TestNG.java:1208)
	at org.testng.TestNG.runSuitesLocally(TestNG.java:1137)
	at org.testng.TestNG.runSuites(TestNG.java:1049)
	at org.testng.TestNG.run(TestNG.java:1017)
	at org.testng.remote.AbstractRemoteTestNG.run(AbstractRemoteTestNG.java:114)
	at org.testng.remote.RemoteTestNG.initAndRun(RemoteTestNG.java:251)
	at org.testng.remote.RemoteTestNG.main(RemoteTestNG.java:77)
</textarea>
					
				</td>
			</tr>
		</tbody>
	</table>
</div>
						<ul class='screenshots'>
							<li><img class='r-img' onerror='this.style.display="none"' data-featherlight='/Users/MDPAPITESTING/MDP/Reports/TestRun2020_01_29134529/TC201_AdminUser_Test27_CreateSSCAdminWithMDPAppIdInvalid.png' src='/Users/MDPAPITESTING/MDP/Reports/TestRun2020_01_29134529/TC201_AdminUser_Test27_CreateSSCAdminWithMDPAppIdInvalid.png' data-src='/Users/MDPAPITESTING/MDP/Reports/TestRun2020_01_29134529/TC201_AdminUser_Test27_CreateSSCAdminWithMDPAppIdInvalid.png'></li>
						</ul>
					</div>
				</li>
				<li class='test displayed active  pass' status='pass' bdd='false' test-id='10'>
					<div class='test-heading'>
						<span class='test-name'>TC201_AdminUser_Test28_CreateSSCAdminWithInvalidemailId</span>
						<span class='test-time'>Jan 29, 2020 01:54:52 PM</span>
						<span class='test-status right pass'>pass</span>
					</div>
					<div class='test-content hide'>
<div class='test-time-info'>
	<span class='label start-time'>Jan 29, 2020 01:54:52 PM</span>
	<span class='label end-time'>Jan 29, 2020 01:55:25 PM</span>
	<span class='label time-taken grey lighten-1 white-text'>0h 0m 33s+3ms</span>
</div>
<div class='test-steps'>
	<table class='bordered table-results'>
		<thead>
			<tr>
				<th>Status</th>
				<th>Timestamp</th>
				<th>Details</th>
			</tr>
		</thead>
		<tbody>
			<tr class='log' status='debug'>
				<td class='status debug' title='debug' alt='debug'><i class='material-icons'>low_priority</i></td>
				<td class='timestamp'>1:55:20 PM</td>
				<td class='step-details'>
						UserName Used for Genrating the Access token:MDPAdmin@id.zeiss.com
					
				</td>
			</tr>
			<tr class='log' status='debug'>
				<td class='status debug' title='debug' alt='debug'><i class='material-icons'>low_priority</i></td>
				<td class='timestamp'>1:55:20 PM</td>
				<td class='step-details'>
						Creating the user with defualt generated email:zeiss0719+20200129_135520@gmail.com
					
				</td>
			</tr>
			<tr class='log' status='debug'>
				<td class='status debug' title='debug' alt='debug'><i class='material-icons'>low_priority</i></td>
				<td class='timestamp'>1:55:20 PM</td>
				<td class='step-details'>
						The BaseUri is :https://mdptest.api.zeiss.com
					
				</td>
			</tr>
			<tr class='log' status='debug'>
				<td class='status debug' title='debug' alt='debug'><i class='material-icons'>low_priority</i></td>
				<td class='timestamp'>1:55:20 PM</td>
				<td class='step-details'>
						/nThe Values to change In JSON:{"ALTERNATEEMAIL":"zeiss0719+20200129_135520@gmail.com","ZEISSIDUSERTYPE":1,"ROLEID":"985b931d-a04f-491c-de88-08d790386491","EMAIL":"test","CLIENTID":"ed8d6270-da8b-4ea0-aaa0-7214f6dd09d5"}
					
				</td>
			</tr>
			<tr class='log' status='debug'>
				<td class='status debug' title='debug' alt='debug'><i class='material-icons'>low_priority</i></td>
				<td class='timestamp'>1:55:20 PM</td>
				<td class='step-details'>
						The Effective end point is :/adminuserservice/api/v2.0/mdpapps/96b144c4-db4d-4cee-e6e9-08d7629609b3/AdminUsers
					
				</td>
			</tr>
			<tr class='log' status='debug'>
				<td class='status debug' title='debug' alt='debug'><i class='material-icons'>low_priority</i></td>
				<td class='timestamp'>1:55:20 PM</td>
				<td class='step-details'>
						Created users with the payload{"firstName":"ZeissUSer","lastName":"Admin","clientId":"ed8d6270-da8b-4ea0-aaa0-7214f6dd09d5","zeissIdUserType":1,"roleId":"985b931d-a04f-491c-de88-08d790386491","contactDetails":[{"country":"string","alternateEmail":"zeiss0719+20200129_135520@gmail.com","period":"string","city":"Bangalore","district":"string","postalCode":"string","addressLine1":"Zeiss","addressLine2":"EC","state":"KA","type":"string","alternateNo":"string","contactNo":"string"}],"email":"test"}
					
				</td>
			</tr>
			<tr class='log' status='debug'>
				<td class='status debug' title='debug' alt='debug'><i class='material-icons'>low_priority</i></td>
				<td class='timestamp'>1:55:25 PM</td>
				<td class='step-details'>
						Response Code:400
					
				</td>
			</tr>
			<tr class='log' status='debug'>
				<td class='status debug' title='debug' alt='debug'><i class='material-icons'>low_priority</i></td>
				<td class='timestamp'>1:55:25 PM</td>
				<td class='step-details'>
						Response:{"Error":{"Code":"InvalidOrMissingParameter","Message":"One or more required parameters are invalid or missing.","Target":null,"Details":[{"Code":"InvalidOrMissingParameter","Message":"The Email field is not a valid e-mail address.","Target":"Email","Details":null,"InnerError":null}],"InnerError":null}}
					
				</td>
			</tr>
			<tr class='log' status='pass'>
				<td class='status pass' title='pass' alt='pass'><i class='material-icons'>check_circle</i></td>
				<td class='timestamp'>1:55:25 PM</td>
				<td class='step-details'>
						Test passed
					
				</td>
			</tr>
		</tbody>
	</table>
</div>
					</div>
				</li>
				<li class='test displayed active  pass' status='pass' bdd='false' test-id='11'>
					<div class='test-heading'>
						<span class='test-name'>TC201_AdminUser_Test28_CreateSSCAdminWithInvalidemailId</span>
						<span class='test-time'>Jan 29, 2020 01:55:30 PM</span>
						<span class='test-status right pass'>pass</span>
					</div>
					<div class='test-content hide'>
<div class='test-time-info'>
	<span class='label start-time'>Jan 29, 2020 01:55:30 PM</span>
	<span class='label end-time'>Jan 29, 2020 01:56:03 PM</span>
	<span class='label time-taken grey lighten-1 white-text'>0h 0m 33s+298ms</span>
</div>
<div class='test-steps'>
	<table class='bordered table-results'>
		<thead>
			<tr>
				<th>Status</th>
				<th>Timestamp</th>
				<th>Details</th>
			</tr>
		</thead>
		<tbody>
			<tr class='log' status='debug'>
				<td class='status debug' title='debug' alt='debug'><i class='material-icons'>low_priority</i></td>
				<td class='timestamp'>1:55:57 PM</td>
				<td class='step-details'>
						UserName Used for Genrating the Access token:MDPAdmin@id.zeiss.com
					
				</td>
			</tr>
			<tr class='log' status='debug'>
				<td class='status debug' title='debug' alt='debug'><i class='material-icons'>low_priority</i></td>
				<td class='timestamp'>1:55:57 PM</td>
				<td class='step-details'>
						Creating the user with defualt generated email:zeiss0719+20200129_135557@gmail.com
					
				</td>
			</tr>
			<tr class='log' status='debug'>
				<td class='status debug' title='debug' alt='debug'><i class='material-icons'>low_priority</i></td>
				<td class='timestamp'>1:55:57 PM</td>
				<td class='step-details'>
						The BaseUri is :https://mdptest.api.zeiss.com
					
				</td>
			</tr>
			<tr class='log' status='debug'>
				<td class='status debug' title='debug' alt='debug'><i class='material-icons'>low_priority</i></td>
				<td class='timestamp'>1:55:57 PM</td>
				<td class='step-details'>
						/nThe Values to change In JSON:{"ALTERNATEEMAIL":"zeiss0719+20200129_135557@gmail.com","ZEISSIDUSERTYPE":1,"ROLEID":"985b931d-a04f-491c-de88-08d790386491","EMAIL":"test@gmail","CLIENTID":"ed8d6270-da8b-4ea0-aaa0-7214f6dd09d5"}
					
				</td>
			</tr>
			<tr class='log' status='debug'>
				<td class='status debug' title='debug' alt='debug'><i class='material-icons'>low_priority</i></td>
				<td class='timestamp'>1:55:57 PM</td>
				<td class='step-details'>
						The Effective end point is :/adminuserservice/api/v2.0/mdpapps/96b144c4-db4d-4cee-e6e9-08d7629609b3/AdminUsers
					
				</td>
			</tr>
			<tr class='log' status='debug'>
				<td class='status debug' title='debug' alt='debug'><i class='material-icons'>low_priority</i></td>
				<td class='timestamp'>1:55:57 PM</td>
				<td class='step-details'>
						Created users with the payload{"firstName":"ZeissUSer","lastName":"Admin","clientId":"ed8d6270-da8b-4ea0-aaa0-7214f6dd09d5","zeissIdUserType":1,"roleId":"985b931d-a04f-491c-de88-08d790386491","contactDetails":[{"country":"string","alternateEmail":"zeiss0719+20200129_135557@gmail.com","period":"string","city":"Bangalore","district":"string","postalCode":"string","addressLine1":"Zeiss","addressLine2":"EC","state":"KA","type":"string","alternateNo":"string","contactNo":"string"}],"email":"test@gmail"}
					
				</td>
			</tr>
			<tr class='log' status='debug'>
				<td class='status debug' title='debug' alt='debug'><i class='material-icons'>low_priority</i></td>
				<td class='timestamp'>1:56:03 PM</td>
				<td class='step-details'>
						Response Code:400
					
				</td>
			</tr>
			<tr class='log' status='debug'>
				<td class='status debug' title='debug' alt='debug'><i class='material-icons'>low_priority</i></td>
				<td class='timestamp'>1:56:03 PM</td>
				<td class='step-details'>
						Response:{"Error":{"Code":"UserInviteFailed","Message":"Unable to Invite User","Target":null,"Details":null,"InnerError":null}}
					
				</td>
			</tr>
			<tr class='log' status='pass'>
				<td class='status pass' title='pass' alt='pass'><i class='material-icons'>check_circle</i></td>
				<td class='timestamp'>1:56:03 PM</td>
				<td class='step-details'>
						Test passed
					
				</td>
			</tr>
		</tbody>
	</table>
</div>
					</div>
				</li>
				<li class='test displayed active  pass' status='pass' bdd='false' test-id='12'>
					<div class='test-heading'>
						<span class='test-name'>TC201_AdminUser_Test28_CreateSSCAdminWithInvalidemailId</span>
						<span class='test-time'>Jan 29, 2020 01:56:08 PM</span>
						<span class='test-status right pass'>pass</span>
					</div>
					<div class='test-content hide'>
<div class='test-time-info'>
	<span class='label start-time'>Jan 29, 2020 01:56:08 PM</span>
	<span class='label end-time'>Jan 29, 2020 01:56:39 PM</span>
	<span class='label time-taken grey lighten-1 white-text'>0h 0m 30s+829ms</span>
</div>
<div class='test-steps'>
	<table class='bordered table-results'>
		<thead>
			<tr>
				<th>Status</th>
				<th>Timestamp</th>
				<th>Details</th>
			</tr>
		</thead>
		<tbody>
			<tr class='log' status='debug'>
				<td class='status debug' title='debug' alt='debug'><i class='material-icons'>low_priority</i></td>
				<td class='timestamp'>1:56:37 PM</td>
				<td class='step-details'>
						UserName Used for Genrating the Access token:MDPAdmin@id.zeiss.com
					
				</td>
			</tr>
			<tr class='log' status='debug'>
				<td class='status debug' title='debug' alt='debug'><i class='material-icons'>low_priority</i></td>
				<td class='timestamp'>1:56:37 PM</td>
				<td class='step-details'>
						Creating the user with defualt generated email:zeiss0719+20200129_135637@gmail.com
					
				</td>
			</tr>
			<tr class='log' status='debug'>
				<td class='status debug' title='debug' alt='debug'><i class='material-icons'>low_priority</i></td>
				<td class='timestamp'>1:56:37 PM</td>
				<td class='step-details'>
						The BaseUri is :https://mdptest.api.zeiss.com
					
				</td>
			</tr>
			<tr class='log' status='debug'>
				<td class='status debug' title='debug' alt='debug'><i class='material-icons'>low_priority</i></td>
				<td class='timestamp'>1:56:37 PM</td>
				<td class='step-details'>
						/nThe Values to change In JSON:{"ALTERNATEEMAIL":"zeiss0719+20200129_135637@gmail.com","ZEISSIDUSERTYPE":1,"ROLEID":"985b931d-a04f-491c-de88-08d790386491","EMAIL":"test@gmail.","CLIENTID":"ed8d6270-da8b-4ea0-aaa0-7214f6dd09d5"}
					
				</td>
			</tr>
			<tr class='log' status='debug'>
				<td class='status debug' title='debug' alt='debug'><i class='material-icons'>low_priority</i></td>
				<td class='timestamp'>1:56:37 PM</td>
				<td class='step-details'>
						The Effective end point is :/adminuserservice/api/v2.0/mdpapps/96b144c4-db4d-4cee-e6e9-08d7629609b3/AdminUsers
					
				</td>
			</tr>
			<tr class='log' status='debug'>
				<td class='status debug' title='debug' alt='debug'><i class='material-icons'>low_priority</i></td>
				<td class='timestamp'>1:56:37 PM</td>
				<td class='step-details'>
						Created users with the payload{"firstName":"ZeissUSer","lastName":"Admin","clientId":"ed8d6270-da8b-4ea0-aaa0-7214f6dd09d5","zeissIdUserType":1,"roleId":"985b931d-a04f-491c-de88-08d790386491","contactDetails":[{"country":"string","alternateEmail":"zeiss0719+20200129_135637@gmail.com","period":"string","city":"Bangalore","district":"string","postalCode":"string","addressLine1":"Zeiss","addressLine2":"EC","state":"KA","type":"string","alternateNo":"string","contactNo":"string"}],"email":"test@gmail."}
					
				</td>
			</tr>
			<tr class='log' status='debug'>
				<td class='status debug' title='debug' alt='debug'><i class='material-icons'>low_priority</i></td>
				<td class='timestamp'>1:56:39 PM</td>
				<td class='step-details'>
						Response Code:400
					
				</td>
			</tr>
			<tr class='log' status='debug'>
				<td class='status debug' title='debug' alt='debug'><i class='material-icons'>low_priority</i></td>
				<td class='timestamp'>1:56:39 PM</td>
				<td class='step-details'>
						Response:{"Error":{"Code":"UserInviteFailed","Message":"Unable to Invite User","Target":null,"Details":null,"InnerError":null}}
					
				</td>
			</tr>
			<tr class='log' status='pass'>
				<td class='status pass' title='pass' alt='pass'><i class='material-icons'>check_circle</i></td>
				<td class='timestamp'>1:56:39 PM</td>
				<td class='step-details'>
						Test passed
					
				</td>
			</tr>
		</tbody>
	</table>
</div>
					</div>
				</li>
				<li class='test displayed active  pass' status='pass' bdd='false' test-id='13'>
					<div class='test-heading'>
						<span class='test-name'>TC201_AdminUser_Test28_CreateSSCAdminWithInvalidemailId</span>
						<span class='test-time'>Jan 29, 2020 01:56:43 PM</span>
						<span class='test-status right pass'>pass</span>
					</div>
					<div class='test-content hide'>
<div class='test-time-info'>
	<span class='label start-time'>Jan 29, 2020 01:56:43 PM</span>
	<span class='label end-time'>Jan 29, 2020 01:57:19 PM</span>
	<span class='label time-taken grey lighten-1 white-text'>0h 0m 35s+851ms</span>
</div>
<div class='test-steps'>
	<table class='bordered table-results'>
		<thead>
			<tr>
				<th>Status</th>
				<th>Timestamp</th>
				<th>Details</th>
			</tr>
		</thead>
		<tbody>
			<tr class='log' status='debug'>
				<td class='status debug' title='debug' alt='debug'><i class='material-icons'>low_priority</i></td>
				<td class='timestamp'>1:57:08 PM</td>
				<td class='step-details'>
						UserName Used for Genrating the Access token:MDPAdmin@id.zeiss.com
					
				</td>
			</tr>
			<tr class='log' status='debug'>
				<td class='status debug' title='debug' alt='debug'><i class='material-icons'>low_priority</i></td>
				<td class='timestamp'>1:57:08 PM</td>
				<td class='step-details'>
						Creating the user with defualt generated email:zeiss0719+20200129_135708@gmail.com
					
				</td>
			</tr>
			<tr class='log' status='debug'>
				<td class='status debug' title='debug' alt='debug'><i class='material-icons'>low_priority</i></td>
				<td class='timestamp'>1:57:08 PM</td>
				<td class='step-details'>
						The BaseUri is :https://mdptest.api.zeiss.com
					
				</td>
			</tr>
			<tr class='log' status='debug'>
				<td class='status debug' title='debug' alt='debug'><i class='material-icons'>low_priority</i></td>
				<td class='timestamp'>1:57:08 PM</td>
				<td class='step-details'>
						/nThe Values to change In JSON:{"ALTERNATEEMAIL":"zeiss0719+20200129_135708@gmail.com","ZEISSIDUSERTYPE":1,"ROLEID":"985b931d-a04f-491c-de88-08d790386491","EMAIL":"test@gmail.com.","CLIENTID":"ed8d6270-da8b-4ea0-aaa0-7214f6dd09d5"}
					
				</td>
			</tr>
			<tr class='log' status='debug'>
				<td class='status debug' title='debug' alt='debug'><i class='material-icons'>low_priority</i></td>
				<td class='timestamp'>1:57:08 PM</td>
				<td class='step-details'>
						The Effective end point is :/adminuserservice/api/v2.0/mdpapps/96b144c4-db4d-4cee-e6e9-08d7629609b3/AdminUsers
					
				</td>
			</tr>
			<tr class='log' status='debug'>
				<td class='status debug' title='debug' alt='debug'><i class='material-icons'>low_priority</i></td>
				<td class='timestamp'>1:57:08 PM</td>
				<td class='step-details'>
						Created users with the payload{"firstName":"ZeissUSer","lastName":"Admin","clientId":"ed8d6270-da8b-4ea0-aaa0-7214f6dd09d5","zeissIdUserType":1,"roleId":"985b931d-a04f-491c-de88-08d790386491","contactDetails":[{"country":"string","alternateEmail":"zeiss0719+20200129_135708@gmail.com","period":"string","city":"Bangalore","district":"string","postalCode":"string","addressLine1":"Zeiss","addressLine2":"EC","state":"KA","type":"string","alternateNo":"string","contactNo":"string"}],"email":"test@gmail.com."}
					
				</td>
			</tr>
			<tr class='log' status='debug'>
				<td class='status debug' title='debug' alt='debug'><i class='material-icons'>low_priority</i></td>
				<td class='timestamp'>1:57:19 PM</td>
				<td class='step-details'>
						Response Code:400
					
				</td>
			</tr>
			<tr class='log' status='debug'>
				<td class='status debug' title='debug' alt='debug'><i class='material-icons'>low_priority</i></td>
				<td class='timestamp'>1:57:19 PM</td>
				<td class='step-details'>
						Response:{"Error":{"Code":"UserInviteFailed","Message":"Unable to Invite User","Target":null,"Details":null,"InnerError":null}}
					
				</td>
			</tr>
			<tr class='log' status='pass'>
				<td class='status pass' title='pass' alt='pass'><i class='material-icons'>check_circle</i></td>
				<td class='timestamp'>1:57:19 PM</td>
				<td class='step-details'>
						Test passed
					
				</td>
			</tr>
		</tbody>
	</table>
</div>
					</div>
				</li>
				<li class='test displayed active  pass' status='pass' bdd='false' test-id='14'>
					<div class='test-heading'>
						<span class='test-name'>TC201_AdminUser_Test28_CreateSSCAdminWithInvalidemailId</span>
						<span class='test-time'>Jan 29, 2020 01:57:24 PM</span>
						<span class='test-status right pass'>pass</span>
					</div>
					<div class='test-content hide'>
<div class='test-time-info'>
	<span class='label start-time'>Jan 29, 2020 01:57:24 PM</span>
	<span class='label end-time'>Jan 29, 2020 01:57:58 PM</span>
	<span class='label time-taken grey lighten-1 white-text'>0h 0m 34s+166ms</span>
</div>
<div class='test-steps'>
	<table class='bordered table-results'>
		<thead>
			<tr>
				<th>Status</th>
				<th>Timestamp</th>
				<th>Details</th>
			</tr>
		</thead>
		<tbody>
			<tr class='log' status='debug'>
				<td class='status debug' title='debug' alt='debug'><i class='material-icons'>low_priority</i></td>
				<td class='timestamp'>1:57:52 PM</td>
				<td class='step-details'>
						UserName Used for Genrating the Access token:MDPAdmin@id.zeiss.com
					
				</td>
			</tr>
			<tr class='log' status='debug'>
				<td class='status debug' title='debug' alt='debug'><i class='material-icons'>low_priority</i></td>
				<td class='timestamp'>1:57:52 PM</td>
				<td class='step-details'>
						Creating the user with defualt generated email:zeiss0719+20200129_135752@gmail.com
					
				</td>
			</tr>
			<tr class='log' status='debug'>
				<td class='status debug' title='debug' alt='debug'><i class='material-icons'>low_priority</i></td>
				<td class='timestamp'>1:57:52 PM</td>
				<td class='step-details'>
						The BaseUri is :https://mdptest.api.zeiss.com
					
				</td>
			</tr>
			<tr class='log' status='debug'>
				<td class='status debug' title='debug' alt='debug'><i class='material-icons'>low_priority</i></td>
				<td class='timestamp'>1:57:52 PM</td>
				<td class='step-details'>
						/nThe Values to change In JSON:{"ALTERNATEEMAIL":"zeiss0719+20200129_135752@gmail.com","ZEISSIDUSERTYPE":1,"ROLEID":"985b931d-a04f-491c-de88-08d790386491","EMAIL":"test@gmail.com@id","CLIENTID":"ed8d6270-da8b-4ea0-aaa0-7214f6dd09d5"}
					
				</td>
			</tr>
			<tr class='log' status='debug'>
				<td class='status debug' title='debug' alt='debug'><i class='material-icons'>low_priority</i></td>
				<td class='timestamp'>1:57:52 PM</td>
				<td class='step-details'>
						The Effective end point is :/adminuserservice/api/v2.0/mdpapps/96b144c4-db4d-4cee-e6e9-08d7629609b3/AdminUsers
					
				</td>
			</tr>
			<tr class='log' status='debug'>
				<td class='status debug' title='debug' alt='debug'><i class='material-icons'>low_priority</i></td>
				<td class='timestamp'>1:57:52 PM</td>
				<td class='step-details'>
						Created users with the payload{"firstName":"ZeissUSer","lastName":"Admin","clientId":"ed8d6270-da8b-4ea0-aaa0-7214f6dd09d5","zeissIdUserType":1,"roleId":"985b931d-a04f-491c-de88-08d790386491","contactDetails":[{"country":"string","alternateEmail":"zeiss0719+20200129_135752@gmail.com","period":"string","city":"Bangalore","district":"string","postalCode":"string","addressLine1":"Zeiss","addressLine2":"EC","state":"KA","type":"string","alternateNo":"string","contactNo":"string"}],"email":"test@gmail.com@id"}
					
				</td>
			</tr>
			<tr class='log' status='debug'>
				<td class='status debug' title='debug' alt='debug'><i class='material-icons'>low_priority</i></td>
				<td class='timestamp'>1:57:58 PM</td>
				<td class='step-details'>
						Response Code:400
					
				</td>
			</tr>
			<tr class='log' status='debug'>
				<td class='status debug' title='debug' alt='debug'><i class='material-icons'>low_priority</i></td>
				<td class='timestamp'>1:57:58 PM</td>
				<td class='step-details'>
						Response:{"Error":{"Code":"InvalidOrMissingParameter","Message":"One or more required parameters are invalid or missing.","Target":null,"Details":[{"Code":"InvalidOrMissingParameter","Message":"The Email field is not a valid e-mail address.","Target":"Email","Details":null,"InnerError":null}],"InnerError":null}}
					
				</td>
			</tr>
			<tr class='log' status='pass'>
				<td class='status pass' title='pass' alt='pass'><i class='material-icons'>check_circle</i></td>
				<td class='timestamp'>1:57:58 PM</td>
				<td class='step-details'>
						Test passed
					
				</td>
			</tr>
		</tbody>
	</table>
</div>
					</div>
				</li>
				<li class='test displayed active  fail' status='fail' bdd='false' test-id='15'>
					<div class='test-heading'>
						<span class='test-name'>TC201_AdminUser_Test28_CreateSSCAdminWithoutContactDetails</span>
						<span class='test-time'>Jan 29, 2020 01:58:02 PM</span>
						<span class='test-status right fail'>fail</span>
					</div>
					<div class='test-content hide'>
<div class='test-time-info'>
	<span class='label start-time'>Jan 29, 2020 01:58:02 PM</span>
	<span class='label end-time'>Jan 29, 2020 01:58:33 PM</span>
	<span class='label time-taken grey lighten-1 white-text'>0h 0m 30s+657ms</span>
</div>
<div class='test-steps'>
	<table class='bordered table-results'>
		<thead>
			<tr>
				<th>Status</th>
				<th>Timestamp</th>
				<th>Details</th>
			</tr>
		</thead>
		<tbody>
			<tr class='log' status='debug'>
				<td class='status debug' title='debug' alt='debug'><i class='material-icons'>low_priority</i></td>
				<td class='timestamp'>1:58:27 PM</td>
				<td class='step-details'>
						UserName Used for Genrating the Access token:MDPAdmin@id.zeiss.com
					
				</td>
			</tr>
			<tr class='log' status='debug'>
				<td class='status debug' title='debug' alt='debug'><i class='material-icons'>low_priority</i></td>
				<td class='timestamp'>1:58:27 PM</td>
				<td class='step-details'>
						Creating the user with defualt generated email:zeiss0719+20200129_135827@gmail.com
					
				</td>
			</tr>
			<tr class='log' status='debug'>
				<td class='status debug' title='debug' alt='debug'><i class='material-icons'>low_priority</i></td>
				<td class='timestamp'>1:58:27 PM</td>
				<td class='step-details'>
						The BaseUri is :https://mdptest.api.zeiss.com
					
				</td>
			</tr>
			<tr class='log' status='debug'>
				<td class='status debug' title='debug' alt='debug'><i class='material-icons'>low_priority</i></td>
				<td class='timestamp'>1:58:27 PM</td>
				<td class='step-details'>
						/nThe Values to change In JSON:{"CONTACTDETAILS":[],"ZEISSIDUSERTYPE":1,"ALTERNATEEMAIL":"zeiss0719+20200129_135827@gmail.com","ROLEID":"985b931d-a04f-491c-de88-08d790386491","CLIENTID":"ed8d6270-da8b-4ea0-aaa0-7214f6dd09d5"}
					
				</td>
			</tr>
			<tr class='log' status='debug'>
				<td class='status debug' title='debug' alt='debug'><i class='material-icons'>low_priority</i></td>
				<td class='timestamp'>1:58:27 PM</td>
				<td class='step-details'>
						The Effective end point is :/adminuserservice/api/v2.0/mdpapps/96b144c4-db4d-4cee-e6e9-08d7629609b3/AdminUsers
					
				</td>
			</tr>
			<tr class='log' status='debug'>
				<td class='status debug' title='debug' alt='debug'><i class='material-icons'>low_priority</i></td>
				<td class='timestamp'>1:58:27 PM</td>
				<td class='step-details'>
						Created users with the payload{"firstName":"ZeissUSer","lastName":"Admin","clientId":"ed8d6270-da8b-4ea0-aaa0-7214f6dd09d5","zeissIdUserType":1,"roleId":"985b931d-a04f-491c-de88-08d790386491","contactDetails":[],"email":"user230120201500@example.com"}
					
				</td>
			</tr>
			<tr class='log' status='debug'>
				<td class='status debug' title='debug' alt='debug'><i class='material-icons'>low_priority</i></td>
				<td class='timestamp'>1:58:33 PM</td>
				<td class='step-details'>
						Response Code:400
					
				</td>
			</tr>
			<tr class='log' status='debug'>
				<td class='status debug' title='debug' alt='debug'><i class='material-icons'>low_priority</i></td>
				<td class='timestamp'>1:58:33 PM</td>
				<td class='step-details'>
						Response:{"Error":{"Code":"UserCreationFailed","Message":"Unable to Create User","Target":null,"Details":null,"InnerError":null}}
					
				</td>
			</tr>
			<tr class='log' status='fail'>
				<td class='status fail' title='fail' alt='fail'><i class='material-icons'>cancel</i></td>
				<td class='timestamp'>1:58:33 PM</td>
				<td class='step-details'>
						<textarea disabled class="code-block">java.lang.AssertionError: expected [404] but found [400]
	at org.testng.Assert.fail(Assert.java:96)
	at org.testng.Assert.failNotEquals(Assert.java:776)
	at org.testng.Assert.assertEqualsImpl(Assert.java:137)
	at org.testng.Assert.assertEquals(Assert.java:118)
	at org.testng.Assert.assertEquals(Assert.java:652)
	at org.testng.Assert.assertEquals(Assert.java:662)
	at com.mdp.api.tests.AdminUserService_AdminUserTests.TC201_AdminUser_Test28_CreateSSCAdminWithoutContactDetails(AdminUserService_AdminUserTests.java:590)
	at sun.reflect.NativeMethodAccessorImpl.invoke0(Native Method)
	at sun.reflect.NativeMethodAccessorImpl.invoke(NativeMethodAccessorImpl.java:62)
	at sun.reflect.DelegatingMethodAccessorImpl.invoke(DelegatingMethodAccessorImpl.java:43)
	at java.lang.reflect.Method.invoke(Method.java:498)
	at org.testng.internal.MethodInvocationHelper.invokeMethod(MethodInvocationHelper.java:124)
	at org.testng.internal.Invoker.invokeMethod(Invoker.java:583)
	at org.testng.internal.Invoker.invokeTestMethod(Invoker.java:719)
	at org.testng.internal.Invoker.invokeTestMethods(Invoker.java:989)
	at org.testng.internal.TestMethodWorker.invokeTestMethods(TestMethodWorker.java:125)
	at org.testng.internal.TestMethodWorker.run(TestMethodWorker.java:109)
	at org.testng.TestRunner.privateRun(TestRunner.java:648)
	at org.testng.TestRunner.run(TestRunner.java:505)
	at org.testng.SuiteRunner.runTest(SuiteRunner.java:455)
	at org.testng.SuiteRunner.runSequentially(SuiteRunner.java:450)
	at org.testng.SuiteRunner.privateRun(SuiteRunner.java:415)
	at org.testng.SuiteRunner.run(SuiteRunner.java:364)
	at org.testng.SuiteRunnerWorker.runSuite(SuiteRunnerWorker.java:52)
	at org.testng.SuiteRunnerWorker.run(SuiteRunnerWorker.java:84)
	at org.testng.TestNG.runSuitesSequentially(TestNG.java:1208)
	at org.testng.TestNG.runSuitesLocally(TestNG.java:1137)
	at org.testng.TestNG.runSuites(TestNG.java:1049)
	at org.testng.TestNG.run(TestNG.java:1017)
	at org.testng.remote.AbstractRemoteTestNG.run(AbstractRemoteTestNG.java:114)
	at org.testng.remote.RemoteTestNG.initAndRun(RemoteTestNG.java:251)
	at org.testng.remote.RemoteTestNG.main(RemoteTestNG.java:77)
</textarea>
					
				</td>
			</tr>
		</tbody>
	</table>
</div>
						<ul class='screenshots'>
							<li><img class='r-img' onerror='this.style.display="none"' data-featherlight='/Users/MDPAPITESTING/MDP/Reports/TestRun2020_01_29134529/TC201_AdminUser_Test28_CreateSSCAdminWithoutContactDetails.png' src='/Users/MDPAPITESTING/MDP/Reports/TestRun2020_01_29134529/TC201_AdminUser_Test28_CreateSSCAdminWithoutContactDetails.png' data-src='/Users/MDPAPITESTING/MDP/Reports/TestRun2020_01_29134529/TC201_AdminUser_Test28_CreateSSCAdminWithoutContactDetails.png'></li>
						</ul>
					</div>
				</li>
				<li class='test displayed active  fail' status='fail' bdd='false' test-id='16'>
					<div class='test-heading'>
						<span class='test-name'>tC201_AdminUser_Test09_CreateSSCAdminWithSSCAdmin</span>
						<span class='test-time'>Jan 29, 2020 01:58:38 PM</span>
						<span class='test-status right fail'>fail</span>
					</div>
					<div class='test-content hide'>
<div class='test-time-info'>
	<span class='label start-time'>Jan 29, 2020 01:58:38 PM</span>
	<span class='label end-time'>Jan 29, 2020 01:59:26 PM</span>
	<span class='label time-taken grey lighten-1 white-text'>0h 0m 48s+294ms</span>
</div>
<div class='test-steps'>
	<table class='bordered table-results'>
		<thead>
			<tr>
				<th>Status</th>
				<th>Timestamp</th>
				<th>Details</th>
			</tr>
		</thead>
		<tbody>
			<tr class='log' status='debug'>
				<td class='status debug' title='debug' alt='debug'><i class='material-icons'>low_priority</i></td>
				<td class='timestamp'>1:59:06 PM</td>
				<td class='step-details'>
						UserName Used for Genrating the Access token:zeiss0719+20200129_134747@gmail.com
					
				</td>
			</tr>
			<tr class='log' status='info'>
				<td class='status info' title='info' alt='info'><i class='material-icons'>info_outline</i></td>
				<td class='timestamp'>1:59:13 PM</td>
				<td class='step-details'>
						Clicked on the Element
					
				</td>
			</tr>
			<tr class='log' status='debug'>
				<td class='status debug' title='debug' alt='debug'><i class='material-icons'>low_priority</i></td>
				<td class='timestamp'>1:59:26 PM</td>
				<td class='step-details'>
						The Auth token Used :
eyJ0eXAiOiJKV1QiLCJhbGciOiJSUzI1NiIsImtpZCI6IlRva2VuU2lnbmluZ0tleUNvbnRhaW5lciJ9.eyJpc3MiOiJodHRwczovL3plaXNzaWRiMmN0ZXN0LmIyY2xvZ2luLmNvbS83Yzg5NjlkMS0zZDFjLTQ2MGMtYTMyZi04NzlkODk0MTI1NWYvdjIuMC8iLCJleHAiOjE1ODAyOTAxNjAsIm5iZiI6MTU4MDI4NjU2MCwiYXVkIjoiM0QzMENDQzktNzk2NC00MzIzLTkwQkItNkQ3MkFBOERDOUM2Iiwib2lkIjoiMzhmZTBiMmEtMjMyNy00YjA0LTg3YmItNzI3ZmM5NTQzN2MwIiwic3ViIjoiTm90IHN1cHBvcnRlZCBjdXJyZW50bHkuIFVzZSBvaWQgY2xhaW0uIiwiZW1haWwiOiJ7T0lEQzpVc2VybmFtZX0iLCJaZWlzc0lkQmFzZSI6IntcclxuICBcImFjY291bnRJZFwiOiAxNDM3NSxcclxuICBcImZpcnN0TmFtZVwiOiBcIlplaXNzVVNlclwiLFxyXG4gIFwibGFzdE5hbWVcIjogXCJBZG1pblwiLFxyXG4gIFwiZU1haWxcIjogXCJ6ZWlzczA3MTkrMjAyMDAxMjlfMTM0NzQ3QGdtYWlsLmNvbVwiLFxyXG4gIFwibGFzdENoYW5nZVwiOiBcIjIwMjAtMDEtMjlUMDg6MTk6MDcuNjAzXCIsXHJcbiAgXCJpZGVudGl0eVByb3ZpZGVyXCI6IDEsXHJcbiAgXCJzYWx1dGF0aW9uXCI6IFwibmFcIixcclxuICBcImxhbmd1YWdlXCI6IFwiZW4tR0JcIixcclxuICBcImNsaWVudEFwcExvZ2luRGVuaWVkXCI6IFwie1xcclxcbiAgXFxcIkFjY2Vzc0RlbmllZFxcXCI6IFxcXCIzNzZcXFwiXFxyXFxufVwiXHJcbn0iLCJaZWlzc0lkQ29udGFjdCI6Int9IiwiWmVpc3NJZE9yZ2FuaXNhdGlvbiI6Int9IiwiWmVpc3NJZEFwcGxpY2F0aW9uIjoie1xyXG4gIFwiY2xpZW50QXBwSWRcIjogMSxcclxuICBcImFwcGxpY2F0aW9uRG9tYWluSWRcIjogMCxcclxuICBcInRlcm1zQW5kQ29uZGl0aW9uc0lkXCI6IDMxOCxcclxuICBcImFjY2VwdGFuY2VPZlRlcm1zQW5kQ29uZGl0aW9uc0lkXCI6IDE5MDc5LFxyXG4gIFwiZGlyZWN0QWNjZXNzXCI6IHRydWUsXHJcbiAgXCJpbnZpdGF0aW9uSWRcIjogMFxyXG59IiwiWmVpc3NJZEN1c3RvbUZpZWxkcyI6Int9IiwiWmVpc3NJZEFncmVlbWVudHMiOiJ7XHJcbiAgXCJhZ3JlZW1lbnRzXCI6IFtdXHJcbn0iLCJhenAiOiIzRDMwQ0NDOS03OTY0LTQzMjMtOTBCQi02RDcyQUE4REM5QzYiLCJ2ZXIiOiIxLjAiLCJpYXQiOjE1ODAyODY1NjB9.o4ubidDTyI2PVMwmOEsqaRc5IZGHyw9WwfpM7n8HCRBsf86-g08jd5DDzvOxfbTQmo8EultFypjnH2UpwC9vdI7zTTlqelDEmW_Zor0UcWq_jbq9ENZBVYfR5SiymxxtJqGg2cLRPmlHQJdLZf1u7KpVOpRGqWM0of7TiZIG8np6HsTaRVWSvpINOi51IIlPh3j-_MjZMzPlSbge4XnrVuAAnEUrTq7xsexdECYADykdQWYeR53UmzbJTaRYw6QVcVqfkDh78O3W-812Ghdn64Ps7sqMfBeuPxvO7oBdz3Xq2kIPDvVuOqWqFM-PsnH39dKE7mrVqYidQM8eEFJaQA
					
				</td>
			</tr>
			<tr class='log' status='debug'>
				<td class='status debug' title='debug' alt='debug'><i class='material-icons'>low_priority</i></td>
				<td class='timestamp'>1:59:26 PM</td>
				<td class='step-details'>
						Creating the user with defualt generated email:zeiss0719+20200129_135926@gmail.com
					
				</td>
			</tr>
			<tr class='log' status='debug'>
				<td class='status debug' title='debug' alt='debug'><i class='material-icons'>low_priority</i></td>
				<td class='timestamp'>1:59:26 PM</td>
				<td class='step-details'>
						The BaseUri is :https://mdptest.api.zeiss.com
					
				</td>
			</tr>
			<tr class='log' status='debug'>
				<td class='status debug' title='debug' alt='debug'><i class='material-icons'>low_priority</i></td>
				<td class='timestamp'>1:59:26 PM</td>
				<td class='step-details'>
						/nThe Values to change In JSON:{"ALTERNATEEMAIL":"noemaildude@fuckoff.com","ZEISSIDUSERTYPE":1,"ROLEID":"985b931d-a04f-491c-de88-08d790386491","EMAIL":"zeiss0719+20200129_135926@gmail.com","CLIENTID":"ed8d6270-da8b-4ea0-aaa0-7214f6dd09d5"}
					
				</td>
			</tr>
			<tr class='log' status='debug'>
				<td class='status debug' title='debug' alt='debug'><i class='material-icons'>low_priority</i></td>
				<td class='timestamp'>1:59:26 PM</td>
				<td class='step-details'>
						The Effective end point is :/adminuserservice/api/v2.0/mdpapps/96b144c4-db4d-4cee-e6e9-08d7629609b9/AdminUsers
					
				</td>
			</tr>
			<tr class='log' status='debug'>
				<td class='status debug' title='debug' alt='debug'><i class='material-icons'>low_priority</i></td>
				<td class='timestamp'>1:59:26 PM</td>
				<td class='step-details'>
						Created users with the payload{"firstName":"ZeissUSer","lastName":"Admin","clientId":"ed8d6270-da8b-4ea0-aaa0-7214f6dd09d5","zeissIdUserType":1,"roleId":"985b931d-a04f-491c-de88-08d790386491","contactDetails":[{"country":"string","alternateEmail":"noemaildude@fuckoff.com","period":"string","city":"Bangalore","district":"string","postalCode":"string","addressLine1":"Zeiss","addressLine2":"EC","state":"KA","type":"string","alternateNo":"string","contactNo":"string"}],"email":"zeiss0719+20200129_135926@gmail.com"}
					
				</td>
			</tr>
			<tr class='log' status='debug'>
				<td class='status debug' title='debug' alt='debug'><i class='material-icons'>low_priority</i></td>
				<td class='timestamp'>1:59:26 PM</td>
				<td class='step-details'>
						Response Code:500
					
				</td>
			</tr>
			<tr class='log' status='debug'>
				<td class='status debug' title='debug' alt='debug'><i class='material-icons'>low_priority</i></td>
				<td class='timestamp'>1:59:26 PM</td>
				<td class='step-details'>
						Response:
					
				</td>
			</tr>
			<tr class='log' status='fail'>
				<td class='status fail' title='fail' alt='fail'><i class='material-icons'>cancel</i></td>
				<td class='timestamp'>1:59:26 PM</td>
				<td class='step-details'>
						<textarea disabled class="code-block">java.lang.AssertionError: expected [401] but found [500]
	at org.testng.Assert.fail(Assert.java:96)
	at org.testng.Assert.failNotEquals(Assert.java:776)
	at org.testng.Assert.assertEqualsImpl(Assert.java:137)
	at org.testng.Assert.assertEquals(Assert.java:118)
	at org.testng.Assert.assertEquals(Assert.java:652)
	at org.testng.Assert.assertEquals(Assert.java:662)
	at com.mdp.api.tests.AdminUserService_AdminUserTests.tC201_AdminUser_Test09_CreateSSCAdminWithSSCAdmin(AdminUserService_AdminUserTests.java:203)
	at sun.reflect.NativeMethodAccessorImpl.invoke0(Native Method)
	at sun.reflect.NativeMethodAccessorImpl.invoke(NativeMethodAccessorImpl.java:62)
	at sun.reflect.DelegatingMethodAccessorImpl.invoke(DelegatingMethodAccessorImpl.java:43)
	at java.lang.reflect.Method.invoke(Method.java:498)
	at org.testng.internal.MethodInvocationHelper.invokeMethod(MethodInvocationHelper.java:124)
	at org.testng.internal.Invoker.invokeMethod(Invoker.java:583)
	at org.testng.internal.Invoker.invokeTestMethod(Invoker.java:719)
	at org.testng.internal.Invoker.invokeTestMethods(Invoker.java:989)
	at org.testng.internal.TestMethodWorker.invokeTestMethods(TestMethodWorker.java:125)
	at org.testng.internal.TestMethodWorker.run(TestMethodWorker.java:109)
	at org.testng.TestRunner.privateRun(TestRunner.java:648)
	at org.testng.TestRunner.run(TestRunner.java:505)
	at org.testng.SuiteRunner.runTest(SuiteRunner.java:455)
	at org.testng.SuiteRunner.runSequentially(SuiteRunner.java:450)
	at org.testng.SuiteRunner.privateRun(SuiteRunner.java:415)
	at org.testng.SuiteRunner.run(SuiteRunner.java:364)
	at org.testng.SuiteRunnerWorker.runSuite(SuiteRunnerWorker.java:52)
	at org.testng.SuiteRunnerWorker.run(SuiteRunnerWorker.java:84)
	at org.testng.TestNG.runSuitesSequentially(TestNG.java:1208)
	at org.testng.TestNG.runSuitesLocally(TestNG.java:1137)
	at org.testng.TestNG.runSuites(TestNG.java:1049)
	at org.testng.TestNG.run(TestNG.java:1017)
	at org.testng.remote.AbstractRemoteTestNG.run(AbstractRemoteTestNG.java:114)
	at org.testng.remote.RemoteTestNG.initAndRun(RemoteTestNG.java:251)
	at org.testng.remote.RemoteTestNG.main(RemoteTestNG.java:77)
</textarea>
					
				</td>
			</tr>
		</tbody>
	</table>
</div>
						<ul class='screenshots'>
							<li><img class='r-img' onerror='this.style.display="none"' data-featherlight='/Users/MDPAPITESTING/MDP/Reports/TestRun2020_01_29134529/tC201_AdminUser_Test09_CreateSSCAdminWithSSCAdmin.png' src='/Users/MDPAPITESTING/MDP/Reports/TestRun2020_01_29134529/tC201_AdminUser_Test09_CreateSSCAdminWithSSCAdmin.png' data-src='/Users/MDPAPITESTING/MDP/Reports/TestRun2020_01_29134529/tC201_AdminUser_Test09_CreateSSCAdminWithSSCAdmin.png'></li>
						</ul>
					</div>
				</li>
				<li class='test displayed active  fail' status='fail' bdd='false' test-id='17'>
					<div class='test-heading'>
						<span class='test-name'>tC201_AdminUser_Test10_CreateAccountAdminWithSSCAdmin</span>
						<span class='test-time'>Jan 29, 2020 01:59:32 PM</span>
						<span class='test-status right fail'>fail</span>
					</div>
					<div class='test-content hide'>
<div class='test-time-info'>
	<span class='label start-time'>Jan 29, 2020 01:59:32 PM</span>
	<span class='label end-time'>Jan 29, 2020 01:59:58 PM</span>
	<span class='label time-taken grey lighten-1 white-text'>0h 0m 26s+429ms</span>
</div>
<div class='test-steps'>
	<table class='bordered table-results'>
		<thead>
			<tr>
				<th>Status</th>
				<th>Timestamp</th>
				<th>Details</th>
			</tr>
		</thead>
		<tbody>
			<tr class='log' status='debug'>
				<td class='status debug' title='debug' alt='debug'><i class='material-icons'>low_priority</i></td>
				<td class='timestamp'>1:59:58 PM</td>
				<td class='step-details'>
						UserName Used for Genrating the Access token:zeiss0719+20200129_134747@gmail.com
					
				</td>
			</tr>
			<tr class='log' status='debug'>
				<td class='status debug' title='debug' alt='debug'><i class='material-icons'>low_priority</i></td>
				<td class='timestamp'>1:59:58 PM</td>
				<td class='step-details'>
						Creating the user with defualt generated email:zeiss0719+20200129_135958@gmail.com
					
				</td>
			</tr>
			<tr class='log' status='debug'>
				<td class='status debug' title='debug' alt='debug'><i class='material-icons'>low_priority</i></td>
				<td class='timestamp'>1:59:58 PM</td>
				<td class='step-details'>
						The BaseUri is :https://mdptest.api.zeiss.com
					
				</td>
			</tr>
			<tr class='log' status='debug'>
				<td class='status debug' title='debug' alt='debug'><i class='material-icons'>low_priority</i></td>
				<td class='timestamp'>1:59:58 PM</td>
				<td class='step-details'>
						/nThe Values to change In JSON:{"ALTERNATEEMAIL":"noemaildude@fuckoff.com","ZEISSIDUSERTYPE":1,"ROLEID":"985b931d-a04f-491c-de88-08d790386492","EMAIL":"zeiss0719+20200129_135958@gmail.com","CLIENTID":"ed8d6270-da8b-4ea0-aaa0-7214f6dd09d5"}
					
				</td>
			</tr>
			<tr class='log' status='debug'>
				<td class='status debug' title='debug' alt='debug'><i class='material-icons'>low_priority</i></td>
				<td class='timestamp'>1:59:58 PM</td>
				<td class='step-details'>
						The Effective end point is :/adminuserservice/api/v2.0/mdpapps/96b144c4-db4d-4cee-e6e9-08d7629609b9/AdminUsers
					
				</td>
			</tr>
			<tr class='log' status='debug'>
				<td class='status debug' title='debug' alt='debug'><i class='material-icons'>low_priority</i></td>
				<td class='timestamp'>1:59:58 PM</td>
				<td class='step-details'>
						Created users with the payload{"firstName":"ZeissUSer","lastName":"Admin","clientId":"ed8d6270-da8b-4ea0-aaa0-7214f6dd09d5","zeissIdUserType":1,"roleId":"985b931d-a04f-491c-de88-08d790386492","contactDetails":[{"country":"string","alternateEmail":"noemaildude@fuckoff.com","period":"string","city":"Bangalore","district":"string","postalCode":"string","addressLine1":"Zeiss","addressLine2":"EC","state":"KA","type":"string","alternateNo":"string","contactNo":"string"}],"email":"zeiss0719+20200129_135958@gmail.com"}
					
				</td>
			</tr>
			<tr class='log' status='debug'>
				<td class='status debug' title='debug' alt='debug'><i class='material-icons'>low_priority</i></td>
				<td class='timestamp'>1:59:58 PM</td>
				<td class='step-details'>
						Response Code:500
					
				</td>
			</tr>
			<tr class='log' status='debug'>
				<td class='status debug' title='debug' alt='debug'><i class='material-icons'>low_priority</i></td>
				<td class='timestamp'>1:59:58 PM</td>
				<td class='step-details'>
						Response:
					
				</td>
			</tr>
			<tr class='log' status='fail'>
				<td class='status fail' title='fail' alt='fail'><i class='material-icons'>cancel</i></td>
				<td class='timestamp'>1:59:58 PM</td>
				<td class='step-details'>
						<textarea disabled class="code-block">java.lang.AssertionError: expected [401] but found [500]
	at org.testng.Assert.fail(Assert.java:96)
	at org.testng.Assert.failNotEquals(Assert.java:776)
	at org.testng.Assert.assertEqualsImpl(Assert.java:137)
	at org.testng.Assert.assertEquals(Assert.java:118)
	at org.testng.Assert.assertEquals(Assert.java:652)
	at org.testng.Assert.assertEquals(Assert.java:662)
	at com.mdp.api.tests.AdminUserService_AdminUserTests.tC201_AdminUser_Test10_CreateAccountAdminWithSSCAdmin(AdminUserService_AdminUserTests.java:221)
	at sun.reflect.NativeMethodAccessorImpl.invoke0(Native Method)
	at sun.reflect.NativeMethodAccessorImpl.invoke(NativeMethodAccessorImpl.java:62)
	at sun.reflect.DelegatingMethodAccessorImpl.invoke(DelegatingMethodAccessorImpl.java:43)
	at java.lang.reflect.Method.invoke(Method.java:498)
	at org.testng.internal.MethodInvocationHelper.invokeMethod(MethodInvocationHelper.java:124)
	at org.testng.internal.Invoker.invokeMethod(Invoker.java:583)
	at org.testng.internal.Invoker.invokeTestMethod(Invoker.java:719)
	at org.testng.internal.Invoker.invokeTestMethods(Invoker.java:989)
	at org.testng.internal.TestMethodWorker.invokeTestMethods(TestMethodWorker.java:125)
	at org.testng.internal.TestMethodWorker.run(TestMethodWorker.java:109)
	at org.testng.TestRunner.privateRun(TestRunner.java:648)
	at org.testng.TestRunner.run(TestRunner.java:505)
	at org.testng.SuiteRunner.runTest(SuiteRunner.java:455)
	at org.testng.SuiteRunner.runSequentially(SuiteRunner.java:450)
	at org.testng.SuiteRunner.privateRun(SuiteRunner.java:415)
	at org.testng.SuiteRunner.run(SuiteRunner.java:364)
	at org.testng.SuiteRunnerWorker.runSuite(SuiteRunnerWorker.java:52)
	at org.testng.SuiteRunnerWorker.run(SuiteRunnerWorker.java:84)
	at org.testng.TestNG.runSuitesSequentially(TestNG.java:1208)
	at org.testng.TestNG.runSuitesLocally(TestNG.java:1137)
	at org.testng.TestNG.runSuites(TestNG.java:1049)
	at org.testng.TestNG.run(TestNG.java:1017)
	at org.testng.remote.AbstractRemoteTestNG.run(AbstractRemoteTestNG.java:114)
	at org.testng.remote.RemoteTestNG.initAndRun(RemoteTestNG.java:251)
	at org.testng.remote.RemoteTestNG.main(RemoteTestNG.java:77)
</textarea>
					
				</td>
			</tr>
		</tbody>
	</table>
</div>
						<ul class='screenshots'>
							<li><img class='r-img' onerror='this.style.display="none"' data-featherlight='/Users/MDPAPITESTING/MDP/Reports/TestRun2020_01_29134529/tC201_AdminUser_Test10_CreateAccountAdminWithSSCAdmin.png' src='/Users/MDPAPITESTING/MDP/Reports/TestRun2020_01_29134529/tC201_AdminUser_Test10_CreateAccountAdminWithSSCAdmin.png' data-src='/Users/MDPAPITESTING/MDP/Reports/TestRun2020_01_29134529/tC201_AdminUser_Test10_CreateAccountAdminWithSSCAdmin.png'></li>
						</ul>
					</div>
				</li>
				<li class='test displayed active  fail' status='fail' bdd='false' test-id='18'>
					<div class='test-heading'>
						<span class='test-name'>tC201_AdminUser_Test11_CreateSiteAdminWithSSCAdmin</span>
						<span class='test-time'>Jan 29, 2020 02:00:03 PM</span>
						<span class='test-status right fail'>fail</span>
					</div>
					<div class='test-content hide'>
<div class='test-time-info'>
	<span class='label start-time'>Jan 29, 2020 02:00:03 PM</span>
	<span class='label end-time'>Jan 29, 2020 02:00:30 PM</span>
	<span class='label time-taken grey lighten-1 white-text'>0h 0m 26s+747ms</span>
</div>
<div class='test-steps'>
	<table class='bordered table-results'>
		<thead>
			<tr>
				<th>Status</th>
				<th>Timestamp</th>
				<th>Details</th>
			</tr>
		</thead>
		<tbody>
			<tr class='log' status='debug'>
				<td class='status debug' title='debug' alt='debug'><i class='material-icons'>low_priority</i></td>
				<td class='timestamp'>2:00:29 PM</td>
				<td class='step-details'>
						UserName Used for Genrating the Access token:zeiss0719+20200129_134747@gmail.com
					
				</td>
			</tr>
			<tr class='log' status='debug'>
				<td class='status debug' title='debug' alt='debug'><i class='material-icons'>low_priority</i></td>
				<td class='timestamp'>2:00:29 PM</td>
				<td class='step-details'>
						Creating the user with defualt generated email:zeiss0719+20200129_140029@gmail.com
					
				</td>
			</tr>
			<tr class='log' status='debug'>
				<td class='status debug' title='debug' alt='debug'><i class='material-icons'>low_priority</i></td>
				<td class='timestamp'>2:00:29 PM</td>
				<td class='step-details'>
						The BaseUri is :https://mdptest.api.zeiss.com
					
				</td>
			</tr>
			<tr class='log' status='debug'>
				<td class='status debug' title='debug' alt='debug'><i class='material-icons'>low_priority</i></td>
				<td class='timestamp'>2:00:29 PM</td>
				<td class='step-details'>
						/nThe Values to change In JSON:{"ALTERNATEEMAIL":"noemaildude@fuckoff.com","ZEISSIDUSERTYPE":1,"ROLEID":"985b931d-a04f-491c-de88-08d790386493","EMAIL":"zeiss0719+20200129_140029@gmail.com","CLIENTID":"ed8d6270-da8b-4ea0-aaa0-7214f6dd09d5"}
					
				</td>
			</tr>
			<tr class='log' status='debug'>
				<td class='status debug' title='debug' alt='debug'><i class='material-icons'>low_priority</i></td>
				<td class='timestamp'>2:00:29 PM</td>
				<td class='step-details'>
						The Effective end point is :/adminuserservice/api/v2.0/mdpapps/96b144c4-db4d-4cee-e6e9-08d7629609b9/AdminUsers
					
				</td>
			</tr>
			<tr class='log' status='debug'>
				<td class='status debug' title='debug' alt='debug'><i class='material-icons'>low_priority</i></td>
				<td class='timestamp'>2:00:29 PM</td>
				<td class='step-details'>
						Created users with the payload{"firstName":"ZeissUSer","lastName":"Admin","clientId":"ed8d6270-da8b-4ea0-aaa0-7214f6dd09d5","zeissIdUserType":1,"roleId":"985b931d-a04f-491c-de88-08d790386493","contactDetails":[{"country":"string","alternateEmail":"noemaildude@fuckoff.com","period":"string","city":"Bangalore","district":"string","postalCode":"string","addressLine1":"Zeiss","addressLine2":"EC","state":"KA","type":"string","alternateNo":"string","contactNo":"string"}],"email":"zeiss0719+20200129_140029@gmail.com"}
					
				</td>
			</tr>
			<tr class='log' status='debug'>
				<td class='status debug' title='debug' alt='debug'><i class='material-icons'>low_priority</i></td>
				<td class='timestamp'>2:00:29 PM</td>
				<td class='step-details'>
						Response Code:500
					
				</td>
			</tr>
			<tr class='log' status='debug'>
				<td class='status debug' title='debug' alt='debug'><i class='material-icons'>low_priority</i></td>
				<td class='timestamp'>2:00:29 PM</td>
				<td class='step-details'>
						Response:
					
				</td>
			</tr>
			<tr class='log' status='fail'>
				<td class='status fail' title='fail' alt='fail'><i class='material-icons'>cancel</i></td>
				<td class='timestamp'>2:00:29 PM</td>
				<td class='step-details'>
						<textarea disabled class="code-block">java.lang.AssertionError: expected [401] but found [500]
	at org.testng.Assert.fail(Assert.java:96)
	at org.testng.Assert.failNotEquals(Assert.java:776)
	at org.testng.Assert.assertEqualsImpl(Assert.java:137)
	at org.testng.Assert.assertEquals(Assert.java:118)
	at org.testng.Assert.assertEquals(Assert.java:652)
	at org.testng.Assert.assertEquals(Assert.java:662)
	at com.mdp.api.tests.AdminUserService_AdminUserTests.tC201_AdminUser_Test11_CreateSiteAdminWithSSCAdmin(AdminUserService_AdminUserTests.java:239)
	at sun.reflect.NativeMethodAccessorImpl.invoke0(Native Method)
	at sun.reflect.NativeMethodAccessorImpl.invoke(NativeMethodAccessorImpl.java:62)
	at sun.reflect.DelegatingMethodAccessorImpl.invoke(DelegatingMethodAccessorImpl.java:43)
	at java.lang.reflect.Method.invoke(Method.java:498)
	at org.testng.internal.MethodInvocationHelper.invokeMethod(MethodInvocationHelper.java:124)
	at org.testng.internal.Invoker.invokeMethod(Invoker.java:583)
	at org.testng.internal.Invoker.invokeTestMethod(Invoker.java:719)
	at org.testng.internal.Invoker.invokeTestMethods(Invoker.java:989)
	at org.testng.internal.TestMethodWorker.invokeTestMethods(TestMethodWorker.java:125)
	at org.testng.internal.TestMethodWorker.run(TestMethodWorker.java:109)
	at org.testng.TestRunner.privateRun(TestRunner.java:648)
	at org.testng.TestRunner.run(TestRunner.java:505)
	at org.testng.SuiteRunner.runTest(SuiteRunner.java:455)
	at org.testng.SuiteRunner.runSequentially(SuiteRunner.java:450)
	at org.testng.SuiteRunner.privateRun(SuiteRunner.java:415)
	at org.testng.SuiteRunner.run(SuiteRunner.java:364)
	at org.testng.SuiteRunnerWorker.runSuite(SuiteRunnerWorker.java:52)
	at org.testng.SuiteRunnerWorker.run(SuiteRunnerWorker.java:84)
	at org.testng.TestNG.runSuitesSequentially(TestNG.java:1208)
	at org.testng.TestNG.runSuitesLocally(TestNG.java:1137)
	at org.testng.TestNG.runSuites(TestNG.java:1049)
	at org.testng.TestNG.run(TestNG.java:1017)
	at org.testng.remote.AbstractRemoteTestNG.run(AbstractRemoteTestNG.java:114)
	at org.testng.remote.RemoteTestNG.initAndRun(RemoteTestNG.java:251)
	at org.testng.remote.RemoteTestNG.main(RemoteTestNG.java:77)
</textarea>
					
				</td>
			</tr>
			<tr class='log' status='skip'>
				<td class='status skip' title='skip' alt='skip'><i class='material-icons'>redo</i></td>
				<td class='timestamp'>2:00:30 PM</td>
				<td class='step-details'>
						<textarea disabled class="code-block">java.lang.Throwable: Method AdminUserService_AdminUserTests.tC201_AdminUser_Test12_CreateAppAdminWithExistingMDPAdminMail(org.json.simple.JSONObject)[pri:0, instance:com.mdp.api.tests.AdminUserService_AdminUserTests@333291e3] depends on not successfully finished methods
	at org.testng.internal.Invoker.invokeTestMethods(Invoker.java:888)
	at org.testng.internal.TestMethodWorker.invokeTestMethods(TestMethodWorker.java:125)
	at org.testng.internal.TestMethodWorker.run(TestMethodWorker.java:109)
	at org.testng.TestRunner.privateRun(TestRunner.java:648)
	at org.testng.TestRunner.run(TestRunner.java:505)
	at org.testng.SuiteRunner.runTest(SuiteRunner.java:455)
	at org.testng.SuiteRunner.runSequentially(SuiteRunner.java:450)
	at org.testng.SuiteRunner.privateRun(SuiteRunner.java:415)
	at org.testng.SuiteRunner.run(SuiteRunner.java:364)
	at org.testng.SuiteRunnerWorker.runSuite(SuiteRunnerWorker.java:52)
	at org.testng.SuiteRunnerWorker.run(SuiteRunnerWorker.java:84)
	at org.testng.TestNG.runSuitesSequentially(TestNG.java:1208)
	at org.testng.TestNG.runSuitesLocally(TestNG.java:1137)
	at org.testng.TestNG.runSuites(TestNG.java:1049)
	at org.testng.TestNG.run(TestNG.java:1017)
	at org.testng.remote.AbstractRemoteTestNG.run(AbstractRemoteTestNG.java:114)
	at org.testng.remote.RemoteTestNG.initAndRun(RemoteTestNG.java:251)
	at org.testng.remote.RemoteTestNG.main(RemoteTestNG.java:77)
</textarea>
					
				</td>
			</tr>
		</tbody>
	</table>
</div>
						<ul class='screenshots'>
							<li><img class='r-img' onerror='this.style.display="none"' data-featherlight='/Users/MDPAPITESTING/MDP/Reports/TestRun2020_01_29134529/tC201_AdminUser_Test11_CreateSiteAdminWithSSCAdmin.png' src='/Users/MDPAPITESTING/MDP/Reports/TestRun2020_01_29134529/tC201_AdminUser_Test11_CreateSiteAdminWithSSCAdmin.png' data-src='/Users/MDPAPITESTING/MDP/Reports/TestRun2020_01_29134529/tC201_AdminUser_Test11_CreateSiteAdminWithSSCAdmin.png'></li>
						</ul>
					</div>
				</li>
				<li class='test displayed active  fail' status='fail' bdd='false' test-id='19'>
					<div class='test-heading'>
						<span class='test-name'>tC201_AdminUser_Test13_CreateAppAdminWithExistingSSCAdminMail</span>
						<span class='test-time'>Jan 29, 2020 02:00:34 PM</span>
						<span class='test-status right fail'>fail</span>
					</div>
					<div class='test-content hide'>
<div class='test-time-info'>
	<span class='label start-time'>Jan 29, 2020 02:00:34 PM</span>
	<span class='label end-time'>Jan 29, 2020 02:01:11 PM</span>
	<span class='label time-taken grey lighten-1 white-text'>0h 0m 37s+19ms</span>
</div>
<div class='test-steps'>
	<table class='bordered table-results'>
		<thead>
			<tr>
				<th>Status</th>
				<th>Timestamp</th>
				<th>Details</th>
			</tr>
		</thead>
		<tbody>
			<tr class='log' status='debug'>
				<td class='status debug' title='debug' alt='debug'><i class='material-icons'>low_priority</i></td>
				<td class='timestamp'>2:01:00 PM</td>
				<td class='step-details'>
						UserName Used for Genrating the Access token:MDPAdmin@id.zeiss.com
					
				</td>
			</tr>
			<tr class='log' status='debug'>
				<td class='status debug' title='debug' alt='debug'><i class='material-icons'>low_priority</i></td>
				<td class='timestamp'>2:01:00 PM</td>
				<td class='step-details'>
						The BaseUri is :https://mdptest.api.zeiss.com
					
				</td>
			</tr>
			<tr class='log' status='debug'>
				<td class='status debug' title='debug' alt='debug'><i class='material-icons'>low_priority</i></td>
				<td class='timestamp'>2:01:00 PM</td>
				<td class='step-details'>
						/nThe Values to change In JSON:{"ALTERNATEEMAIL":"noemaildude@fuckoff.com","ZEISSIDUSERTYPE":1,"ROLEID":"985b931d-a04f-491c-de88-08d790386490","EMAIL":"zeiss0719+20200129_134747@gmail.com","CLIENTID":"ed8d6270-da8b-4ea0-aaa0-7214f6dd09d5"}
					
				</td>
			</tr>
			<tr class='log' status='debug'>
				<td class='status debug' title='debug' alt='debug'><i class='material-icons'>low_priority</i></td>
				<td class='timestamp'>2:01:00 PM</td>
				<td class='step-details'>
						The Effective end point is :/adminuserservice/api/v2.0/mdpapps/96b144c4-db4d-4cee-e6e9-08d7629609b9/AdminUsers
					
				</td>
			</tr>
			<tr class='log' status='debug'>
				<td class='status debug' title='debug' alt='debug'><i class='material-icons'>low_priority</i></td>
				<td class='timestamp'>2:01:00 PM</td>
				<td class='step-details'>
						Created users with the payload{"firstName":"ZeissUSer","lastName":"Admin","clientId":"ed8d6270-da8b-4ea0-aaa0-7214f6dd09d5","zeissIdUserType":1,"roleId":"985b931d-a04f-491c-de88-08d790386490","contactDetails":[{"country":"string","alternateEmail":"noemaildude@fuckoff.com","period":"string","city":"Bangalore","district":"string","postalCode":"string","addressLine1":"Zeiss","addressLine2":"EC","state":"KA","type":"string","alternateNo":"string","contactNo":"string"}],"email":"zeiss0719+20200129_134747@gmail.com"}
					
				</td>
			</tr>
			<tr class='log' status='debug'>
				<td class='status debug' title='debug' alt='debug'><i class='material-icons'>low_priority</i></td>
				<td class='timestamp'>2:01:11 PM</td>
				<td class='step-details'>
						Response Code:401
					
				</td>
			</tr>
			<tr class='log' status='debug'>
				<td class='status debug' title='debug' alt='debug'><i class='material-icons'>low_priority</i></td>
				<td class='timestamp'>2:01:11 PM</td>
				<td class='step-details'>
						Response:{"Error":{"Code":"UnAuthorizedUser","Message":"Logged-In User is not authorized to create this user","Target":null,"Details":null,"InnerError":null}}
					
				</td>
			</tr>
			<tr class='log' status='fail'>
				<td class='status fail' title='fail' alt='fail'><i class='material-icons'>cancel</i></td>
				<td class='timestamp'>2:01:11 PM</td>
				<td class='step-details'>
						<textarea disabled class="code-block">java.lang.AssertionError: expected [400] but found [401]
	at org.testng.Assert.fail(Assert.java:96)
	at org.testng.Assert.failNotEquals(Assert.java:776)
	at org.testng.Assert.assertEqualsImpl(Assert.java:137)
	at org.testng.Assert.assertEquals(Assert.java:118)
	at org.testng.Assert.assertEquals(Assert.java:652)
	at org.testng.Assert.assertEquals(Assert.java:662)
	at com.mdp.api.tests.AdminUserService_AdminUserTests.tC201_AdminUser_Test13_CreateAppAdminWithExistingSSCAdminMail(AdminUserService_AdminUserTests.java:279)
	at sun.reflect.NativeMethodAccessorImpl.invoke0(Native Method)
	at sun.reflect.NativeMethodAccessorImpl.invoke(NativeMethodAccessorImpl.java:62)
	at sun.reflect.DelegatingMethodAccessorImpl.invoke(DelegatingMethodAccessorImpl.java:43)
	at java.lang.reflect.Method.invoke(Method.java:498)
	at org.testng.internal.MethodInvocationHelper.invokeMethod(MethodInvocationHelper.java:124)
	at org.testng.internal.Invoker.invokeMethod(Invoker.java:583)
	at org.testng.internal.Invoker.invokeTestMethod(Invoker.java:719)
	at org.testng.internal.Invoker.invokeTestMethods(Invoker.java:989)
	at org.testng.internal.TestMethodWorker.invokeTestMethods(TestMethodWorker.java:125)
	at org.testng.internal.TestMethodWorker.run(TestMethodWorker.java:109)
	at org.testng.TestRunner.privateRun(TestRunner.java:648)
	at org.testng.TestRunner.run(TestRunner.java:505)
	at org.testng.SuiteRunner.runTest(SuiteRunner.java:455)
	at org.testng.SuiteRunner.runSequentially(SuiteRunner.java:450)
	at org.testng.SuiteRunner.privateRun(SuiteRunner.java:415)
	at org.testng.SuiteRunner.run(SuiteRunner.java:364)
	at org.testng.SuiteRunnerWorker.runSuite(SuiteRunnerWorker.java:52)
	at org.testng.SuiteRunnerWorker.run(SuiteRunnerWorker.java:84)
	at org.testng.TestNG.runSuitesSequentially(TestNG.java:1208)
	at org.testng.TestNG.runSuitesLocally(TestNG.java:1137)
	at org.testng.TestNG.runSuites(TestNG.java:1049)
	at org.testng.TestNG.run(TestNG.java:1017)
	at org.testng.remote.AbstractRemoteTestNG.run(AbstractRemoteTestNG.java:114)
	at org.testng.remote.RemoteTestNG.initAndRun(RemoteTestNG.java:251)
	at org.testng.remote.RemoteTestNG.main(RemoteTestNG.java:77)
</textarea>
					
				</td>
			</tr>
			<tr class='log' status='skip'>
				<td class='status skip' title='skip' alt='skip'><i class='material-icons'>redo</i></td>
				<td class='timestamp'>2:01:11 PM</td>
				<td class='step-details'>
						<textarea disabled class="code-block">java.lang.Throwable: Method AdminUserService_AdminUserTests.tC201_AdminUser_Test14_CreateSSCAdminWithExistingMDPAdminMail(org.json.simple.JSONObject)[pri:0, instance:com.mdp.api.tests.AdminUserService_AdminUserTests@333291e3] depends on not successfully finished methods
	at org.testng.internal.Invoker.invokeTestMethods(Invoker.java:888)
	at org.testng.internal.TestMethodWorker.invokeTestMethods(TestMethodWorker.java:125)
	at org.testng.internal.TestMethodWorker.run(TestMethodWorker.java:109)
	at org.testng.TestRunner.privateRun(TestRunner.java:648)
	at org.testng.TestRunner.run(TestRunner.java:505)
	at org.testng.SuiteRunner.runTest(SuiteRunner.java:455)
	at org.testng.SuiteRunner.runSequentially(SuiteRunner.java:450)
	at org.testng.SuiteRunner.privateRun(SuiteRunner.java:415)
	at org.testng.SuiteRunner.run(SuiteRunner.java:364)
	at org.testng.SuiteRunnerWorker.runSuite(SuiteRunnerWorker.java:52)
	at org.testng.SuiteRunnerWorker.run(SuiteRunnerWorker.java:84)
	at org.testng.TestNG.runSuitesSequentially(TestNG.java:1208)
	at org.testng.TestNG.runSuitesLocally(TestNG.java:1137)
	at org.testng.TestNG.runSuites(TestNG.java:1049)
	at org.testng.TestNG.run(TestNG.java:1017)
	at org.testng.remote.AbstractRemoteTestNG.run(AbstractRemoteTestNG.java:114)
	at org.testng.remote.RemoteTestNG.initAndRun(RemoteTestNG.java:251)
	at org.testng.remote.RemoteTestNG.main(RemoteTestNG.java:77)
</textarea>
					
				</td>
			</tr>
		</tbody>
	</table>
</div>
						<ul class='screenshots'>
							<li><img class='r-img' onerror='this.style.display="none"' data-featherlight='/Users/MDPAPITESTING/MDP/Reports/TestRun2020_01_29134529/tC201_AdminUser_Test13_CreateAppAdminWithExistingSSCAdminMail.png' src='/Users/MDPAPITESTING/MDP/Reports/TestRun2020_01_29134529/tC201_AdminUser_Test13_CreateAppAdminWithExistingSSCAdminMail.png' data-src='/Users/MDPAPITESTING/MDP/Reports/TestRun2020_01_29134529/tC201_AdminUser_Test13_CreateAppAdminWithExistingSSCAdminMail.png'></li>
						</ul>
					</div>
				</li>
				<li class='test displayed active  fail' status='fail' bdd='false' test-id='20'>
					<div class='test-heading'>
						<span class='test-name'>tC201_AdminUser_Test15_CreateSSCAdminWithExistingSSCAdminMail</span>
						<span class='test-time'>Jan 29, 2020 02:01:16 PM</span>
						<span class='test-status right fail'>fail</span>
					</div>
					<div class='test-content hide'>
<div class='test-time-info'>
	<span class='label start-time'>Jan 29, 2020 02:01:16 PM</span>
	<span class='label end-time'>Jan 29, 2020 02:01:49 PM</span>
	<span class='label time-taken grey lighten-1 white-text'>0h 0m 33s+271ms</span>
</div>
<div class='test-steps'>
	<table class='bordered table-results'>
		<thead>
			<tr>
				<th>Status</th>
				<th>Timestamp</th>
				<th>Details</th>
			</tr>
		</thead>
		<tbody>
			<tr class='log' status='debug'>
				<td class='status debug' title='debug' alt='debug'><i class='material-icons'>low_priority</i></td>
				<td class='timestamp'>2:01:41 PM</td>
				<td class='step-details'>
						UserName Used for Genrating the Access token:MDPAdmin@id.zeiss.com
					
				</td>
			</tr>
			<tr class='log' status='debug'>
				<td class='status debug' title='debug' alt='debug'><i class='material-icons'>low_priority</i></td>
				<td class='timestamp'>2:01:41 PM</td>
				<td class='step-details'>
						The BaseUri is :https://mdptest.api.zeiss.com
					
				</td>
			</tr>
			<tr class='log' status='debug'>
				<td class='status debug' title='debug' alt='debug'><i class='material-icons'>low_priority</i></td>
				<td class='timestamp'>2:01:41 PM</td>
				<td class='step-details'>
						/nThe Values to change In JSON:{"ALTERNATEEMAIL":"noemaildude@fuckoff.com","ZEISSIDUSERTYPE":1,"ROLEID":"985b931d-a04f-491c-de88-08d790386491","EMAIL":"MDPAdmin@id.zeiss.com","CLIENTID":"ed8d6270-da8b-4ea0-aaa0-7214f6dd09d5"}
					
				</td>
			</tr>
			<tr class='log' status='debug'>
				<td class='status debug' title='debug' alt='debug'><i class='material-icons'>low_priority</i></td>
				<td class='timestamp'>2:01:41 PM</td>
				<td class='step-details'>
						The Effective end point is :/adminuserservice/api/v2.0/mdpapps/96b144c4-db4d-4cee-e6e9-08d7629609b9/AdminUsers
					
				</td>
			</tr>
			<tr class='log' status='debug'>
				<td class='status debug' title='debug' alt='debug'><i class='material-icons'>low_priority</i></td>
				<td class='timestamp'>2:01:41 PM</td>
				<td class='step-details'>
						Created users with the payload{"firstName":"ZeissUSer","lastName":"Admin","clientId":"ed8d6270-da8b-4ea0-aaa0-7214f6dd09d5","zeissIdUserType":1,"roleId":"985b931d-a04f-491c-de88-08d790386491","contactDetails":[{"country":"string","alternateEmail":"noemaildude@fuckoff.com","period":"string","city":"Bangalore","district":"string","postalCode":"string","addressLine1":"Zeiss","addressLine2":"EC","state":"KA","type":"string","alternateNo":"string","contactNo":"string"}],"email":"MDPAdmin@id.zeiss.com"}
					
				</td>
			</tr>
			<tr class='log' status='debug'>
				<td class='status debug' title='debug' alt='debug'><i class='material-icons'>low_priority</i></td>
				<td class='timestamp'>2:01:49 PM</td>
				<td class='step-details'>
						Response Code:201
					
				</td>
			</tr>
			<tr class='log' status='debug'>
				<td class='status debug' title='debug' alt='debug'><i class='material-icons'>low_priority</i></td>
				<td class='timestamp'>2:01:49 PM</td>
				<td class='step-details'>
						Response:{"id":"06ef970f-4afd-490b-a0fe-42361b7a55a4","clientId":"ed8d6270-da8b-4ea0-aaa0-7214f6dd09d5","roleId":"985b931d-a04f-491c-de88-08d790386491","email":"MDPAdmin@id.zeiss.com","firstName":"ZeissUSer","lastName":"Admin","contactDetails":[{"addressLine1":"Zeiss","addressLine2":"EC","city":"Bangalore","district":"string","state":"KA","country":"string","postalCode":"string","period":"string","alternateEmail":"noemaildude@fuckoff.com","contactNo":"string","alternateNo":"string","type":"string"}],"zeissIdUserType":1}
					
				</td>
			</tr>
			<tr class='log' status='fail'>
				<td class='status fail' title='fail' alt='fail'><i class='material-icons'>cancel</i></td>
				<td class='timestamp'>2:01:49 PM</td>
				<td class='step-details'>
						<textarea disabled class="code-block">java.lang.AssertionError: expected [400] but found [201]
	at org.testng.Assert.fail(Assert.java:96)
	at org.testng.Assert.failNotEquals(Assert.java:776)
	at org.testng.Assert.assertEqualsImpl(Assert.java:137)
	at org.testng.Assert.assertEquals(Assert.java:118)
	at org.testng.Assert.assertEquals(Assert.java:652)
	at org.testng.Assert.assertEquals(Assert.java:662)
	at com.mdp.api.tests.AdminUserService_AdminUserTests.tC201_AdminUser_Test15_CreateSSCAdminWithExistingSSCAdminMail(AdminUserService_AdminUserTests.java:323)
	at sun.reflect.NativeMethodAccessorImpl.invoke0(Native Method)
	at sun.reflect.NativeMethodAccessorImpl.invoke(NativeMethodAccessorImpl.java:62)
	at sun.reflect.DelegatingMethodAccessorImpl.invoke(DelegatingMethodAccessorImpl.java:43)
	at java.lang.reflect.Method.invoke(Method.java:498)
	at org.testng.internal.MethodInvocationHelper.invokeMethod(MethodInvocationHelper.java:124)
	at org.testng.internal.Invoker.invokeMethod(Invoker.java:583)
	at org.testng.internal.Invoker.invokeTestMethod(Invoker.java:719)
	at org.testng.internal.Invoker.invokeTestMethods(Invoker.java:989)
	at org.testng.internal.TestMethodWorker.invokeTestMethods(TestMethodWorker.java:125)
	at org.testng.internal.TestMethodWorker.run(TestMethodWorker.java:109)
	at org.testng.TestRunner.privateRun(TestRunner.java:648)
	at org.testng.TestRunner.run(TestRunner.java:505)
	at org.testng.SuiteRunner.runTest(SuiteRunner.java:455)
	at org.testng.SuiteRunner.runSequentially(SuiteRunner.java:450)
	at org.testng.SuiteRunner.privateRun(SuiteRunner.java:415)
	at org.testng.SuiteRunner.run(SuiteRunner.java:364)
	at org.testng.SuiteRunnerWorker.runSuite(SuiteRunnerWorker.java:52)
	at org.testng.SuiteRunnerWorker.run(SuiteRunnerWorker.java:84)
	at org.testng.TestNG.runSuitesSequentially(TestNG.java:1208)
	at org.testng.TestNG.runSuitesLocally(TestNG.java:1137)
	at org.testng.TestNG.runSuites(TestNG.java:1049)
	at org.testng.TestNG.run(TestNG.java:1017)
	at org.testng.remote.AbstractRemoteTestNG.run(AbstractRemoteTestNG.java:114)
	at org.testng.remote.RemoteTestNG.initAndRun(RemoteTestNG.java:251)
	at org.testng.remote.RemoteTestNG.main(RemoteTestNG.java:77)
</textarea>
					
				</td>
			</tr>
		</tbody>
	</table>
</div>
						<ul class='screenshots'>
							<li><img class='r-img' onerror='this.style.display="none"' data-featherlight='/Users/MDPAPITESTING/MDP/Reports/TestRun2020_01_29134529/tC201_AdminUser_Test15_CreateSSCAdminWithExistingSSCAdminMail.png' src='/Users/MDPAPITESTING/MDP/Reports/TestRun2020_01_29134529/tC201_AdminUser_Test15_CreateSSCAdminWithExistingSSCAdminMail.png' data-src='/Users/MDPAPITESTING/MDP/Reports/TestRun2020_01_29134529/tC201_AdminUser_Test15_CreateSSCAdminWithExistingSSCAdminMail.png'></li>
						</ul>
					</div>
				</li>
				<li class='test displayed active  pass' status='pass' bdd='false' test-id='21'>
					<div class='test-heading'>
						<span class='test-name'>tC201_AdminUser_Test16_CreateMDPAdminWithEmailAsUniqueAndNoAlternateEmailForUserType2</span>
						<span class='test-time'>Jan 29, 2020 02:01:54 PM</span>
						<span class='test-status right pass'>pass</span>
					</div>
					<div class='test-content hide'>
<div class='test-time-info'>
	<span class='label start-time'>Jan 29, 2020 02:01:54 PM</span>
	<span class='label end-time'>Jan 29, 2020 02:02:20 PM</span>
	<span class='label time-taken grey lighten-1 white-text'>0h 0m 25s+769ms</span>
</div>
<div class='test-steps'>
	<table class='bordered table-results'>
		<thead>
			<tr>
				<th>Status</th>
				<th>Timestamp</th>
				<th>Details</th>
			</tr>
		</thead>
		<tbody>
			<tr class='log' status='debug'>
				<td class='status debug' title='debug' alt='debug'><i class='material-icons'>low_priority</i></td>
				<td class='timestamp'>2:02:19 PM</td>
				<td class='step-details'>
						UserName Used for Genrating the Access token:MDPAdmin@id.zeiss.com
					
				</td>
			</tr>
			<tr class='log' status='debug'>
				<td class='status debug' title='debug' alt='debug'><i class='material-icons'>low_priority</i></td>
				<td class='timestamp'>2:02:19 PM</td>
				<td class='step-details'>
						Creating the user with defualt generated email:zeiss0719+20200129_140219@gmail.com
					
				</td>
			</tr>
			<tr class='log' status='debug'>
				<td class='status debug' title='debug' alt='debug'><i class='material-icons'>low_priority</i></td>
				<td class='timestamp'>2:02:19 PM</td>
				<td class='step-details'>
						The BaseUri is :https://mdptest.api.zeiss.com
					
				</td>
			</tr>
			<tr class='log' status='debug'>
				<td class='status debug' title='debug' alt='debug'><i class='material-icons'>low_priority</i></td>
				<td class='timestamp'>2:02:19 PM</td>
				<td class='step-details'>
						/nThe Values to change In JSON:{"ALTERNATEEMAIL":"","ZEISSIDUSERTYPE":2,"ROLEID":"985b931d-a04f-491c-de88-08d790386490","EMAIL":"zeiss0719+20200129_140219@gmail.com","CLIENTID":"ed8d6270-da8b-4ea0-aaa0-7214f6dd09d5"}
					
				</td>
			</tr>
			<tr class='log' status='debug'>
				<td class='status debug' title='debug' alt='debug'><i class='material-icons'>low_priority</i></td>
				<td class='timestamp'>2:02:19 PM</td>
				<td class='step-details'>
						The Effective end point is :/adminuserservice/api/v2.0/mdpapps/96b144c4-db4d-4cee-e6e9-08d7629609b9/AdminUsers
					
				</td>
			</tr>
			<tr class='log' status='debug'>
				<td class='status debug' title='debug' alt='debug'><i class='material-icons'>low_priority</i></td>
				<td class='timestamp'>2:02:19 PM</td>
				<td class='step-details'>
						Created users with the payload{"firstName":"ZeissUSer","lastName":"Admin","clientId":"ed8d6270-da8b-4ea0-aaa0-7214f6dd09d5","zeissIdUserType":2,"roleId":"985b931d-a04f-491c-de88-08d790386490","contactDetails":[{"country":"string","alternateEmail":"","period":"string","city":"Bangalore","district":"string","postalCode":"string","addressLine1":"Zeiss","addressLine2":"EC","state":"KA","type":"string","alternateNo":"string","contactNo":"string"}],"email":"zeiss0719+20200129_140219@gmail.com"}
					
				</td>
			</tr>
			<tr class='log' status='debug'>
				<td class='status debug' title='debug' alt='debug'><i class='material-icons'>low_priority</i></td>
				<td class='timestamp'>2:02:20 PM</td>
				<td class='step-details'>
						Response Code:400
					
				</td>
			</tr>
			<tr class='log' status='debug'>
				<td class='status debug' title='debug' alt='debug'><i class='material-icons'>low_priority</i></td>
				<td class='timestamp'>2:02:20 PM</td>
				<td class='step-details'>
						Response:{"Error":{"Code":"InvalidOrMissingParameter","Message":"One or more required parameters are invalid or missing.","Target":null,"Details":[{"Code":"InvalidOrMissingParameter","Message":"The AlternateEmail field is not a valid e-mail address.","Target":"ContactDetails[0].AlternateEmail","Details":null,"InnerError":null}],"InnerError":null}}
					
				</td>
			</tr>
			<tr class='log' status='pass'>
				<td class='status pass' title='pass' alt='pass'><i class='material-icons'>check_circle</i></td>
				<td class='timestamp'>2:02:20 PM</td>
				<td class='step-details'>
						Test passed
					
				</td>
			</tr>
		</tbody>
	</table>
</div>
					</div>
				</li>
				<li class='test displayed active  pass' status='pass' bdd='false' test-id='22'>
					<div class='test-heading'>
						<span class='test-name'>tC201_AdminUser_Test17_CreateSSCAdminWithEmailAsUniqueAndNoAlternateEmailForUserType2</span>
						<span class='test-time'>Jan 29, 2020 02:02:24 PM</span>
						<span class='test-status right pass'>pass</span>
					</div>
					<div class='test-content hide'>
<div class='test-time-info'>
	<span class='label start-time'>Jan 29, 2020 02:02:24 PM</span>
	<span class='label end-time'>Jan 29, 2020 02:02:49 PM</span>
	<span class='label time-taken grey lighten-1 white-text'>0h 0m 24s+924ms</span>
</div>
<div class='test-steps'>
	<table class='bordered table-results'>
		<thead>
			<tr>
				<th>Status</th>
				<th>Timestamp</th>
				<th>Details</th>
			</tr>
		</thead>
		<tbody>
			<tr class='log' status='debug'>
				<td class='status debug' title='debug' alt='debug'><i class='material-icons'>low_priority</i></td>
				<td class='timestamp'>2:02:49 PM</td>
				<td class='step-details'>
						UserName Used for Genrating the Access token:MDPAdmin@id.zeiss.com
					
				</td>
			</tr>
			<tr class='log' status='debug'>
				<td class='status debug' title='debug' alt='debug'><i class='material-icons'>low_priority</i></td>
				<td class='timestamp'>2:02:49 PM</td>
				<td class='step-details'>
						Creating the user with defualt generated email:zeiss0719+20200129_140249@gmail.com
					
				</td>
			</tr>
			<tr class='log' status='debug'>
				<td class='status debug' title='debug' alt='debug'><i class='material-icons'>low_priority</i></td>
				<td class='timestamp'>2:02:49 PM</td>
				<td class='step-details'>
						The BaseUri is :https://mdptest.api.zeiss.com
					
				</td>
			</tr>
			<tr class='log' status='debug'>
				<td class='status debug' title='debug' alt='debug'><i class='material-icons'>low_priority</i></td>
				<td class='timestamp'>2:02:49 PM</td>
				<td class='step-details'>
						/nThe Values to change In JSON:{"ALTERNATEEMAIL":"","ZEISSIDUSERTYPE":2,"ROLEID":"985b931d-a04f-491c-de88-08d790386491","EMAIL":"zeiss0719+20200129_140249@gmail.com","CLIENTID":"ed8d6270-da8b-4ea0-aaa0-7214f6dd09d5"}
					
				</td>
			</tr>
			<tr class='log' status='debug'>
				<td class='status debug' title='debug' alt='debug'><i class='material-icons'>low_priority</i></td>
				<td class='timestamp'>2:02:49 PM</td>
				<td class='step-details'>
						The Effective end point is :/adminuserservice/api/v2.0/mdpapps/96b144c4-db4d-4cee-e6e9-08d7629609b9/AdminUsers
					
				</td>
			</tr>
			<tr class='log' status='debug'>
				<td class='status debug' title='debug' alt='debug'><i class='material-icons'>low_priority</i></td>
				<td class='timestamp'>2:02:49 PM</td>
				<td class='step-details'>
						Created users with the payload{"firstName":"ZeissUSer","lastName":"Admin","clientId":"ed8d6270-da8b-4ea0-aaa0-7214f6dd09d5","zeissIdUserType":2,"roleId":"985b931d-a04f-491c-de88-08d790386491","contactDetails":[{"country":"string","alternateEmail":"","period":"string","city":"Bangalore","district":"string","postalCode":"string","addressLine1":"Zeiss","addressLine2":"EC","state":"KA","type":"string","alternateNo":"string","contactNo":"string"}],"email":"zeiss0719+20200129_140249@gmail.com"}
					
				</td>
			</tr>
			<tr class='log' status='debug'>
				<td class='status debug' title='debug' alt='debug'><i class='material-icons'>low_priority</i></td>
				<td class='timestamp'>2:02:49 PM</td>
				<td class='step-details'>
						Response Code:400
					
				</td>
			</tr>
			<tr class='log' status='debug'>
				<td class='status debug' title='debug' alt='debug'><i class='material-icons'>low_priority</i></td>
				<td class='timestamp'>2:02:49 PM</td>
				<td class='step-details'>
						Response:{"Error":{"Code":"InvalidOrMissingParameter","Message":"One or more required parameters are invalid or missing.","Target":null,"Details":[{"Code":"InvalidOrMissingParameter","Message":"The AlternateEmail field is not a valid e-mail address.","Target":"ContactDetails[0].AlternateEmail","Details":null,"InnerError":null}],"InnerError":null}}
					
				</td>
			</tr>
			<tr class='log' status='pass'>
				<td class='status pass' title='pass' alt='pass'><i class='material-icons'>check_circle</i></td>
				<td class='timestamp'>2:02:49 PM</td>
				<td class='step-details'>
						Test passed
					
				</td>
			</tr>
		</tbody>
	</table>
</div>
					</div>
				</li>
				<li class='test displayed active  fail' status='fail' bdd='false' test-id='23'>
					<div class='test-heading'>
						<span class='test-name'>tC201_AdminUser_Test18_CreateMDPAdminWithEmailAsUniqueAndExistingAlternateEmailForUserType2</span>
						<span class='test-time'>Jan 29, 2020 02:02:54 PM</span>
						<span class='test-status right fail'>fail</span>
					</div>
					<div class='test-content hide'>
<div class='test-time-info'>
	<span class='label start-time'>Jan 29, 2020 02:02:54 PM</span>
	<span class='label end-time'>Jan 29, 2020 02:03:31 PM</span>
	<span class='label time-taken grey lighten-1 white-text'>0h 0m 37s+268ms</span>
</div>
<div class='test-steps'>
	<table class='bordered table-results'>
		<thead>
			<tr>
				<th>Status</th>
				<th>Timestamp</th>
				<th>Details</th>
			</tr>
		</thead>
		<tbody>
			<tr class='log' status='debug'>
				<td class='status debug' title='debug' alt='debug'><i class='material-icons'>low_priority</i></td>
				<td class='timestamp'>2:03:31 PM</td>
				<td class='step-details'>
						UserName Used for Genrating the Access token:MDPAdmin@id.zeiss.com
					
				</td>
			</tr>
			<tr class='log' status='debug'>
				<td class='status debug' title='debug' alt='debug'><i class='material-icons'>low_priority</i></td>
				<td class='timestamp'>2:03:31 PM</td>
				<td class='step-details'>
						Creating the user with defualt generated email:zeiss0719+20200129_140331@gmail.com
					
				</td>
			</tr>
			<tr class='log' status='debug'>
				<td class='status debug' title='debug' alt='debug'><i class='material-icons'>low_priority</i></td>
				<td class='timestamp'>2:03:31 PM</td>
				<td class='step-details'>
						The BaseUri is :https://mdptest.api.zeiss.com
					
				</td>
			</tr>
			<tr class='log' status='debug'>
				<td class='status debug' title='debug' alt='debug'><i class='material-icons'>low_priority</i></td>
				<td class='timestamp'>2:03:31 PM</td>
				<td class='step-details'>
						/nThe Values to change In JSON:{"ALTERNATEEMAIL":"noemaildude@fuckoff.com","ZEISSIDUSERTYPE":2,"ROLEID":"985b931d-a04f-491c-de88-08d790386490","EMAIL":"zeiss0719+20200129_140331@gmail.com","CLIENTID":"ed8d6270-da8b-4ea0-aaa0-7214f6dd09d5"}
					
				</td>
			</tr>
			<tr class='log' status='debug'>
				<td class='status debug' title='debug' alt='debug'><i class='material-icons'>low_priority</i></td>
				<td class='timestamp'>2:03:31 PM</td>
				<td class='step-details'>
						The Effective end point is :/adminuserservice/api/v2.0/mdpapps/96b144c4-db4d-4cee-e6e9-08d7629609b9/AdminUsers
					
				</td>
			</tr>
			<tr class='log' status='debug'>
				<td class='status debug' title='debug' alt='debug'><i class='material-icons'>low_priority</i></td>
				<td class='timestamp'>2:03:31 PM</td>
				<td class='step-details'>
						Created users with the payload{"firstName":"ZeissUSer","lastName":"Admin","clientId":"ed8d6270-da8b-4ea0-aaa0-7214f6dd09d5","zeissIdUserType":2,"roleId":"985b931d-a04f-491c-de88-08d790386490","contactDetails":[{"country":"string","alternateEmail":"noemaildude@fuckoff.com","period":"string","city":"Bangalore","district":"string","postalCode":"string","addressLine1":"Zeiss","addressLine2":"EC","state":"KA","type":"string","alternateNo":"string","contactNo":"string"}],"email":"zeiss0719+20200129_140331@gmail.com"}
					
				</td>
			</tr>
			<tr class='log' status='debug'>
				<td class='status debug' title='debug' alt='debug'><i class='material-icons'>low_priority</i></td>
				<td class='timestamp'>2:03:31 PM</td>
				<td class='step-details'>
						Response Code:401
					
				</td>
			</tr>
			<tr class='log' status='debug'>
				<td class='status debug' title='debug' alt='debug'><i class='material-icons'>low_priority</i></td>
				<td class='timestamp'>2:03:31 PM</td>
				<td class='step-details'>
						Response:{"Error":{"Code":"UnAuthorizedUser","Message":"Logged-In User is not authorized to create this user","Target":null,"Details":null,"InnerError":null}}
					
				</td>
			</tr>
			<tr class='log' status='fail'>
				<td class='status fail' title='fail' alt='fail'><i class='material-icons'>cancel</i></td>
				<td class='timestamp'>2:03:31 PM</td>
				<td class='step-details'>
						<textarea disabled class="code-block">java.lang.AssertionError: expected [409] but found [401]
	at org.testng.Assert.fail(Assert.java:96)
	at org.testng.Assert.failNotEquals(Assert.java:776)
	at org.testng.Assert.assertEqualsImpl(Assert.java:137)
	at org.testng.Assert.assertEquals(Assert.java:118)
	at org.testng.Assert.assertEquals(Assert.java:652)
	at org.testng.Assert.assertEquals(Assert.java:662)
	at com.mdp.api.tests.AdminUserService_AdminUserTests.tC201_AdminUser_Test18_CreateMDPAdminWithEmailAsUniqueAndExistingAlternateEmailForUserType2(AdminUserService_AdminUserTests.java:381)
	at sun.reflect.NativeMethodAccessorImpl.invoke0(Native Method)
	at sun.reflect.NativeMethodAccessorImpl.invoke(NativeMethodAccessorImpl.java:62)
	at sun.reflect.DelegatingMethodAccessorImpl.invoke(DelegatingMethodAccessorImpl.java:43)
	at java.lang.reflect.Method.invoke(Method.java:498)
	at org.testng.internal.MethodInvocationHelper.invokeMethod(MethodInvocationHelper.java:124)
	at org.testng.internal.Invoker.invokeMethod(Invoker.java:583)
	at org.testng.internal.Invoker.invokeTestMethod(Invoker.java:719)
	at org.testng.internal.Invoker.invokeTestMethods(Invoker.java:989)
	at org.testng.internal.TestMethodWorker.invokeTestMethods(TestMethodWorker.java:125)
	at org.testng.internal.TestMethodWorker.run(TestMethodWorker.java:109)
	at org.testng.TestRunner.privateRun(TestRunner.java:648)
	at org.testng.TestRunner.run(TestRunner.java:505)
	at org.testng.SuiteRunner.runTest(SuiteRunner.java:455)
	at org.testng.SuiteRunner.runSequentially(SuiteRunner.java:450)
	at org.testng.SuiteRunner.privateRun(SuiteRunner.java:415)
	at org.testng.SuiteRunner.run(SuiteRunner.java:364)
	at org.testng.SuiteRunnerWorker.runSuite(SuiteRunnerWorker.java:52)
	at org.testng.SuiteRunnerWorker.run(SuiteRunnerWorker.java:84)
	at org.testng.TestNG.runSuitesSequentially(TestNG.java:1208)
	at org.testng.TestNG.runSuitesLocally(TestNG.java:1137)
	at org.testng.TestNG.runSuites(TestNG.java:1049)
	at org.testng.TestNG.run(TestNG.java:1017)
	at org.testng.remote.AbstractRemoteTestNG.run(AbstractRemoteTestNG.java:114)
	at org.testng.remote.RemoteTestNG.initAndRun(RemoteTestNG.java:251)
	at org.testng.remote.RemoteTestNG.main(RemoteTestNG.java:77)
</textarea>
					
				</td>
			</tr>
		</tbody>
	</table>
</div>
						<ul class='screenshots'>
							<li><img class='r-img' onerror='this.style.display="none"' data-featherlight='/Users/MDPAPITESTING/MDP/Reports/TestRun2020_01_29134529/tC201_AdminUser_Test18_CreateMDPAdminWithEmailAsUniqueAndExistingAlternateEmailForUserType2.png' src='/Users/MDPAPITESTING/MDP/Reports/TestRun2020_01_29134529/tC201_AdminUser_Test18_CreateMDPAdminWithEmailAsUniqueAndExistingAlternateEmailForUserType2.png' data-src='/Users/MDPAPITESTING/MDP/Reports/TestRun2020_01_29134529/tC201_AdminUser_Test18_CreateMDPAdminWithEmailAsUniqueAndExistingAlternateEmailForUserType2.png'></li>
						</ul>
					</div>
				</li>
				<li class='test displayed active  fail' status='fail' bdd='false' test-id='24'>
					<div class='test-heading'>
						<span class='test-name'>tC201_AdminUser_Test19_CreateSSCAdminWithEmailAsUniqueAndExistingAlternateEmailForUserType2</span>
						<span class='test-time'>Jan 29, 2020 02:03:36 PM</span>
						<span class='test-status right fail'>fail</span>
					</div>
					<div class='test-content hide'>
<div class='test-time-info'>
	<span class='label start-time'>Jan 29, 2020 02:03:36 PM</span>
	<span class='label end-time'>Jan 29, 2020 02:04:23 PM</span>
	<span class='label time-taken grey lighten-1 white-text'>0h 0m 46s+851ms</span>
</div>
<div class='test-steps'>
	<table class='bordered table-results'>
		<thead>
			<tr>
				<th>Status</th>
				<th>Timestamp</th>
				<th>Details</th>
			</tr>
		</thead>
		<tbody>
			<tr class='log' status='debug'>
				<td class='status debug' title='debug' alt='debug'><i class='material-icons'>low_priority</i></td>
				<td class='timestamp'>2:04:23 PM</td>
				<td class='step-details'>
						UserName Used for Genrating the Access token:MDPAdmin@id.zeiss.com
					
				</td>
			</tr>
			<tr class='log' status='debug'>
				<td class='status debug' title='debug' alt='debug'><i class='material-icons'>low_priority</i></td>
				<td class='timestamp'>2:04:23 PM</td>
				<td class='step-details'>
						Creating the user with defualt generated email:zeiss0719+20200129_140423@gmail.com
					
				</td>
			</tr>
			<tr class='log' status='debug'>
				<td class='status debug' title='debug' alt='debug'><i class='material-icons'>low_priority</i></td>
				<td class='timestamp'>2:04:23 PM</td>
				<td class='step-details'>
						The BaseUri is :https://mdptest.api.zeiss.com
					
				</td>
			</tr>
			<tr class='log' status='debug'>
				<td class='status debug' title='debug' alt='debug'><i class='material-icons'>low_priority</i></td>
				<td class='timestamp'>2:04:23 PM</td>
				<td class='step-details'>
						/nThe Values to change In JSON:{"ALTERNATEEMAIL":"noemaildude@fuckoff.com","ZEISSIDUSERTYPE":2,"ROLEID":"985b931d-a04f-491c-de88-08d790386491","EMAIL":"zeiss0719+20200129_140423@gmail.com","CLIENTID":"ed8d6270-da8b-4ea0-aaa0-7214f6dd09d5"}
					
				</td>
			</tr>
			<tr class='log' status='debug'>
				<td class='status debug' title='debug' alt='debug'><i class='material-icons'>low_priority</i></td>
				<td class='timestamp'>2:04:23 PM</td>
				<td class='step-details'>
						The Effective end point is :/adminuserservice/api/v2.0/mdpapps/96b144c4-db4d-4cee-e6e9-08d7629609b9/AdminUsers
					
				</td>
			</tr>
			<tr class='log' status='debug'>
				<td class='status debug' title='debug' alt='debug'><i class='material-icons'>low_priority</i></td>
				<td class='timestamp'>2:04:23 PM</td>
				<td class='step-details'>
						Created users with the payload{"firstName":"ZeissUSer","lastName":"Admin","clientId":"ed8d6270-da8b-4ea0-aaa0-7214f6dd09d5","zeissIdUserType":2,"roleId":"985b931d-a04f-491c-de88-08d790386491","contactDetails":[{"country":"string","alternateEmail":"noemaildude@fuckoff.com","period":"string","city":"Bangalore","district":"string","postalCode":"string","addressLine1":"Zeiss","addressLine2":"EC","state":"KA","type":"string","alternateNo":"string","contactNo":"string"}],"email":"zeiss0719+20200129_140423@gmail.com"}
					
				</td>
			</tr>
			<tr class='log' status='debug'>
				<td class='status debug' title='debug' alt='debug'><i class='material-icons'>low_priority</i></td>
				<td class='timestamp'>2:04:23 PM</td>
				<td class='step-details'>
						Response Code:400
					
				</td>
			</tr>
			<tr class='log' status='debug'>
				<td class='status debug' title='debug' alt='debug'><i class='material-icons'>low_priority</i></td>
				<td class='timestamp'>2:04:23 PM</td>
				<td class='step-details'>
						Response:{"Error":{"Code":"UserInviteFailed","Message":"Unable to Invite User","Target":null,"Details":null,"InnerError":null}}
					
				</td>
			</tr>
			<tr class='log' status='fail'>
				<td class='status fail' title='fail' alt='fail'><i class='material-icons'>cancel</i></td>
				<td class='timestamp'>2:04:23 PM</td>
				<td class='step-details'>
						<textarea disabled class="code-block">java.lang.AssertionError: expected [409] but found [400]
	at org.testng.Assert.fail(Assert.java:96)
	at org.testng.Assert.failNotEquals(Assert.java:776)
	at org.testng.Assert.assertEqualsImpl(Assert.java:137)
	at org.testng.Assert.assertEquals(Assert.java:118)
	at org.testng.Assert.assertEquals(Assert.java:652)
	at org.testng.Assert.assertEquals(Assert.java:662)
	at com.mdp.api.tests.AdminUserService_AdminUserTests.tC201_AdminUser_Test19_CreateSSCAdminWithEmailAsUniqueAndExistingAlternateEmailForUserType2(AdminUserService_AdminUserTests.java:400)
	at sun.reflect.NativeMethodAccessorImpl.invoke0(Native Method)
	at sun.reflect.NativeMethodAccessorImpl.invoke(NativeMethodAccessorImpl.java:62)
	at sun.reflect.DelegatingMethodAccessorImpl.invoke(DelegatingMethodAccessorImpl.java:43)
	at java.lang.reflect.Method.invoke(Method.java:498)
	at org.testng.internal.MethodInvocationHelper.invokeMethod(MethodInvocationHelper.java:124)
	at org.testng.internal.Invoker.invokeMethod(Invoker.java:583)
	at org.testng.internal.Invoker.invokeTestMethod(Invoker.java:719)
	at org.testng.internal.Invoker.invokeTestMethods(Invoker.java:989)
	at org.testng.internal.TestMethodWorker.invokeTestMethods(TestMethodWorker.java:125)
	at org.testng.internal.TestMethodWorker.run(TestMethodWorker.java:109)
	at org.testng.TestRunner.privateRun(TestRunner.java:648)
	at org.testng.TestRunner.run(TestRunner.java:505)
	at org.testng.SuiteRunner.runTest(SuiteRunner.java:455)
	at org.testng.SuiteRunner.runSequentially(SuiteRunner.java:450)
	at org.testng.SuiteRunner.privateRun(SuiteRunner.java:415)
	at org.testng.SuiteRunner.run(SuiteRunner.java:364)
	at org.testng.SuiteRunnerWorker.runSuite(SuiteRunnerWorker.java:52)
	at org.testng.SuiteRunnerWorker.run(SuiteRunnerWorker.java:84)
	at org.testng.TestNG.runSuitesSequentially(TestNG.java:1208)
	at org.testng.TestNG.runSuitesLocally(TestNG.java:1137)
	at org.testng.TestNG.runSuites(TestNG.java:1049)
	at org.testng.TestNG.run(TestNG.java:1017)
	at org.testng.remote.AbstractRemoteTestNG.run(AbstractRemoteTestNG.java:114)
	at org.testng.remote.RemoteTestNG.initAndRun(RemoteTestNG.java:251)
	at org.testng.remote.RemoteTestNG.main(RemoteTestNG.java:77)
</textarea>
					
				</td>
			</tr>
		</tbody>
	</table>
</div>
						<ul class='screenshots'>
							<li><img class='r-img' onerror='this.style.display="none"' data-featherlight='/Users/MDPAPITESTING/MDP/Reports/TestRun2020_01_29134529/tC201_AdminUser_Test19_CreateSSCAdminWithEmailAsUniqueAndExistingAlternateEmailForUserType2.png' src='/Users/MDPAPITESTING/MDP/Reports/TestRun2020_01_29134529/tC201_AdminUser_Test19_CreateSSCAdminWithEmailAsUniqueAndExistingAlternateEmailForUserType2.png' data-src='/Users/MDPAPITESTING/MDP/Reports/TestRun2020_01_29134529/tC201_AdminUser_Test19_CreateSSCAdminWithEmailAsUniqueAndExistingAlternateEmailForUserType2.png'></li>
						</ul>
					</div>
				</li>
				<li class='test displayed active  pass' status='pass' bdd='false' test-id='25'>
					<div class='test-heading'>
						<span class='test-name'>tC201_AdminUser_Test20_CreateSSCAdminWithClientIdNull</span>
						<span class='test-time'>Jan 29, 2020 02:04:28 PM</span>
						<span class='test-status right pass'>pass</span>
					</div>
					<div class='test-content hide'>
<div class='test-time-info'>
	<span class='label start-time'>Jan 29, 2020 02:04:28 PM</span>
	<span class='label end-time'>Jan 29, 2020 02:05:22 PM</span>
	<span class='label time-taken grey lighten-1 white-text'>0h 0m 53s+458ms</span>
</div>
<div class='test-steps'>
	<table class='bordered table-results'>
		<thead>
			<tr>
				<th>Status</th>
				<th>Timestamp</th>
				<th>Details</th>
			</tr>
		</thead>
		<tbody>
			<tr class='log' status='debug'>
				<td class='status debug' title='debug' alt='debug'><i class='material-icons'>low_priority</i></td>
				<td class='timestamp'>2:05:16 PM</td>
				<td class='step-details'>
						UserName Used for Genrating the Access token:MDPAdmin@id.zeiss.com
					
				</td>
			</tr>
			<tr class='log' status='debug'>
				<td class='status debug' title='debug' alt='debug'><i class='material-icons'>low_priority</i></td>
				<td class='timestamp'>2:05:16 PM</td>
				<td class='step-details'>
						Creating the user with defualt generated email:zeiss0719+20200129_140516@gmail.com
					
				</td>
			</tr>
			<tr class='log' status='debug'>
				<td class='status debug' title='debug' alt='debug'><i class='material-icons'>low_priority</i></td>
				<td class='timestamp'>2:05:16 PM</td>
				<td class='step-details'>
						The BaseUri is :https://mdptest.api.zeiss.com
					
				</td>
			</tr>
			<tr class='log' status='debug'>
				<td class='status debug' title='debug' alt='debug'><i class='material-icons'>low_priority</i></td>
				<td class='timestamp'>2:05:16 PM</td>
				<td class='step-details'>
						/nThe Values to change In JSON:{"ALTERNATEEMAIL":"","ZEISSIDUSERTYPE":1,"ROLEID":"985b931d-a04f-491c-de88-08d790386491","EMAIL":"zeiss0719+20200129_140516@gmail.com","CLIENTID":""}
					
				</td>
			</tr>
			<tr class='log' status='debug'>
				<td class='status debug' title='debug' alt='debug'><i class='material-icons'>low_priority</i></td>
				<td class='timestamp'>2:05:16 PM</td>
				<td class='step-details'>
						The Effective end point is :/adminuserservice/api/v2.0/mdpapps/96b144c4-db4d-4cee-e6e9-08d7629609b9/AdminUsers
					
				</td>
			</tr>
			<tr class='log' status='debug'>
				<td class='status debug' title='debug' alt='debug'><i class='material-icons'>low_priority</i></td>
				<td class='timestamp'>2:05:16 PM</td>
				<td class='step-details'>
						Created users with the payload{"firstName":"ZeissUSer","lastName":"Admin","clientId":"","zeissIdUserType":1,"roleId":"985b931d-a04f-491c-de88-08d790386491","contactDetails":[{"country":"string","alternateEmail":"","period":"string","city":"Bangalore","district":"string","postalCode":"string","addressLine1":"Zeiss","addressLine2":"EC","state":"KA","type":"string","alternateNo":"string","contactNo":"string"}],"email":"zeiss0719+20200129_140516@gmail.com"}
					
				</td>
			</tr>
			<tr class='log' status='debug'>
				<td class='status debug' title='debug' alt='debug'><i class='material-icons'>low_priority</i></td>
				<td class='timestamp'>2:05:22 PM</td>
				<td class='step-details'>
						Response Code:400
					
				</td>
			</tr>
			<tr class='log' status='debug'>
				<td class='status debug' title='debug' alt='debug'><i class='material-icons'>low_priority</i></td>
				<td class='timestamp'>2:05:22 PM</td>
				<td class='step-details'>
						Response:{"Error":{"Code":"InvalidOrMissingParameter","Message":"One or more required parameters are invalid or missing.","Target":null,"Details":[{"Code":"InvalidOrMissingParameter","Message":"Error converting value \"\" to type 'System.Guid'. Path 'clientId', line 1, position 57.","Target":"clientId","Details":null,"InnerError":null}],"InnerError":null}}
					
				</td>
			</tr>
			<tr class='log' status='pass'>
				<td class='status pass' title='pass' alt='pass'><i class='material-icons'>check_circle</i></td>
				<td class='timestamp'>2:05:22 PM</td>
				<td class='step-details'>
						Test passed
					
				</td>
			</tr>
		</tbody>
	</table>
</div>
					</div>
				</li>
				<li class='test displayed active  pass' status='pass' bdd='false' test-id='26'>
					<div class='test-heading'>
						<span class='test-name'>tC201_AdminUser_Test21_CreateSSCAdminWithRoleIdNull</span>
						<span class='test-time'>Jan 29, 2020 02:05:26 PM</span>
						<span class='test-status right pass'>pass</span>
					</div>
					<div class='test-content hide'>
<div class='test-time-info'>
	<span class='label start-time'>Jan 29, 2020 02:05:26 PM</span>
	<span class='label end-time'>Jan 29, 2020 02:06:05 PM</span>
	<span class='label time-taken grey lighten-1 white-text'>0h 0m 38s+262ms</span>
</div>
<div class='test-steps'>
	<table class='bordered table-results'>
		<thead>
			<tr>
				<th>Status</th>
				<th>Timestamp</th>
				<th>Details</th>
			</tr>
		</thead>
		<tbody>
			<tr class='log' status='debug'>
				<td class='status debug' title='debug' alt='debug'><i class='material-icons'>low_priority</i></td>
				<td class='timestamp'>2:06:04 PM</td>
				<td class='step-details'>
						UserName Used for Genrating the Access token:MDPAdmin@id.zeiss.com
					
				</td>
			</tr>
			<tr class='log' status='debug'>
				<td class='status debug' title='debug' alt='debug'><i class='material-icons'>low_priority</i></td>
				<td class='timestamp'>2:06:04 PM</td>
				<td class='step-details'>
						Creating the user with defualt generated email:zeiss0719+20200129_140604@gmail.com
					
				</td>
			</tr>
			<tr class='log' status='debug'>
				<td class='status debug' title='debug' alt='debug'><i class='material-icons'>low_priority</i></td>
				<td class='timestamp'>2:06:04 PM</td>
				<td class='step-details'>
						The BaseUri is :https://mdptest.api.zeiss.com
					
				</td>
			</tr>
			<tr class='log' status='debug'>
				<td class='status debug' title='debug' alt='debug'><i class='material-icons'>low_priority</i></td>
				<td class='timestamp'>2:06:04 PM</td>
				<td class='step-details'>
						/nThe Values to change In JSON:{"ALTERNATEEMAIL":"","ZEISSIDUSERTYPE":1,"ROLEID":"","EMAIL":"zeiss0719+20200129_140604@gmail.com","CLIENTID":"ed8d6270-da8b-4ea0-aaa0-7214f6dd09d5"}
					
				</td>
			</tr>
			<tr class='log' status='debug'>
				<td class='status debug' title='debug' alt='debug'><i class='material-icons'>low_priority</i></td>
				<td class='timestamp'>2:06:04 PM</td>
				<td class='step-details'>
						The Effective end point is :/adminuserservice/api/v2.0/mdpapps/96b144c4-db4d-4cee-e6e9-08d7629609b9/AdminUsers
					
				</td>
			</tr>
			<tr class='log' status='debug'>
				<td class='status debug' title='debug' alt='debug'><i class='material-icons'>low_priority</i></td>
				<td class='timestamp'>2:06:04 PM</td>
				<td class='step-details'>
						Created users with the payload{"firstName":"ZeissUSer","lastName":"Admin","clientId":"ed8d6270-da8b-4ea0-aaa0-7214f6dd09d5","zeissIdUserType":1,"roleId":"","contactDetails":[{"country":"string","alternateEmail":"","period":"string","city":"Bangalore","district":"string","postalCode":"string","addressLine1":"Zeiss","addressLine2":"EC","state":"KA","type":"string","alternateNo":"string","contactNo":"string"}],"email":"zeiss0719+20200129_140604@gmail.com"}
					
				</td>
			</tr>
			<tr class='log' status='debug'>
				<td class='status debug' title='debug' alt='debug'><i class='material-icons'>low_priority</i></td>
				<td class='timestamp'>2:06:05 PM</td>
				<td class='step-details'>
						Response Code:400
					
				</td>
			</tr>
			<tr class='log' status='debug'>
				<td class='status debug' title='debug' alt='debug'><i class='material-icons'>low_priority</i></td>
				<td class='timestamp'>2:06:05 PM</td>
				<td class='step-details'>
						Response:{"Error":{"Code":"InvalidOrMissingParameter","Message":"One or more required parameters are invalid or missing.","Target":null,"Details":[{"Code":"InvalidOrMissingParameter","Message":"Error converting value \"\" to type 'System.Guid'. Path 'roleId', line 1, position 125.","Target":"roleId","Details":null,"InnerError":null}],"InnerError":null}}
					
				</td>
			</tr>
			<tr class='log' status='pass'>
				<td class='status pass' title='pass' alt='pass'><i class='material-icons'>check_circle</i></td>
				<td class='timestamp'>2:06:05 PM</td>
				<td class='step-details'>
						Test passed
					
				</td>
			</tr>
		</tbody>
	</table>
</div>
					</div>
				</li>
				<li class='test displayed active  pass' status='pass' bdd='false' test-id='27'>
					<div class='test-heading'>
						<span class='test-name'>tC201_AdminUser_Test22_CreateSSCAdminWithUserTypeNull</span>
						<span class='test-time'>Jan 29, 2020 02:06:09 PM</span>
						<span class='test-status right pass'>pass</span>
					</div>
					<div class='test-content hide'>
<div class='test-time-info'>
	<span class='label start-time'>Jan 29, 2020 02:06:09 PM</span>
	<span class='label end-time'>Jan 29, 2020 02:06:56 PM</span>
	<span class='label time-taken grey lighten-1 white-text'>0h 0m 46s+356ms</span>
</div>
<div class='test-steps'>
	<table class='bordered table-results'>
		<thead>
			<tr>
				<th>Status</th>
				<th>Timestamp</th>
				<th>Details</th>
			</tr>
		</thead>
		<tbody>
			<tr class='log' status='debug'>
				<td class='status debug' title='debug' alt='debug'><i class='material-icons'>low_priority</i></td>
				<td class='timestamp'>2:06:55 PM</td>
				<td class='step-details'>
						UserName Used for Genrating the Access token:MDPAdmin@id.zeiss.com
					
				</td>
			</tr>
			<tr class='log' status='debug'>
				<td class='status debug' title='debug' alt='debug'><i class='material-icons'>low_priority</i></td>
				<td class='timestamp'>2:06:55 PM</td>
				<td class='step-details'>
						Creating the user with defualt generated email:zeiss0719+20200129_140655@gmail.com
					
				</td>
			</tr>
			<tr class='log' status='debug'>
				<td class='status debug' title='debug' alt='debug'><i class='material-icons'>low_priority</i></td>
				<td class='timestamp'>2:06:55 PM</td>
				<td class='step-details'>
						The BaseUri is :https://mdptest.api.zeiss.com
					
				</td>
			</tr>
			<tr class='log' status='debug'>
				<td class='status debug' title='debug' alt='debug'><i class='material-icons'>low_priority</i></td>
				<td class='timestamp'>2:06:55 PM</td>
				<td class='step-details'>
						/nThe Values to change In JSON:{"ALTERNATEEMAIL":"","ZEISSIDUSERTYPE":null,"ROLEID":"985b931d-a04f-491c-de88-08d790386491","EMAIL":"zeiss0719+20200129_140655@gmail.com","CLIENTID":"ed8d6270-da8b-4ea0-aaa0-7214f6dd09d5"}
					
				</td>
			</tr>
			<tr class='log' status='debug'>
				<td class='status debug' title='debug' alt='debug'><i class='material-icons'>low_priority</i></td>
				<td class='timestamp'>2:06:55 PM</td>
				<td class='step-details'>
						The Effective end point is :/adminuserservice/api/v2.0/mdpapps/96b144c4-db4d-4cee-e6e9-08d7629609b9/AdminUsers
					
				</td>
			</tr>
			<tr class='log' status='debug'>
				<td class='status debug' title='debug' alt='debug'><i class='material-icons'>low_priority</i></td>
				<td class='timestamp'>2:06:55 PM</td>
				<td class='step-details'>
						Created users with the payload{"firstName":"ZeissUSer","lastName":"Admin","clientId":"ed8d6270-da8b-4ea0-aaa0-7214f6dd09d5","zeissIdUserType":null,"roleId":"985b931d-a04f-491c-de88-08d790386491","contactDetails":[{"country":"string","alternateEmail":"","period":"string","city":"Bangalore","district":"string","postalCode":"string","addressLine1":"Zeiss","addressLine2":"EC","state":"KA","type":"string","alternateNo":"string","contactNo":"string"}],"email":"zeiss0719+20200129_140655@gmail.com"}
					
				</td>
			</tr>
			<tr class='log' status='debug'>
				<td class='status debug' title='debug' alt='debug'><i class='material-icons'>low_priority</i></td>
				<td class='timestamp'>2:06:56 PM</td>
				<td class='step-details'>
						Response Code:400
					
				</td>
			</tr>
			<tr class='log' status='debug'>
				<td class='status debug' title='debug' alt='debug'><i class='material-icons'>low_priority</i></td>
				<td class='timestamp'>2:06:56 PM</td>
				<td class='step-details'>
						Response:{"Error":{"Code":"InvalidOrMissingParameter","Message":"One or more required parameters are invalid or missing.","Target":null,"Details":[{"Code":"InvalidOrMissingParameter","Message":"Error converting value {null} to type 'Czm.Czi.MDPAdminUserService.DTO.ZeissIdUserTypeDto'. Path 'zeissIdUserType', line 1, position 116.","Target":"zeissIdUserType","Details":null,"InnerError":null}],"InnerError":null}}
					
				</td>
			</tr>
			<tr class='log' status='pass'>
				<td class='status pass' title='pass' alt='pass'><i class='material-icons'>check_circle</i></td>
				<td class='timestamp'>2:06:56 PM</td>
				<td class='step-details'>
						Test passed
					
				</td>
			</tr>
		</tbody>
	</table>
</div>
					</div>
				</li>
				<li class='test displayed active  pass' status='pass' bdd='false' test-id='28'>
					<div class='test-heading'>
						<span class='test-name'>tC201_AdminUser_Test23_CreateSSCAdminWithClientIdRandom</span>
						<span class='test-time'>Jan 29, 2020 02:07:00 PM</span>
						<span class='test-status right pass'>pass</span>
					</div>
					<div class='test-content hide'>
<div class='test-time-info'>
	<span class='label start-time'>Jan 29, 2020 02:07:00 PM</span>
	<span class='label end-time'>Jan 29, 2020 02:07:27 PM</span>
	<span class='label time-taken grey lighten-1 white-text'>0h 0m 27s+310ms</span>
</div>
<div class='test-steps'>
	<table class='bordered table-results'>
		<thead>
			<tr>
				<th>Status</th>
				<th>Timestamp</th>
				<th>Details</th>
			</tr>
		</thead>
		<tbody>
			<tr class='log' status='debug'>
				<td class='status debug' title='debug' alt='debug'><i class='material-icons'>low_priority</i></td>
				<td class='timestamp'>2:07:27 PM</td>
				<td class='step-details'>
						UserName Used for Genrating the Access token:MDPAdmin@id.zeiss.com
					
				</td>
			</tr>
			<tr class='log' status='debug'>
				<td class='status debug' title='debug' alt='debug'><i class='material-icons'>low_priority</i></td>
				<td class='timestamp'>2:07:27 PM</td>
				<td class='step-details'>
						Creating the user with defualt generated email:zeiss0719+20200129_140727@gmail.com
					
				</td>
			</tr>
			<tr class='log' status='debug'>
				<td class='status debug' title='debug' alt='debug'><i class='material-icons'>low_priority</i></td>
				<td class='timestamp'>2:07:27 PM</td>
				<td class='step-details'>
						The BaseUri is :https://mdptest.api.zeiss.com
					
				</td>
			</tr>
			<tr class='log' status='debug'>
				<td class='status debug' title='debug' alt='debug'><i class='material-icons'>low_priority</i></td>
				<td class='timestamp'>2:07:27 PM</td>
				<td class='step-details'>
						/nThe Values to change In JSON:{"ALTERNATEEMAIL":"","ZEISSIDUSERTYPE":1,"ROLEID":"985b931d-a04f-491c-de88-08d790386491","EMAIL":"zeiss0719+20200129_140727@gmail.com","CLIENTID":"ed8d6270-da8b-4ea0-aaa0-7214f6dd09d6"}
					
				</td>
			</tr>
			<tr class='log' status='debug'>
				<td class='status debug' title='debug' alt='debug'><i class='material-icons'>low_priority</i></td>
				<td class='timestamp'>2:07:27 PM</td>
				<td class='step-details'>
						The Effective end point is :/adminuserservice/api/v2.0/mdpapps/96b144c4-db4d-4cee-e6e9-08d7629609b9/AdminUsers
					
				</td>
			</tr>
			<tr class='log' status='debug'>
				<td class='status debug' title='debug' alt='debug'><i class='material-icons'>low_priority</i></td>
				<td class='timestamp'>2:07:27 PM</td>
				<td class='step-details'>
						Created users with the payload{"firstName":"ZeissUSer","lastName":"Admin","clientId":"ed8d6270-da8b-4ea0-aaa0-7214f6dd09d6","zeissIdUserType":1,"roleId":"985b931d-a04f-491c-de88-08d790386491","contactDetails":[{"country":"string","alternateEmail":"","period":"string","city":"Bangalore","district":"string","postalCode":"string","addressLine1":"Zeiss","addressLine2":"EC","state":"KA","type":"string","alternateNo":"string","contactNo":"string"}],"email":"zeiss0719+20200129_140727@gmail.com"}
					
				</td>
			</tr>
			<tr class='log' status='debug'>
				<td class='status debug' title='debug' alt='debug'><i class='material-icons'>low_priority</i></td>
				<td class='timestamp'>2:07:27 PM</td>
				<td class='step-details'>
						Response Code:400
					
				</td>
			</tr>
			<tr class='log' status='debug'>
				<td class='status debug' title='debug' alt='debug'><i class='material-icons'>low_priority</i></td>
				<td class='timestamp'>2:07:27 PM</td>
				<td class='step-details'>
						Response:{"Error":{"Code":"InvalidOrMissingParameter","Message":"One or more required parameters are invalid or missing.","Target":null,"Details":[{"Code":"InvalidOrMissingParameter","Message":"The AlternateEmail field is not a valid e-mail address.","Target":"ContactDetails[0].AlternateEmail","Details":null,"InnerError":null}],"InnerError":null}}
					
				</td>
			</tr>
			<tr class='log' status='pass'>
				<td class='status pass' title='pass' alt='pass'><i class='material-icons'>check_circle</i></td>
				<td class='timestamp'>2:07:27 PM</td>
				<td class='step-details'>
						Test passed
					
				</td>
			</tr>
		</tbody>
	</table>
</div>
					</div>
				</li>
				<li class='test displayed active  pass' status='pass' bdd='false' test-id='29'>
					<div class='test-heading'>
						<span class='test-name'>tC201_AdminUser_Test24_CreateSSCAdminWithRoleIdRandom</span>
						<span class='test-time'>Jan 29, 2020 02:07:32 PM</span>
						<span class='test-status right pass'>pass</span>
					</div>
					<div class='test-content hide'>
<div class='test-time-info'>
	<span class='label start-time'>Jan 29, 2020 02:07:32 PM</span>
	<span class='label end-time'>Jan 29, 2020 02:08:05 PM</span>
	<span class='label time-taken grey lighten-1 white-text'>0h 0m 33s+365ms</span>
</div>
<div class='test-steps'>
	<table class='bordered table-results'>
		<thead>
			<tr>
				<th>Status</th>
				<th>Timestamp</th>
				<th>Details</th>
			</tr>
		</thead>
		<tbody>
			<tr class='log' status='debug'>
				<td class='status debug' title='debug' alt='debug'><i class='material-icons'>low_priority</i></td>
				<td class='timestamp'>2:08:05 PM</td>
				<td class='step-details'>
						UserName Used for Genrating the Access token:MDPAdmin@id.zeiss.com
					
				</td>
			</tr>
			<tr class='log' status='debug'>
				<td class='status debug' title='debug' alt='debug'><i class='material-icons'>low_priority</i></td>
				<td class='timestamp'>2:08:05 PM</td>
				<td class='step-details'>
						Creating the user with defualt generated email:zeiss0719+20200129_140805@gmail.com
					
				</td>
			</tr>
			<tr class='log' status='debug'>
				<td class='status debug' title='debug' alt='debug'><i class='material-icons'>low_priority</i></td>
				<td class='timestamp'>2:08:05 PM</td>
				<td class='step-details'>
						The BaseUri is :https://mdptest.api.zeiss.com
					
				</td>
			</tr>
			<tr class='log' status='debug'>
				<td class='status debug' title='debug' alt='debug'><i class='material-icons'>low_priority</i></td>
				<td class='timestamp'>2:08:05 PM</td>
				<td class='step-details'>
						/nThe Values to change In JSON:{"ALTERNATEEMAIL":"","ZEISSIDUSERTYPE":1,"ROLEID":"985b931d-a04f-491c-de88-08d790386410","EMAIL":"zeiss0719+20200129_140805@gmail.com","CLIENTID":"ed8d6270-da8b-4ea0-aaa0-7214f6dd09d5"}
					
				</td>
			</tr>
			<tr class='log' status='debug'>
				<td class='status debug' title='debug' alt='debug'><i class='material-icons'>low_priority</i></td>
				<td class='timestamp'>2:08:05 PM</td>
				<td class='step-details'>
						The Effective end point is :/adminuserservice/api/v2.0/mdpapps/96b144c4-db4d-4cee-e6e9-08d7629609b9/AdminUsers
					
				</td>
			</tr>
			<tr class='log' status='debug'>
				<td class='status debug' title='debug' alt='debug'><i class='material-icons'>low_priority</i></td>
				<td class='timestamp'>2:08:05 PM</td>
				<td class='step-details'>
						Created users with the payload{"firstName":"ZeissUSer","lastName":"Admin","clientId":"ed8d6270-da8b-4ea0-aaa0-7214f6dd09d5","zeissIdUserType":1,"roleId":"985b931d-a04f-491c-de88-08d790386410","contactDetails":[{"country":"string","alternateEmail":"","period":"string","city":"Bangalore","district":"string","postalCode":"string","addressLine1":"Zeiss","addressLine2":"EC","state":"KA","type":"string","alternateNo":"string","contactNo":"string"}],"email":"zeiss0719+20200129_140805@gmail.com"}
					
				</td>
			</tr>
			<tr class='log' status='debug'>
				<td class='status debug' title='debug' alt='debug'><i class='material-icons'>low_priority</i></td>
				<td class='timestamp'>2:08:05 PM</td>
				<td class='step-details'>
						Response Code:400
					
				</td>
			</tr>
			<tr class='log' status='debug'>
				<td class='status debug' title='debug' alt='debug'><i class='material-icons'>low_priority</i></td>
				<td class='timestamp'>2:08:05 PM</td>
				<td class='step-details'>
						Response:{"Error":{"Code":"InvalidOrMissingParameter","Message":"One or more required parameters are invalid or missing.","Target":null,"Details":[{"Code":"InvalidOrMissingParameter","Message":"The AlternateEmail field is not a valid e-mail address.","Target":"ContactDetails[0].AlternateEmail","Details":null,"InnerError":null}],"InnerError":null}}
					
				</td>
			</tr>
			<tr class='log' status='pass'>
				<td class='status pass' title='pass' alt='pass'><i class='material-icons'>check_circle</i></td>
				<td class='timestamp'>2:08:05 PM</td>
				<td class='step-details'>
						Test passed
					
				</td>
			</tr>
		</tbody>
	</table>
</div>
					</div>
				</li>
				<li class='test displayed active  pass' status='pass' bdd='false' test-id='30'>
					<div class='test-heading'>
						<span class='test-name'>tC201_AdminUser_Test25_CreateSSCAdminWithUserTypeRandom</span>
						<span class='test-time'>Jan 29, 2020 02:08:10 PM</span>
						<span class='test-status right pass'>pass</span>
					</div>
					<div class='test-content hide'>
<div class='test-time-info'>
	<span class='label start-time'>Jan 29, 2020 02:08:10 PM</span>
	<span class='label end-time'>Jan 29, 2020 02:08:39 PM</span>
	<span class='label time-taken grey lighten-1 white-text'>0h 0m 29s+38ms</span>
</div>
<div class='test-steps'>
	<table class='bordered table-results'>
		<thead>
			<tr>
				<th>Status</th>
				<th>Timestamp</th>
				<th>Details</th>
			</tr>
		</thead>
		<tbody>
			<tr class='log' status='debug'>
				<td class='status debug' title='debug' alt='debug'><i class='material-icons'>low_priority</i></td>
				<td class='timestamp'>2:08:39 PM</td>
				<td class='step-details'>
						UserName Used for Genrating the Access token:MDPAdmin@id.zeiss.com
					
				</td>
			</tr>
			<tr class='log' status='debug'>
				<td class='status debug' title='debug' alt='debug'><i class='material-icons'>low_priority</i></td>
				<td class='timestamp'>2:08:39 PM</td>
				<td class='step-details'>
						Creating the user with defualt generated email:zeiss0719+20200129_140839@gmail.com
					
				</td>
			</tr>
			<tr class='log' status='debug'>
				<td class='status debug' title='debug' alt='debug'><i class='material-icons'>low_priority</i></td>
				<td class='timestamp'>2:08:39 PM</td>
				<td class='step-details'>
						The BaseUri is :https://mdptest.api.zeiss.com
					
				</td>
			</tr>
			<tr class='log' status='debug'>
				<td class='status debug' title='debug' alt='debug'><i class='material-icons'>low_priority</i></td>
				<td class='timestamp'>2:08:39 PM</td>
				<td class='step-details'>
						/nThe Values to change In JSON:{"ALTERNATEEMAIL":"","ZEISSIDUSERTYPE":5,"ROLEID":"985b931d-a04f-491c-de88-08d790386491","EMAIL":"zeiss0719+20200129_140839@gmail.com","CLIENTID":"ed8d6270-da8b-4ea0-aaa0-7214f6dd09d5"}
					
				</td>
			</tr>
			<tr class='log' status='debug'>
				<td class='status debug' title='debug' alt='debug'><i class='material-icons'>low_priority</i></td>
				<td class='timestamp'>2:08:39 PM</td>
				<td class='step-details'>
						The Effective end point is :/adminuserservice/api/v2.0/mdpapps/96b144c4-db4d-4cee-e6e9-08d7629609b9/AdminUsers
					
				</td>
			</tr>
			<tr class='log' status='debug'>
				<td class='status debug' title='debug' alt='debug'><i class='material-icons'>low_priority</i></td>
				<td class='timestamp'>2:08:39 PM</td>
				<td class='step-details'>
						Created users with the payload{"firstName":"ZeissUSer","lastName":"Admin","clientId":"ed8d6270-da8b-4ea0-aaa0-7214f6dd09d5","zeissIdUserType":5,"roleId":"985b931d-a04f-491c-de88-08d790386491","contactDetails":[{"country":"string","alternateEmail":"","period":"string","city":"Bangalore","district":"string","postalCode":"string","addressLine1":"Zeiss","addressLine2":"EC","state":"KA","type":"string","alternateNo":"string","contactNo":"string"}],"email":"zeiss0719+20200129_140839@gmail.com"}
					
				</td>
			</tr>
			<tr class='log' status='debug'>
				<td class='status debug' title='debug' alt='debug'><i class='material-icons'>low_priority</i></td>
				<td class='timestamp'>2:08:39 PM</td>
				<td class='step-details'>
						Response Code:400
					
				</td>
			</tr>
			<tr class='log' status='debug'>
				<td class='status debug' title='debug' alt='debug'><i class='material-icons'>low_priority</i></td>
				<td class='timestamp'>2:08:39 PM</td>
				<td class='step-details'>
						Response:{"Error":{"Code":"InvalidOrMissingParameter","Message":"One or more required parameters are invalid or missing.","Target":null,"Details":[{"Code":"InvalidOrMissingParameter","Message":"The field ZeissIdUserType must be between 1 and 3.","Target":"ZeissIdUserType","Details":null,"InnerError":null},{"Code":"InvalidOrMissingParameter","Message":"The AlternateEmail field is not a valid e-mail address.","Target":"ContactDetails[0].AlternateEmail","Details":null,"InnerError":null}],"InnerError":null}}
					
				</td>
			</tr>
			<tr class='log' status='pass'>
				<td class='status pass' title='pass' alt='pass'><i class='material-icons'>check_circle</i></td>
				<td class='timestamp'>2:08:39 PM</td>
				<td class='step-details'>
						Test passed
					
				</td>
			</tr>
		</tbody>
	</table>
</div>
					</div>
				</li>
				<li class='test displayed active  pass' status='pass' bdd='false' test-id='31'>
					<div class='test-heading'>
						<span class='test-name'>tC201_AdminUser_Test26_CreateSSCAdminWithMDPAppIdNull</span>
						<span class='test-time'>Jan 29, 2020 02:08:44 PM</span>
						<span class='test-status right pass'>pass</span>
					</div>
					<div class='test-content hide'>
<div class='test-time-info'>
	<span class='label start-time'>Jan 29, 2020 02:08:44 PM</span>
	<span class='label end-time'>Jan 29, 2020 02:09:17 PM</span>
	<span class='label time-taken grey lighten-1 white-text'>0h 0m 33s+753ms</span>
</div>
<div class='test-steps'>
	<table class='bordered table-results'>
		<thead>
			<tr>
				<th>Status</th>
				<th>Timestamp</th>
				<th>Details</th>
			</tr>
		</thead>
		<tbody>
			<tr class='log' status='debug'>
				<td class='status debug' title='debug' alt='debug'><i class='material-icons'>low_priority</i></td>
				<td class='timestamp'>2:09:11 PM</td>
				<td class='step-details'>
						UserName Used for Genrating the Access token:MDPAdmin@id.zeiss.com
					
				</td>
			</tr>
			<tr class='log' status='debug'>
				<td class='status debug' title='debug' alt='debug'><i class='material-icons'>low_priority</i></td>
				<td class='timestamp'>2:09:11 PM</td>
				<td class='step-details'>
						Creating the user with defualt generated email:zeiss0719+20200129_140911@gmail.com
					
				</td>
			</tr>
			<tr class='log' status='debug'>
				<td class='status debug' title='debug' alt='debug'><i class='material-icons'>low_priority</i></td>
				<td class='timestamp'>2:09:11 PM</td>
				<td class='step-details'>
						The BaseUri is :https://mdptest.api.zeiss.com
					
				</td>
			</tr>
			<tr class='log' status='debug'>
				<td class='status debug' title='debug' alt='debug'><i class='material-icons'>low_priority</i></td>
				<td class='timestamp'>2:09:11 PM</td>
				<td class='step-details'>
						/nThe Values to change In JSON:{"ALTERNATEEMAIL":"","ZEISSIDUSERTYPE":1,"ROLEID":"985b931d-a04f-491c-de88-08d790386491","EMAIL":"zeiss0719+20200129_140911@gmail.com","CLIENTID":"ed8d6270-da8b-4ea0-aaa0-7214f6dd09d5"}
					
				</td>
			</tr>
			<tr class='log' status='debug'>
				<td class='status debug' title='debug' alt='debug'><i class='material-icons'>low_priority</i></td>
				<td class='timestamp'>2:09:11 PM</td>
				<td class='step-details'>
						The Effective end point is :/adminuserservice/api/v2.0/mdpapps//AdminUsers
					
				</td>
			</tr>
			<tr class='log' status='debug'>
				<td class='status debug' title='debug' alt='debug'><i class='material-icons'>low_priority</i></td>
				<td class='timestamp'>2:09:11 PM</td>
				<td class='step-details'>
						Created users with the payload{"firstName":"ZeissUSer","lastName":"Admin","clientId":"ed8d6270-da8b-4ea0-aaa0-7214f6dd09d5","zeissIdUserType":1,"roleId":"985b931d-a04f-491c-de88-08d790386491","contactDetails":[{"country":"string","alternateEmail":"","period":"string","city":"Bangalore","district":"string","postalCode":"string","addressLine1":"Zeiss","addressLine2":"EC","state":"KA","type":"string","alternateNo":"string","contactNo":"string"}],"email":"zeiss0719+20200129_140911@gmail.com"}
					
				</td>
			</tr>
			<tr class='log' status='debug'>
				<td class='status debug' title='debug' alt='debug'><i class='material-icons'>low_priority</i></td>
				<td class='timestamp'>2:09:17 PM</td>
				<td class='step-details'>
						Response Code:404
					
				</td>
			</tr>
			<tr class='log' status='debug'>
				<td class='status debug' title='debug' alt='debug'><i class='material-icons'>low_priority</i></td>
				<td class='timestamp'>2:09:17 PM</td>
				<td class='step-details'>
						Response:
					
				</td>
			</tr>
			<tr class='log' status='pass'>
				<td class='status pass' title='pass' alt='pass'><i class='material-icons'>check_circle</i></td>
				<td class='timestamp'>2:09:17 PM</td>
				<td class='step-details'>
						Test passed
					
				</td>
			</tr>
		</tbody>
	</table>
</div>
					</div>
				</li>
			</ul>
		</div>
	</div>
	<!-- subview left -->
	<div class='subview-right left'>
		<div class='view-summary'>
			<div id='step-filters' class="right sr-filters">
				<a class="btn-floating waves-effect waves-light green" status="pass" alt="pass" title="pass"><i class="material-icons">check_circle</i></a>
				<a class="btn-floating waves-effect waves-light red" status="fail" alt="fail" title="fail"><i class="material-icons">cancel</i></a>
				<a class="btn-floating waves-effect waves-light red darken-4" status="fatal" alt="fatal" title="fatal"><i class="material-icons">cancel</i></a>
				<a class="btn-floating waves-effect waves-light pink text-lighten-1" status="error" alt="error" title="error"><i class="material-icons">error</i></a>
				<a class="btn-floating waves-effect waves-light orange" alt="warning" status="warning" title="warning"><i class="material-icons">warning</i></a>
				<a class="btn-floating waves-effect waves-light teal" status="skip" alt="skip" title="skip"><i class="material-icons">redo</i></a>
				<a class="btn-floating waves-effect waves-light grey" status="clear" alt="Clear filters" title="Clear filters"><i class="material-icons">clear</i></a>
			</div>
			<h5 class='test-name'></h5>
		</div>
	</div>
	<!-- subview right -->
</div>
<!-- test view --><!-- category view --><div id='exception-view' class='view hide'>
	<section id='controls'>
		<div class='controls grey lighten-4'>
			<!-- search -->
			<div class='chip transparent' alt='Search Tests' title='Search Tests'>
				<a href="#" class='search-div'>
				<i class='material-icons'>search</i> Search
				</a>
				<div class='input-field left hide'>
					<input id='search-tests' type='text' class='validate browser-default' placeholder='Search Tests...'>
				</div>
			</div>
			<!-- search -->
		</div>
	</section>
	<div class='subview-left left'>
		<div class='view-summary'>
			<ul id='exception-collection' class='exception-collection'>
				<li class='exception displayed active'>
					<div class='exception-heading'>
						<span class='exception-name'>java.lang.AssertionError</span>
						<span class='exception-count right'><span class='label red lighten-1 white-text'>14</span></span>
					</div>
					<div class='exception-content hide'>
						<div class='exception-tests'>
							<table class='bordered table-results'>
								<thead>
									<tr>
										<th>Timestamp</th>
										<th>TestName</th>
										<th>Status</th>
									</tr>
								</thead>
								<tbody>
									<tr>
										<td>Jan 29, 2020 01:45:34 PM</td>
										<td class='linked' test-id='1'>tC201_AdminUser_Test01_CreateAppAdminSibblingWithUserType1</td>
										<td>
											<textarea disabled class="code-block">java.lang.AssertionError: expected [201] but found [401]
	at org.testng.Assert.fail(Assert.java:96)
	at org.testng.Assert.failNotEquals(Assert.java:776)
	at org.testng.Assert.assertEqualsImpl(Assert.java:137)
	at org.testng.Assert.assertEquals(Assert.java:118)
	at org.testng.Assert.assertEquals(Assert.java:652)
	at org.testng.Assert.assertEquals(Assert.java:662)
	at com.mdp.api.tests.AdminUserService_AdminUserTests.tC201_AdminUser_Test01_CreateAppAdminSibblingWithUserType1(AdminUserService_AdminUserTests.java:40)
	at sun.reflect.NativeMethodAccessorImpl.invoke0(Native Method)
	at sun.reflect.NativeMethodAccessorImpl.invoke(NativeMethodAccessorImpl.java:62)
	at sun.reflect.DelegatingMethodAccessorImpl.invoke(DelegatingMethodAccessorImpl.java:43)
	at java.lang.reflect.Method.invoke(Method.java:498)
	at org.testng.internal.MethodInvocationHelper.invokeMethod(MethodInvocationHelper.java:124)
	at org.testng.internal.Invoker.invokeMethod(Invoker.java:583)
	at org.testng.internal.Invoker.invokeTestMethod(Invoker.java:719)
	at org.testng.internal.Invoker.invokeTestMethods(Invoker.java:989)
	at org.testng.internal.TestMethodWorker.invokeTestMethods(TestMethodWorker.java:125)
	at org.testng.internal.TestMethodWorker.run(TestMethodWorker.java:109)
	at org.testng.TestRunner.privateRun(TestRunner.java:648)
	at org.testng.TestRunner.run(TestRunner.java:505)
	at org.testng.SuiteRunner.runTest(SuiteRunner.java:455)
	at org.testng.SuiteRunner.runSequentially(SuiteRunner.java:450)
	at org.testng.SuiteRunner.privateRun(SuiteRunner.java:415)
	at org.testng.SuiteRunner.run(SuiteRunner.java:364)
	at org.testng.SuiteRunnerWorker.runSuite(SuiteRunnerWorker.java:52)
	at org.testng.SuiteRunnerWorker.run(SuiteRunnerWorker.java:84)
	at org.testng.TestNG.runSuitesSequentially(TestNG.java:1208)
	at org.testng.TestNG.runSuitesLocally(TestNG.java:1137)
	at org.testng.TestNG.runSuites(TestNG.java:1049)
	at org.testng.TestNG.run(TestNG.java:1017)
	at org.testng.remote.AbstractRemoteTestNG.run(AbstractRemoteTestNG.java:114)
	at org.testng.remote.RemoteTestNG.initAndRun(RemoteTestNG.java:251)
	at org.testng.remote.RemoteTestNG.main(RemoteTestNG.java:77)
</textarea>
										</td>
									</tr>
									<tr>
										<td>Jan 29, 2020 01:46:19 PM</td>
										<td class='linked' test-id='2'>tC201_AdminUser_Test02_CreateAppAdminSibblingWithUserType2</td>
										<td>
											<textarea disabled class="code-block">java.lang.AssertionError: expected [201] but found [401]
	at org.testng.Assert.fail(Assert.java:96)
	at org.testng.Assert.failNotEquals(Assert.java:776)
	at org.testng.Assert.assertEqualsImpl(Assert.java:137)
	at org.testng.Assert.assertEquals(Assert.java:118)
	at org.testng.Assert.assertEquals(Assert.java:652)
	at org.testng.Assert.assertEquals(Assert.java:662)
	at com.mdp.api.tests.AdminUserService_AdminUserTests.tC201_AdminUser_Test02_CreateAppAdminSibblingWithUserType2(AdminUserService_AdminUserTests.java:66)
	at sun.reflect.NativeMethodAccessorImpl.invoke0(Native Method)
	at sun.reflect.NativeMethodAccessorImpl.invoke(NativeMethodAccessorImpl.java:62)
	at sun.reflect.DelegatingMethodAccessorImpl.invoke(DelegatingMethodAccessorImpl.java:43)
	at java.lang.reflect.Method.invoke(Method.java:498)
	at org.testng.internal.MethodInvocationHelper.invokeMethod(MethodInvocationHelper.java:124)
	at org.testng.internal.Invoker.invokeMethod(Invoker.java:583)
	at org.testng.internal.Invoker.invokeTestMethod(Invoker.java:719)
	at org.testng.internal.Invoker.invokeTestMethods(Invoker.java:989)
	at org.testng.internal.TestMethodWorker.invokeTestMethods(TestMethodWorker.java:125)
	at org.testng.internal.TestMethodWorker.run(TestMethodWorker.java:109)
	at org.testng.TestRunner.privateRun(TestRunner.java:648)
	at org.testng.TestRunner.run(TestRunner.java:505)
	at org.testng.SuiteRunner.runTest(SuiteRunner.java:455)
	at org.testng.SuiteRunner.runSequentially(SuiteRunner.java:450)
	at org.testng.SuiteRunner.privateRun(SuiteRunner.java:415)
	at org.testng.SuiteRunner.run(SuiteRunner.java:364)
	at org.testng.SuiteRunnerWorker.runSuite(SuiteRunnerWorker.java:52)
	at org.testng.SuiteRunnerWorker.run(SuiteRunnerWorker.java:84)
	at org.testng.TestNG.runSuitesSequentially(TestNG.java:1208)
	at org.testng.TestNG.runSuitesLocally(TestNG.java:1137)
	at org.testng.TestNG.runSuites(TestNG.java:1049)
	at org.testng.TestNG.run(TestNG.java:1017)
	at org.testng.remote.AbstractRemoteTestNG.run(AbstractRemoteTestNG.java:114)
	at org.testng.remote.RemoteTestNG.initAndRun(RemoteTestNG.java:251)
	at org.testng.remote.RemoteTestNG.main(RemoteTestNG.java:77)
</textarea>
										</td>
									</tr>
									<tr>
										<td>Jan 29, 2020 01:51:54 PM</td>
										<td class='linked' test-id='6'>tC201_AdminUser_Test06_CreateSSCAdminWithUserType3</td>
										<td>
											<textarea disabled class="code-block">java.lang.AssertionError: expected [null] but found [0a4e432c-fed0-4e44-9486-b192e1efc91e]
	at org.testng.Assert.fail(Assert.java:96)
	at org.testng.Assert.failNotEquals(Assert.java:776)
	at org.testng.Assert.assertEqualsImpl(Assert.java:132)
	at org.testng.Assert.assertEquals(Assert.java:118)
	at org.testng.Assert.assertEquals(Assert.java:453)
	at org.testng.Assert.assertEquals(Assert.java:463)
	at com.mdp.api.tests.AdminUserService_AdminUserTests.tC201_AdminUser_Test06_CreateSSCAdminWithUserType3(AdminUserService_AdminUserTests.java:150)
	at sun.reflect.NativeMethodAccessorImpl.invoke0(Native Method)
	at sun.reflect.NativeMethodAccessorImpl.invoke(NativeMethodAccessorImpl.java:62)
	at sun.reflect.DelegatingMethodAccessorImpl.invoke(DelegatingMethodAccessorImpl.java:43)
	at java.lang.reflect.Method.invoke(Method.java:498)
	at org.testng.internal.MethodInvocationHelper.invokeMethod(MethodInvocationHelper.java:124)
	at org.testng.internal.Invoker.invokeMethod(Invoker.java:583)
	at org.testng.internal.Invoker.invokeTestMethod(Invoker.java:719)
	at org.testng.internal.Invoker.invokeTestMethods(Invoker.java:989)
	at org.testng.internal.TestMethodWorker.invokeTestMethods(TestMethodWorker.java:125)
	at org.testng.internal.TestMethodWorker.run(TestMethodWorker.java:109)
	at org.testng.TestRunner.privateRun(TestRunner.java:648)
	at org.testng.TestRunner.run(TestRunner.java:505)
	at org.testng.SuiteRunner.runTest(SuiteRunner.java:455)
	at org.testng.SuiteRunner.runSequentially(SuiteRunner.java:450)
	at org.testng.SuiteRunner.privateRun(SuiteRunner.java:415)
	at org.testng.SuiteRunner.run(SuiteRunner.java:364)
	at org.testng.SuiteRunnerWorker.runSuite(SuiteRunnerWorker.java:52)
	at org.testng.SuiteRunnerWorker.run(SuiteRunnerWorker.java:84)
	at org.testng.TestNG.runSuitesSequentially(TestNG.java:1208)
	at org.testng.TestNG.runSuitesLocally(TestNG.java:1137)
	at org.testng.TestNG.runSuites(TestNG.java:1049)
	at org.testng.TestNG.run(TestNG.java:1017)
	at org.testng.remote.AbstractRemoteTestNG.run(AbstractRemoteTestNG.java:114)
	at org.testng.remote.RemoteTestNG.initAndRun(RemoteTestNG.java:251)
	at org.testng.remote.RemoteTestNG.main(RemoteTestNG.java:77)
</textarea>
										</td>
									</tr>
									<tr>
										<td>Jan 29, 2020 01:52:36 PM</td>
										<td class='linked' test-id='7'>tC201_AdminUser_Test07_CreateAccountAdminWithMDPAdmin</td>
										<td>
											<textarea disabled class="code-block">java.lang.AssertionError: expected [401] but found [201]
	at org.testng.Assert.fail(Assert.java:96)
	at org.testng.Assert.failNotEquals(Assert.java:776)
	at org.testng.Assert.assertEqualsImpl(Assert.java:137)
	at org.testng.Assert.assertEquals(Assert.java:118)
	at org.testng.Assert.assertEquals(Assert.java:652)
	at org.testng.Assert.assertEquals(Assert.java:662)
	at com.mdp.api.tests.AdminUserService_AdminUserTests.tC201_AdminUser_Test07_CreateAccountAdminWithMDPAdmin(AdminUserService_AdminUserTests.java:169)
	at sun.reflect.NativeMethodAccessorImpl.invoke0(Native Method)
	at sun.reflect.NativeMethodAccessorImpl.invoke(NativeMethodAccessorImpl.java:62)
	at sun.reflect.DelegatingMethodAccessorImpl.invoke(DelegatingMethodAccessorImpl.java:43)
	at java.lang.reflect.Method.invoke(Method.java:498)
	at org.testng.internal.MethodInvocationHelper.invokeMethod(MethodInvocationHelper.java:124)
	at org.testng.internal.Invoker.invokeMethod(Invoker.java:583)
	at org.testng.internal.Invoker.invokeTestMethod(Invoker.java:719)
	at org.testng.internal.Invoker.invokeTestMethods(Invoker.java:989)
	at org.testng.internal.TestMethodWorker.invokeTestMethods(TestMethodWorker.java:125)
	at org.testng.internal.TestMethodWorker.run(TestMethodWorker.java:109)
	at org.testng.TestRunner.privateRun(TestRunner.java:648)
	at org.testng.TestRunner.run(TestRunner.java:505)
	at org.testng.SuiteRunner.runTest(SuiteRunner.java:455)
	at org.testng.SuiteRunner.runSequentially(SuiteRunner.java:450)
	at org.testng.SuiteRunner.privateRun(SuiteRunner.java:415)
	at org.testng.SuiteRunner.run(SuiteRunner.java:364)
	at org.testng.SuiteRunnerWorker.runSuite(SuiteRunnerWorker.java:52)
	at org.testng.SuiteRunnerWorker.run(SuiteRunnerWorker.java:84)
	at org.testng.TestNG.runSuitesSequentially(TestNG.java:1208)
	at org.testng.TestNG.runSuitesLocally(TestNG.java:1137)
	at org.testng.TestNG.runSuites(TestNG.java:1049)
	at org.testng.TestNG.run(TestNG.java:1017)
	at org.testng.remote.AbstractRemoteTestNG.run(AbstractRemoteTestNG.java:114)
	at org.testng.remote.RemoteTestNG.initAndRun(RemoteTestNG.java:251)
	at org.testng.remote.RemoteTestNG.main(RemoteTestNG.java:77)
</textarea>
										</td>
									</tr>
									<tr>
										<td>Jan 29, 2020 01:53:21 PM</td>
										<td class='linked' test-id='8'>tC201_AdminUser_Test08_CreateSiteAdminWithMDPAdmin</td>
										<td>
											<textarea disabled class="code-block">java.lang.AssertionError: expected [401] but found [201]
	at org.testng.Assert.fail(Assert.java:96)
	at org.testng.Assert.failNotEquals(Assert.java:776)
	at org.testng.Assert.assertEqualsImpl(Assert.java:137)
	at org.testng.Assert.assertEquals(Assert.java:118)
	at org.testng.Assert.assertEquals(Assert.java:652)
	at org.testng.Assert.assertEquals(Assert.java:662)
	at com.mdp.api.tests.AdminUserService_AdminUserTests.tC201_AdminUser_Test08_CreateSiteAdminWithMDPAdmin(AdminUserService_AdminUserTests.java:186)
	at sun.reflect.NativeMethodAccessorImpl.invoke0(Native Method)
	at sun.reflect.NativeMethodAccessorImpl.invoke(NativeMethodAccessorImpl.java:62)
	at sun.reflect.DelegatingMethodAccessorImpl.invoke(DelegatingMethodAccessorImpl.java:43)
	at java.lang.reflect.Method.invoke(Method.java:498)
	at org.testng.internal.MethodInvocationHelper.invokeMethod(MethodInvocationHelper.java:124)
	at org.testng.internal.Invoker.invokeMethod(Invoker.java:583)
	at org.testng.internal.Invoker.invokeTestMethod(Invoker.java:719)
	at org.testng.internal.Invoker.invokeTestMethods(Invoker.java:989)
	at org.testng.internal.TestMethodWorker.invokeTestMethods(TestMethodWorker.java:125)
	at org.testng.internal.TestMethodWorker.run(TestMethodWorker.java:109)
	at org.testng.TestRunner.privateRun(TestRunner.java:648)
	at org.testng.TestRunner.run(TestRunner.java:505)
	at org.testng.SuiteRunner.runTest(SuiteRunner.java:455)
	at org.testng.SuiteRunner.runSequentially(SuiteRunner.java:450)
	at org.testng.SuiteRunner.privateRun(SuiteRunner.java:415)
	at org.testng.SuiteRunner.run(SuiteRunner.java:364)
	at org.testng.SuiteRunnerWorker.runSuite(SuiteRunnerWorker.java:52)
	at org.testng.SuiteRunnerWorker.run(SuiteRunnerWorker.java:84)
	at org.testng.TestNG.runSuitesSequentially(TestNG.java:1208)
	at org.testng.TestNG.runSuitesLocally(TestNG.java:1137)
	at org.testng.TestNG.runSuites(TestNG.java:1049)
	at org.testng.TestNG.run(TestNG.java:1017)
	at org.testng.remote.AbstractRemoteTestNG.run(AbstractRemoteTestNG.java:114)
	at org.testng.remote.RemoteTestNG.initAndRun(RemoteTestNG.java:251)
	at org.testng.remote.RemoteTestNG.main(RemoteTestNG.java:77)
</textarea>
										</td>
									</tr>
									<tr>
										<td>Jan 29, 2020 01:54:04 PM</td>
										<td class='linked' test-id='9'>TC201_AdminUser_Test27_CreateSSCAdminWithMDPAppIdInvalid</td>
										<td>
											<textarea disabled class="code-block">java.lang.AssertionError: expected [404] but found [400]
	at org.testng.Assert.fail(Assert.java:96)
	at org.testng.Assert.failNotEquals(Assert.java:776)
	at org.testng.Assert.assertEqualsImpl(Assert.java:137)
	at org.testng.Assert.assertEquals(Assert.java:118)
	at org.testng.Assert.assertEquals(Assert.java:652)
	at org.testng.Assert.assertEquals(Assert.java:662)
	at com.mdp.api.tests.AdminUserService_AdminUserTests.TC201_AdminUser_Test27_CreateSSCAdminWithMDPAppIdInvalid(AdminUserService_AdminUserTests.java:552)
	at sun.reflect.NativeMethodAccessorImpl.invoke0(Native Method)
	at sun.reflect.NativeMethodAccessorImpl.invoke(NativeMethodAccessorImpl.java:62)
	at sun.reflect.DelegatingMethodAccessorImpl.invoke(DelegatingMethodAccessorImpl.java:43)
	at java.lang.reflect.Method.invoke(Method.java:498)
	at org.testng.internal.MethodInvocationHelper.invokeMethod(MethodInvocationHelper.java:124)
	at org.testng.internal.Invoker.invokeMethod(Invoker.java:583)
	at org.testng.internal.Invoker.invokeTestMethod(Invoker.java:719)
	at org.testng.internal.Invoker.invokeTestMethods(Invoker.java:989)
	at org.testng.internal.TestMethodWorker.invokeTestMethods(TestMethodWorker.java:125)
	at org.testng.internal.TestMethodWorker.run(TestMethodWorker.java:109)
	at org.testng.TestRunner.privateRun(TestRunner.java:648)
	at org.testng.TestRunner.run(TestRunner.java:505)
	at org.testng.SuiteRunner.runTest(SuiteRunner.java:455)
	at org.testng.SuiteRunner.runSequentially(SuiteRunner.java:450)
	at org.testng.SuiteRunner.privateRun(SuiteRunner.java:415)
	at org.testng.SuiteRunner.run(SuiteRunner.java:364)
	at org.testng.SuiteRunnerWorker.runSuite(SuiteRunnerWorker.java:52)
	at org.testng.SuiteRunnerWorker.run(SuiteRunnerWorker.java:84)
	at org.testng.TestNG.runSuitesSequentially(TestNG.java:1208)
	at org.testng.TestNG.runSuitesLocally(TestNG.java:1137)
	at org.testng.TestNG.runSuites(TestNG.java:1049)
	at org.testng.TestNG.run(TestNG.java:1017)
	at org.testng.remote.AbstractRemoteTestNG.run(AbstractRemoteTestNG.java:114)
	at org.testng.remote.RemoteTestNG.initAndRun(RemoteTestNG.java:251)
	at org.testng.remote.RemoteTestNG.main(RemoteTestNG.java:77)
</textarea>
										</td>
									</tr>
									<tr>
										<td>Jan 29, 2020 01:58:02 PM</td>
										<td class='linked' test-id='15'>TC201_AdminUser_Test28_CreateSSCAdminWithoutContactDetails</td>
										<td>
											<textarea disabled class="code-block">java.lang.AssertionError: expected [404] but found [400]
	at org.testng.Assert.fail(Assert.java:96)
	at org.testng.Assert.failNotEquals(Assert.java:776)
	at org.testng.Assert.assertEqualsImpl(Assert.java:137)
	at org.testng.Assert.assertEquals(Assert.java:118)
	at org.testng.Assert.assertEquals(Assert.java:652)
	at org.testng.Assert.assertEquals(Assert.java:662)
	at com.mdp.api.tests.AdminUserService_AdminUserTests.TC201_AdminUser_Test28_CreateSSCAdminWithoutContactDetails(AdminUserService_AdminUserTests.java:590)
	at sun.reflect.NativeMethodAccessorImpl.invoke0(Native Method)
	at sun.reflect.NativeMethodAccessorImpl.invoke(NativeMethodAccessorImpl.java:62)
	at sun.reflect.DelegatingMethodAccessorImpl.invoke(DelegatingMethodAccessorImpl.java:43)
	at java.lang.reflect.Method.invoke(Method.java:498)
	at org.testng.internal.MethodInvocationHelper.invokeMethod(MethodInvocationHelper.java:124)
	at org.testng.internal.Invoker.invokeMethod(Invoker.java:583)
	at org.testng.internal.Invoker.invokeTestMethod(Invoker.java:719)
	at org.testng.internal.Invoker.invokeTestMethods(Invoker.java:989)
	at org.testng.internal.TestMethodWorker.invokeTestMethods(TestMethodWorker.java:125)
	at org.testng.internal.TestMethodWorker.run(TestMethodWorker.java:109)
	at org.testng.TestRunner.privateRun(TestRunner.java:648)
	at org.testng.TestRunner.run(TestRunner.java:505)
	at org.testng.SuiteRunner.runTest(SuiteRunner.java:455)
	at org.testng.SuiteRunner.runSequentially(SuiteRunner.java:450)
	at org.testng.SuiteRunner.privateRun(SuiteRunner.java:415)
	at org.testng.SuiteRunner.run(SuiteRunner.java:364)
	at org.testng.SuiteRunnerWorker.runSuite(SuiteRunnerWorker.java:52)
	at org.testng.SuiteRunnerWorker.run(SuiteRunnerWorker.java:84)
	at org.testng.TestNG.runSuitesSequentially(TestNG.java:1208)
	at org.testng.TestNG.runSuitesLocally(TestNG.java:1137)
	at org.testng.TestNG.runSuites(TestNG.java:1049)
	at org.testng.TestNG.run(TestNG.java:1017)
	at org.testng.remote.AbstractRemoteTestNG.run(AbstractRemoteTestNG.java:114)
	at org.testng.remote.RemoteTestNG.initAndRun(RemoteTestNG.java:251)
	at org.testng.remote.RemoteTestNG.main(RemoteTestNG.java:77)
</textarea>
										</td>
									</tr>
									<tr>
										<td>Jan 29, 2020 01:58:38 PM</td>
										<td class='linked' test-id='16'>tC201_AdminUser_Test09_CreateSSCAdminWithSSCAdmin</td>
										<td>
											<textarea disabled class="code-block">java.lang.AssertionError: expected [401] but found [500]
	at org.testng.Assert.fail(Assert.java:96)
	at org.testng.Assert.failNotEquals(Assert.java:776)
	at org.testng.Assert.assertEqualsImpl(Assert.java:137)
	at org.testng.Assert.assertEquals(Assert.java:118)
	at org.testng.Assert.assertEquals(Assert.java:652)
	at org.testng.Assert.assertEquals(Assert.java:662)
	at com.mdp.api.tests.AdminUserService_AdminUserTests.tC201_AdminUser_Test09_CreateSSCAdminWithSSCAdmin(AdminUserService_AdminUserTests.java:203)
	at sun.reflect.NativeMethodAccessorImpl.invoke0(Native Method)
	at sun.reflect.NativeMethodAccessorImpl.invoke(NativeMethodAccessorImpl.java:62)
	at sun.reflect.DelegatingMethodAccessorImpl.invoke(DelegatingMethodAccessorImpl.java:43)
	at java.lang.reflect.Method.invoke(Method.java:498)
	at org.testng.internal.MethodInvocationHelper.invokeMethod(MethodInvocationHelper.java:124)
	at org.testng.internal.Invoker.invokeMethod(Invoker.java:583)
	at org.testng.internal.Invoker.invokeTestMethod(Invoker.java:719)
	at org.testng.internal.Invoker.invokeTestMethods(Invoker.java:989)
	at org.testng.internal.TestMethodWorker.invokeTestMethods(TestMethodWorker.java:125)
	at org.testng.internal.TestMethodWorker.run(TestMethodWorker.java:109)
	at org.testng.TestRunner.privateRun(TestRunner.java:648)
	at org.testng.TestRunner.run(TestRunner.java:505)
	at org.testng.SuiteRunner.runTest(SuiteRunner.java:455)
	at org.testng.SuiteRunner.runSequentially(SuiteRunner.java:450)
	at org.testng.SuiteRunner.privateRun(SuiteRunner.java:415)
	at org.testng.SuiteRunner.run(SuiteRunner.java:364)
	at org.testng.SuiteRunnerWorker.runSuite(SuiteRunnerWorker.java:52)
	at org.testng.SuiteRunnerWorker.run(SuiteRunnerWorker.java:84)
	at org.testng.TestNG.runSuitesSequentially(TestNG.java:1208)
	at org.testng.TestNG.runSuitesLocally(TestNG.java:1137)
	at org.testng.TestNG.runSuites(TestNG.java:1049)
	at org.testng.TestNG.run(TestNG.java:1017)
	at org.testng.remote.AbstractRemoteTestNG.run(AbstractRemoteTestNG.java:114)
	at org.testng.remote.RemoteTestNG.initAndRun(RemoteTestNG.java:251)
	at org.testng.remote.RemoteTestNG.main(RemoteTestNG.java:77)
</textarea>
										</td>
									</tr>
									<tr>
										<td>Jan 29, 2020 01:59:32 PM</td>
										<td class='linked' test-id='17'>tC201_AdminUser_Test10_CreateAccountAdminWithSSCAdmin</td>
										<td>
											<textarea disabled class="code-block">java.lang.AssertionError: expected [401] but found [500]
	at org.testng.Assert.fail(Assert.java:96)
	at org.testng.Assert.failNotEquals(Assert.java:776)
	at org.testng.Assert.assertEqualsImpl(Assert.java:137)
	at org.testng.Assert.assertEquals(Assert.java:118)
	at org.testng.Assert.assertEquals(Assert.java:652)
	at org.testng.Assert.assertEquals(Assert.java:662)
	at com.mdp.api.tests.AdminUserService_AdminUserTests.tC201_AdminUser_Test10_CreateAccountAdminWithSSCAdmin(AdminUserService_AdminUserTests.java:221)
	at sun.reflect.NativeMethodAccessorImpl.invoke0(Native Method)
	at sun.reflect.NativeMethodAccessorImpl.invoke(NativeMethodAccessorImpl.java:62)
	at sun.reflect.DelegatingMethodAccessorImpl.invoke(DelegatingMethodAccessorImpl.java:43)
	at java.lang.reflect.Method.invoke(Method.java:498)
	at org.testng.internal.MethodInvocationHelper.invokeMethod(MethodInvocationHelper.java:124)
	at org.testng.internal.Invoker.invokeMethod(Invoker.java:583)
	at org.testng.internal.Invoker.invokeTestMethod(Invoker.java:719)
	at org.testng.internal.Invoker.invokeTestMethods(Invoker.java:989)
	at org.testng.internal.TestMethodWorker.invokeTestMethods(TestMethodWorker.java:125)
	at org.testng.internal.TestMethodWorker.run(TestMethodWorker.java:109)
	at org.testng.TestRunner.privateRun(TestRunner.java:648)
	at org.testng.TestRunner.run(TestRunner.java:505)
	at org.testng.SuiteRunner.runTest(SuiteRunner.java:455)
	at org.testng.SuiteRunner.runSequentially(SuiteRunner.java:450)
	at org.testng.SuiteRunner.privateRun(SuiteRunner.java:415)
	at org.testng.SuiteRunner.run(SuiteRunner.java:364)
	at org.testng.SuiteRunnerWorker.runSuite(SuiteRunnerWorker.java:52)
	at org.testng.SuiteRunnerWorker.run(SuiteRunnerWorker.java:84)
	at org.testng.TestNG.runSuitesSequentially(TestNG.java:1208)
	at org.testng.TestNG.runSuitesLocally(TestNG.java:1137)
	at org.testng.TestNG.runSuites(TestNG.java:1049)
	at org.testng.TestNG.run(TestNG.java:1017)
	at org.testng.remote.AbstractRemoteTestNG.run(AbstractRemoteTestNG.java:114)
	at org.testng.remote.RemoteTestNG.initAndRun(RemoteTestNG.java:251)
	at org.testng.remote.RemoteTestNG.main(RemoteTestNG.java:77)
</textarea>
										</td>
									</tr>
									<tr>
										<td>Jan 29, 2020 02:00:03 PM</td>
										<td class='linked' test-id='18'>tC201_AdminUser_Test11_CreateSiteAdminWithSSCAdmin</td>
										<td>
											<textarea disabled class="code-block">java.lang.AssertionError: expected [401] but found [500]
	at org.testng.Assert.fail(Assert.java:96)
	at org.testng.Assert.failNotEquals(Assert.java:776)
	at org.testng.Assert.assertEqualsImpl(Assert.java:137)
	at org.testng.Assert.assertEquals(Assert.java:118)
	at org.testng.Assert.assertEquals(Assert.java:652)
	at org.testng.Assert.assertEquals(Assert.java:662)
	at com.mdp.api.tests.AdminUserService_AdminUserTests.tC201_AdminUser_Test11_CreateSiteAdminWithSSCAdmin(AdminUserService_AdminUserTests.java:239)
	at sun.reflect.NativeMethodAccessorImpl.invoke0(Native Method)
	at sun.reflect.NativeMethodAccessorImpl.invoke(NativeMethodAccessorImpl.java:62)
	at sun.reflect.DelegatingMethodAccessorImpl.invoke(DelegatingMethodAccessorImpl.java:43)
	at java.lang.reflect.Method.invoke(Method.java:498)
	at org.testng.internal.MethodInvocationHelper.invokeMethod(MethodInvocationHelper.java:124)
	at org.testng.internal.Invoker.invokeMethod(Invoker.java:583)
	at org.testng.internal.Invoker.invokeTestMethod(Invoker.java:719)
	at org.testng.internal.Invoker.invokeTestMethods(Invoker.java:989)
	at org.testng.internal.TestMethodWorker.invokeTestMethods(TestMethodWorker.java:125)
	at org.testng.internal.TestMethodWorker.run(TestMethodWorker.java:109)
	at org.testng.TestRunner.privateRun(TestRunner.java:648)
	at org.testng.TestRunner.run(TestRunner.java:505)
	at org.testng.SuiteRunner.runTest(SuiteRunner.java:455)
	at org.testng.SuiteRunner.runSequentially(SuiteRunner.java:450)
	at org.testng.SuiteRunner.privateRun(SuiteRunner.java:415)
	at org.testng.SuiteRunner.run(SuiteRunner.java:364)
	at org.testng.SuiteRunnerWorker.runSuite(SuiteRunnerWorker.java:52)
	at org.testng.SuiteRunnerWorker.run(SuiteRunnerWorker.java:84)
	at org.testng.TestNG.runSuitesSequentially(TestNG.java:1208)
	at org.testng.TestNG.runSuitesLocally(TestNG.java:1137)
	at org.testng.TestNG.runSuites(TestNG.java:1049)
	at org.testng.TestNG.run(TestNG.java:1017)
	at org.testng.remote.AbstractRemoteTestNG.run(AbstractRemoteTestNG.java:114)
	at org.testng.remote.RemoteTestNG.initAndRun(RemoteTestNG.java:251)
	at org.testng.remote.RemoteTestNG.main(RemoteTestNG.java:77)
</textarea>
										</td>
									</tr>
									<tr>
										<td>Jan 29, 2020 02:00:34 PM</td>
										<td class='linked' test-id='19'>tC201_AdminUser_Test13_CreateAppAdminWithExistingSSCAdminMail</td>
										<td>
											<textarea disabled class="code-block">java.lang.AssertionError: expected [400] but found [401]
	at org.testng.Assert.fail(Assert.java:96)
	at org.testng.Assert.failNotEquals(Assert.java:776)
	at org.testng.Assert.assertEqualsImpl(Assert.java:137)
	at org.testng.Assert.assertEquals(Assert.java:118)
	at org.testng.Assert.assertEquals(Assert.java:652)
	at org.testng.Assert.assertEquals(Assert.java:662)
	at com.mdp.api.tests.AdminUserService_AdminUserTests.tC201_AdminUser_Test13_CreateAppAdminWithExistingSSCAdminMail(AdminUserService_AdminUserTests.java:279)
	at sun.reflect.NativeMethodAccessorImpl.invoke0(Native Method)
	at sun.reflect.NativeMethodAccessorImpl.invoke(NativeMethodAccessorImpl.java:62)
	at sun.reflect.DelegatingMethodAccessorImpl.invoke(DelegatingMethodAccessorImpl.java:43)
	at java.lang.reflect.Method.invoke(Method.java:498)
	at org.testng.internal.MethodInvocationHelper.invokeMethod(MethodInvocationHelper.java:124)
	at org.testng.internal.Invoker.invokeMethod(Invoker.java:583)
	at org.testng.internal.Invoker.invokeTestMethod(Invoker.java:719)
	at org.testng.internal.Invoker.invokeTestMethods(Invoker.java:989)
	at org.testng.internal.TestMethodWorker.invokeTestMethods(TestMethodWorker.java:125)
	at org.testng.internal.TestMethodWorker.run(TestMethodWorker.java:109)
	at org.testng.TestRunner.privateRun(TestRunner.java:648)
	at org.testng.TestRunner.run(TestRunner.java:505)
	at org.testng.SuiteRunner.runTest(SuiteRunner.java:455)
	at org.testng.SuiteRunner.runSequentially(SuiteRunner.java:450)
	at org.testng.SuiteRunner.privateRun(SuiteRunner.java:415)
	at org.testng.SuiteRunner.run(SuiteRunner.java:364)
	at org.testng.SuiteRunnerWorker.runSuite(SuiteRunnerWorker.java:52)
	at org.testng.SuiteRunnerWorker.run(SuiteRunnerWorker.java:84)
	at org.testng.TestNG.runSuitesSequentially(TestNG.java:1208)
	at org.testng.TestNG.runSuitesLocally(TestNG.java:1137)
	at org.testng.TestNG.runSuites(TestNG.java:1049)
	at org.testng.TestNG.run(TestNG.java:1017)
	at org.testng.remote.AbstractRemoteTestNG.run(AbstractRemoteTestNG.java:114)
	at org.testng.remote.RemoteTestNG.initAndRun(RemoteTestNG.java:251)
	at org.testng.remote.RemoteTestNG.main(RemoteTestNG.java:77)
</textarea>
										</td>
									</tr>
									<tr>
										<td>Jan 29, 2020 02:01:16 PM</td>
										<td class='linked' test-id='20'>tC201_AdminUser_Test15_CreateSSCAdminWithExistingSSCAdminMail</td>
										<td>
											<textarea disabled class="code-block">java.lang.AssertionError: expected [400] but found [201]
	at org.testng.Assert.fail(Assert.java:96)
	at org.testng.Assert.failNotEquals(Assert.java:776)
	at org.testng.Assert.assertEqualsImpl(Assert.java:137)
	at org.testng.Assert.assertEquals(Assert.java:118)
	at org.testng.Assert.assertEquals(Assert.java:652)
	at org.testng.Assert.assertEquals(Assert.java:662)
	at com.mdp.api.tests.AdminUserService_AdminUserTests.tC201_AdminUser_Test15_CreateSSCAdminWithExistingSSCAdminMail(AdminUserService_AdminUserTests.java:323)
	at sun.reflect.NativeMethodAccessorImpl.invoke0(Native Method)
	at sun.reflect.NativeMethodAccessorImpl.invoke(NativeMethodAccessorImpl.java:62)
	at sun.reflect.DelegatingMethodAccessorImpl.invoke(DelegatingMethodAccessorImpl.java:43)
	at java.lang.reflect.Method.invoke(Method.java:498)
	at org.testng.internal.MethodInvocationHelper.invokeMethod(MethodInvocationHelper.java:124)
	at org.testng.internal.Invoker.invokeMethod(Invoker.java:583)
	at org.testng.internal.Invoker.invokeTestMethod(Invoker.java:719)
	at org.testng.internal.Invoker.invokeTestMethods(Invoker.java:989)
	at org.testng.internal.TestMethodWorker.invokeTestMethods(TestMethodWorker.java:125)
	at org.testng.internal.TestMethodWorker.run(TestMethodWorker.java:109)
	at org.testng.TestRunner.privateRun(TestRunner.java:648)
	at org.testng.TestRunner.run(TestRunner.java:505)
	at org.testng.SuiteRunner.runTest(SuiteRunner.java:455)
	at org.testng.SuiteRunner.runSequentially(SuiteRunner.java:450)
	at org.testng.SuiteRunner.privateRun(SuiteRunner.java:415)
	at org.testng.SuiteRunner.run(SuiteRunner.java:364)
	at org.testng.SuiteRunnerWorker.runSuite(SuiteRunnerWorker.java:52)
	at org.testng.SuiteRunnerWorker.run(SuiteRunnerWorker.java:84)
	at org.testng.TestNG.runSuitesSequentially(TestNG.java:1208)
	at org.testng.TestNG.runSuitesLocally(TestNG.java:1137)
	at org.testng.TestNG.runSuites(TestNG.java:1049)
	at org.testng.TestNG.run(TestNG.java:1017)
	at org.testng.remote.AbstractRemoteTestNG.run(AbstractRemoteTestNG.java:114)
	at org.testng.remote.RemoteTestNG.initAndRun(RemoteTestNG.java:251)
	at org.testng.remote.RemoteTestNG.main(RemoteTestNG.java:77)
</textarea>
										</td>
									</tr>
									<tr>
										<td>Jan 29, 2020 02:02:54 PM</td>
										<td class='linked' test-id='23'>tC201_AdminUser_Test18_CreateMDPAdminWithEmailAsUniqueAndExistingAlternateEmailForUserType2</td>
										<td>
											<textarea disabled class="code-block">java.lang.AssertionError: expected [409] but found [401]
	at org.testng.Assert.fail(Assert.java:96)
	at org.testng.Assert.failNotEquals(Assert.java:776)
	at org.testng.Assert.assertEqualsImpl(Assert.java:137)
	at org.testng.Assert.assertEquals(Assert.java:118)
	at org.testng.Assert.assertEquals(Assert.java:652)
	at org.testng.Assert.assertEquals(Assert.java:662)
	at com.mdp.api.tests.AdminUserService_AdminUserTests.tC201_AdminUser_Test18_CreateMDPAdminWithEmailAsUniqueAndExistingAlternateEmailForUserType2(AdminUserService_AdminUserTests.java:381)
	at sun.reflect.NativeMethodAccessorImpl.invoke0(Native Method)
	at sun.reflect.NativeMethodAccessorImpl.invoke(NativeMethodAccessorImpl.java:62)
	at sun.reflect.DelegatingMethodAccessorImpl.invoke(DelegatingMethodAccessorImpl.java:43)
	at java.lang.reflect.Method.invoke(Method.java:498)
	at org.testng.internal.MethodInvocationHelper.invokeMethod(MethodInvocationHelper.java:124)
	at org.testng.internal.Invoker.invokeMethod(Invoker.java:583)
	at org.testng.internal.Invoker.invokeTestMethod(Invoker.java:719)
	at org.testng.internal.Invoker.invokeTestMethods(Invoker.java:989)
	at org.testng.internal.TestMethodWorker.invokeTestMethods(TestMethodWorker.java:125)
	at org.testng.internal.TestMethodWorker.run(TestMethodWorker.java:109)
	at org.testng.TestRunner.privateRun(TestRunner.java:648)
	at org.testng.TestRunner.run(TestRunner.java:505)
	at org.testng.SuiteRunner.runTest(SuiteRunner.java:455)
	at org.testng.SuiteRunner.runSequentially(SuiteRunner.java:450)
	at org.testng.SuiteRunner.privateRun(SuiteRunner.java:415)
	at org.testng.SuiteRunner.run(SuiteRunner.java:364)
	at org.testng.SuiteRunnerWorker.runSuite(SuiteRunnerWorker.java:52)
	at org.testng.SuiteRunnerWorker.run(SuiteRunnerWorker.java:84)
	at org.testng.TestNG.runSuitesSequentially(TestNG.java:1208)
	at org.testng.TestNG.runSuitesLocally(TestNG.java:1137)
	at org.testng.TestNG.runSuites(TestNG.java:1049)
	at org.testng.TestNG.run(TestNG.java:1017)
	at org.testng.remote.AbstractRemoteTestNG.run(AbstractRemoteTestNG.java:114)
	at org.testng.remote.RemoteTestNG.initAndRun(RemoteTestNG.java:251)
	at org.testng.remote.RemoteTestNG.main(RemoteTestNG.java:77)
</textarea>
										</td>
									</tr>
									<tr>
										<td>Jan 29, 2020 02:03:36 PM</td>
										<td class='linked' test-id='24'>tC201_AdminUser_Test19_CreateSSCAdminWithEmailAsUniqueAndExistingAlternateEmailForUserType2</td>
										<td>
											<textarea disabled class="code-block">java.lang.AssertionError: expected [409] but found [400]
	at org.testng.Assert.fail(Assert.java:96)
	at org.testng.Assert.failNotEquals(Assert.java:776)
	at org.testng.Assert.assertEqualsImpl(Assert.java:137)
	at org.testng.Assert.assertEquals(Assert.java:118)
	at org.testng.Assert.assertEquals(Assert.java:652)
	at org.testng.Assert.assertEquals(Assert.java:662)
	at com.mdp.api.tests.AdminUserService_AdminUserTests.tC201_AdminUser_Test19_CreateSSCAdminWithEmailAsUniqueAndExistingAlternateEmailForUserType2(AdminUserService_AdminUserTests.java:400)
	at sun.reflect.NativeMethodAccessorImpl.invoke0(Native Method)
	at sun.reflect.NativeMethodAccessorImpl.invoke(NativeMethodAccessorImpl.java:62)
	at sun.reflect.DelegatingMethodAccessorImpl.invoke(DelegatingMethodAccessorImpl.java:43)
	at java.lang.reflect.Method.invoke(Method.java:498)
	at org.testng.internal.MethodInvocationHelper.invokeMethod(MethodInvocationHelper.java:124)
	at org.testng.internal.Invoker.invokeMethod(Invoker.java:583)
	at org.testng.internal.Invoker.invokeTestMethod(Invoker.java:719)
	at org.testng.internal.Invoker.invokeTestMethods(Invoker.java:989)
	at org.testng.internal.TestMethodWorker.invokeTestMethods(TestMethodWorker.java:125)
	at org.testng.internal.TestMethodWorker.run(TestMethodWorker.java:109)
	at org.testng.TestRunner.privateRun(TestRunner.java:648)
	at org.testng.TestRunner.run(TestRunner.java:505)
	at org.testng.SuiteRunner.runTest(SuiteRunner.java:455)
	at org.testng.SuiteRunner.runSequentially(SuiteRunner.java:450)
	at org.testng.SuiteRunner.privateRun(SuiteRunner.java:415)
	at org.testng.SuiteRunner.run(SuiteRunner.java:364)
	at org.testng.SuiteRunnerWorker.runSuite(SuiteRunnerWorker.java:52)
	at org.testng.SuiteRunnerWorker.run(SuiteRunnerWorker.java:84)
	at org.testng.TestNG.runSuitesSequentially(TestNG.java:1208)
	at org.testng.TestNG.runSuitesLocally(TestNG.java:1137)
	at org.testng.TestNG.runSuites(TestNG.java:1049)
	at org.testng.TestNG.run(TestNG.java:1017)
	at org.testng.remote.AbstractRemoteTestNG.run(AbstractRemoteTestNG.java:114)
	at org.testng.remote.RemoteTestNG.initAndRun(RemoteTestNG.java:251)
	at org.testng.remote.RemoteTestNG.main(RemoteTestNG.java:77)
</textarea>
										</td>
									</tr>
								</tbody>
							</table>
						</div>
					</div>
				</li>
				<li class='exception displayed active'>
					<div class='exception-heading'>
						<span class='exception-name'>java.lang.IllegalStateException</span>
						<span class='exception-count right'><span class='label red lighten-1 white-text'>1</span></span>
					</div>
					<div class='exception-content hide'>
						<div class='exception-tests'>
							<table class='bordered table-results'>
								<thead>
									<tr>
										<th>Timestamp</th>
										<th>TestName</th>
										<th>Status</th>
									</tr>
								</thead>
								<tbody>
									<tr>
										<td>Jan 29, 2020 01:49:14 PM</td>
										<td class='linked' test-id='5'>tC201_AdminUser_Test05_CreateSSCAdminWithUserType2</td>
										<td>
											<textarea disabled class="code-block">java.lang.IllegalStateException: This operation is not allowed on a closed folder
	at com.sun.mail.imap.IMAPFolder.checkOpened(IMAPFolder.java:478)
	at com.sun.mail.imap.IMAPFolder.getMessages(IMAPFolder.java:1856)
	at com.selenium.utils.MailBox.getContent(MailBox.java:86)
	at com.mdp.api.tests.AdminUserService_AdminUserTests.tC201_AdminUser_Test05_CreateSSCAdminWithUserType2(AdminUserService_AdminUserTests.java:129)
	at sun.reflect.NativeMethodAccessorImpl.invoke0(Native Method)
	at sun.reflect.NativeMethodAccessorImpl.invoke(NativeMethodAccessorImpl.java:62)
	at sun.reflect.DelegatingMethodAccessorImpl.invoke(DelegatingMethodAccessorImpl.java:43)
	at java.lang.reflect.Method.invoke(Method.java:498)
	at org.testng.internal.MethodInvocationHelper.invokeMethod(MethodInvocationHelper.java:124)
	at org.testng.internal.Invoker.invokeMethod(Invoker.java:583)
	at org.testng.internal.Invoker.invokeTestMethod(Invoker.java:719)
	at org.testng.internal.Invoker.invokeTestMethods(Invoker.java:989)
	at org.testng.internal.TestMethodWorker.invokeTestMethods(TestMethodWorker.java:125)
	at org.testng.internal.TestMethodWorker.run(TestMethodWorker.java:109)
	at org.testng.TestRunner.privateRun(TestRunner.java:648)
	at org.testng.TestRunner.run(TestRunner.java:505)
	at org.testng.SuiteRunner.runTest(SuiteRunner.java:455)
	at org.testng.SuiteRunner.runSequentially(SuiteRunner.java:450)
	at org.testng.SuiteRunner.privateRun(SuiteRunner.java:415)
	at org.testng.SuiteRunner.run(SuiteRunner.java:364)
	at org.testng.SuiteRunnerWorker.runSuite(SuiteRunnerWorker.java:52)
	at org.testng.SuiteRunnerWorker.run(SuiteRunnerWorker.java:84)
	at org.testng.TestNG.runSuitesSequentially(TestNG.java:1208)
	at org.testng.TestNG.runSuitesLocally(TestNG.java:1137)
	at org.testng.TestNG.runSuites(TestNG.java:1049)
	at org.testng.TestNG.run(TestNG.java:1017)
	at org.testng.remote.AbstractRemoteTestNG.run(AbstractRemoteTestNG.java:114)
	at org.testng.remote.RemoteTestNG.initAndRun(RemoteTestNG.java:251)
	at org.testng.remote.RemoteTestNG.main(RemoteTestNG.java:77)
</textarea>
										</td>
									</tr>
								</tbody>
							</table>
						</div>
					</div>
				</li>
				<li class='exception displayed active'>
					<div class='exception-heading'>
						<span class='exception-name'>java.lang.Throwable</span>
						<span class='exception-count right'><span class='label red lighten-1 white-text'>2</span></span>
					</div>
					<div class='exception-content hide'>
						<div class='exception-tests'>
							<table class='bordered table-results'>
								<thead>
									<tr>
										<th>Timestamp</th>
										<th>TestName</th>
										<th>Status</th>
									</tr>
								</thead>
								<tbody>
									<tr>
										<td>Jan 29, 2020 02:00:03 PM</td>
										<td class='linked' test-id='18'>tC201_AdminUser_Test11_CreateSiteAdminWithSSCAdmin</td>
										<td>
											<textarea disabled class="code-block">java.lang.Throwable: Method AdminUserService_AdminUserTests.tC201_AdminUser_Test12_CreateAppAdminWithExistingMDPAdminMail(org.json.simple.JSONObject)[pri:0, instance:com.mdp.api.tests.AdminUserService_AdminUserTests@333291e3] depends on not successfully finished methods
	at org.testng.internal.Invoker.invokeTestMethods(Invoker.java:888)
	at org.testng.internal.TestMethodWorker.invokeTestMethods(TestMethodWorker.java:125)
	at org.testng.internal.TestMethodWorker.run(TestMethodWorker.java:109)
	at org.testng.TestRunner.privateRun(TestRunner.java:648)
	at org.testng.TestRunner.run(TestRunner.java:505)
	at org.testng.SuiteRunner.runTest(SuiteRunner.java:455)
	at org.testng.SuiteRunner.runSequentially(SuiteRunner.java:450)
	at org.testng.SuiteRunner.privateRun(SuiteRunner.java:415)
	at org.testng.SuiteRunner.run(SuiteRunner.java:364)
	at org.testng.SuiteRunnerWorker.runSuite(SuiteRunnerWorker.java:52)
	at org.testng.SuiteRunnerWorker.run(SuiteRunnerWorker.java:84)
	at org.testng.TestNG.runSuitesSequentially(TestNG.java:1208)
	at org.testng.TestNG.runSuitesLocally(TestNG.java:1137)
	at org.testng.TestNG.runSuites(TestNG.java:1049)
	at org.testng.TestNG.run(TestNG.java:1017)
	at org.testng.remote.AbstractRemoteTestNG.run(AbstractRemoteTestNG.java:114)
	at org.testng.remote.RemoteTestNG.initAndRun(RemoteTestNG.java:251)
	at org.testng.remote.RemoteTestNG.main(RemoteTestNG.java:77)
</textarea>
										</td>
									</tr>
									<tr>
										<td>Jan 29, 2020 02:00:34 PM</td>
										<td class='linked' test-id='19'>tC201_AdminUser_Test13_CreateAppAdminWithExistingSSCAdminMail</td>
										<td>
											<textarea disabled class="code-block">java.lang.Throwable: Method AdminUserService_AdminUserTests.tC201_AdminUser_Test14_CreateSSCAdminWithExistingMDPAdminMail(org.json.simple.JSONObject)[pri:0, instance:com.mdp.api.tests.AdminUserService_AdminUserTests@333291e3] depends on not successfully finished methods
	at org.testng.internal.Invoker.invokeTestMethods(Invoker.java:888)
	at org.testng.internal.TestMethodWorker.invokeTestMethods(TestMethodWorker.java:125)
	at org.testng.internal.TestMethodWorker.run(TestMethodWorker.java:109)
	at org.testng.TestRunner.privateRun(TestRunner.java:648)
	at org.testng.TestRunner.run(TestRunner.java:505)
	at org.testng.SuiteRunner.runTest(SuiteRunner.java:455)
	at org.testng.SuiteRunner.runSequentially(SuiteRunner.java:450)
	at org.testng.SuiteRunner.privateRun(SuiteRunner.java:415)
	at org.testng.SuiteRunner.run(SuiteRunner.java:364)
	at org.testng.SuiteRunnerWorker.runSuite(SuiteRunnerWorker.java:52)
	at org.testng.SuiteRunnerWorker.run(SuiteRunnerWorker.java:84)
	at org.testng.TestNG.runSuitesSequentially(TestNG.java:1208)
	at org.testng.TestNG.runSuitesLocally(TestNG.java:1137)
	at org.testng.TestNG.runSuites(TestNG.java:1049)
	at org.testng.TestNG.run(TestNG.java:1017)
	at org.testng.remote.AbstractRemoteTestNG.run(AbstractRemoteTestNG.java:114)
	at org.testng.remote.RemoteTestNG.initAndRun(RemoteTestNG.java:251)
	at org.testng.remote.RemoteTestNG.main(RemoteTestNG.java:77)
</textarea>
										</td>
									</tr>
								</tbody>
							</table>
						</div>
					</div>
				</li>
			</ul>
		</div>
	</div>
	<div class='subview-right left'>
		<div class='view-summary'>
			<h5 class='exception-name'></h5>
		</div>
	</div>
</div>
<!-- exception view --><div id='dashboard-view' class='view hide'>
	<div class='card-panel transparent np-v'>
		<h5>Dashboard</h5>

		<div class='row'>
			<div class='col s2'>
				<div class='card-panel r'>
					Tests
					<div class='panel-lead'>31</div>
				</div>
			</div>
			<div class='col s2'>
				<div class='card-panel r'>
					Steps
					<div class='panel-lead'>0</div>
				</div>
			</div>
			<div class='col s2'>
				<div class='card-panel r'>
					Start
					<div class='panel-lead'>Jan 29, 2020 01:45:29 PM</div>
				</div>
			</div>
			<div class='col s2'>
				<div class='card-panel r'>
			 		End
			 		<div class='panel-lead'>Jan 29, 2020 02:09:23 PM</div>
				</div>
			</div>
			<div class='col s2'>
				<div class='card-panel r'>
					Time Taken
					<div class='panel-lead'>0h 23m 53s+458ms</div>
				</div>
			</div>
		</div>
	</div>
</div>
<!-- dashboard view -->
<!-- testrunner-logs view -->		</div>
		<!-- container -->
		<script>
			var statusGroup = {
                parentCount: 31,
				passParent: 16,
				failParent: 15,
				fatalParent: 0,
				errorParent: 0,
				warningParent: 0,
				skipParent: 0,
				exceptionsParent: 15,
				childCount: 0,
				passChild: 0,
				failChild: 0,
				fatalChild: 0,
				errorChild: 0,
				warningChild: 0,
				skipChild: 0,
				infoChild: 0,
				debugChild: 0,
				exceptionsChild: 0,
				grandChildCount: 0,
				passGrandChild: 0,
				failGrandChild: 0,
				fatalGrandChild: 0,
				errorGrandChild: 0,
				warningGrandChild: 0,
				skipGrandChild: 0,
				infoGrandChild: 0,
				debugGrandChild: 0,
				exceptionsGrandChild: 0,
			};
		</script>
		<script>
			var timeline = {
			        "tC201_AdminUser_Test01_CreateAppAdminSibblingWithUserType1":40.022,"tC201_AdminUser_Test02_CreateAppAdminSibblingWithUserType2":22.815,"tC201_AdminUser_Test03_CreateAppAdminSibblingWithUserType3":31.62,"tC201_AdminUser_Test04_CreateSSCAdminWithUserType1":106.146,"tC201_AdminUser_Test05_CreateSSCAdminWithUserType2":154.686,"tC201_AdminUser_Test06_CreateSSCAdminWithUserType3":36.925,"tC201_AdminUser_Test07_CreateAccountAdminWithMDPAdmin":39.935,"tC201_AdminUser_Test08_CreateSiteAdminWithMDPAdmin":38.086,"TC201_AdminUser_Test27_CreateSSCAdminWithMDPAppIdInvalid":43.011,"TC201_AdminUser_Test28_CreateSSCAdminWithInvalidemailId":33.003,"TC201_AdminUser_Test28_CreateSSCAdminWithInvalidemailId":33.298,"TC201_AdminUser_Test28_CreateSSCAdminWithInvalidemailId":30.829,"TC201_AdminUser_Test28_CreateSSCAdminWithInvalidemailId":35.851,"TC201_AdminUser_Test28_CreateSSCAdminWithInvalidemailId":34.166,"TC201_AdminUser_Test28_CreateSSCAdminWithoutContactDetails":30.657,"tC201_AdminUser_Test09_CreateSSCAdminWithSSCAdmin":48.294,"tC201_AdminUser_Test10_CreateAccountAdminWithSSCAdmin":26.429,"tC201_AdminUser_Test11_CreateSiteAdminWithSSCAdmin":26.747,"tC201_AdminUser_Test13_CreateAppAdminWithExistingSSCAdminMail":37.019,"tC201_AdminUser_Test15_CreateSSCAdminWithExistingSSCAdminMail":33.271,"tC201_AdminUser_Test16_CreateMDPAdminWithEmailAsUniqueAndNoAlternateEmailForUserType2":25.769,"tC201_AdminUser_Test17_CreateSSCAdminWithEmailAsUniqueAndNoAlternateEmailForUserType2":24.924,"tC201_AdminUser_Test18_CreateMDPAdminWithEmailAsUniqueAndExistingAlternateEmailForUserType2":37.268,"tC201_AdminUser_Test19_CreateSSCAdminWithEmailAsUniqueAndExistingAlternateEmailForUserType2":46.851,"tC201_AdminUser_Test20_CreateSSCAdminWithClientIdNull":53.458,"tC201_AdminUser_Test21_CreateSSCAdminWithRoleIdNull":38.262,"tC201_AdminUser_Test22_CreateSSCAdminWithUserTypeNull":46.356,"tC201_AdminUser_Test23_CreateSSCAdminWithClientIdRandom":27.31,"tC201_AdminUser_Test24_CreateSSCAdminWithRoleIdRandom":33.365,"tC201_AdminUser_Test25_CreateSSCAdminWithUserTypeRandom":29.038,"tC201_AdminUser_Test26_CreateSSCAdminWithMDPAppIdNull":33.753
			};
		</script>
		<script src='https://cdn.rawgit.com/extent-framework/extent-github-cdn/b65cd69/v3html/js/extent.js' type='text/javascript'></script>
		<script type='text/javascript'>
		</script>
	</body>
</html>