

<!DOCTYPE html>
<html>
<head>
	<meta charset='utf-8' /> 
	<meta name='description' content='' />
	<meta name='robots' content='noodp, noydir' />
	<meta name='viewport' content='width=device-width, initial-scale=1' />
	<meta id="timeStampFormat" name="timeStampFormat" content='MMM d, yyyy hh:mm:ss a'/>
	
	<link href='https://fonts.googleapis.com/css?family=Source+Sans+Pro:400,600' rel='stylesheet' type='text/css' />
	<link href="https://fonts.googleapis.com/icon?family=Material+Icons" rel="stylesheet" />
	<link href='https://cdn.rawgit.com/extent-framework/extent-github-cdn/b65cd69/v3html/css/extent.css' type='text/css' rel='stylesheet' />
	
	<title>MDPAPITestAutomationResult</title>

	<style type='text/css'>
		/* json-tree */
		.jstBracket,.jstComma,.jstValue{white-space:pre-wrap}.jstValue{font-size:10px;font-weight:400;font-family:"Lucida Console",Monaco,monospace}.jstProperty{color:#666;word-wrap:break-word}.jstBool{color:#2525CC}.jstNum{color:#D036D0}.jstNull{color:gray}.jstStr{color:#2DB669}.jstFold:after{content:' -';cursor:pointer}.jstExpand{white-space:normal}.jstExpand:after{content:' +';cursor:pointer}.jstFolded{white-space:normal!important}.jstHiddenBlock{display:none}
	</style>
	
	<script type="text/javascript">
		/*! json-tree - v0.2.2 - 2017-09-25, MIT LICENSE */
		var JSONTree=function(){var n={"&":"&amp;","<":"&lt;",">":"&gt;",'"':"&quot;","'":"&#x27;","/":"&#x2F;"},t=0,r=0;this.create=function(n,t){return r+=1,N(u(n,0,!1),{class:"jstValue"})};var e=function(t){return t.replace(/[&<>'"]/g,function(t){return n[t]})},s=function(){return r+"_"+t++},u=function(n,t,r){if(null===n)return f(r?t:0);switch(typeof n){case"boolean":return l(n,r?t:0);case"number":return i(n,r?t:0);case"string":return o(n,r?t:0);default:return n instanceof Array?a(n,t,r):c(n,t,r)}},c=function(n,t,r){var e=s(),u=Object.keys(n).map(function(r){return j(r,n[r],t+1,!0)}).join(m()),c=[g("{",r?t:0,e),N(u,{id:e}),p("}",t)].join("\n");return N(c,{})},a=function(n,t,r){var e=s(),c=n.map(function(n){return u(n,t+1,!0)}).join(m());return[g("[",r?t:0,e),N(c,{id:e}),p("]",t)].join("\n")},o=function(n,t){var r=e(JSON.stringify(n));return N(v(r,t),{class:"jstStr"})},i=function(n,t){return N(v(n,t),{class:"jstNum"})},l=function(n,t){return N(v(n,t),{class:"jstBool"})},f=function(n){return N(v("null",n),{class:"jstNull"})},j=function(n,t,r){var s=v(e(JSON.stringify(n))+": ",r),c=N(u(t,r,!1),{});return N(s+c,{class:"jstProperty"})},m=function(){return N(",\n",{class:"jstComma"})},N=function(n,t){return d("span",t,n)},d=function(n,t,r){return"<"+n+Object.keys(t).map(function(n){return" "+n+'="'+t[n]+'"'}).join("")+">"+r+"</"+n+">"},g=function(n,t,r){return N(v(n,t),{class:"jstBracket"})+N("",{class:"jstFold",onclick:"JSONTree.toggle('"+r+"')"})};this.toggle=function(n){var t=document.getElementById(n),r=t.parentNode,e=t.previousElementSibling;""===t.className?(t.className="jstHiddenBlock",r.className="jstFolded",e.className="jstExpand"):(t.className="",r.className="",e.className="jstFold")};var p=function(n,t){return N(v(n,t),{})},v=function(n,t){return Array(2*t+1).join(" ")+n};return this}();
	</script>
</head>
	<body class='extent standard default hide-overflow '>
		<div id='theme-selector' alt='Click to toggle theme. To enable by default, use theme configuration.' title='Click to toggle theme. To enable by default, use theme configuration.'>
			<span><i class='material-icons'>desktop_windows</i></span>
		</div>
<nav>
	<div class="nav-wrapper">
		<a href="#!" class="brand-logo black"><img src="https://cdn.rawgit.com/extent-framework/extent-github-cdn/d74480e/commons/img/logo.png"></a>
		<!-- slideout menu -->
		<ul id='slide-out' class='side-nav fixed hide-on-med-and-down'>
			<li class='waves-effect active'><a href='#!' view='test-view' onclick="configureView(0);chartsView('test');"><i class='material-icons'>dashboard</i></a></li>
						<li class='waves-effect'><a href='#!' view='category-view' onclick="configureView(1)"><i class='material-icons'>label_outline</i></a></li>
			<li class='waves-effect'><a href='#!' view='exception-view' onclick="configureView(2)"><i class='material-icons'>bug_report</i></a></li>
			<li class='waves-effect'><a href='#!' onclick="configureView(-1);chartsView('dashboard');" view='dashboard-view'><i class='material-icons'>track_changes</i></a></li>
		</ul>
		<!-- report name -->
		<span class='report-name'>Report for MDPAPITestAutomationResult</span>
		<!-- report headline -->
		<span class='report-headline'></span>
		<!-- nav-right -->
		<ul id='nav-mobile' class='right hide-on-med-and-down nav-right'>
			<a href='#!'>
			<span class='label blue darken-3 suite-start-time'>Jan 31, 2020 05:06:24 PM</span>
			</a>
		</ul>
	</div>
</nav>		<!-- container -->
		<div class='container'>
<div id='test-view' class='view'>
	<section id='controls'>
		<div class='controls grey lighten-4'>
			<!-- test toggle -->
			<div class='chip transparent'>
				<a class='dropdown-button tests-toggle' data-activates='tests-toggle' data-constrainwidth='true' data-beloworigin='true' data-hover='true' href='#'>
				<i class='material-icons'>warning</i> Status
				</a>
				<ul id='tests-toggle' class='dropdown-content'>
										<li status='pass'><a href='#!'>Pass <i class='material-icons green-text'>check_circle</i></a></li>
					<li status='fail'><a href='#!'>Fail <i class='material-icons red-text'>cancel</i></a></li>
					<li class='divider'></li>
					<li status='clear' clear='true'><a href='#!'>Clear Filters <i class='material-icons'>clear</i></a></li>
				</ul>
			</div>
			<!-- test toggle -->
			<!-- category toggle -->
			<div class='chip transparent'>
				<a class='dropdown-button category-toggle' data-activates='category-toggle' data-constrainwidth='false' data-beloworigin='true' data-hover='true' href='#'>
				<i class='material-icons'>local_offer</i> Category
				</a>
				<ul id='category-toggle' class='dropdown-content'>
					<li><a href='#'>AdminService</a></li>
					<li class='divider'></li>
					<li class='clear'><a href='#!' clear='true'>Clear Filters</a></li>
				</ul>
			</div>
			<!-- category toggle -->
			<!-- clear filters -->
			<div class='chip transparent hide'>
				<a class='' id='clear-filters' alt='Clear Filters' title='Clear Filters'>
				<i class='material-icons'>close</i> Clear
				</a>
			</div>
			<!-- clear filters -->
			<!-- enable dashboard -->
			<div id='toggle-test-view-charts' class='chip transparent'>
				<a class='pink-text' id='enable-dashboard' alt='Enable Dashboard' title='Enable Dashboard'>
				<i class='material-icons'>track_changes</i> Dashboard
				</a>
			</div>
			<!-- enable dashboard -->
			<!-- search -->
			<div class='chip transparent' alt='Search Tests' title='Search Tests'>
				<a href="#" class='search-div'>
				<i class='material-icons'>search</i> Search
				</a>
				<div class='input-field left hide'>
					<input id='search-tests' type='text' class='validate browser-default' placeholder='Search Tests...'>
				</div>
			</div>
			<!-- search -->
		</div>
	</section>
<div id='test-view-charts' class='subview-full'>
    <div id='charts-row' class='row nm-v nm-h'>
        <div class='col s12 m12 l12 np-h'>
            <div class='card-panel nm-v'>
                <div class='left panel-name'>Tests</div>
                <div class='chart-box' style="max-height:94px;">
                    <canvas id='parent-analysis' width='90' height='70'></canvas>
                </div>
                <div class='block text-small'>
                    <span class='tooltipped' data-position='top' data-tooltip='51.613%'><span class='strong'>16</span> test(s) passed</span>
                </div>
                <div class='block text-small'>
                    <span class='strong tooltipped' data-position='top' data-tooltip='48.387%'>15</span> test(s) failed, <span class='strong tooltipped' data-position='top' data-tooltip='0%'>0</span> others
                </div>
            </div>
        </div>
    </div>
    <div id="timeline-chart" class="row nm-v nm-h">
        <div class="col s12 m12 l12 np-h">
            <div class="card-panel">
                <div class='left panel-name'>Timeline (seconds)</div>
                <div class="chart-box" style="width:98%;max-height:145px;">
                    <canvas id="timeline" height="120"></canvas>
                </div>
            </div>
        </div>
    </div>
</div>	<div class='subview-left left'>
		<div class='view-summary'>
			<ul id='test-collection' class='test-collection'>
				<li class='test displayed active  fail' status='fail' bdd='false' test-id='1'>
					<div class='test-heading'>
						<span class='test-name'>tC201_AdminUser_Test01_CreateAppAdminSibblingWithUserType1</span>
						<span class='test-time'>Jan 31, 2020 05:06:34 PM</span>
						<span class='test-status right fail'>fail</span>
					</div>
					<div class='test-content hide'>
<div class='test-time-info'>
	<span class='label start-time'>Jan 31, 2020 05:06:34 PM</span>
	<span class='label end-time'>Jan 31, 2020 05:07:24 PM</span>
	<span class='label time-taken grey lighten-1 white-text'>0h 0m 50s+740ms</span>
</div>
<div class='test-attributes'>
	<div class='category-list'>
		<span class='category label'>AdminService</span>
	</div>
</div>
<div class='test-steps'>
	<table class='bordered table-results'>
		<thead>
			<tr>
				<th>Status</th>
				<th>Timestamp</th>
				<th>Details</th>
			</tr>
		</thead>
		<tbody>
			<tr class='log' status='debug'>
				<td class='status debug' title='debug' alt='debug'><i class='material-icons'>low_priority</i></td>
				<td class='timestamp'>5:07:02 PM</td>
				<td class='step-details'>
						UserName Used for Genrating the Access token:MDPAdmin@id.zeiss.com
					
				</td>
			</tr>
			<tr class='log' status='info'>
				<td class='status info' title='info' alt='info'><i class='material-icons'>info_outline</i></td>
				<td class='timestamp'>5:07:08 PM</td>
				<td class='step-details'>
						Clicked on the Element
					
				</td>
			</tr>
			<tr class='log' status='debug'>
				<td class='status debug' title='debug' alt='debug'><i class='material-icons'>low_priority</i></td>
				<td class='timestamp'>5:07:17 PM</td>
				<td class='step-details'>
						The Auth token Used :
eyJ0eXAiOiJKV1QiLCJhbGciOiJSUzI1NiIsImtpZCI6IlRva2VuU2lnbmluZ0tleUNvbnRhaW5lciJ9.eyJpc3MiOiJodHRwczovL3plaXNzaWRiMmN0ZXN0LmIyY2xvZ2luLmNvbS83Yzg5NjlkMS0zZDFjLTQ2MGMtYTMyZi04NzlkODk0MTI1NWYvdjIuMC8iLCJleHAiOjE1ODA0NzQyMzIsIm5iZiI6MTU4MDQ3MDYzMiwiYXVkIjoiM0QzMENDQzktNzk2NC00MzIzLTkwQkItNkQ3MkFBOERDOUM2Iiwib2lkIjoiZjZkMWMyNWQtMWI5ZS00NWQ5LTkyNjMtMTFiNmQxY2EzMWQxIiwic3ViIjoiTm90IHN1cHBvcnRlZCBjdXJyZW50bHkuIFVzZSBvaWQgY2xhaW0uIiwiZW1haWwiOiJ7T0lEQzpVc2VybmFtZX0iLCJaZWlzc0lkQmFzZSI6IntcclxuICBcImFjY291bnRJZFwiOiAxMTE1NCxcclxuICBcImZpcnN0TmFtZVwiOiBcIk1EUFwiLFxyXG4gIFwibGFzdE5hbWVcIjogXCJhZG1pblwiLFxyXG4gIFwiZU1haWxcIjogXCJNRFBBZG1pbkBpZC56ZWlzcy5jb21cIixcclxuICBcImxhc3RDaGFuZ2VcIjogXCIyMDE5LTEyLTAyVDA5OjAxOjUwLjAyM1wiLFxyXG4gIFwiaWRlbnRpdHlQcm92aWRlclwiOiA2LFxyXG4gIFwiam9iVGl0bGVcIjogXCJcIixcclxuICBcImRlcGFydG1lbnRcIjogXCJcIixcclxuICBcInNhbHV0YXRpb25cIjogXCJuYVwiLFxyXG4gIFwibGFuZ3VhZ2VcIjogXCJlbi1JTlwiXHJcbn0iLCJaZWlzc0lkQ29udGFjdCI6IntcclxuICBcInN0cmVldFwiOiBcIlwiLFxyXG4gIFwiaG91c2VOdW1iZXJcIjogXCJcIixcclxuICBcInppcFwiOiBcIlwiLFxyXG4gIFwiY2l0eVwiOiBcIlwiLFxyXG4gIFwiY291bnRyeVwiOiBcIlwiLFxyXG4gIFwiY2VsbFBob25lXCI6IFwiXCIsXHJcbiAgXCJwaG9uZVwiOiBcIlwiLFxyXG4gIFwiZmF4XCI6IFwiXCJcclxufSIsIlplaXNzSWRPcmdhbmlzYXRpb24iOiJ7fSIsIlplaXNzSWRBcHBsaWNhdGlvbiI6IntcclxuICBcImNsaWVudEFwcElkXCI6IDM3NixcclxuICBcImFwcGxpY2F0aW9uRG9tYWluSWRcIjogMyxcclxuICBcInRlcm1zQW5kQ29uZGl0aW9uc0lkXCI6IDAsXHJcbiAgXCJhY2NlcHRhbmNlT2ZUZXJtc0FuZENvbmRpdGlvbnNJZFwiOiAwLFxyXG4gIFwiZGlyZWN0QWNjZXNzXCI6IGZhbHNlLFxyXG4gIFwiaW52aXRhdGlvbklkXCI6IDBcclxufSIsIlplaXNzSWRDdXN0b21GaWVsZHMiOiJ7fSIsIlplaXNzSWRBZ3JlZW1lbnRzIjoie1xyXG4gIFwiYWdyZWVtZW50c1wiOiBbXVxyXG59IiwiYXpwIjoiM0QzMENDQzktNzk2NC00MzIzLTkwQkItNkQ3MkFBOERDOUM2IiwidmVyIjoiMS4wIiwiaWF0IjoxNTgwNDcwNjMyfQ.jsPg63hO3UVoCnIFekVEBHCzpNBaQENJi6DmfsOLrev0tWi_Kfc03AON1CFNFN0aNvaWd2A33fSEajlVdAwLv25QrA9VAy6Z8xLxYrhG6QIKjgGeReztEGIcGyaEX7QUHtWR54_iYcz6sE42DLTDCHIXbM3BqvZWI-FHQgo-6UsvPB_sQ4yLgk7D0py6EQ1pz4M4Bu74llCSFXwvmVw0NWHljnLyHm8T7RaVmUlNO_SQeui2xUwV0mky-5MTDNtJ3qDJzFQlrU79utWntMar0kK3X9PkmP2FkJ_8pGW9BvB_S41WIP4_uvvKuJNWHgmZLfPgv7GGe5sOPz3AM1F-WQ
					
				</td>
			</tr>
			<tr class='log' status='debug'>
				<td class='status debug' title='debug' alt='debug'><i class='material-icons'>low_priority</i></td>
				<td class='timestamp'>5:07:17 PM</td>
				<td class='step-details'>
						Creating the user with defualt generated email:zeiss0719+20200131_170717@gmail.com
					
				</td>
			</tr>
			<tr class='log' status='debug'>
				<td class='status debug' title='debug' alt='debug'><i class='material-icons'>low_priority</i></td>
				<td class='timestamp'>5:07:18 PM</td>
				<td class='step-details'>
						The BaseUri is :https://mdptest.api.zeiss.com
					
				</td>
			</tr>
			<tr class='log' status='debug'>
				<td class='status debug' title='debug' alt='debug'><i class='material-icons'>low_priority</i></td>
				<td class='timestamp'>5:07:18 PM</td>
				<td class='step-details'>
						/nThe Values to change In JSON:{"COUNTRY":"SA","ALTERNATEEMAIL":"noemaildude@fuckoff.com","ZEISSIDUSERTYPE":1,"ROLEID":"985b931d-a04f-491c-de88-08d790386490","EMAIL":"zeiss0719+20200131_170717@gmail.com","CLIENTID":"ed8d6270-da8b-4ea0-aaa0-7214f6dd09d5"}
					
				</td>
			</tr>
			<tr class='log' status='debug'>
				<td class='status debug' title='debug' alt='debug'><i class='material-icons'>low_priority</i></td>
				<td class='timestamp'>5:07:18 PM</td>
				<td class='step-details'>
						The Effective end point is :/adminuserservice/api/v2.0/mdpapps/96b144c4-db4d-4cee-e6e9-08d7629609b9/AdminUsers
					
				</td>
			</tr>
			<tr class='log' status='debug'>
				<td class='status debug' title='debug' alt='debug'><i class='material-icons'>low_priority</i></td>
				<td class='timestamp'>5:07:18 PM</td>
				<td class='step-details'>
						Created users with the payload{"firstName":"ZeissUSer","lastName":"Admin","clientId":"ed8d6270-da8b-4ea0-aaa0-7214f6dd09d5","zeissIdUserType":1,"roleId":"985b931d-a04f-491c-de88-08d790386490","contactDetails":[{"country":"SA","alternateEmail":"noemaildude@fuckoff.com","period":"string","city":"Bangalore","district":"string","postalCode":"string","addressLine1":"Zeiss","addressLine2":"EC","state":"KA","type":"string","alternateNo":"string","contactNo":"string"}],"email":"zeiss0719+20200131_170717@gmail.com"}
					
				</td>
			</tr>
			<tr class='log' status='debug'>
				<td class='status debug' title='debug' alt='debug'><i class='material-icons'>low_priority</i></td>
				<td class='timestamp'>5:07:24 PM</td>
				<td class='step-details'>
						Response Code:401
					
				</td>
			</tr>
			<tr class='log' status='debug'>
				<td class='status debug' title='debug' alt='debug'><i class='material-icons'>low_priority</i></td>
				<td class='timestamp'>5:07:24 PM</td>
				<td class='step-details'>
						Response:{"Error":{"Code":"UnAuthorizedUser","Message":"Logged-In User is not authorized to create this user","Target":null,"Details":null,"InnerError":null}}
					
				</td>
			</tr>
			<tr class='log' status='fail'>
				<td class='status fail' title='fail' alt='fail'><i class='material-icons'>cancel</i></td>
				<td class='timestamp'>5:07:24 PM</td>
				<td class='step-details'>
						<textarea disabled class="code-block">java.lang.AssertionError: expected [201] but found [401]
	at org.testng.Assert.fail(Assert.java:96)
	at org.testng.Assert.failNotEquals(Assert.java:776)
	at org.testng.Assert.assertEqualsImpl(Assert.java:137)
	at org.testng.Assert.assertEquals(Assert.java:118)
	at org.testng.Assert.assertEquals(Assert.java:652)
	at org.testng.Assert.assertEquals(Assert.java:662)
	at com.mdp.api.tests.AdminUserService_AdminUserTests.tC201_AdminUser_Test01_CreateAppAdminSibblingWithUserType1(AdminUserService_AdminUserTests.java:42)
	at sun.reflect.NativeMethodAccessorImpl.invoke0(Native Method)
	at sun.reflect.NativeMethodAccessorImpl.invoke(NativeMethodAccessorImpl.java:62)
	at sun.reflect.DelegatingMethodAccessorImpl.invoke(DelegatingMethodAccessorImpl.java:43)
	at java.lang.reflect.Method.invoke(Method.java:498)
	at org.testng.internal.MethodInvocationHelper.invokeMethod(MethodInvocationHelper.java:124)
	at org.testng.internal.Invoker.invokeMethod(Invoker.java:583)
	at org.testng.internal.Invoker.invokeTestMethod(Invoker.java:719)
	at org.testng.internal.Invoker.invokeTestMethods(Invoker.java:989)
	at org.testng.internal.TestMethodWorker.invokeTestMethods(TestMethodWorker.java:125)
	at org.testng.internal.TestMethodWorker.run(TestMethodWorker.java:109)
	at org.testng.TestRunner.privateRun(TestRunner.java:648)
	at org.testng.TestRunner.run(TestRunner.java:505)
	at org.testng.SuiteRunner.runTest(SuiteRunner.java:455)
	at org.testng.SuiteRunner.runSequentially(SuiteRunner.java:450)
	at org.testng.SuiteRunner.privateRun(SuiteRunner.java:415)
	at org.testng.SuiteRunner.run(SuiteRunner.java:364)
	at org.testng.SuiteRunnerWorker.runSuite(SuiteRunnerWorker.java:52)
	at org.testng.SuiteRunnerWorker.run(SuiteRunnerWorker.java:84)
	at org.testng.TestNG.runSuitesSequentially(TestNG.java:1208)
	at org.testng.TestNG.runSuitesLocally(TestNG.java:1137)
	at org.testng.TestNG.runSuites(TestNG.java:1049)
	at org.testng.TestNG.run(TestNG.java:1017)
	at org.testng.remote.AbstractRemoteTestNG.run(AbstractRemoteTestNG.java:114)
	at org.testng.remote.RemoteTestNG.initAndRun(RemoteTestNG.java:251)
	at org.testng.remote.RemoteTestNG.main(RemoteTestNG.java:77)
</textarea>
					
				</td>
			</tr>
		</tbody>
	</table>
</div>
						<ul class='screenshots'>
							<li><img class='r-img' onerror='this.style.display="none"' data-featherlight='/Users/MDPAPITESTING/MDP/Reports/TestRun2020_01_31170623/tC201_AdminUser_Test01_CreateAppAdminSibblingWithUserType1.png' src='/Users/MDPAPITESTING/MDP/Reports/TestRun2020_01_31170623/tC201_AdminUser_Test01_CreateAppAdminSibblingWithUserType1.png' data-src='/Users/MDPAPITESTING/MDP/Reports/TestRun2020_01_31170623/tC201_AdminUser_Test01_CreateAppAdminSibblingWithUserType1.png'></li>
						</ul>
					</div>
				</li>
				<li class='test displayed active  fail' status='fail' bdd='false' test-id='2'>
					<div class='test-heading'>
						<span class='test-name'>tC201_AdminUser_Test02_CreateAppAdminSibblingWithUserType2</span>
						<span class='test-time'>Jan 31, 2020 05:07:29 PM</span>
						<span class='test-status right fail'>fail</span>
					</div>
					<div class='test-content hide'>
<div class='test-time-info'>
	<span class='label start-time'>Jan 31, 2020 05:07:29 PM</span>
	<span class='label end-time'>Jan 31, 2020 05:08:04 PM</span>
	<span class='label time-taken grey lighten-1 white-text'>0h 0m 34s+835ms</span>
</div>
<div class='test-attributes'>
	<div class='category-list'>
		<span class='category label'>AdminService</span>
	</div>
</div>
<div class='test-steps'>
	<table class='bordered table-results'>
		<thead>
			<tr>
				<th>Status</th>
				<th>Timestamp</th>
				<th>Details</th>
			</tr>
		</thead>
		<tbody>
			<tr class='log' status='debug'>
				<td class='status debug' title='debug' alt='debug'><i class='material-icons'>low_priority</i></td>
				<td class='timestamp'>5:07:56 PM</td>
				<td class='step-details'>
						UserName Used for Genrating the Access token:MDPAdmin@id.zeiss.com
					
				</td>
			</tr>
			<tr class='log' status='debug'>
				<td class='status debug' title='debug' alt='debug'><i class='material-icons'>low_priority</i></td>
				<td class='timestamp'>5:07:56 PM</td>
				<td class='step-details'>
						Creating the user with defualt generated email:zeiss0719+20200131_170756@gmail.com
					
				</td>
			</tr>
			<tr class='log' status='debug'>
				<td class='status debug' title='debug' alt='debug'><i class='material-icons'>low_priority</i></td>
				<td class='timestamp'>5:07:56 PM</td>
				<td class='step-details'>
						The BaseUri is :https://mdptest.api.zeiss.com
					
				</td>
			</tr>
			<tr class='log' status='debug'>
				<td class='status debug' title='debug' alt='debug'><i class='material-icons'>low_priority</i></td>
				<td class='timestamp'>5:07:56 PM</td>
				<td class='step-details'>
						/nThe Values to change In JSON:{"ALTERNATEEMAIL":"noemaildude@fuckoff.com","ZEISSIDUSERTYPE":2,"ROLEID":"985b931d-a04f-491c-de88-08d790386490","EMAIL":"zeiss0719+20200131_170756@gmail.com","CLIENTID":"ed8d6270-da8b-4ea0-aaa0-7214f6dd09d5"}
					
				</td>
			</tr>
			<tr class='log' status='debug'>
				<td class='status debug' title='debug' alt='debug'><i class='material-icons'>low_priority</i></td>
				<td class='timestamp'>5:07:56 PM</td>
				<td class='step-details'>
						The Effective end point is :/adminuserservice/api/v2.0/mdpapps/96b144c4-db4d-4cee-e6e9-08d7629609b9/AdminUsers
					
				</td>
			</tr>
			<tr class='log' status='debug'>
				<td class='status debug' title='debug' alt='debug'><i class='material-icons'>low_priority</i></td>
				<td class='timestamp'>5:07:56 PM</td>
				<td class='step-details'>
						Created users with the payload{"firstName":"ZeissUSer","lastName":"Admin","clientId":"ed8d6270-da8b-4ea0-aaa0-7214f6dd09d5","zeissIdUserType":2,"roleId":"985b931d-a04f-491c-de88-08d790386490","contactDetails":[{"country":"string","alternateEmail":"noemaildude@fuckoff.com","period":"string","city":"Bangalore","district":"string","postalCode":"string","addressLine1":"Zeiss","addressLine2":"EC","state":"KA","type":"string","alternateNo":"string","contactNo":"string"}],"email":"zeiss0719+20200131_170756@gmail.com"}
					
				</td>
			</tr>
			<tr class='log' status='debug'>
				<td class='status debug' title='debug' alt='debug'><i class='material-icons'>low_priority</i></td>
				<td class='timestamp'>5:08:04 PM</td>
				<td class='step-details'>
						Response Code:401
					
				</td>
			</tr>
			<tr class='log' status='debug'>
				<td class='status debug' title='debug' alt='debug'><i class='material-icons'>low_priority</i></td>
				<td class='timestamp'>5:08:04 PM</td>
				<td class='step-details'>
						Response:{"Error":{"Code":"UnAuthorizedUser","Message":"Logged-In User is not authorized to create this user","Target":null,"Details":null,"InnerError":null}}
					
				</td>
			</tr>
			<tr class='log' status='fail'>
				<td class='status fail' title='fail' alt='fail'><i class='material-icons'>cancel</i></td>
				<td class='timestamp'>5:08:04 PM</td>
				<td class='step-details'>
						<textarea disabled class="code-block">java.lang.AssertionError: expected [201] but found [401]
	at org.testng.Assert.fail(Assert.java:96)
	at org.testng.Assert.failNotEquals(Assert.java:776)
	at org.testng.Assert.assertEqualsImpl(Assert.java:137)
	at org.testng.Assert.assertEquals(Assert.java:118)
	at org.testng.Assert.assertEquals(Assert.java:652)
	at org.testng.Assert.assertEquals(Assert.java:662)
	at com.mdp.api.tests.AdminUserService_AdminUserTests.tC201_AdminUser_Test02_CreateAppAdminSibblingWithUserType2(AdminUserService_AdminUserTests.java:68)
	at sun.reflect.NativeMethodAccessorImpl.invoke0(Native Method)
	at sun.reflect.NativeMethodAccessorImpl.invoke(NativeMethodAccessorImpl.java:62)
	at sun.reflect.DelegatingMethodAccessorImpl.invoke(DelegatingMethodAccessorImpl.java:43)
	at java.lang.reflect.Method.invoke(Method.java:498)
	at org.testng.internal.MethodInvocationHelper.invokeMethod(MethodInvocationHelper.java:124)
	at org.testng.internal.Invoker.invokeMethod(Invoker.java:583)
	at org.testng.internal.Invoker.invokeTestMethod(Invoker.java:719)
	at org.testng.internal.Invoker.invokeTestMethods(Invoker.java:989)
	at org.testng.internal.TestMethodWorker.invokeTestMethods(TestMethodWorker.java:125)
	at org.testng.internal.TestMethodWorker.run(TestMethodWorker.java:109)
	at org.testng.TestRunner.privateRun(TestRunner.java:648)
	at org.testng.TestRunner.run(TestRunner.java:505)
	at org.testng.SuiteRunner.runTest(SuiteRunner.java:455)
	at org.testng.SuiteRunner.runSequentially(SuiteRunner.java:450)
	at org.testng.SuiteRunner.privateRun(SuiteRunner.java:415)
	at org.testng.SuiteRunner.run(SuiteRunner.java:364)
	at org.testng.SuiteRunnerWorker.runSuite(SuiteRunnerWorker.java:52)
	at org.testng.SuiteRunnerWorker.run(SuiteRunnerWorker.java:84)
	at org.testng.TestNG.runSuitesSequentially(TestNG.java:1208)
	at org.testng.TestNG.runSuitesLocally(TestNG.java:1137)
	at org.testng.TestNG.runSuites(TestNG.java:1049)
	at org.testng.TestNG.run(TestNG.java:1017)
	at org.testng.remote.AbstractRemoteTestNG.run(AbstractRemoteTestNG.java:114)
	at org.testng.remote.RemoteTestNG.initAndRun(RemoteTestNG.java:251)
	at org.testng.remote.RemoteTestNG.main(RemoteTestNG.java:77)
</textarea>
					
				</td>
			</tr>
		</tbody>
	</table>
</div>
						<ul class='screenshots'>
							<li><img class='r-img' onerror='this.style.display="none"' data-featherlight='/Users/MDPAPITESTING/MDP/Reports/TestRun2020_01_31170623/tC201_AdminUser_Test02_CreateAppAdminSibblingWithUserType2.png' src='/Users/MDPAPITESTING/MDP/Reports/TestRun2020_01_31170623/tC201_AdminUser_Test02_CreateAppAdminSibblingWithUserType2.png' data-src='/Users/MDPAPITESTING/MDP/Reports/TestRun2020_01_31170623/tC201_AdminUser_Test02_CreateAppAdminSibblingWithUserType2.png'></li>
						</ul>
					</div>
				</li>
				<li class='test displayed active  pass' status='pass' bdd='false' test-id='3'>
					<div class='test-heading'>
						<span class='test-name'>tC201_AdminUser_Test03_CreateAppAdminSibblingWithUserType3</span>
						<span class='test-time'>Jan 31, 2020 05:08:09 PM</span>
						<span class='test-status right pass'>pass</span>
					</div>
					<div class='test-content hide'>
<div class='test-time-info'>
	<span class='label start-time'>Jan 31, 2020 05:08:09 PM</span>
	<span class='label end-time'>Jan 31, 2020 05:08:51 PM</span>
	<span class='label time-taken grey lighten-1 white-text'>0h 0m 41s+692ms</span>
</div>
<div class='test-attributes'>
	<div class='category-list'>
		<span class='category label'>AdminService</span>
	</div>
</div>
<div class='test-steps'>
	<table class='bordered table-results'>
		<thead>
			<tr>
				<th>Status</th>
				<th>Timestamp</th>
				<th>Details</th>
			</tr>
		</thead>
		<tbody>
			<tr class='log' status='debug'>
				<td class='status debug' title='debug' alt='debug'><i class='material-icons'>low_priority</i></td>
				<td class='timestamp'>5:08:40 PM</td>
				<td class='step-details'>
						UserName Used for Genrating the Access token:MDPAdmin@id.zeiss.com
					
				</td>
			</tr>
			<tr class='log' status='debug'>
				<td class='status debug' title='debug' alt='debug'><i class='material-icons'>low_priority</i></td>
				<td class='timestamp'>5:08:40 PM</td>
				<td class='step-details'>
						Creating the user with defualt generated email:zeiss0719+20200131_170840@gmail.com
					
				</td>
			</tr>
			<tr class='log' status='debug'>
				<td class='status debug' title='debug' alt='debug'><i class='material-icons'>low_priority</i></td>
				<td class='timestamp'>5:08:40 PM</td>
				<td class='step-details'>
						The BaseUri is :https://mdptest.api.zeiss.com
					
				</td>
			</tr>
			<tr class='log' status='debug'>
				<td class='status debug' title='debug' alt='debug'><i class='material-icons'>low_priority</i></td>
				<td class='timestamp'>5:08:40 PM</td>
				<td class='step-details'>
						/nThe Values to change In JSON:{"ALTERNATEEMAIL":"noemaildude@fuckoff.com","ZEISSIDUSERTYPE":3,"ROLEID":"985b931d-a04f-491c-de88-08d790386490","EMAIL":"zeiss0719+20200131_170840@gmail.com","CLIENTID":"ed8d6270-da8b-4ea0-aaa0-7214f6dd09d5"}
					
				</td>
			</tr>
			<tr class='log' status='debug'>
				<td class='status debug' title='debug' alt='debug'><i class='material-icons'>low_priority</i></td>
				<td class='timestamp'>5:08:40 PM</td>
				<td class='step-details'>
						The Effective end point is :/adminuserservice/api/v2.0/mdpapps/96b144c4-db4d-4cee-e6e9-08d7629609b9/AdminUsers
					
				</td>
			</tr>
			<tr class='log' status='debug'>
				<td class='status debug' title='debug' alt='debug'><i class='material-icons'>low_priority</i></td>
				<td class='timestamp'>5:08:40 PM</td>
				<td class='step-details'>
						Created users with the payload{"firstName":"ZeissUSer","lastName":"Admin","clientId":"ed8d6270-da8b-4ea0-aaa0-7214f6dd09d5","zeissIdUserType":3,"roleId":"985b931d-a04f-491c-de88-08d790386490","contactDetails":[{"country":"string","alternateEmail":"noemaildude@fuckoff.com","period":"string","city":"Bangalore","district":"string","postalCode":"string","addressLine1":"Zeiss","addressLine2":"EC","state":"KA","type":"string","alternateNo":"string","contactNo":"string"}],"email":"zeiss0719+20200131_170840@gmail.com"}
					
				</td>
			</tr>
			<tr class='log' status='debug'>
				<td class='status debug' title='debug' alt='debug'><i class='material-icons'>low_priority</i></td>
				<td class='timestamp'>5:08:51 PM</td>
				<td class='step-details'>
						Response Code:401
					
				</td>
			</tr>
			<tr class='log' status='debug'>
				<td class='status debug' title='debug' alt='debug'><i class='material-icons'>low_priority</i></td>
				<td class='timestamp'>5:08:51 PM</td>
				<td class='step-details'>
						Response:{"Error":{"Code":"UnAuthorizedUser","Message":"Logged-In User is not authorized to create this user","Target":null,"Details":null,"InnerError":null}}
					
				</td>
			</tr>
			<tr class='log' status='pass'>
				<td class='status pass' title='pass' alt='pass'><i class='material-icons'>check_circle</i></td>
				<td class='timestamp'>5:08:51 PM</td>
				<td class='step-details'>
						Test passed
					
				</td>
			</tr>
		</tbody>
	</table>
</div>
					</div>
				</li>
				<li class='test displayed active  pass' status='pass' bdd='false' test-id='4'>
					<div class='test-heading'>
						<span class='test-name'>tC201_AdminUser_Test04_CreateSSCAdminWithUserType1</span>
						<span class='test-time'>Jan 31, 2020 05:08:56 PM</span>
						<span class='test-status right pass'>pass</span>
					</div>
					<div class='test-content hide'>
<div class='test-time-info'>
	<span class='label start-time'>Jan 31, 2020 05:08:56 PM</span>
	<span class='label end-time'>Jan 31, 2020 05:10:52 PM</span>
	<span class='label time-taken grey lighten-1 white-text'>0h 1m 56s+369ms</span>
</div>
<div class='test-attributes'>
	<div class='category-list'>
		<span class='category label'>AdminService</span>
	</div>
</div>
<div class='test-steps'>
	<table class='bordered table-results'>
		<thead>
			<tr>
				<th>Status</th>
				<th>Timestamp</th>
				<th>Details</th>
			</tr>
		</thead>
		<tbody>
			<tr class='log' status='debug'>
				<td class='status debug' title='debug' alt='debug'><i class='material-icons'>low_priority</i></td>
				<td class='timestamp'>5:09:22 PM</td>
				<td class='step-details'>
						UserName Used for Genrating the Access token:MDPAdmin@id.zeiss.com
					
				</td>
			</tr>
			<tr class='log' status='debug'>
				<td class='status debug' title='debug' alt='debug'><i class='material-icons'>low_priority</i></td>
				<td class='timestamp'>5:09:22 PM</td>
				<td class='step-details'>
						Creating the user with defualt generated email:zeiss0719+20200131_170922@gmail.com
					
				</td>
			</tr>
			<tr class='log' status='debug'>
				<td class='status debug' title='debug' alt='debug'><i class='material-icons'>low_priority</i></td>
				<td class='timestamp'>5:09:22 PM</td>
				<td class='step-details'>
						The BaseUri is :https://mdptest.api.zeiss.com
					
				</td>
			</tr>
			<tr class='log' status='debug'>
				<td class='status debug' title='debug' alt='debug'><i class='material-icons'>low_priority</i></td>
				<td class='timestamp'>5:09:22 PM</td>
				<td class='step-details'>
						/nThe Values to change In JSON:{"COUNTRY":"SA","ALTERNATEEMAIL":"noemaildude@fuckoff.com","ZEISSIDUSERTYPE":1,"ROLEID":"985b931d-a04f-491c-de88-08d790386491","EMAIL":"zeiss0719+20200131_170922@gmail.com","CLIENTID":"ed8d6270-da8b-4ea0-aaa0-7214f6dd09d5"}
					
				</td>
			</tr>
			<tr class='log' status='debug'>
				<td class='status debug' title='debug' alt='debug'><i class='material-icons'>low_priority</i></td>
				<td class='timestamp'>5:09:22 PM</td>
				<td class='step-details'>
						The Effective end point is :/adminuserservice/api/v2.0/mdpapps/96b144c4-db4d-4cee-e6e9-08d7629609b9/AdminUsers
					
				</td>
			</tr>
			<tr class='log' status='debug'>
				<td class='status debug' title='debug' alt='debug'><i class='material-icons'>low_priority</i></td>
				<td class='timestamp'>5:09:22 PM</td>
				<td class='step-details'>
						Created users with the payload{"firstName":"ZeissUSer","lastName":"Admin","clientId":"ed8d6270-da8b-4ea0-aaa0-7214f6dd09d5","zeissIdUserType":1,"roleId":"985b931d-a04f-491c-de88-08d790386491","contactDetails":[{"country":"SA","alternateEmail":"noemaildude@fuckoff.com","period":"string","city":"Bangalore","district":"string","postalCode":"string","addressLine1":"Zeiss","addressLine2":"EC","state":"KA","type":"string","alternateNo":"string","contactNo":"string"}],"email":"zeiss0719+20200131_170922@gmail.com"}
					
				</td>
			</tr>
			<tr class='log' status='debug'>
				<td class='status debug' title='debug' alt='debug'><i class='material-icons'>low_priority</i></td>
				<td class='timestamp'>5:09:32 PM</td>
				<td class='step-details'>
						Response Code:201
					
				</td>
			</tr>
			<tr class='log' status='debug'>
				<td class='status debug' title='debug' alt='debug'><i class='material-icons'>low_priority</i></td>
				<td class='timestamp'>5:09:32 PM</td>
				<td class='step-details'>
						Response:{"id":"3ce7bf97-505e-4914-a166-a731ce70ba44","clientId":"ed8d6270-da8b-4ea0-aaa0-7214f6dd09d5","roleId":"985b931d-a04f-491c-de88-08d790386491","email":"zeiss0719+20200131_170922@gmail.com","firstName":"ZeissUSer","lastName":"Admin","contactDetails":[{"addressLine1":"Zeiss","addressLine2":"EC","city":"Bangalore","district":"string","state":"KA","country":"SA","postalCode":"string","period":"string","alternateEmail":"noemaildude@fuckoff.com","contactNo":"string","alternateNo":"string","type":"string"}],"zeissIdUserType":1}
					
				</td>
			</tr>
			<tr class='log' status='debug'>
				<td class='status debug' title='debug' alt='debug'><i class='material-icons'>low_priority</i></td>
				<td class='timestamp'>5:10:10 PM</td>
				<td class='step-details'>
						The generated link in the email  for verificationhttps://id-test.zeiss.com/Invitation/Redeem?invitationToken=kdz2NCRINYz1F2yMp0ZFVQIneEHcTDcog24LYgTRDaqgnDYDGKrOADiMOq6JjHyyrqtxNMJ4wK28zUlmO5lrnPLK0NZpHP9jZ4cAuC05r3z0Krh4ReDbwHHO0qjN3Q%2BqrXYrBOPZcCR%2B4hvhYV8YltgCnquGmKq4I81ls6c0HhxMCbtqbw4E32ojg7IUBR6uPhfaAIXgi3%2Bgp3Yv14qZyqA02Gsu8eGlbbWtqWekC6cEHgyZrsBcz%2B%2FeZL6us0cGSEE%2BIqSaQQ29Qo%2Fzd8HODXq4EEQ9%2FN9R8fqSbq2METY54QXgRydlnG4o5J2b%2ByyeFtfAKYzcg1gaOeJWgzfF4Ka50Ofhe70bKyfZgVAb8VCX8YDlNjz0xOOWKWQxjSPP6Ic3oSQJer%2BNNLN3bcQMGZ88rcSY4Rue6MBmrnWYPil18J8R%2Fh1iFAEwwC8HmVzaMqsGNICStQYb%2FCGz1veekYjs94Fo0zHCwPBu3Y7VL5%2FdSz3hGrFKgvnAKl7yOyhpHLDA27MYN7k7FlMrkFGa8LYeRrbelE0TjNw0EyetggUxhMlDM6CDs%2BsIF3Qqz4uGGl%2FEsfZZ5J%2BQydoj1rsf5a%2F4kPmBw1JPLfZXN8AV1PE7pE2S%2BagNI63lJDuQwnrATqMihyvJlXYoH6mc7aGsNn9I%2BuHGCSFsM1jF7FVZFTrodZS5myyCsSzg6jqZFBt54mkBun3NpiOCDa%2Bai8T2OLfAXpiB3CAeFJQkmej%2B3W71rpSDasPr8H7E1cWDPWinhJtTXpGSTi7VhYvM3%2BEk5w%3D%3D
					
				</td>
			</tr>
			<tr class='log' status='pass'>
				<td class='status pass' title='pass' alt='pass'><i class='material-icons'>check_circle</i></td>
				<td class='timestamp'>5:10:52 PM</td>
				<td class='step-details'>
						Test passed
					
				</td>
			</tr>
		</tbody>
	</table>
</div>
					</div>
				</li>
				<li class='test displayed active  fail' status='fail' bdd='false' test-id='5'>
					<div class='test-heading'>
						<span class='test-name'>tC201_AdminUser_Test05_CreateSSCAdminWithUserType2</span>
						<span class='test-time'>Jan 31, 2020 05:10:56 PM</span>
						<span class='test-status right fail'>fail</span>
					</div>
					<div class='test-content hide'>
<div class='test-time-info'>
	<span class='label start-time'>Jan 31, 2020 05:10:56 PM</span>
	<span class='label end-time'>Jan 31, 2020 05:13:22 PM</span>
	<span class='label time-taken grey lighten-1 white-text'>0h 2m 25s+425ms</span>
</div>
<div class='test-attributes'>
	<div class='category-list'>
		<span class='category label'>AdminService</span>
	</div>
</div>
<div class='test-steps'>
	<table class='bordered table-results'>
		<thead>
			<tr>
				<th>Status</th>
				<th>Timestamp</th>
				<th>Details</th>
			</tr>
		</thead>
		<tbody>
			<tr class='log' status='debug'>
				<td class='status debug' title='debug' alt='debug'><i class='material-icons'>low_priority</i></td>
				<td class='timestamp'>5:11:25 PM</td>
				<td class='step-details'>
						UserName Used for Genrating the Access token:MDPAdmin@id.zeiss.com
					
				</td>
			</tr>
			<tr class='log' status='debug'>
				<td class='status debug' title='debug' alt='debug'><i class='material-icons'>low_priority</i></td>
				<td class='timestamp'>5:11:25 PM</td>
				<td class='step-details'>
						Creating the user with defualt generated email:zeiss0719+20200131_171125@gmail.com
					
				</td>
			</tr>
			<tr class='log' status='debug'>
				<td class='status debug' title='debug' alt='debug'><i class='material-icons'>low_priority</i></td>
				<td class='timestamp'>5:11:25 PM</td>
				<td class='step-details'>
						The BaseUri is :https://mdptest.api.zeiss.com
					
				</td>
			</tr>
			<tr class='log' status='debug'>
				<td class='status debug' title='debug' alt='debug'><i class='material-icons'>low_priority</i></td>
				<td class='timestamp'>5:11:25 PM</td>
				<td class='step-details'>
						/nThe Values to change In JSON:{"ALTERNATEEMAIL":"noemaildude@fuckoff.com","ZEISSIDUSERTYPE":2,"ROLEID":"985b931d-a04f-491c-de88-08d790386491","EMAIL":"zeiss0719+20200131_171125@gmail.com","CLIENTID":"ed8d6270-da8b-4ea0-aaa0-7214f6dd09d5"}
					
				</td>
			</tr>
			<tr class='log' status='debug'>
				<td class='status debug' title='debug' alt='debug'><i class='material-icons'>low_priority</i></td>
				<td class='timestamp'>5:11:25 PM</td>
				<td class='step-details'>
						The Effective end point is :/adminuserservice/api/v2.0/mdpapps/96b144c4-db4d-4cee-e6e9-08d7629609b9/AdminUsers
					
				</td>
			</tr>
			<tr class='log' status='debug'>
				<td class='status debug' title='debug' alt='debug'><i class='material-icons'>low_priority</i></td>
				<td class='timestamp'>5:11:25 PM</td>
				<td class='step-details'>
						Created users with the payload{"firstName":"ZeissUSer","lastName":"Admin","clientId":"ed8d6270-da8b-4ea0-aaa0-7214f6dd09d5","zeissIdUserType":2,"roleId":"985b931d-a04f-491c-de88-08d790386491","contactDetails":[{"country":"string","alternateEmail":"noemaildude@fuckoff.com","period":"string","city":"Bangalore","district":"string","postalCode":"string","addressLine1":"Zeiss","addressLine2":"EC","state":"KA","type":"string","alternateNo":"string","contactNo":"string"}],"email":"zeiss0719+20200131_171125@gmail.com"}
					
				</td>
			</tr>
			<tr class='log' status='debug'>
				<td class='status debug' title='debug' alt='debug'><i class='material-icons'>low_priority</i></td>
				<td class='timestamp'>5:11:30 PM</td>
				<td class='step-details'>
						Response Code:400
					
				</td>
			</tr>
			<tr class='log' status='debug'>
				<td class='status debug' title='debug' alt='debug'><i class='material-icons'>low_priority</i></td>
				<td class='timestamp'>5:11:30 PM</td>
				<td class='step-details'>
						Response:{"Error":{"Code":"UserInviteFailed","Message":"Unable to Invite User","Target":null,"Details":null,"InnerError":null}}
					
				</td>
			</tr>
			<tr class='log' status='fail'>
				<td class='status fail' title='fail' alt='fail'><i class='material-icons'>cancel</i></td>
				<td class='timestamp'>5:13:22 PM</td>
				<td class='step-details'>
						<textarea disabled class="code-block">java.lang.IllegalStateException: This operation is not allowed on a closed folder
	at com.sun.mail.imap.IMAPFolder.checkOpened(IMAPFolder.java:478)
	at com.sun.mail.imap.IMAPFolder.getMessages(IMAPFolder.java:1856)
	at com.selenium.utils.MailBox.getContent(MailBox.java:92)
	at com.mdp.api.tests.AdminUserService_AdminUserTests.tC201_AdminUser_Test05_CreateSSCAdminWithUserType2(AdminUserService_AdminUserTests.java:131)
	at sun.reflect.NativeMethodAccessorImpl.invoke0(Native Method)
	at sun.reflect.NativeMethodAccessorImpl.invoke(NativeMethodAccessorImpl.java:62)
	at sun.reflect.DelegatingMethodAccessorImpl.invoke(DelegatingMethodAccessorImpl.java:43)
	at java.lang.reflect.Method.invoke(Method.java:498)
	at org.testng.internal.MethodInvocationHelper.invokeMethod(MethodInvocationHelper.java:124)
	at org.testng.internal.Invoker.invokeMethod(Invoker.java:583)
	at org.testng.internal.Invoker.invokeTestMethod(Invoker.java:719)
	at org.testng.internal.Invoker.invokeTestMethods(Invoker.java:989)
	at org.testng.internal.TestMethodWorker.invokeTestMethods(TestMethodWorker.java:125)
	at org.testng.internal.TestMethodWorker.run(TestMethodWorker.java:109)
	at org.testng.TestRunner.privateRun(TestRunner.java:648)
	at org.testng.TestRunner.run(TestRunner.java:505)
	at org.testng.SuiteRunner.runTest(SuiteRunner.java:455)
	at org.testng.SuiteRunner.runSequentially(SuiteRunner.java:450)
	at org.testng.SuiteRunner.privateRun(SuiteRunner.java:415)
	at org.testng.SuiteRunner.run(SuiteRunner.java:364)
	at org.testng.SuiteRunnerWorker.runSuite(SuiteRunnerWorker.java:52)
	at org.testng.SuiteRunnerWorker.run(SuiteRunnerWorker.java:84)
	at org.testng.TestNG.runSuitesSequentially(TestNG.java:1208)
	at org.testng.TestNG.runSuitesLocally(TestNG.java:1137)
	at org.testng.TestNG.runSuites(TestNG.java:1049)
	at org.testng.TestNG.run(TestNG.java:1017)
	at org.testng.remote.AbstractRemoteTestNG.run(AbstractRemoteTestNG.java:114)
	at org.testng.remote.RemoteTestNG.initAndRun(RemoteTestNG.java:251)
	at org.testng.remote.RemoteTestNG.main(RemoteTestNG.java:77)
</textarea>
					
				</td>
			</tr>
		</tbody>
	</table>
</div>
						<ul class='screenshots'>
							<li><img class='r-img' onerror='this.style.display="none"' data-featherlight='/Users/MDPAPITESTING/MDP/Reports/TestRun2020_01_31170623/tC201_AdminUser_Test05_CreateSSCAdminWithUserType2.png' src='/Users/MDPAPITESTING/MDP/Reports/TestRun2020_01_31170623/tC201_AdminUser_Test05_CreateSSCAdminWithUserType2.png' data-src='/Users/MDPAPITESTING/MDP/Reports/TestRun2020_01_31170623/tC201_AdminUser_Test05_CreateSSCAdminWithUserType2.png'></li>
						</ul>
					</div>
				</li>
				<li class='test displayed active  fail' status='fail' bdd='false' test-id='6'>
					<div class='test-heading'>
						<span class='test-name'>tC201_AdminUser_Test06_CreateSSCAdminWithUserType3</span>
						<span class='test-time'>Jan 31, 2020 05:13:27 PM</span>
						<span class='test-status right fail'>fail</span>
					</div>
					<div class='test-content hide'>
<div class='test-time-info'>
	<span class='label start-time'>Jan 31, 2020 05:13:27 PM</span>
	<span class='label end-time'>Jan 31, 2020 05:14:08 PM</span>
	<span class='label time-taken grey lighten-1 white-text'>0h 0m 41s+367ms</span>
</div>
<div class='test-attributes'>
	<div class='category-list'>
		<span class='category label'>AdminService</span>
	</div>
</div>
<div class='test-steps'>
	<table class='bordered table-results'>
		<thead>
			<tr>
				<th>Status</th>
				<th>Timestamp</th>
				<th>Details</th>
			</tr>
		</thead>
		<tbody>
			<tr class='log' status='debug'>
				<td class='status debug' title='debug' alt='debug'><i class='material-icons'>low_priority</i></td>
				<td class='timestamp'>5:13:55 PM</td>
				<td class='step-details'>
						UserName Used for Genrating the Access token:MDPAdmin@id.zeiss.com
					
				</td>
			</tr>
			<tr class='log' status='debug'>
				<td class='status debug' title='debug' alt='debug'><i class='material-icons'>low_priority</i></td>
				<td class='timestamp'>5:13:55 PM</td>
				<td class='step-details'>
						Creating the user with defualt generated email:zeiss0719+20200131_171355@gmail.com
					
				</td>
			</tr>
			<tr class='log' status='debug'>
				<td class='status debug' title='debug' alt='debug'><i class='material-icons'>low_priority</i></td>
				<td class='timestamp'>5:13:55 PM</td>
				<td class='step-details'>
						The BaseUri is :https://mdptest.api.zeiss.com
					
				</td>
			</tr>
			<tr class='log' status='debug'>
				<td class='status debug' title='debug' alt='debug'><i class='material-icons'>low_priority</i></td>
				<td class='timestamp'>5:13:55 PM</td>
				<td class='step-details'>
						/nThe Values to change In JSON:{"ALTERNATEEMAIL":"noemaildude@fuckoff.com","ZEISSIDUSERTYPE":3,"ROLEID":"985b931d-a04f-491c-de88-08d790386491","EMAIL":"zeiss0719+20200131_171355@gmail.com","CLIENTID":"ed8d6270-da8b-4ea0-aaa0-7214f6dd09d5"}
					
				</td>
			</tr>
			<tr class='log' status='debug'>
				<td class='status debug' title='debug' alt='debug'><i class='material-icons'>low_priority</i></td>
				<td class='timestamp'>5:13:55 PM</td>
				<td class='step-details'>
						The Effective end point is :/adminuserservice/api/v2.0/mdpapps/96b144c4-db4d-4cee-e6e9-08d7629609b9/AdminUsers
					
				</td>
			</tr>
			<tr class='log' status='debug'>
				<td class='status debug' title='debug' alt='debug'><i class='material-icons'>low_priority</i></td>
				<td class='timestamp'>5:13:55 PM</td>
				<td class='step-details'>
						Created users with the payload{"firstName":"ZeissUSer","lastName":"Admin","clientId":"ed8d6270-da8b-4ea0-aaa0-7214f6dd09d5","zeissIdUserType":3,"roleId":"985b931d-a04f-491c-de88-08d790386491","contactDetails":[{"country":"string","alternateEmail":"noemaildude@fuckoff.com","period":"string","city":"Bangalore","district":"string","postalCode":"string","addressLine1":"Zeiss","addressLine2":"EC","state":"KA","type":"string","alternateNo":"string","contactNo":"string"}],"email":"zeiss0719+20200131_171355@gmail.com"}
					
				</td>
			</tr>
			<tr class='log' status='debug'>
				<td class='status debug' title='debug' alt='debug'><i class='material-icons'>low_priority</i></td>
				<td class='timestamp'>5:14:08 PM</td>
				<td class='step-details'>
						Response Code:201
					
				</td>
			</tr>
			<tr class='log' status='debug'>
				<td class='status debug' title='debug' alt='debug'><i class='material-icons'>low_priority</i></td>
				<td class='timestamp'>5:14:08 PM</td>
				<td class='step-details'>
						Response:{"id":"f62b4ca5-491c-400b-895e-9418968389f3","clientId":"ed8d6270-da8b-4ea0-aaa0-7214f6dd09d5","roleId":"985b931d-a04f-491c-de88-08d790386491","email":"zeiss0719+20200131_171355@gmail.com","firstName":"ZeissUSer","lastName":"Admin","contactDetails":[{"addressLine1":"Zeiss","addressLine2":"EC","city":"Bangalore","district":"string","state":"KA","country":"string","postalCode":"string","period":"string","alternateEmail":"noemaildude@fuckoff.com","contactNo":"string","alternateNo":"string","type":"string"}],"zeissIdUserType":3}
					
				</td>
			</tr>
			<tr class='log' status='fail'>
				<td class='status fail' title='fail' alt='fail'><i class='material-icons'>cancel</i></td>
				<td class='timestamp'>5:14:08 PM</td>
				<td class='step-details'>
						<textarea disabled class="code-block">java.lang.AssertionError: expected [null] but found [f62b4ca5-491c-400b-895e-9418968389f3]
	at org.testng.Assert.fail(Assert.java:96)
	at org.testng.Assert.failNotEquals(Assert.java:776)
	at org.testng.Assert.assertEqualsImpl(Assert.java:132)
	at org.testng.Assert.assertEquals(Assert.java:118)
	at org.testng.Assert.assertEquals(Assert.java:453)
	at org.testng.Assert.assertEquals(Assert.java:463)
	at com.mdp.api.tests.AdminUserService_AdminUserTests.tC201_AdminUser_Test06_CreateSSCAdminWithUserType3(AdminUserService_AdminUserTests.java:152)
	at sun.reflect.NativeMethodAccessorImpl.invoke0(Native Method)
	at sun.reflect.NativeMethodAccessorImpl.invoke(NativeMethodAccessorImpl.java:62)
	at sun.reflect.DelegatingMethodAccessorImpl.invoke(DelegatingMethodAccessorImpl.java:43)
	at java.lang.reflect.Method.invoke(Method.java:498)
	at org.testng.internal.MethodInvocationHelper.invokeMethod(MethodInvocationHelper.java:124)
	at org.testng.internal.Invoker.invokeMethod(Invoker.java:583)
	at org.testng.internal.Invoker.invokeTestMethod(Invoker.java:719)
	at org.testng.internal.Invoker.invokeTestMethods(Invoker.java:989)
	at org.testng.internal.TestMethodWorker.invokeTestMethods(TestMethodWorker.java:125)
	at org.testng.internal.TestMethodWorker.run(TestMethodWorker.java:109)
	at org.testng.TestRunner.privateRun(TestRunner.java:648)
	at org.testng.TestRunner.run(TestRunner.java:505)
	at org.testng.SuiteRunner.runTest(SuiteRunner.java:455)
	at org.testng.SuiteRunner.runSequentially(SuiteRunner.java:450)
	at org.testng.SuiteRunner.privateRun(SuiteRunner.java:415)
	at org.testng.SuiteRunner.run(SuiteRunner.java:364)
	at org.testng.SuiteRunnerWorker.runSuite(SuiteRunnerWorker.java:52)
	at org.testng.SuiteRunnerWorker.run(SuiteRunnerWorker.java:84)
	at org.testng.TestNG.runSuitesSequentially(TestNG.java:1208)
	at org.testng.TestNG.runSuitesLocally(TestNG.java:1137)
	at org.testng.TestNG.runSuites(TestNG.java:1049)
	at org.testng.TestNG.run(TestNG.java:1017)
	at org.testng.remote.AbstractRemoteTestNG.run(AbstractRemoteTestNG.java:114)
	at org.testng.remote.RemoteTestNG.initAndRun(RemoteTestNG.java:251)
	at org.testng.remote.RemoteTestNG.main(RemoteTestNG.java:77)
</textarea>
					
				</td>
			</tr>
		</tbody>
	</table>
</div>
						<ul class='screenshots'>
							<li><img class='r-img' onerror='this.style.display="none"' data-featherlight='/Users/MDPAPITESTING/MDP/Reports/TestRun2020_01_31170623/tC201_AdminUser_Test06_CreateSSCAdminWithUserType3.png' src='/Users/MDPAPITESTING/MDP/Reports/TestRun2020_01_31170623/tC201_AdminUser_Test06_CreateSSCAdminWithUserType3.png' data-src='/Users/MDPAPITESTING/MDP/Reports/TestRun2020_01_31170623/tC201_AdminUser_Test06_CreateSSCAdminWithUserType3.png'></li>
						</ul>
					</div>
				</li>
				<li class='test displayed active  fail' status='fail' bdd='false' test-id='7'>
					<div class='test-heading'>
						<span class='test-name'>tC201_AdminUser_Test12_CreateAppAdminWithExistingMDPAdminMail</span>
						<span class='test-time'>Jan 31, 2020 05:14:13 PM</span>
						<span class='test-status right fail'>fail</span>
					</div>
					<div class='test-content hide'>
<div class='test-time-info'>
	<span class='label start-time'>Jan 31, 2020 05:14:13 PM</span>
	<span class='label end-time'>Jan 31, 2020 05:14:44 PM</span>
	<span class='label time-taken grey lighten-1 white-text'>0h 0m 30s+528ms</span>
</div>
<div class='test-attributes'>
	<div class='category-list'>
		<span class='category label'>AdminService</span>
	</div>
</div>
<div class='test-steps'>
	<table class='bordered table-results'>
		<thead>
			<tr>
				<th>Status</th>
				<th>Timestamp</th>
				<th>Details</th>
			</tr>
		</thead>
		<tbody>
			<tr class='log' status='debug'>
				<td class='status debug' title='debug' alt='debug'><i class='material-icons'>low_priority</i></td>
				<td class='timestamp'>5:14:41 PM</td>
				<td class='step-details'>
						UserName Used for Genrating the Access token:MDPAdmin@id.zeiss.com
					
				</td>
			</tr>
			<tr class='log' status='debug'>
				<td class='status debug' title='debug' alt='debug'><i class='material-icons'>low_priority</i></td>
				<td class='timestamp'>5:14:41 PM</td>
				<td class='step-details'>
						Creating the user with defualt generated email:zeiss0719+20200131_171441@gmail.com
					
				</td>
			</tr>
			<tr class='log' status='debug'>
				<td class='status debug' title='debug' alt='debug'><i class='material-icons'>low_priority</i></td>
				<td class='timestamp'>5:14:41 PM</td>
				<td class='step-details'>
						The BaseUri is :https://mdptest.api.zeiss.com
					
				</td>
			</tr>
			<tr class='log' status='debug'>
				<td class='status debug' title='debug' alt='debug'><i class='material-icons'>low_priority</i></td>
				<td class='timestamp'>5:14:41 PM</td>
				<td class='step-details'>
						/nThe Values to change In JSON:{"ALTERNATEEMAIL":"noemaildude@fuckoff.com","ZEISSIDUSERTYPE":1,"ROLEID":"985b931d-a04f-491c-de88-08d790386490","EMAIL":"zeiss0719+20200131_171441@gmail.com","CLIENTID":"ed8d6270-da8b-4ea0-aaa0-7214f6dd09d5"}
					
				</td>
			</tr>
			<tr class='log' status='debug'>
				<td class='status debug' title='debug' alt='debug'><i class='material-icons'>low_priority</i></td>
				<td class='timestamp'>5:14:41 PM</td>
				<td class='step-details'>
						The Effective end point is :/adminuserservice/api/v2.0/mdpapps/96b144c4-db4d-4cee-e6e9-08d7629609b9/AdminUsers
					
				</td>
			</tr>
			<tr class='log' status='debug'>
				<td class='status debug' title='debug' alt='debug'><i class='material-icons'>low_priority</i></td>
				<td class='timestamp'>5:14:41 PM</td>
				<td class='step-details'>
						Created users with the payload{"firstName":"ZeissUSer","lastName":"Admin","clientId":"ed8d6270-da8b-4ea0-aaa0-7214f6dd09d5","zeissIdUserType":1,"roleId":"985b931d-a04f-491c-de88-08d790386490","contactDetails":[{"country":"string","alternateEmail":"noemaildude@fuckoff.com","period":"string","city":"Bangalore","district":"string","postalCode":"string","addressLine1":"Zeiss","addressLine2":"EC","state":"KA","type":"string","alternateNo":"string","contactNo":"string"}],"email":"zeiss0719+20200131_171441@gmail.com"}
					
				</td>
			</tr>
			<tr class='log' status='debug'>
				<td class='status debug' title='debug' alt='debug'><i class='material-icons'>low_priority</i></td>
				<td class='timestamp'>5:14:44 PM</td>
				<td class='step-details'>
						Response Code:401
					
				</td>
			</tr>
			<tr class='log' status='debug'>
				<td class='status debug' title='debug' alt='debug'><i class='material-icons'>low_priority</i></td>
				<td class='timestamp'>5:14:44 PM</td>
				<td class='step-details'>
						Response:{"Error":{"Code":"UnAuthorizedUser","Message":"Logged-In User is not authorized to create this user","Target":null,"Details":null,"InnerError":null}}
					
				</td>
			</tr>
			<tr class='log' status='fail'>
				<td class='status fail' title='fail' alt='fail'><i class='material-icons'>cancel</i></td>
				<td class='timestamp'>5:14:44 PM</td>
				<td class='step-details'>
						<textarea disabled class="code-block">java.lang.AssertionError: expected [400] but found [401]
	at org.testng.Assert.fail(Assert.java:96)
	at org.testng.Assert.failNotEquals(Assert.java:776)
	at org.testng.Assert.assertEqualsImpl(Assert.java:137)
	at org.testng.Assert.assertEquals(Assert.java:118)
	at org.testng.Assert.assertEquals(Assert.java:652)
	at org.testng.Assert.assertEquals(Assert.java:662)
	at com.mdp.api.tests.AdminUserService_AdminUserTests.tC201_AdminUser_Test12_CreateAppAdminWithExistingMDPAdminMail(AdminUserService_AdminUserTests.java:264)
	at sun.reflect.NativeMethodAccessorImpl.invoke0(Native Method)
	at sun.reflect.NativeMethodAccessorImpl.invoke(NativeMethodAccessorImpl.java:62)
	at sun.reflect.DelegatingMethodAccessorImpl.invoke(DelegatingMethodAccessorImpl.java:43)
	at java.lang.reflect.Method.invoke(Method.java:498)
	at org.testng.internal.MethodInvocationHelper.invokeMethod(MethodInvocationHelper.java:124)
	at org.testng.internal.Invoker.invokeMethod(Invoker.java:583)
	at org.testng.internal.Invoker.invokeTestMethod(Invoker.java:719)
	at org.testng.internal.Invoker.invokeTestMethods(Invoker.java:989)
	at org.testng.internal.TestMethodWorker.invokeTestMethods(TestMethodWorker.java:125)
	at org.testng.internal.TestMethodWorker.run(TestMethodWorker.java:109)
	at org.testng.TestRunner.privateRun(TestRunner.java:648)
	at org.testng.TestRunner.run(TestRunner.java:505)
	at org.testng.SuiteRunner.runTest(SuiteRunner.java:455)
	at org.testng.SuiteRunner.runSequentially(SuiteRunner.java:450)
	at org.testng.SuiteRunner.privateRun(SuiteRunner.java:415)
	at org.testng.SuiteRunner.run(SuiteRunner.java:364)
	at org.testng.SuiteRunnerWorker.runSuite(SuiteRunnerWorker.java:52)
	at org.testng.SuiteRunnerWorker.run(SuiteRunnerWorker.java:84)
	at org.testng.TestNG.runSuitesSequentially(TestNG.java:1208)
	at org.testng.TestNG.runSuitesLocally(TestNG.java:1137)
	at org.testng.TestNG.runSuites(TestNG.java:1049)
	at org.testng.TestNG.run(TestNG.java:1017)
	at org.testng.remote.AbstractRemoteTestNG.run(AbstractRemoteTestNG.java:114)
	at org.testng.remote.RemoteTestNG.initAndRun(RemoteTestNG.java:251)
	at org.testng.remote.RemoteTestNG.main(RemoteTestNG.java:77)
</textarea>
					
				</td>
			</tr>
		</tbody>
	</table>
</div>
						<ul class='screenshots'>
							<li><img class='r-img' onerror='this.style.display="none"' data-featherlight='/Users/MDPAPITESTING/MDP/Reports/TestRun2020_01_31170623/tC201_AdminUser_Test12_CreateAppAdminWithExistingMDPAdminMail.png' src='/Users/MDPAPITESTING/MDP/Reports/TestRun2020_01_31170623/tC201_AdminUser_Test12_CreateAppAdminWithExistingMDPAdminMail.png' data-src='/Users/MDPAPITESTING/MDP/Reports/TestRun2020_01_31170623/tC201_AdminUser_Test12_CreateAppAdminWithExistingMDPAdminMail.png'></li>
						</ul>
					</div>
				</li>
				<li class='test displayed active  fail' status='fail' bdd='false' test-id='8'>
					<div class='test-heading'>
						<span class='test-name'>tC201_AdminUser_Test14_CreateSSCAdminWithExistingMDPAdminMail</span>
						<span class='test-time'>Jan 31, 2020 05:14:49 PM</span>
						<span class='test-status right fail'>fail</span>
					</div>
					<div class='test-content hide'>
<div class='test-time-info'>
	<span class='label start-time'>Jan 31, 2020 05:14:49 PM</span>
	<span class='label end-time'>Jan 31, 2020 05:15:19 PM</span>
	<span class='label time-taken grey lighten-1 white-text'>0h 0m 30s+328ms</span>
</div>
<div class='test-attributes'>
	<div class='category-list'>
		<span class='category label'>AdminService</span>
	</div>
</div>
<div class='test-steps'>
	<table class='bordered table-results'>
		<thead>
			<tr>
				<th>Status</th>
				<th>Timestamp</th>
				<th>Details</th>
			</tr>
		</thead>
		<tbody>
			<tr class='log' status='debug'>
				<td class='status debug' title='debug' alt='debug'><i class='material-icons'>low_priority</i></td>
				<td class='timestamp'>5:15:16 PM</td>
				<td class='step-details'>
						UserName Used for Genrating the Access token:MDPAdmin@id.zeiss.com
					
				</td>
			</tr>
			<tr class='log' status='debug'>
				<td class='status debug' title='debug' alt='debug'><i class='material-icons'>low_priority</i></td>
				<td class='timestamp'>5:15:16 PM</td>
				<td class='step-details'>
						The BaseUri is :https://mdptest.api.zeiss.com
					
				</td>
			</tr>
			<tr class='log' status='debug'>
				<td class='status debug' title='debug' alt='debug'><i class='material-icons'>low_priority</i></td>
				<td class='timestamp'>5:15:16 PM</td>
				<td class='step-details'>
						/nThe Values to change In JSON:{"ALTERNATEEMAIL":"noemaildude@fuckoff.com","ZEISSIDUSERTYPE":1,"ROLEID":"985b931d-a04f-491c-de88-08d790386491","EMAIL":"MDPAdmin@id.zeiss.com","CLIENTID":"ed8d6270-da8b-4ea0-aaa0-7214f6dd09d5"}
					
				</td>
			</tr>
			<tr class='log' status='debug'>
				<td class='status debug' title='debug' alt='debug'><i class='material-icons'>low_priority</i></td>
				<td class='timestamp'>5:15:16 PM</td>
				<td class='step-details'>
						The Effective end point is :/adminuserservice/api/v2.0/mdpapps/96b144c4-db4d-4cee-e6e9-08d7629609b9/AdminUsers
					
				</td>
			</tr>
			<tr class='log' status='debug'>
				<td class='status debug' title='debug' alt='debug'><i class='material-icons'>low_priority</i></td>
				<td class='timestamp'>5:15:16 PM</td>
				<td class='step-details'>
						Created users with the payload{"firstName":"ZeissUSer","lastName":"Admin","clientId":"ed8d6270-da8b-4ea0-aaa0-7214f6dd09d5","zeissIdUserType":1,"roleId":"985b931d-a04f-491c-de88-08d790386491","contactDetails":[{"country":"string","alternateEmail":"noemaildude@fuckoff.com","period":"string","city":"Bangalore","district":"string","postalCode":"string","addressLine1":"Zeiss","addressLine2":"EC","state":"KA","type":"string","alternateNo":"string","contactNo":"string"}],"email":"MDPAdmin@id.zeiss.com"}
					
				</td>
			</tr>
			<tr class='log' status='debug'>
				<td class='status debug' title='debug' alt='debug'><i class='material-icons'>low_priority</i></td>
				<td class='timestamp'>5:15:19 PM</td>
				<td class='step-details'>
						Response Code:201
					
				</td>
			</tr>
			<tr class='log' status='debug'>
				<td class='status debug' title='debug' alt='debug'><i class='material-icons'>low_priority</i></td>
				<td class='timestamp'>5:15:19 PM</td>
				<td class='step-details'>
						Response:{"id":"06ef970f-4afd-490b-a0fe-42361b7a55a4","clientId":"ed8d6270-da8b-4ea0-aaa0-7214f6dd09d5","roleId":"985b931d-a04f-491c-de88-08d790386491","email":"MDPAdmin@id.zeiss.com","firstName":"ZeissUSer","lastName":"Admin","contactDetails":[{"addressLine1":"Zeiss","addressLine2":"EC","city":"Bangalore","district":"string","state":"KA","country":"string","postalCode":"string","period":"string","alternateEmail":"noemaildude@fuckoff.com","contactNo":"string","alternateNo":"string","type":"string"}],"zeissIdUserType":1}
					
				</td>
			</tr>
			<tr class='log' status='fail'>
				<td class='status fail' title='fail' alt='fail'><i class='material-icons'>cancel</i></td>
				<td class='timestamp'>5:15:19 PM</td>
				<td class='step-details'>
						<textarea disabled class="code-block">java.lang.AssertionError: expected [400] but found [201]
	at org.testng.Assert.fail(Assert.java:96)
	at org.testng.Assert.failNotEquals(Assert.java:776)
	at org.testng.Assert.assertEqualsImpl(Assert.java:137)
	at org.testng.Assert.assertEquals(Assert.java:118)
	at org.testng.Assert.assertEquals(Assert.java:652)
	at org.testng.Assert.assertEquals(Assert.java:662)
	at com.mdp.api.tests.AdminUserService_AdminUserTests.tC201_AdminUser_Test14_CreateSSCAdminWithExistingMDPAdminMail(AdminUserService_AdminUserTests.java:308)
	at sun.reflect.NativeMethodAccessorImpl.invoke0(Native Method)
	at sun.reflect.NativeMethodAccessorImpl.invoke(NativeMethodAccessorImpl.java:62)
	at sun.reflect.DelegatingMethodAccessorImpl.invoke(DelegatingMethodAccessorImpl.java:43)
	at java.lang.reflect.Method.invoke(Method.java:498)
	at org.testng.internal.MethodInvocationHelper.invokeMethod(MethodInvocationHelper.java:124)
	at org.testng.internal.Invoker.invokeMethod(Invoker.java:583)
	at org.testng.internal.Invoker.invokeTestMethod(Invoker.java:719)
	at org.testng.internal.Invoker.invokeTestMethods(Invoker.java:989)
	at org.testng.internal.TestMethodWorker.invokeTestMethods(TestMethodWorker.java:125)
	at org.testng.internal.TestMethodWorker.run(TestMethodWorker.java:109)
	at org.testng.TestRunner.privateRun(TestRunner.java:648)
	at org.testng.TestRunner.run(TestRunner.java:505)
	at org.testng.SuiteRunner.runTest(SuiteRunner.java:455)
	at org.testng.SuiteRunner.runSequentially(SuiteRunner.java:450)
	at org.testng.SuiteRunner.privateRun(SuiteRunner.java:415)
	at org.testng.SuiteRunner.run(SuiteRunner.java:364)
	at org.testng.SuiteRunnerWorker.runSuite(SuiteRunnerWorker.java:52)
	at org.testng.SuiteRunnerWorker.run(SuiteRunnerWorker.java:84)
	at org.testng.TestNG.runSuitesSequentially(TestNG.java:1208)
	at org.testng.TestNG.runSuitesLocally(TestNG.java:1137)
	at org.testng.TestNG.runSuites(TestNG.java:1049)
	at org.testng.TestNG.run(TestNG.java:1017)
	at org.testng.remote.AbstractRemoteTestNG.run(AbstractRemoteTestNG.java:114)
	at org.testng.remote.RemoteTestNG.initAndRun(RemoteTestNG.java:251)
	at org.testng.remote.RemoteTestNG.main(RemoteTestNG.java:77)
</textarea>
					
				</td>
			</tr>
		</tbody>
	</table>
</div>
						<ul class='screenshots'>
							<li><img class='r-img' onerror='this.style.display="none"' data-featherlight='/Users/MDPAPITESTING/MDP/Reports/TestRun2020_01_31170623/tC201_AdminUser_Test14_CreateSSCAdminWithExistingMDPAdminMail.png' src='/Users/MDPAPITESTING/MDP/Reports/TestRun2020_01_31170623/tC201_AdminUser_Test14_CreateSSCAdminWithExistingMDPAdminMail.png' data-src='/Users/MDPAPITESTING/MDP/Reports/TestRun2020_01_31170623/tC201_AdminUser_Test14_CreateSSCAdminWithExistingMDPAdminMail.png'></li>
						</ul>
					</div>
				</li>
				<li class='test displayed active  fail' status='fail' bdd='false' test-id='9'>
					<div class='test-heading'>
						<span class='test-name'>tC201_AdminUser_Test15_CreateSSCAdminWithExistingSSCAdminMail</span>
						<span class='test-time'>Jan 31, 2020 05:15:24 PM</span>
						<span class='test-status right fail'>fail</span>
					</div>
					<div class='test-content hide'>
<div class='test-time-info'>
	<span class='label start-time'>Jan 31, 2020 05:15:24 PM</span>
	<span class='label end-time'>Jan 31, 2020 05:16:21 PM</span>
	<span class='label time-taken grey lighten-1 white-text'>0h 0m 56s+889ms</span>
</div>
<div class='test-attributes'>
	<div class='category-list'>
		<span class='category label'>AdminService</span>
	</div>
</div>
<div class='test-steps'>
	<table class='bordered table-results'>
		<thead>
			<tr>
				<th>Status</th>
				<th>Timestamp</th>
				<th>Details</th>
			</tr>
		</thead>
		<tbody>
			<tr class='log' status='debug'>
				<td class='status debug' title='debug' alt='debug'><i class='material-icons'>low_priority</i></td>
				<td class='timestamp'>5:16:09 PM</td>
				<td class='step-details'>
						UserName Used for Genrating the Access token:MDPAdmin@id.zeiss.com
					
				</td>
			</tr>
			<tr class='log' status='debug'>
				<td class='status debug' title='debug' alt='debug'><i class='material-icons'>low_priority</i></td>
				<td class='timestamp'>5:16:09 PM</td>
				<td class='step-details'>
						The BaseUri is :https://mdptest.api.zeiss.com
					
				</td>
			</tr>
			<tr class='log' status='debug'>
				<td class='status debug' title='debug' alt='debug'><i class='material-icons'>low_priority</i></td>
				<td class='timestamp'>5:16:09 PM</td>
				<td class='step-details'>
						/nThe Values to change In JSON:{"ALTERNATEEMAIL":"noemaildude@fuckoff.com","ZEISSIDUSERTYPE":1,"ROLEID":"985b931d-a04f-491c-de88-08d790386491","EMAIL":"MDPAdmin@id.zeiss.com","CLIENTID":"ed8d6270-da8b-4ea0-aaa0-7214f6dd09d5"}
					
				</td>
			</tr>
			<tr class='log' status='debug'>
				<td class='status debug' title='debug' alt='debug'><i class='material-icons'>low_priority</i></td>
				<td class='timestamp'>5:16:09 PM</td>
				<td class='step-details'>
						The Effective end point is :/adminuserservice/api/v2.0/mdpapps/96b144c4-db4d-4cee-e6e9-08d7629609b9/AdminUsers
					
				</td>
			</tr>
			<tr class='log' status='debug'>
				<td class='status debug' title='debug' alt='debug'><i class='material-icons'>low_priority</i></td>
				<td class='timestamp'>5:16:09 PM</td>
				<td class='step-details'>
						Created users with the payload{"firstName":"ZeissUSer","lastName":"Admin","clientId":"ed8d6270-da8b-4ea0-aaa0-7214f6dd09d5","zeissIdUserType":1,"roleId":"985b931d-a04f-491c-de88-08d790386491","contactDetails":[{"country":"string","alternateEmail":"noemaildude@fuckoff.com","period":"string","city":"Bangalore","district":"string","postalCode":"string","addressLine1":"Zeiss","addressLine2":"EC","state":"KA","type":"string","alternateNo":"string","contactNo":"string"}],"email":"MDPAdmin@id.zeiss.com"}
					
				</td>
			</tr>
			<tr class='log' status='debug'>
				<td class='status debug' title='debug' alt='debug'><i class='material-icons'>low_priority</i></td>
				<td class='timestamp'>5:16:21 PM</td>
				<td class='step-details'>
						Response Code:201
					
				</td>
			</tr>
			<tr class='log' status='debug'>
				<td class='status debug' title='debug' alt='debug'><i class='material-icons'>low_priority</i></td>
				<td class='timestamp'>5:16:21 PM</td>
				<td class='step-details'>
						Response:{"id":"06ef970f-4afd-490b-a0fe-42361b7a55a4","clientId":"ed8d6270-da8b-4ea0-aaa0-7214f6dd09d5","roleId":"985b931d-a04f-491c-de88-08d790386491","email":"MDPAdmin@id.zeiss.com","firstName":"ZeissUSer","lastName":"Admin","contactDetails":[{"addressLine1":"Zeiss","addressLine2":"EC","city":"Bangalore","district":"string","state":"KA","country":"string","postalCode":"string","period":"string","alternateEmail":"noemaildude@fuckoff.com","contactNo":"string","alternateNo":"string","type":"string"}],"zeissIdUserType":1}
					
				</td>
			</tr>
			<tr class='log' status='fail'>
				<td class='status fail' title='fail' alt='fail'><i class='material-icons'>cancel</i></td>
				<td class='timestamp'>5:16:21 PM</td>
				<td class='step-details'>
						<textarea disabled class="code-block">java.lang.AssertionError: expected [400] but found [201]
	at org.testng.Assert.fail(Assert.java:96)
	at org.testng.Assert.failNotEquals(Assert.java:776)
	at org.testng.Assert.assertEqualsImpl(Assert.java:137)
	at org.testng.Assert.assertEquals(Assert.java:118)
	at org.testng.Assert.assertEquals(Assert.java:652)
	at org.testng.Assert.assertEquals(Assert.java:662)
	at com.mdp.api.tests.AdminUserService_AdminUserTests.tC201_AdminUser_Test15_CreateSSCAdminWithExistingSSCAdminMail(AdminUserService_AdminUserTests.java:332)
	at sun.reflect.NativeMethodAccessorImpl.invoke0(Native Method)
	at sun.reflect.NativeMethodAccessorImpl.invoke(NativeMethodAccessorImpl.java:62)
	at sun.reflect.DelegatingMethodAccessorImpl.invoke(DelegatingMethodAccessorImpl.java:43)
	at java.lang.reflect.Method.invoke(Method.java:498)
	at org.testng.internal.MethodInvocationHelper.invokeMethod(MethodInvocationHelper.java:124)
	at org.testng.internal.Invoker.invokeMethod(Invoker.java:583)
	at org.testng.internal.Invoker.invokeTestMethod(Invoker.java:719)
	at org.testng.internal.Invoker.invokeTestMethods(Invoker.java:989)
	at org.testng.internal.TestMethodWorker.invokeTestMethods(TestMethodWorker.java:125)
	at org.testng.internal.TestMethodWorker.run(TestMethodWorker.java:109)
	at org.testng.TestRunner.privateRun(TestRunner.java:648)
	at org.testng.TestRunner.run(TestRunner.java:505)
	at org.testng.SuiteRunner.runTest(SuiteRunner.java:455)
	at org.testng.SuiteRunner.runSequentially(SuiteRunner.java:450)
	at org.testng.SuiteRunner.privateRun(SuiteRunner.java:415)
	at org.testng.SuiteRunner.run(SuiteRunner.java:364)
	at org.testng.SuiteRunnerWorker.runSuite(SuiteRunnerWorker.java:52)
	at org.testng.SuiteRunnerWorker.run(SuiteRunnerWorker.java:84)
	at org.testng.TestNG.runSuitesSequentially(TestNG.java:1208)
	at org.testng.TestNG.runSuitesLocally(TestNG.java:1137)
	at org.testng.TestNG.runSuites(TestNG.java:1049)
	at org.testng.TestNG.run(TestNG.java:1017)
	at org.testng.remote.AbstractRemoteTestNG.run(AbstractRemoteTestNG.java:114)
	at org.testng.remote.RemoteTestNG.initAndRun(RemoteTestNG.java:251)
	at org.testng.remote.RemoteTestNG.main(RemoteTestNG.java:77)
</textarea>
					
				</td>
			</tr>
		</tbody>
	</table>
</div>
						<ul class='screenshots'>
							<li><img class='r-img' onerror='this.style.display="none"' data-featherlight='/Users/MDPAPITESTING/MDP/Reports/TestRun2020_01_31170623/tC201_AdminUser_Test15_CreateSSCAdminWithExistingSSCAdminMail.png' src='/Users/MDPAPITESTING/MDP/Reports/TestRun2020_01_31170623/tC201_AdminUser_Test15_CreateSSCAdminWithExistingSSCAdminMail.png' data-src='/Users/MDPAPITESTING/MDP/Reports/TestRun2020_01_31170623/tC201_AdminUser_Test15_CreateSSCAdminWithExistingSSCAdminMail.png'></li>
						</ul>
					</div>
				</li>
				<li class='test displayed active  fail' status='fail' bdd='false' test-id='10'>
					<div class='test-heading'>
						<span class='test-name'>TC201_AdminUser_Test27_CreateSSCAdminWithMDPAppIdInvalid</span>
						<span class='test-time'>Jan 31, 2020 05:16:26 PM</span>
						<span class='test-status right fail'>fail</span>
					</div>
					<div class='test-content hide'>
<div class='test-time-info'>
	<span class='label start-time'>Jan 31, 2020 05:16:26 PM</span>
	<span class='label end-time'>Jan 31, 2020 05:16:59 PM</span>
	<span class='label time-taken grey lighten-1 white-text'>0h 0m 32s+908ms</span>
</div>
<div class='test-attributes'>
	<div class='category-list'>
		<span class='category label'>AdminService</span>
	</div>
</div>
<div class='test-steps'>
	<table class='bordered table-results'>
		<thead>
			<tr>
				<th>Status</th>
				<th>Timestamp</th>
				<th>Details</th>
			</tr>
		</thead>
		<tbody>
			<tr class='log' status='debug'>
				<td class='status debug' title='debug' alt='debug'><i class='material-icons'>low_priority</i></td>
				<td class='timestamp'>5:16:53 PM</td>
				<td class='step-details'>
						UserName Used for Genrating the Access token:MDPAdmin@id.zeiss.com
					
				</td>
			</tr>
			<tr class='log' status='debug'>
				<td class='status debug' title='debug' alt='debug'><i class='material-icons'>low_priority</i></td>
				<td class='timestamp'>5:16:53 PM</td>
				<td class='step-details'>
						Creating the user with defualt generated email:zeiss0719+20200131_171653@gmail.com
					
				</td>
			</tr>
			<tr class='log' status='debug'>
				<td class='status debug' title='debug' alt='debug'><i class='material-icons'>low_priority</i></td>
				<td class='timestamp'>5:16:53 PM</td>
				<td class='step-details'>
						The BaseUri is :https://mdptest.api.zeiss.com
					
				</td>
			</tr>
			<tr class='log' status='debug'>
				<td class='status debug' title='debug' alt='debug'><i class='material-icons'>low_priority</i></td>
				<td class='timestamp'>5:16:53 PM</td>
				<td class='step-details'>
						/nThe Values to change In JSON:{"ALTERNATEEMAIL":"","ZEISSIDUSERTYPE":1,"ROLEID":"985b931d-a04f-491c-de88-08d790386491","EMAIL":"zeiss0719+20200131_171653@gmail.com","CLIENTID":"ed8d6270-da8b-4ea0-aaa0-7214f6dd09d5"}
					
				</td>
			</tr>
			<tr class='log' status='debug'>
				<td class='status debug' title='debug' alt='debug'><i class='material-icons'>low_priority</i></td>
				<td class='timestamp'>5:16:53 PM</td>
				<td class='step-details'>
						The Effective end point is :/adminuserservice/api/v2.0/mdpapps/96b144c4-db4d-4cee-e6e9-08d7629609b3/AdminUsers
					
				</td>
			</tr>
			<tr class='log' status='debug'>
				<td class='status debug' title='debug' alt='debug'><i class='material-icons'>low_priority</i></td>
				<td class='timestamp'>5:16:53 PM</td>
				<td class='step-details'>
						Created users with the payload{"firstName":"ZeissUSer","lastName":"Admin","clientId":"ed8d6270-da8b-4ea0-aaa0-7214f6dd09d5","zeissIdUserType":1,"roleId":"985b931d-a04f-491c-de88-08d790386491","contactDetails":[{"country":"string","alternateEmail":"","period":"string","city":"Bangalore","district":"string","postalCode":"string","addressLine1":"Zeiss","addressLine2":"EC","state":"KA","type":"string","alternateNo":"string","contactNo":"string"}],"email":"zeiss0719+20200131_171653@gmail.com"}
					
				</td>
			</tr>
			<tr class='log' status='debug'>
				<td class='status debug' title='debug' alt='debug'><i class='material-icons'>low_priority</i></td>
				<td class='timestamp'>5:16:59 PM</td>
				<td class='step-details'>
						Response Code:400
					
				</td>
			</tr>
			<tr class='log' status='debug'>
				<td class='status debug' title='debug' alt='debug'><i class='material-icons'>low_priority</i></td>
				<td class='timestamp'>5:16:59 PM</td>
				<td class='step-details'>
						Response:{"Error":{"Code":"InvalidOrMissingParameter","Message":"One or more required parameters are invalid or missing.","Target":null,"Details":[{"Code":"InvalidOrMissingParameter","Message":"The AlternateEmail field is not a valid e-mail address.","Target":"ContactDetails[0].AlternateEmail","Details":null,"InnerError":null}],"InnerError":null}}
					
				</td>
			</tr>
			<tr class='log' status='fail'>
				<td class='status fail' title='fail' alt='fail'><i class='material-icons'>cancel</i></td>
				<td class='timestamp'>5:16:59 PM</td>
				<td class='step-details'>
						<textarea disabled class="code-block">java.lang.AssertionError: expected [404] but found [400]
	at org.testng.Assert.fail(Assert.java:96)
	at org.testng.Assert.failNotEquals(Assert.java:776)
	at org.testng.Assert.assertEqualsImpl(Assert.java:137)
	at org.testng.Assert.assertEquals(Assert.java:118)
	at org.testng.Assert.assertEquals(Assert.java:652)
	at org.testng.Assert.assertEquals(Assert.java:662)
	at com.mdp.api.tests.AdminUserService_AdminUserTests.TC201_AdminUser_Test27_CreateSSCAdminWithMDPAppIdInvalid(AdminUserService_AdminUserTests.java:561)
	at sun.reflect.NativeMethodAccessorImpl.invoke0(Native Method)
	at sun.reflect.NativeMethodAccessorImpl.invoke(NativeMethodAccessorImpl.java:62)
	at sun.reflect.DelegatingMethodAccessorImpl.invoke(DelegatingMethodAccessorImpl.java:43)
	at java.lang.reflect.Method.invoke(Method.java:498)
	at org.testng.internal.MethodInvocationHelper.invokeMethod(MethodInvocationHelper.java:124)
	at org.testng.internal.Invoker.invokeMethod(Invoker.java:583)
	at org.testng.internal.Invoker.invokeTestMethod(Invoker.java:719)
	at org.testng.internal.Invoker.invokeTestMethods(Invoker.java:989)
	at org.testng.internal.TestMethodWorker.invokeTestMethods(TestMethodWorker.java:125)
	at org.testng.internal.TestMethodWorker.run(TestMethodWorker.java:109)
	at org.testng.TestRunner.privateRun(TestRunner.java:648)
	at org.testng.TestRunner.run(TestRunner.java:505)
	at org.testng.SuiteRunner.runTest(SuiteRunner.java:455)
	at org.testng.SuiteRunner.runSequentially(SuiteRunner.java:450)
	at org.testng.SuiteRunner.privateRun(SuiteRunner.java:415)
	at org.testng.SuiteRunner.run(SuiteRunner.java:364)
	at org.testng.SuiteRunnerWorker.runSuite(SuiteRunnerWorker.java:52)
	at org.testng.SuiteRunnerWorker.run(SuiteRunnerWorker.java:84)
	at org.testng.TestNG.runSuitesSequentially(TestNG.java:1208)
	at org.testng.TestNG.runSuitesLocally(TestNG.java:1137)
	at org.testng.TestNG.runSuites(TestNG.java:1049)
	at org.testng.TestNG.run(TestNG.java:1017)
	at org.testng.remote.AbstractRemoteTestNG.run(AbstractRemoteTestNG.java:114)
	at org.testng.remote.RemoteTestNG.initAndRun(RemoteTestNG.java:251)
	at org.testng.remote.RemoteTestNG.main(RemoteTestNG.java:77)
</textarea>
					
				</td>
			</tr>
		</tbody>
	</table>
</div>
						<ul class='screenshots'>
							<li><img class='r-img' onerror='this.style.display="none"' data-featherlight='/Users/MDPAPITESTING/MDP/Reports/TestRun2020_01_31170623/TC201_AdminUser_Test27_CreateSSCAdminWithMDPAppIdInvalid.png' src='/Users/MDPAPITESTING/MDP/Reports/TestRun2020_01_31170623/TC201_AdminUser_Test27_CreateSSCAdminWithMDPAppIdInvalid.png' data-src='/Users/MDPAPITESTING/MDP/Reports/TestRun2020_01_31170623/TC201_AdminUser_Test27_CreateSSCAdminWithMDPAppIdInvalid.png'></li>
						</ul>
					</div>
				</li>
				<li class='test displayed active  pass' status='pass' bdd='false' test-id='11'>
					<div class='test-heading'>
						<span class='test-name'>TC201_AdminUser_Test28_CreateSSCAdminWithInvalidemailId</span>
						<span class='test-time'>Jan 31, 2020 05:17:04 PM</span>
						<span class='test-status right pass'>pass</span>
					</div>
					<div class='test-content hide'>
<div class='test-time-info'>
	<span class='label start-time'>Jan 31, 2020 05:17:04 PM</span>
	<span class='label end-time'>Jan 31, 2020 05:17:38 PM</span>
	<span class='label time-taken grey lighten-1 white-text'>0h 0m 34s+315ms</span>
</div>
<div class='test-attributes'>
	<div class='category-list'>
		<span class='category label'>AdminService</span>
	</div>
</div>
<div class='test-steps'>
	<table class='bordered table-results'>
		<thead>
			<tr>
				<th>Status</th>
				<th>Timestamp</th>
				<th>Details</th>
			</tr>
		</thead>
		<tbody>
			<tr class='log' status='debug'>
				<td class='status debug' title='debug' alt='debug'><i class='material-icons'>low_priority</i></td>
				<td class='timestamp'>5:17:33 PM</td>
				<td class='step-details'>
						UserName Used for Genrating the Access token:MDPAdmin@id.zeiss.com
					
				</td>
			</tr>
			<tr class='log' status='debug'>
				<td class='status debug' title='debug' alt='debug'><i class='material-icons'>low_priority</i></td>
				<td class='timestamp'>5:17:33 PM</td>
				<td class='step-details'>
						Creating the user with defualt generated email:zeiss0719+20200131_171733@gmail.com
					
				</td>
			</tr>
			<tr class='log' status='debug'>
				<td class='status debug' title='debug' alt='debug'><i class='material-icons'>low_priority</i></td>
				<td class='timestamp'>5:17:33 PM</td>
				<td class='step-details'>
						The BaseUri is :https://mdptest.api.zeiss.com
					
				</td>
			</tr>
			<tr class='log' status='debug'>
				<td class='status debug' title='debug' alt='debug'><i class='material-icons'>low_priority</i></td>
				<td class='timestamp'>5:17:33 PM</td>
				<td class='step-details'>
						/nThe Values to change In JSON:{"ALTERNATEEMAIL":"zeiss0719+20200131_171733@gmail.com","ZEISSIDUSERTYPE":1,"ROLEID":"985b931d-a04f-491c-de88-08d790386491","EMAIL":"test","CLIENTID":"ed8d6270-da8b-4ea0-aaa0-7214f6dd09d5"}
					
				</td>
			</tr>
			<tr class='log' status='debug'>
				<td class='status debug' title='debug' alt='debug'><i class='material-icons'>low_priority</i></td>
				<td class='timestamp'>5:17:33 PM</td>
				<td class='step-details'>
						The Effective end point is :/adminuserservice/api/v2.0/mdpapps/96b144c4-db4d-4cee-e6e9-08d7629609b3/AdminUsers
					
				</td>
			</tr>
			<tr class='log' status='debug'>
				<td class='status debug' title='debug' alt='debug'><i class='material-icons'>low_priority</i></td>
				<td class='timestamp'>5:17:33 PM</td>
				<td class='step-details'>
						Created users with the payload{"firstName":"ZeissUSer","lastName":"Admin","clientId":"ed8d6270-da8b-4ea0-aaa0-7214f6dd09d5","zeissIdUserType":1,"roleId":"985b931d-a04f-491c-de88-08d790386491","contactDetails":[{"country":"string","alternateEmail":"zeiss0719+20200131_171733@gmail.com","period":"string","city":"Bangalore","district":"string","postalCode":"string","addressLine1":"Zeiss","addressLine2":"EC","state":"KA","type":"string","alternateNo":"string","contactNo":"string"}],"email":"test"}
					
				</td>
			</tr>
			<tr class='log' status='debug'>
				<td class='status debug' title='debug' alt='debug'><i class='material-icons'>low_priority</i></td>
				<td class='timestamp'>5:17:38 PM</td>
				<td class='step-details'>
						Response Code:400
					
				</td>
			</tr>
			<tr class='log' status='debug'>
				<td class='status debug' title='debug' alt='debug'><i class='material-icons'>low_priority</i></td>
				<td class='timestamp'>5:17:38 PM</td>
				<td class='step-details'>
						Response:{"Error":{"Code":"InvalidOrMissingParameter","Message":"One or more required parameters are invalid or missing.","Target":null,"Details":[{"Code":"InvalidOrMissingParameter","Message":"The Email field is not a valid e-mail address.","Target":"Email","Details":null,"InnerError":null}],"InnerError":null}}
					
				</td>
			</tr>
			<tr class='log' status='pass'>
				<td class='status pass' title='pass' alt='pass'><i class='material-icons'>check_circle</i></td>
				<td class='timestamp'>5:17:38 PM</td>
				<td class='step-details'>
						Test passed
					
				</td>
			</tr>
		</tbody>
	</table>
</div>
					</div>
				</li>
				<li class='test displayed active  pass' status='pass' bdd='false' test-id='12'>
					<div class='test-heading'>
						<span class='test-name'>TC201_AdminUser_Test28_CreateSSCAdminWithInvalidemailId</span>
						<span class='test-time'>Jan 31, 2020 05:17:43 PM</span>
						<span class='test-status right pass'>pass</span>
					</div>
					<div class='test-content hide'>
<div class='test-time-info'>
	<span class='label start-time'>Jan 31, 2020 05:17:43 PM</span>
	<span class='label end-time'>Jan 31, 2020 05:18:17 PM</span>
	<span class='label time-taken grey lighten-1 white-text'>0h 0m 34s+383ms</span>
</div>
<div class='test-attributes'>
	<div class='category-list'>
		<span class='category label'>AdminService</span>
	</div>
</div>
<div class='test-steps'>
	<table class='bordered table-results'>
		<thead>
			<tr>
				<th>Status</th>
				<th>Timestamp</th>
				<th>Details</th>
			</tr>
		</thead>
		<tbody>
			<tr class='log' status='debug'>
				<td class='status debug' title='debug' alt='debug'><i class='material-icons'>low_priority</i></td>
				<td class='timestamp'>5:18:11 PM</td>
				<td class='step-details'>
						UserName Used for Genrating the Access token:MDPAdmin@id.zeiss.com
					
				</td>
			</tr>
			<tr class='log' status='debug'>
				<td class='status debug' title='debug' alt='debug'><i class='material-icons'>low_priority</i></td>
				<td class='timestamp'>5:18:11 PM</td>
				<td class='step-details'>
						Creating the user with defualt generated email:zeiss0719+20200131_171811@gmail.com
					
				</td>
			</tr>
			<tr class='log' status='debug'>
				<td class='status debug' title='debug' alt='debug'><i class='material-icons'>low_priority</i></td>
				<td class='timestamp'>5:18:11 PM</td>
				<td class='step-details'>
						The BaseUri is :https://mdptest.api.zeiss.com
					
				</td>
			</tr>
			<tr class='log' status='debug'>
				<td class='status debug' title='debug' alt='debug'><i class='material-icons'>low_priority</i></td>
				<td class='timestamp'>5:18:11 PM</td>
				<td class='step-details'>
						/nThe Values to change In JSON:{"ALTERNATEEMAIL":"zeiss0719+20200131_171811@gmail.com","ZEISSIDUSERTYPE":1,"ROLEID":"985b931d-a04f-491c-de88-08d790386491","EMAIL":"test@gmail","CLIENTID":"ed8d6270-da8b-4ea0-aaa0-7214f6dd09d5"}
					
				</td>
			</tr>
			<tr class='log' status='debug'>
				<td class='status debug' title='debug' alt='debug'><i class='material-icons'>low_priority</i></td>
				<td class='timestamp'>5:18:11 PM</td>
				<td class='step-details'>
						The Effective end point is :/adminuserservice/api/v2.0/mdpapps/96b144c4-db4d-4cee-e6e9-08d7629609b3/AdminUsers
					
				</td>
			</tr>
			<tr class='log' status='debug'>
				<td class='status debug' title='debug' alt='debug'><i class='material-icons'>low_priority</i></td>
				<td class='timestamp'>5:18:11 PM</td>
				<td class='step-details'>
						Created users with the payload{"firstName":"ZeissUSer","lastName":"Admin","clientId":"ed8d6270-da8b-4ea0-aaa0-7214f6dd09d5","zeissIdUserType":1,"roleId":"985b931d-a04f-491c-de88-08d790386491","contactDetails":[{"country":"string","alternateEmail":"zeiss0719+20200131_171811@gmail.com","period":"string","city":"Bangalore","district":"string","postalCode":"string","addressLine1":"Zeiss","addressLine2":"EC","state":"KA","type":"string","alternateNo":"string","contactNo":"string"}],"email":"test@gmail"}
					
				</td>
			</tr>
			<tr class='log' status='debug'>
				<td class='status debug' title='debug' alt='debug'><i class='material-icons'>low_priority</i></td>
				<td class='timestamp'>5:18:17 PM</td>
				<td class='step-details'>
						Response Code:400
					
				</td>
			</tr>
			<tr class='log' status='debug'>
				<td class='status debug' title='debug' alt='debug'><i class='material-icons'>low_priority</i></td>
				<td class='timestamp'>5:18:17 PM</td>
				<td class='step-details'>
						Response:{"Error":{"Code":"UserInviteFailed","Message":"Unable to Invite User","Target":null,"Details":null,"InnerError":null}}
					
				</td>
			</tr>
			<tr class='log' status='pass'>
				<td class='status pass' title='pass' alt='pass'><i class='material-icons'>check_circle</i></td>
				<td class='timestamp'>5:18:17 PM</td>
				<td class='step-details'>
						Test passed
					
				</td>
			</tr>
		</tbody>
	</table>
</div>
					</div>
				</li>
				<li class='test displayed active  pass' status='pass' bdd='false' test-id='13'>
					<div class='test-heading'>
						<span class='test-name'>TC201_AdminUser_Test28_CreateSSCAdminWithInvalidemailId</span>
						<span class='test-time'>Jan 31, 2020 05:18:22 PM</span>
						<span class='test-status right pass'>pass</span>
					</div>
					<div class='test-content hide'>
<div class='test-time-info'>
	<span class='label start-time'>Jan 31, 2020 05:18:22 PM</span>
	<span class='label end-time'>Jan 31, 2020 05:18:50 PM</span>
	<span class='label time-taken grey lighten-1 white-text'>0h 0m 28s+458ms</span>
</div>
<div class='test-attributes'>
	<div class='category-list'>
		<span class='category label'>AdminService</span>
	</div>
</div>
<div class='test-steps'>
	<table class='bordered table-results'>
		<thead>
			<tr>
				<th>Status</th>
				<th>Timestamp</th>
				<th>Details</th>
			</tr>
		</thead>
		<tbody>
			<tr class='log' status='debug'>
				<td class='status debug' title='debug' alt='debug'><i class='material-icons'>low_priority</i></td>
				<td class='timestamp'>5:18:48 PM</td>
				<td class='step-details'>
						UserName Used for Genrating the Access token:MDPAdmin@id.zeiss.com
					
				</td>
			</tr>
			<tr class='log' status='debug'>
				<td class='status debug' title='debug' alt='debug'><i class='material-icons'>low_priority</i></td>
				<td class='timestamp'>5:18:48 PM</td>
				<td class='step-details'>
						Creating the user with defualt generated email:zeiss0719+20200131_171848@gmail.com
					
				</td>
			</tr>
			<tr class='log' status='debug'>
				<td class='status debug' title='debug' alt='debug'><i class='material-icons'>low_priority</i></td>
				<td class='timestamp'>5:18:48 PM</td>
				<td class='step-details'>
						The BaseUri is :https://mdptest.api.zeiss.com
					
				</td>
			</tr>
			<tr class='log' status='debug'>
				<td class='status debug' title='debug' alt='debug'><i class='material-icons'>low_priority</i></td>
				<td class='timestamp'>5:18:48 PM</td>
				<td class='step-details'>
						/nThe Values to change In JSON:{"ALTERNATEEMAIL":"zeiss0719+20200131_171848@gmail.com","ZEISSIDUSERTYPE":1,"ROLEID":"985b931d-a04f-491c-de88-08d790386491","EMAIL":"test@gmail.","CLIENTID":"ed8d6270-da8b-4ea0-aaa0-7214f6dd09d5"}
					
				</td>
			</tr>
			<tr class='log' status='debug'>
				<td class='status debug' title='debug' alt='debug'><i class='material-icons'>low_priority</i></td>
				<td class='timestamp'>5:18:48 PM</td>
				<td class='step-details'>
						The Effective end point is :/adminuserservice/api/v2.0/mdpapps/96b144c4-db4d-4cee-e6e9-08d7629609b3/AdminUsers
					
				</td>
			</tr>
			<tr class='log' status='debug'>
				<td class='status debug' title='debug' alt='debug'><i class='material-icons'>low_priority</i></td>
				<td class='timestamp'>5:18:48 PM</td>
				<td class='step-details'>
						Created users with the payload{"firstName":"ZeissUSer","lastName":"Admin","clientId":"ed8d6270-da8b-4ea0-aaa0-7214f6dd09d5","zeissIdUserType":1,"roleId":"985b931d-a04f-491c-de88-08d790386491","contactDetails":[{"country":"string","alternateEmail":"zeiss0719+20200131_171848@gmail.com","period":"string","city":"Bangalore","district":"string","postalCode":"string","addressLine1":"Zeiss","addressLine2":"EC","state":"KA","type":"string","alternateNo":"string","contactNo":"string"}],"email":"test@gmail."}
					
				</td>
			</tr>
			<tr class='log' status='debug'>
				<td class='status debug' title='debug' alt='debug'><i class='material-icons'>low_priority</i></td>
				<td class='timestamp'>5:18:50 PM</td>
				<td class='step-details'>
						Response Code:400
					
				</td>
			</tr>
			<tr class='log' status='debug'>
				<td class='status debug' title='debug' alt='debug'><i class='material-icons'>low_priority</i></td>
				<td class='timestamp'>5:18:50 PM</td>
				<td class='step-details'>
						Response:{"Error":{"Code":"UserInviteFailed","Message":"Unable to Invite User","Target":null,"Details":null,"InnerError":null}}
					
				</td>
			</tr>
			<tr class='log' status='pass'>
				<td class='status pass' title='pass' alt='pass'><i class='material-icons'>check_circle</i></td>
				<td class='timestamp'>5:18:50 PM</td>
				<td class='step-details'>
						Test passed
					
				</td>
			</tr>
		</tbody>
	</table>
</div>
					</div>
				</li>
				<li class='test displayed active  pass' status='pass' bdd='false' test-id='14'>
					<div class='test-heading'>
						<span class='test-name'>TC201_AdminUser_Test28_CreateSSCAdminWithInvalidemailId</span>
						<span class='test-time'>Jan 31, 2020 05:18:55 PM</span>
						<span class='test-status right pass'>pass</span>
					</div>
					<div class='test-content hide'>
<div class='test-time-info'>
	<span class='label start-time'>Jan 31, 2020 05:18:55 PM</span>
	<span class='label end-time'>Jan 31, 2020 05:19:29 PM</span>
	<span class='label time-taken grey lighten-1 white-text'>0h 0m 34s+721ms</span>
</div>
<div class='test-attributes'>
	<div class='category-list'>
		<span class='category label'>AdminService</span>
	</div>
</div>
<div class='test-steps'>
	<table class='bordered table-results'>
		<thead>
			<tr>
				<th>Status</th>
				<th>Timestamp</th>
				<th>Details</th>
			</tr>
		</thead>
		<tbody>
			<tr class='log' status='debug'>
				<td class='status debug' title='debug' alt='debug'><i class='material-icons'>low_priority</i></td>
				<td class='timestamp'>5:19:23 PM</td>
				<td class='step-details'>
						UserName Used for Genrating the Access token:MDPAdmin@id.zeiss.com
					
				</td>
			</tr>
			<tr class='log' status='debug'>
				<td class='status debug' title='debug' alt='debug'><i class='material-icons'>low_priority</i></td>
				<td class='timestamp'>5:19:23 PM</td>
				<td class='step-details'>
						Creating the user with defualt generated email:zeiss0719+20200131_171923@gmail.com
					
				</td>
			</tr>
			<tr class='log' status='debug'>
				<td class='status debug' title='debug' alt='debug'><i class='material-icons'>low_priority</i></td>
				<td class='timestamp'>5:19:23 PM</td>
				<td class='step-details'>
						The BaseUri is :https://mdptest.api.zeiss.com
					
				</td>
			</tr>
			<tr class='log' status='debug'>
				<td class='status debug' title='debug' alt='debug'><i class='material-icons'>low_priority</i></td>
				<td class='timestamp'>5:19:23 PM</td>
				<td class='step-details'>
						/nThe Values to change In JSON:{"ALTERNATEEMAIL":"zeiss0719+20200131_171923@gmail.com","ZEISSIDUSERTYPE":1,"ROLEID":"985b931d-a04f-491c-de88-08d790386491","EMAIL":"test@gmail.com.","CLIENTID":"ed8d6270-da8b-4ea0-aaa0-7214f6dd09d5"}
					
				</td>
			</tr>
			<tr class='log' status='debug'>
				<td class='status debug' title='debug' alt='debug'><i class='material-icons'>low_priority</i></td>
				<td class='timestamp'>5:19:23 PM</td>
				<td class='step-details'>
						The Effective end point is :/adminuserservice/api/v2.0/mdpapps/96b144c4-db4d-4cee-e6e9-08d7629609b3/AdminUsers
					
				</td>
			</tr>
			<tr class='log' status='debug'>
				<td class='status debug' title='debug' alt='debug'><i class='material-icons'>low_priority</i></td>
				<td class='timestamp'>5:19:23 PM</td>
				<td class='step-details'>
						Created users with the payload{"firstName":"ZeissUSer","lastName":"Admin","clientId":"ed8d6270-da8b-4ea0-aaa0-7214f6dd09d5","zeissIdUserType":1,"roleId":"985b931d-a04f-491c-de88-08d790386491","contactDetails":[{"country":"string","alternateEmail":"zeiss0719+20200131_171923@gmail.com","period":"string","city":"Bangalore","district":"string","postalCode":"string","addressLine1":"Zeiss","addressLine2":"EC","state":"KA","type":"string","alternateNo":"string","contactNo":"string"}],"email":"test@gmail.com."}
					
				</td>
			</tr>
			<tr class='log' status='debug'>
				<td class='status debug' title='debug' alt='debug'><i class='material-icons'>low_priority</i></td>
				<td class='timestamp'>5:19:29 PM</td>
				<td class='step-details'>
						Response Code:400
					
				</td>
			</tr>
			<tr class='log' status='debug'>
				<td class='status debug' title='debug' alt='debug'><i class='material-icons'>low_priority</i></td>
				<td class='timestamp'>5:19:29 PM</td>
				<td class='step-details'>
						Response:{"Error":{"Code":"UserInviteFailed","Message":"Unable to Invite User","Target":null,"Details":null,"InnerError":null}}
					
				</td>
			</tr>
			<tr class='log' status='pass'>
				<td class='status pass' title='pass' alt='pass'><i class='material-icons'>check_circle</i></td>
				<td class='timestamp'>5:19:29 PM</td>
				<td class='step-details'>
						Test passed
					
				</td>
			</tr>
		</tbody>
	</table>
</div>
					</div>
				</li>
				<li class='test displayed active  pass' status='pass' bdd='false' test-id='15'>
					<div class='test-heading'>
						<span class='test-name'>TC201_AdminUser_Test28_CreateSSCAdminWithInvalidemailId</span>
						<span class='test-time'>Jan 31, 2020 05:19:34 PM</span>
						<span class='test-status right pass'>pass</span>
					</div>
					<div class='test-content hide'>
<div class='test-time-info'>
	<span class='label start-time'>Jan 31, 2020 05:19:34 PM</span>
	<span class='label end-time'>Jan 31, 2020 05:20:08 PM</span>
	<span class='label time-taken grey lighten-1 white-text'>0h 0m 33s+906ms</span>
</div>
<div class='test-attributes'>
	<div class='category-list'>
		<span class='category label'>AdminService</span>
	</div>
</div>
<div class='test-steps'>
	<table class='bordered table-results'>
		<thead>
			<tr>
				<th>Status</th>
				<th>Timestamp</th>
				<th>Details</th>
			</tr>
		</thead>
		<tbody>
			<tr class='log' status='debug'>
				<td class='status debug' title='debug' alt='debug'><i class='material-icons'>low_priority</i></td>
				<td class='timestamp'>5:20:01 PM</td>
				<td class='step-details'>
						UserName Used for Genrating the Access token:MDPAdmin@id.zeiss.com
					
				</td>
			</tr>
			<tr class='log' status='debug'>
				<td class='status debug' title='debug' alt='debug'><i class='material-icons'>low_priority</i></td>
				<td class='timestamp'>5:20:01 PM</td>
				<td class='step-details'>
						Creating the user with defualt generated email:zeiss0719+20200131_172001@gmail.com
					
				</td>
			</tr>
			<tr class='log' status='debug'>
				<td class='status debug' title='debug' alt='debug'><i class='material-icons'>low_priority</i></td>
				<td class='timestamp'>5:20:01 PM</td>
				<td class='step-details'>
						The BaseUri is :https://mdptest.api.zeiss.com
					
				</td>
			</tr>
			<tr class='log' status='debug'>
				<td class='status debug' title='debug' alt='debug'><i class='material-icons'>low_priority</i></td>
				<td class='timestamp'>5:20:01 PM</td>
				<td class='step-details'>
						/nThe Values to change In JSON:{"ALTERNATEEMAIL":"zeiss0719+20200131_172001@gmail.com","ZEISSIDUSERTYPE":1,"ROLEID":"985b931d-a04f-491c-de88-08d790386491","EMAIL":"test@gmail.com@id","CLIENTID":"ed8d6270-da8b-4ea0-aaa0-7214f6dd09d5"}
					
				</td>
			</tr>
			<tr class='log' status='debug'>
				<td class='status debug' title='debug' alt='debug'><i class='material-icons'>low_priority</i></td>
				<td class='timestamp'>5:20:01 PM</td>
				<td class='step-details'>
						The Effective end point is :/adminuserservice/api/v2.0/mdpapps/96b144c4-db4d-4cee-e6e9-08d7629609b3/AdminUsers
					
				</td>
			</tr>
			<tr class='log' status='debug'>
				<td class='status debug' title='debug' alt='debug'><i class='material-icons'>low_priority</i></td>
				<td class='timestamp'>5:20:01 PM</td>
				<td class='step-details'>
						Created users with the payload{"firstName":"ZeissUSer","lastName":"Admin","clientId":"ed8d6270-da8b-4ea0-aaa0-7214f6dd09d5","zeissIdUserType":1,"roleId":"985b931d-a04f-491c-de88-08d790386491","contactDetails":[{"country":"string","alternateEmail":"zeiss0719+20200131_172001@gmail.com","period":"string","city":"Bangalore","district":"string","postalCode":"string","addressLine1":"Zeiss","addressLine2":"EC","state":"KA","type":"string","alternateNo":"string","contactNo":"string"}],"email":"test@gmail.com@id"}
					
				</td>
			</tr>
			<tr class='log' status='debug'>
				<td class='status debug' title='debug' alt='debug'><i class='material-icons'>low_priority</i></td>
				<td class='timestamp'>5:20:08 PM</td>
				<td class='step-details'>
						Response Code:400
					
				</td>
			</tr>
			<tr class='log' status='debug'>
				<td class='status debug' title='debug' alt='debug'><i class='material-icons'>low_priority</i></td>
				<td class='timestamp'>5:20:08 PM</td>
				<td class='step-details'>
						Response:{"Error":{"Code":"InvalidOrMissingParameter","Message":"One or more required parameters are invalid or missing.","Target":null,"Details":[{"Code":"InvalidOrMissingParameter","Message":"The Email field is not a valid e-mail address.","Target":"Email","Details":null,"InnerError":null}],"InnerError":null}}
					
				</td>
			</tr>
			<tr class='log' status='pass'>
				<td class='status pass' title='pass' alt='pass'><i class='material-icons'>check_circle</i></td>
				<td class='timestamp'>5:20:08 PM</td>
				<td class='step-details'>
						Test passed
					
				</td>
			</tr>
		</tbody>
	</table>
</div>
					</div>
				</li>
				<li class='test displayed active  fail' status='fail' bdd='false' test-id='16'>
					<div class='test-heading'>
						<span class='test-name'>TC201_AdminUser_Test28_CreateSSCAdminWithoutContactDetails</span>
						<span class='test-time'>Jan 31, 2020 05:20:12 PM</span>
						<span class='test-status right fail'>fail</span>
					</div>
					<div class='test-content hide'>
<div class='test-time-info'>
	<span class='label start-time'>Jan 31, 2020 05:20:12 PM</span>
	<span class='label end-time'>Jan 31, 2020 05:20:50 PM</span>
	<span class='label time-taken grey lighten-1 white-text'>0h 0m 38s+112ms</span>
</div>
<div class='test-attributes'>
	<div class='category-list'>
		<span class='category label'>AdminService</span>
	</div>
</div>
<div class='test-steps'>
	<table class='bordered table-results'>
		<thead>
			<tr>
				<th>Status</th>
				<th>Timestamp</th>
				<th>Details</th>
			</tr>
		</thead>
		<tbody>
			<tr class='log' status='debug'>
				<td class='status debug' title='debug' alt='debug'><i class='material-icons'>low_priority</i></td>
				<td class='timestamp'>5:20:39 PM</td>
				<td class='step-details'>
						UserName Used for Genrating the Access token:MDPAdmin@id.zeiss.com
					
				</td>
			</tr>
			<tr class='log' status='debug'>
				<td class='status debug' title='debug' alt='debug'><i class='material-icons'>low_priority</i></td>
				<td class='timestamp'>5:20:39 PM</td>
				<td class='step-details'>
						Creating the user with defualt generated email:zeiss0719+20200131_172039@gmail.com
					
				</td>
			</tr>
			<tr class='log' status='debug'>
				<td class='status debug' title='debug' alt='debug'><i class='material-icons'>low_priority</i></td>
				<td class='timestamp'>5:20:39 PM</td>
				<td class='step-details'>
						The BaseUri is :https://mdptest.api.zeiss.com
					
				</td>
			</tr>
			<tr class='log' status='debug'>
				<td class='status debug' title='debug' alt='debug'><i class='material-icons'>low_priority</i></td>
				<td class='timestamp'>5:20:39 PM</td>
				<td class='step-details'>
						/nThe Values to change In JSON:{"CONTACTDETAILS":[],"ZEISSIDUSERTYPE":1,"ALTERNATEEMAIL":"zeiss0719+20200131_172039@gmail.com","ROLEID":"985b931d-a04f-491c-de88-08d790386491","CLIENTID":"ed8d6270-da8b-4ea0-aaa0-7214f6dd09d5"}
					
				</td>
			</tr>
			<tr class='log' status='debug'>
				<td class='status debug' title='debug' alt='debug'><i class='material-icons'>low_priority</i></td>
				<td class='timestamp'>5:20:39 PM</td>
				<td class='step-details'>
						The Effective end point is :/adminuserservice/api/v2.0/mdpapps/96b144c4-db4d-4cee-e6e9-08d7629609b3/AdminUsers
					
				</td>
			</tr>
			<tr class='log' status='debug'>
				<td class='status debug' title='debug' alt='debug'><i class='material-icons'>low_priority</i></td>
				<td class='timestamp'>5:20:39 PM</td>
				<td class='step-details'>
						Created users with the payload{"firstName":"ZeissUSer","lastName":"Admin","clientId":"ed8d6270-da8b-4ea0-aaa0-7214f6dd09d5","zeissIdUserType":1,"roleId":"985b931d-a04f-491c-de88-08d790386491","contactDetails":[],"email":"user230120201500@example.com"}
					
				</td>
			</tr>
			<tr class='log' status='debug'>
				<td class='status debug' title='debug' alt='debug'><i class='material-icons'>low_priority</i></td>
				<td class='timestamp'>5:20:50 PM</td>
				<td class='step-details'>
						Response Code:400
					
				</td>
			</tr>
			<tr class='log' status='debug'>
				<td class='status debug' title='debug' alt='debug'><i class='material-icons'>low_priority</i></td>
				<td class='timestamp'>5:20:50 PM</td>
				<td class='step-details'>
						Response:{"Error":{"Code":"UserCreationFailed","Message":"Unable to Create User","Target":null,"Details":null,"InnerError":null}}
					
				</td>
			</tr>
			<tr class='log' status='fail'>
				<td class='status fail' title='fail' alt='fail'><i class='material-icons'>cancel</i></td>
				<td class='timestamp'>5:20:50 PM</td>
				<td class='step-details'>
						<textarea disabled class="code-block">java.lang.AssertionError: expected [404] but found [400]
	at org.testng.Assert.fail(Assert.java:96)
	at org.testng.Assert.failNotEquals(Assert.java:776)
	at org.testng.Assert.assertEqualsImpl(Assert.java:137)
	at org.testng.Assert.assertEquals(Assert.java:118)
	at org.testng.Assert.assertEquals(Assert.java:652)
	at org.testng.Assert.assertEquals(Assert.java:662)
	at com.mdp.api.tests.AdminUserService_AdminUserTests.TC201_AdminUser_Test28_CreateSSCAdminWithoutContactDetails(AdminUserService_AdminUserTests.java:599)
	at sun.reflect.NativeMethodAccessorImpl.invoke0(Native Method)
	at sun.reflect.NativeMethodAccessorImpl.invoke(NativeMethodAccessorImpl.java:62)
	at sun.reflect.DelegatingMethodAccessorImpl.invoke(DelegatingMethodAccessorImpl.java:43)
	at java.lang.reflect.Method.invoke(Method.java:498)
	at org.testng.internal.MethodInvocationHelper.invokeMethod(MethodInvocationHelper.java:124)
	at org.testng.internal.Invoker.invokeMethod(Invoker.java:583)
	at org.testng.internal.Invoker.invokeTestMethod(Invoker.java:719)
	at org.testng.internal.Invoker.invokeTestMethods(Invoker.java:989)
	at org.testng.internal.TestMethodWorker.invokeTestMethods(TestMethodWorker.java:125)
	at org.testng.internal.TestMethodWorker.run(TestMethodWorker.java:109)
	at org.testng.TestRunner.privateRun(TestRunner.java:648)
	at org.testng.TestRunner.run(TestRunner.java:505)
	at org.testng.SuiteRunner.runTest(SuiteRunner.java:455)
	at org.testng.SuiteRunner.runSequentially(SuiteRunner.java:450)
	at org.testng.SuiteRunner.privateRun(SuiteRunner.java:415)
	at org.testng.SuiteRunner.run(SuiteRunner.java:364)
	at org.testng.SuiteRunnerWorker.runSuite(SuiteRunnerWorker.java:52)
	at org.testng.SuiteRunnerWorker.run(SuiteRunnerWorker.java:84)
	at org.testng.TestNG.runSuitesSequentially(TestNG.java:1208)
	at org.testng.TestNG.runSuitesLocally(TestNG.java:1137)
	at org.testng.TestNG.runSuites(TestNG.java:1049)
	at org.testng.TestNG.run(TestNG.java:1017)
	at org.testng.remote.AbstractRemoteTestNG.run(AbstractRemoteTestNG.java:114)
	at org.testng.remote.RemoteTestNG.initAndRun(RemoteTestNG.java:251)
	at org.testng.remote.RemoteTestNG.main(RemoteTestNG.java:77)
</textarea>
					
				</td>
			</tr>
		</tbody>
	</table>
</div>
						<ul class='screenshots'>
							<li><img class='r-img' onerror='this.style.display="none"' data-featherlight='/Users/MDPAPITESTING/MDP/Reports/TestRun2020_01_31170623/TC201_AdminUser_Test28_CreateSSCAdminWithoutContactDetails.png' src='/Users/MDPAPITESTING/MDP/Reports/TestRun2020_01_31170623/TC201_AdminUser_Test28_CreateSSCAdminWithoutContactDetails.png' data-src='/Users/MDPAPITESTING/MDP/Reports/TestRun2020_01_31170623/TC201_AdminUser_Test28_CreateSSCAdminWithoutContactDetails.png'></li>
						</ul>
					</div>
				</li>
				<li class='test displayed active  fail' status='fail' bdd='false' test-id='17'>
					<div class='test-heading'>
						<span class='test-name'>tC201_AdminUser_Test09_CreateSSCAdminWithSSCAdmin</span>
						<span class='test-time'>Jan 31, 2020 05:20:55 PM</span>
						<span class='test-status right fail'>fail</span>
					</div>
					<div class='test-content hide'>
<div class='test-time-info'>
	<span class='label start-time'>Jan 31, 2020 05:20:55 PM</span>
	<span class='label end-time'>Jan 31, 2020 05:21:40 PM</span>
	<span class='label time-taken grey lighten-1 white-text'>0h 0m 44s+723ms</span>
</div>
<div class='test-attributes'>
	<div class='category-list'>
		<span class='category label'>AdminService</span>
	</div>
</div>
<div class='test-steps'>
	<table class='bordered table-results'>
		<thead>
			<tr>
				<th>Status</th>
				<th>Timestamp</th>
				<th>Details</th>
			</tr>
		</thead>
		<tbody>
			<tr class='log' status='debug'>
				<td class='status debug' title='debug' alt='debug'><i class='material-icons'>low_priority</i></td>
				<td class='timestamp'>5:21:23 PM</td>
				<td class='step-details'>
						UserName Used for Genrating the Access token:zeiss0719+20200131_170922@gmail.com
					
				</td>
			</tr>
			<tr class='log' status='info'>
				<td class='status info' title='info' alt='info'><i class='material-icons'>info_outline</i></td>
				<td class='timestamp'>5:21:30 PM</td>
				<td class='step-details'>
						Clicked on the Element
					
				</td>
			</tr>
			<tr class='log' status='debug'>
				<td class='status debug' title='debug' alt='debug'><i class='material-icons'>low_priority</i></td>
				<td class='timestamp'>5:21:39 PM</td>
				<td class='step-details'>
						The Auth token Used :
eyJ0eXAiOiJKV1QiLCJhbGciOiJSUzI1NiIsImtpZCI6IlRva2VuU2lnbmluZ0tleUNvbnRhaW5lciJ9.eyJpc3MiOiJodHRwczovL3plaXNzaWRiMmN0ZXN0LmIyY2xvZ2luLmNvbS83Yzg5NjlkMS0zZDFjLTQ2MGMtYTMyZi04NzlkODk0MTI1NWYvdjIuMC8iLCJleHAiOjE1ODA0NzUwOTQsIm5iZiI6MTU4MDQ3MTQ5NCwiYXVkIjoiM0QzMENDQzktNzk2NC00MzIzLTkwQkItNkQ3MkFBOERDOUM2Iiwib2lkIjoiMjJhM2U4ZTgtOGI5Ny00YjE3LTk4NTYtNTAwZjI5MzIwYTM4Iiwic3ViIjoiTm90IHN1cHBvcnRlZCBjdXJyZW50bHkuIFVzZSBvaWQgY2xhaW0uIiwiZW1haWwiOiJ7T0lEQzpVc2VybmFtZX0iLCJaZWlzc0lkQmFzZSI6IntcclxuICBcImFjY291bnRJZFwiOiAxNDM4OSxcclxuICBcImZpcnN0TmFtZVwiOiBcIlplaXNzVVNlclwiLFxyXG4gIFwibGFzdE5hbWVcIjogXCJBZG1pblwiLFxyXG4gIFwiZU1haWxcIjogXCJ6ZWlzczA3MTkrMjAyMDAxMzFfMTcwOTIyQGdtYWlsLmNvbVwiLFxyXG4gIFwibGFzdENoYW5nZVwiOiBcIjIwMjAtMDEtMzFUMTE6NDA6NDQuNDg3XCIsXHJcbiAgXCJpZGVudGl0eVByb3ZpZGVyXCI6IDEsXHJcbiAgXCJzYWx1dGF0aW9uXCI6IFwibmFcIixcclxuICBcImxhbmd1YWdlXCI6IFwiZW4tR0JcIixcclxuICBcImNsaWVudEFwcExvZ2luRGVuaWVkXCI6IFwie1xcclxcbiAgXFxcIkFjY2Vzc0RlbmllZFxcXCI6IFxcXCIzNzZcXFwiXFxyXFxufVwiXHJcbn0iLCJaZWlzc0lkQ29udGFjdCI6Int9IiwiWmVpc3NJZE9yZ2FuaXNhdGlvbiI6Int9IiwiWmVpc3NJZEFwcGxpY2F0aW9uIjoie1xyXG4gIFwiY2xpZW50QXBwSWRcIjogMSxcclxuICBcImFwcGxpY2F0aW9uRG9tYWluSWRcIjogMCxcclxuICBcInRlcm1zQW5kQ29uZGl0aW9uc0lkXCI6IDMxOCxcclxuICBcImFjY2VwdGFuY2VPZlRlcm1zQW5kQ29uZGl0aW9uc0lkXCI6IDE5MDk0LFxyXG4gIFwiZGlyZWN0QWNjZXNzXCI6IHRydWUsXHJcbiAgXCJpbnZpdGF0aW9uSWRcIjogMFxyXG59IiwiWmVpc3NJZEN1c3RvbUZpZWxkcyI6Int9IiwiWmVpc3NJZEFncmVlbWVudHMiOiJ7XHJcbiAgXCJhZ3JlZW1lbnRzXCI6IFtdXHJcbn0iLCJhenAiOiIzRDMwQ0NDOS03OTY0LTQzMjMtOTBCQi02RDcyQUE4REM5QzYiLCJ2ZXIiOiIxLjAiLCJpYXQiOjE1ODA0NzE0OTR9.bhj64xwLVPW8TV06mRaJ91oJB9jT33w_i8wYudLx5xtzJCC_KuHs0sRAWRp3d0T4X5YxccqXih3eu8lu8CttSNwwX56DJKnGSU97DwskZd6w-2qF6IIIhAxRO92GlvONlNI53zHqI-zSB6O6DUbfKbF5dMnzKsuuyB3Zr6rAYU_yv-kVlw6-zhOZ5BStq1H6mdX6K8bt18ijDvueG3JRq0bbw0lSkiOaCaS9yTEj0yiK_ZUnOJ8cZE1dLlLWzpXMuFd_bvSfyBcf84nbq9lEQ8xRMs91yEeAO0aSh7xL2b1DUWwYImw6UapJrlxFp8Pnvx72v7Ckb2bOP-pSk0PPNg
					
				</td>
			</tr>
			<tr class='log' status='debug'>
				<td class='status debug' title='debug' alt='debug'><i class='material-icons'>low_priority</i></td>
				<td class='timestamp'>5:21:39 PM</td>
				<td class='step-details'>
						Creating the user with defualt generated email:zeiss0719+20200131_172139@gmail.com
					
				</td>
			</tr>
			<tr class='log' status='debug'>
				<td class='status debug' title='debug' alt='debug'><i class='material-icons'>low_priority</i></td>
				<td class='timestamp'>5:21:39 PM</td>
				<td class='step-details'>
						The BaseUri is :https://mdptest.api.zeiss.com
					
				</td>
			</tr>
			<tr class='log' status='debug'>
				<td class='status debug' title='debug' alt='debug'><i class='material-icons'>low_priority</i></td>
				<td class='timestamp'>5:21:39 PM</td>
				<td class='step-details'>
						/nThe Values to change In JSON:{"ALTERNATEEMAIL":"noemaildude@fuckoff.com","ZEISSIDUSERTYPE":1,"ROLEID":"985b931d-a04f-491c-de88-08d790386491","EMAIL":"zeiss0719+20200131_172139@gmail.com","CLIENTID":"ed8d6270-da8b-4ea0-aaa0-7214f6dd09d5"}
					
				</td>
			</tr>
			<tr class='log' status='debug'>
				<td class='status debug' title='debug' alt='debug'><i class='material-icons'>low_priority</i></td>
				<td class='timestamp'>5:21:39 PM</td>
				<td class='step-details'>
						The Effective end point is :/adminuserservice/api/v2.0/mdpapps/96b144c4-db4d-4cee-e6e9-08d7629609b9/AdminUsers
					
				</td>
			</tr>
			<tr class='log' status='debug'>
				<td class='status debug' title='debug' alt='debug'><i class='material-icons'>low_priority</i></td>
				<td class='timestamp'>5:21:39 PM</td>
				<td class='step-details'>
						Created users with the payload{"firstName":"ZeissUSer","lastName":"Admin","clientId":"ed8d6270-da8b-4ea0-aaa0-7214f6dd09d5","zeissIdUserType":1,"roleId":"985b931d-a04f-491c-de88-08d790386491","contactDetails":[{"country":"string","alternateEmail":"noemaildude@fuckoff.com","period":"string","city":"Bangalore","district":"string","postalCode":"string","addressLine1":"Zeiss","addressLine2":"EC","state":"KA","type":"string","alternateNo":"string","contactNo":"string"}],"email":"zeiss0719+20200131_172139@gmail.com"}
					
				</td>
			</tr>
			<tr class='log' status='debug'>
				<td class='status debug' title='debug' alt='debug'><i class='material-icons'>low_priority</i></td>
				<td class='timestamp'>5:21:40 PM</td>
				<td class='step-details'>
						Response Code:500
					
				</td>
			</tr>
			<tr class='log' status='debug'>
				<td class='status debug' title='debug' alt='debug'><i class='material-icons'>low_priority</i></td>
				<td class='timestamp'>5:21:40 PM</td>
				<td class='step-details'>
						Response:
					
				</td>
			</tr>
			<tr class='log' status='fail'>
				<td class='status fail' title='fail' alt='fail'><i class='material-icons'>cancel</i></td>
				<td class='timestamp'>5:21:40 PM</td>
				<td class='step-details'>
						<textarea disabled class="code-block">java.lang.AssertionError: expected [401] but found [500]
	at org.testng.Assert.fail(Assert.java:96)
	at org.testng.Assert.failNotEquals(Assert.java:776)
	at org.testng.Assert.assertEqualsImpl(Assert.java:137)
	at org.testng.Assert.assertEquals(Assert.java:118)
	at org.testng.Assert.assertEquals(Assert.java:652)
	at org.testng.Assert.assertEquals(Assert.java:662)
	at com.mdp.api.tests.AdminUserService_AdminUserTests.tC201_AdminUser_Test09_CreateSSCAdminWithSSCAdmin(AdminUserService_AdminUserTests.java:207)
	at sun.reflect.NativeMethodAccessorImpl.invoke0(Native Method)
	at sun.reflect.NativeMethodAccessorImpl.invoke(NativeMethodAccessorImpl.java:62)
	at sun.reflect.DelegatingMethodAccessorImpl.invoke(DelegatingMethodAccessorImpl.java:43)
	at java.lang.reflect.Method.invoke(Method.java:498)
	at org.testng.internal.MethodInvocationHelper.invokeMethod(MethodInvocationHelper.java:124)
	at org.testng.internal.Invoker.invokeMethod(Invoker.java:583)
	at org.testng.internal.Invoker.invokeTestMethod(Invoker.java:719)
	at org.testng.internal.Invoker.invokeTestMethods(Invoker.java:989)
	at org.testng.internal.TestMethodWorker.invokeTestMethods(TestMethodWorker.java:125)
	at org.testng.internal.TestMethodWorker.run(TestMethodWorker.java:109)
	at org.testng.TestRunner.privateRun(TestRunner.java:648)
	at org.testng.TestRunner.run(TestRunner.java:505)
	at org.testng.SuiteRunner.runTest(SuiteRunner.java:455)
	at org.testng.SuiteRunner.runSequentially(SuiteRunner.java:450)
	at org.testng.SuiteRunner.privateRun(SuiteRunner.java:415)
	at org.testng.SuiteRunner.run(SuiteRunner.java:364)
	at org.testng.SuiteRunnerWorker.runSuite(SuiteRunnerWorker.java:52)
	at org.testng.SuiteRunnerWorker.run(SuiteRunnerWorker.java:84)
	at org.testng.TestNG.runSuitesSequentially(TestNG.java:1208)
	at org.testng.TestNG.runSuitesLocally(TestNG.java:1137)
	at org.testng.TestNG.runSuites(TestNG.java:1049)
	at org.testng.TestNG.run(TestNG.java:1017)
	at org.testng.remote.AbstractRemoteTestNG.run(AbstractRemoteTestNG.java:114)
	at org.testng.remote.RemoteTestNG.initAndRun(RemoteTestNG.java:251)
	at org.testng.remote.RemoteTestNG.main(RemoteTestNG.java:77)
</textarea>
					
				</td>
			</tr>
		</tbody>
	</table>
</div>
						<ul class='screenshots'>
							<li><img class='r-img' onerror='this.style.display="none"' data-featherlight='/Users/MDPAPITESTING/MDP/Reports/TestRun2020_01_31170623/tC201_AdminUser_Test09_CreateSSCAdminWithSSCAdmin.png' src='/Users/MDPAPITESTING/MDP/Reports/TestRun2020_01_31170623/tC201_AdminUser_Test09_CreateSSCAdminWithSSCAdmin.png' data-src='/Users/MDPAPITESTING/MDP/Reports/TestRun2020_01_31170623/tC201_AdminUser_Test09_CreateSSCAdminWithSSCAdmin.png'></li>
						</ul>
					</div>
				</li>
				<li class='test displayed active  fail' status='fail' bdd='false' test-id='18'>
					<div class='test-heading'>
						<span class='test-name'>tC201_AdminUser_Test10_CreateAccountAdminWithSSCAdmin</span>
						<span class='test-time'>Jan 31, 2020 05:21:45 PM</span>
						<span class='test-status right fail'>fail</span>
					</div>
					<div class='test-content hide'>
<div class='test-time-info'>
	<span class='label start-time'>Jan 31, 2020 05:21:45 PM</span>
	<span class='label end-time'>Jan 31, 2020 05:22:13 PM</span>
	<span class='label time-taken grey lighten-1 white-text'>0h 0m 27s+762ms</span>
</div>
<div class='test-attributes'>
	<div class='category-list'>
		<span class='category label'>AdminService</span>
	</div>
</div>
<div class='test-steps'>
	<table class='bordered table-results'>
		<thead>
			<tr>
				<th>Status</th>
				<th>Timestamp</th>
				<th>Details</th>
			</tr>
		</thead>
		<tbody>
			<tr class='log' status='debug'>
				<td class='status debug' title='debug' alt='debug'><i class='material-icons'>low_priority</i></td>
				<td class='timestamp'>5:22:12 PM</td>
				<td class='step-details'>
						UserName Used for Genrating the Access token:zeiss0719+20200131_170922@gmail.com
					
				</td>
			</tr>
			<tr class='log' status='debug'>
				<td class='status debug' title='debug' alt='debug'><i class='material-icons'>low_priority</i></td>
				<td class='timestamp'>5:22:12 PM</td>
				<td class='step-details'>
						Creating the user with defualt generated email:zeiss0719+20200131_172212@gmail.com
					
				</td>
			</tr>
			<tr class='log' status='debug'>
				<td class='status debug' title='debug' alt='debug'><i class='material-icons'>low_priority</i></td>
				<td class='timestamp'>5:22:12 PM</td>
				<td class='step-details'>
						The BaseUri is :https://mdptest.api.zeiss.com
					
				</td>
			</tr>
			<tr class='log' status='debug'>
				<td class='status debug' title='debug' alt='debug'><i class='material-icons'>low_priority</i></td>
				<td class='timestamp'>5:22:12 PM</td>
				<td class='step-details'>
						/nThe Values to change In JSON:{"ALTERNATEEMAIL":"noemaildude@fuckoff.com","ZEISSIDUSERTYPE":1,"ROLEID":"985b931d-a04f-491c-de88-08d790386492","EMAIL":"zeiss0719+20200131_172212@gmail.com","CLIENTID":"ed8d6270-da8b-4ea0-aaa0-7214f6dd09d5"}
					
				</td>
			</tr>
			<tr class='log' status='debug'>
				<td class='status debug' title='debug' alt='debug'><i class='material-icons'>low_priority</i></td>
				<td class='timestamp'>5:22:12 PM</td>
				<td class='step-details'>
						The Effective end point is :/adminuserservice/api/v2.0/mdpapps/96b144c4-db4d-4cee-e6e9-08d7629609b9/AdminUsers
					
				</td>
			</tr>
			<tr class='log' status='debug'>
				<td class='status debug' title='debug' alt='debug'><i class='material-icons'>low_priority</i></td>
				<td class='timestamp'>5:22:12 PM</td>
				<td class='step-details'>
						Created users with the payload{"firstName":"ZeissUSer","lastName":"Admin","clientId":"ed8d6270-da8b-4ea0-aaa0-7214f6dd09d5","zeissIdUserType":1,"roleId":"985b931d-a04f-491c-de88-08d790386492","contactDetails":[{"country":"string","alternateEmail":"noemaildude@fuckoff.com","period":"string","city":"Bangalore","district":"string","postalCode":"string","addressLine1":"Zeiss","addressLine2":"EC","state":"KA","type":"string","alternateNo":"string","contactNo":"string"}],"email":"zeiss0719+20200131_172212@gmail.com"}
					
				</td>
			</tr>
			<tr class='log' status='debug'>
				<td class='status debug' title='debug' alt='debug'><i class='material-icons'>low_priority</i></td>
				<td class='timestamp'>5:22:13 PM</td>
				<td class='step-details'>
						Response Code:500
					
				</td>
			</tr>
			<tr class='log' status='debug'>
				<td class='status debug' title='debug' alt='debug'><i class='material-icons'>low_priority</i></td>
				<td class='timestamp'>5:22:13 PM</td>
				<td class='step-details'>
						Response:
					
				</td>
			</tr>
			<tr class='log' status='fail'>
				<td class='status fail' title='fail' alt='fail'><i class='material-icons'>cancel</i></td>
				<td class='timestamp'>5:22:13 PM</td>
				<td class='step-details'>
						<textarea disabled class="code-block">java.lang.AssertionError: expected [401] but found [500]
	at org.testng.Assert.fail(Assert.java:96)
	at org.testng.Assert.failNotEquals(Assert.java:776)
	at org.testng.Assert.assertEqualsImpl(Assert.java:137)
	at org.testng.Assert.assertEquals(Assert.java:118)
	at org.testng.Assert.assertEquals(Assert.java:652)
	at org.testng.Assert.assertEquals(Assert.java:662)
	at com.mdp.api.tests.AdminUserService_AdminUserTests.tC201_AdminUser_Test10_CreateAccountAdminWithSSCAdmin(AdminUserService_AdminUserTests.java:225)
	at sun.reflect.NativeMethodAccessorImpl.invoke0(Native Method)
	at sun.reflect.NativeMethodAccessorImpl.invoke(NativeMethodAccessorImpl.java:62)
	at sun.reflect.DelegatingMethodAccessorImpl.invoke(DelegatingMethodAccessorImpl.java:43)
	at java.lang.reflect.Method.invoke(Method.java:498)
	at org.testng.internal.MethodInvocationHelper.invokeMethod(MethodInvocationHelper.java:124)
	at org.testng.internal.Invoker.invokeMethod(Invoker.java:583)
	at org.testng.internal.Invoker.invokeTestMethod(Invoker.java:719)
	at org.testng.internal.Invoker.invokeTestMethods(Invoker.java:989)
	at org.testng.internal.TestMethodWorker.invokeTestMethods(TestMethodWorker.java:125)
	at org.testng.internal.TestMethodWorker.run(TestMethodWorker.java:109)
	at org.testng.TestRunner.privateRun(TestRunner.java:648)
	at org.testng.TestRunner.run(TestRunner.java:505)
	at org.testng.SuiteRunner.runTest(SuiteRunner.java:455)
	at org.testng.SuiteRunner.runSequentially(SuiteRunner.java:450)
	at org.testng.SuiteRunner.privateRun(SuiteRunner.java:415)
	at org.testng.SuiteRunner.run(SuiteRunner.java:364)
	at org.testng.SuiteRunnerWorker.runSuite(SuiteRunnerWorker.java:52)
	at org.testng.SuiteRunnerWorker.run(SuiteRunnerWorker.java:84)
	at org.testng.TestNG.runSuitesSequentially(TestNG.java:1208)
	at org.testng.TestNG.runSuitesLocally(TestNG.java:1137)
	at org.testng.TestNG.runSuites(TestNG.java:1049)
	at org.testng.TestNG.run(TestNG.java:1017)
	at org.testng.remote.AbstractRemoteTestNG.run(AbstractRemoteTestNG.java:114)
	at org.testng.remote.RemoteTestNG.initAndRun(RemoteTestNG.java:251)
	at org.testng.remote.RemoteTestNG.main(RemoteTestNG.java:77)
</textarea>
					
				</td>
			</tr>
		</tbody>
	</table>
</div>
						<ul class='screenshots'>
							<li><img class='r-img' onerror='this.style.display="none"' data-featherlight='/Users/MDPAPITESTING/MDP/Reports/TestRun2020_01_31170623/tC201_AdminUser_Test10_CreateAccountAdminWithSSCAdmin.png' src='/Users/MDPAPITESTING/MDP/Reports/TestRun2020_01_31170623/tC201_AdminUser_Test10_CreateAccountAdminWithSSCAdmin.png' data-src='/Users/MDPAPITESTING/MDP/Reports/TestRun2020_01_31170623/tC201_AdminUser_Test10_CreateAccountAdminWithSSCAdmin.png'></li>
						</ul>
					</div>
				</li>
				<li class='test displayed active  fail' status='fail' bdd='false' test-id='19'>
					<div class='test-heading'>
						<span class='test-name'>tC201_AdminUser_Test11_CreateSiteAdminWithSSCAdmin</span>
						<span class='test-time'>Jan 31, 2020 05:22:18 PM</span>
						<span class='test-status right fail'>fail</span>
					</div>
					<div class='test-content hide'>
<div class='test-time-info'>
	<span class='label start-time'>Jan 31, 2020 05:22:18 PM</span>
	<span class='label end-time'>Jan 31, 2020 05:22:45 PM</span>
	<span class='label time-taken grey lighten-1 white-text'>0h 0m 26s+917ms</span>
</div>
<div class='test-attributes'>
	<div class='category-list'>
		<span class='category label'>AdminService</span>
	</div>
</div>
<div class='test-steps'>
	<table class='bordered table-results'>
		<thead>
			<tr>
				<th>Status</th>
				<th>Timestamp</th>
				<th>Details</th>
			</tr>
		</thead>
		<tbody>
			<tr class='log' status='debug'>
				<td class='status debug' title='debug' alt='debug'><i class='material-icons'>low_priority</i></td>
				<td class='timestamp'>5:22:44 PM</td>
				<td class='step-details'>
						UserName Used for Genrating the Access token:zeiss0719+20200131_170922@gmail.com
					
				</td>
			</tr>
			<tr class='log' status='debug'>
				<td class='status debug' title='debug' alt='debug'><i class='material-icons'>low_priority</i></td>
				<td class='timestamp'>5:22:44 PM</td>
				<td class='step-details'>
						Creating the user with defualt generated email:zeiss0719+20200131_172244@gmail.com
					
				</td>
			</tr>
			<tr class='log' status='debug'>
				<td class='status debug' title='debug' alt='debug'><i class='material-icons'>low_priority</i></td>
				<td class='timestamp'>5:22:44 PM</td>
				<td class='step-details'>
						The BaseUri is :https://mdptest.api.zeiss.com
					
				</td>
			</tr>
			<tr class='log' status='debug'>
				<td class='status debug' title='debug' alt='debug'><i class='material-icons'>low_priority</i></td>
				<td class='timestamp'>5:22:44 PM</td>
				<td class='step-details'>
						/nThe Values to change In JSON:{"ALTERNATEEMAIL":"noemaildude@fuckoff.com","ZEISSIDUSERTYPE":1,"ROLEID":"985b931d-a04f-491c-de88-08d790386493","EMAIL":"zeiss0719+20200131_172244@gmail.com","CLIENTID":"ed8d6270-da8b-4ea0-aaa0-7214f6dd09d5"}
					
				</td>
			</tr>
			<tr class='log' status='debug'>
				<td class='status debug' title='debug' alt='debug'><i class='material-icons'>low_priority</i></td>
				<td class='timestamp'>5:22:44 PM</td>
				<td class='step-details'>
						The Effective end point is :/adminuserservice/api/v2.0/mdpapps/96b144c4-db4d-4cee-e6e9-08d7629609b9/AdminUsers
					
				</td>
			</tr>
			<tr class='log' status='debug'>
				<td class='status debug' title='debug' alt='debug'><i class='material-icons'>low_priority</i></td>
				<td class='timestamp'>5:22:44 PM</td>
				<td class='step-details'>
						Created users with the payload{"firstName":"ZeissUSer","lastName":"Admin","clientId":"ed8d6270-da8b-4ea0-aaa0-7214f6dd09d5","zeissIdUserType":1,"roleId":"985b931d-a04f-491c-de88-08d790386493","contactDetails":[{"country":"string","alternateEmail":"noemaildude@fuckoff.com","period":"string","city":"Bangalore","district":"string","postalCode":"string","addressLine1":"Zeiss","addressLine2":"EC","state":"KA","type":"string","alternateNo":"string","contactNo":"string"}],"email":"zeiss0719+20200131_172244@gmail.com"}
					
				</td>
			</tr>
			<tr class='log' status='debug'>
				<td class='status debug' title='debug' alt='debug'><i class='material-icons'>low_priority</i></td>
				<td class='timestamp'>5:22:45 PM</td>
				<td class='step-details'>
						Response Code:500
					
				</td>
			</tr>
			<tr class='log' status='debug'>
				<td class='status debug' title='debug' alt='debug'><i class='material-icons'>low_priority</i></td>
				<td class='timestamp'>5:22:45 PM</td>
				<td class='step-details'>
						Response:
					
				</td>
			</tr>
			<tr class='log' status='fail'>
				<td class='status fail' title='fail' alt='fail'><i class='material-icons'>cancel</i></td>
				<td class='timestamp'>5:22:45 PM</td>
				<td class='step-details'>
						<textarea disabled class="code-block">java.lang.AssertionError: expected [401] but found [500]
	at org.testng.Assert.fail(Assert.java:96)
	at org.testng.Assert.failNotEquals(Assert.java:776)
	at org.testng.Assert.assertEqualsImpl(Assert.java:137)
	at org.testng.Assert.assertEquals(Assert.java:118)
	at org.testng.Assert.assertEquals(Assert.java:652)
	at org.testng.Assert.assertEquals(Assert.java:662)
	at com.mdp.api.tests.AdminUserService_AdminUserTests.tC201_AdminUser_Test11_CreateSiteAdminWithSSCAdmin(AdminUserService_AdminUserTests.java:243)
	at sun.reflect.NativeMethodAccessorImpl.invoke0(Native Method)
	at sun.reflect.NativeMethodAccessorImpl.invoke(NativeMethodAccessorImpl.java:62)
	at sun.reflect.DelegatingMethodAccessorImpl.invoke(DelegatingMethodAccessorImpl.java:43)
	at java.lang.reflect.Method.invoke(Method.java:498)
	at org.testng.internal.MethodInvocationHelper.invokeMethod(MethodInvocationHelper.java:124)
	at org.testng.internal.Invoker.invokeMethod(Invoker.java:583)
	at org.testng.internal.Invoker.invokeTestMethod(Invoker.java:719)
	at org.testng.internal.Invoker.invokeTestMethods(Invoker.java:989)
	at org.testng.internal.TestMethodWorker.invokeTestMethods(TestMethodWorker.java:125)
	at org.testng.internal.TestMethodWorker.run(TestMethodWorker.java:109)
	at org.testng.TestRunner.privateRun(TestRunner.java:648)
	at org.testng.TestRunner.run(TestRunner.java:505)
	at org.testng.SuiteRunner.runTest(SuiteRunner.java:455)
	at org.testng.SuiteRunner.runSequentially(SuiteRunner.java:450)
	at org.testng.SuiteRunner.privateRun(SuiteRunner.java:415)
	at org.testng.SuiteRunner.run(SuiteRunner.java:364)
	at org.testng.SuiteRunnerWorker.runSuite(SuiteRunnerWorker.java:52)
	at org.testng.SuiteRunnerWorker.run(SuiteRunnerWorker.java:84)
	at org.testng.TestNG.runSuitesSequentially(TestNG.java:1208)
	at org.testng.TestNG.runSuitesLocally(TestNG.java:1137)
	at org.testng.TestNG.runSuites(TestNG.java:1049)
	at org.testng.TestNG.run(TestNG.java:1017)
	at org.testng.remote.AbstractRemoteTestNG.run(AbstractRemoteTestNG.java:114)
	at org.testng.remote.RemoteTestNG.initAndRun(RemoteTestNG.java:251)
	at org.testng.remote.RemoteTestNG.main(RemoteTestNG.java:77)
</textarea>
					
				</td>
			</tr>
		</tbody>
	</table>
</div>
						<ul class='screenshots'>
							<li><img class='r-img' onerror='this.style.display="none"' data-featherlight='/Users/MDPAPITESTING/MDP/Reports/TestRun2020_01_31170623/tC201_AdminUser_Test11_CreateSiteAdminWithSSCAdmin.png' src='/Users/MDPAPITESTING/MDP/Reports/TestRun2020_01_31170623/tC201_AdminUser_Test11_CreateSiteAdminWithSSCAdmin.png' data-src='/Users/MDPAPITESTING/MDP/Reports/TestRun2020_01_31170623/tC201_AdminUser_Test11_CreateSiteAdminWithSSCAdmin.png'></li>
						</ul>
					</div>
				</li>
				<li class='test displayed active  fail' status='fail' bdd='false' test-id='20'>
					<div class='test-heading'>
						<span class='test-name'>tC201_AdminUser_Test13_CreateAppAdminWithExistingSSCAdminMail</span>
						<span class='test-time'>Jan 31, 2020 05:22:50 PM</span>
						<span class='test-status right fail'>fail</span>
					</div>
					<div class='test-content hide'>
<div class='test-time-info'>
	<span class='label start-time'>Jan 31, 2020 05:22:50 PM</span>
	<span class='label end-time'>Jan 31, 2020 05:23:24 PM</span>
	<span class='label time-taken grey lighten-1 white-text'>0h 0m 34s+316ms</span>
</div>
<div class='test-attributes'>
	<div class='category-list'>
		<span class='category label'>AdminService</span>
	</div>
</div>
<div class='test-steps'>
	<table class='bordered table-results'>
		<thead>
			<tr>
				<th>Status</th>
				<th>Timestamp</th>
				<th>Details</th>
			</tr>
		</thead>
		<tbody>
			<tr class='log' status='debug'>
				<td class='status debug' title='debug' alt='debug'><i class='material-icons'>low_priority</i></td>
				<td class='timestamp'>5:23:18 PM</td>
				<td class='step-details'>
						UserName Used for Genrating the Access token:MDPAdmin@id.zeiss.com
					
				</td>
			</tr>
			<tr class='log' status='debug'>
				<td class='status debug' title='debug' alt='debug'><i class='material-icons'>low_priority</i></td>
				<td class='timestamp'>5:23:18 PM</td>
				<td class='step-details'>
						The BaseUri is :https://mdptest.api.zeiss.com
					
				</td>
			</tr>
			<tr class='log' status='debug'>
				<td class='status debug' title='debug' alt='debug'><i class='material-icons'>low_priority</i></td>
				<td class='timestamp'>5:23:18 PM</td>
				<td class='step-details'>
						/nThe Values to change In JSON:{"ALTERNATEEMAIL":"noemaildude@fuckoff.com","ZEISSIDUSERTYPE":1,"ROLEID":"985b931d-a04f-491c-de88-08d790386490","EMAIL":"zeiss0719+20200131_170922@gmail.com","CLIENTID":"ed8d6270-da8b-4ea0-aaa0-7214f6dd09d5"}
					
				</td>
			</tr>
			<tr class='log' status='debug'>
				<td class='status debug' title='debug' alt='debug'><i class='material-icons'>low_priority</i></td>
				<td class='timestamp'>5:23:18 PM</td>
				<td class='step-details'>
						The Effective end point is :/adminuserservice/api/v2.0/mdpapps/96b144c4-db4d-4cee-e6e9-08d7629609b9/AdminUsers
					
				</td>
			</tr>
			<tr class='log' status='debug'>
				<td class='status debug' title='debug' alt='debug'><i class='material-icons'>low_priority</i></td>
				<td class='timestamp'>5:23:18 PM</td>
				<td class='step-details'>
						Created users with the payload{"firstName":"ZeissUSer","lastName":"Admin","clientId":"ed8d6270-da8b-4ea0-aaa0-7214f6dd09d5","zeissIdUserType":1,"roleId":"985b931d-a04f-491c-de88-08d790386490","contactDetails":[{"country":"string","alternateEmail":"noemaildude@fuckoff.com","period":"string","city":"Bangalore","district":"string","postalCode":"string","addressLine1":"Zeiss","addressLine2":"EC","state":"KA","type":"string","alternateNo":"string","contactNo":"string"}],"email":"zeiss0719+20200131_170922@gmail.com"}
					
				</td>
			</tr>
			<tr class='log' status='debug'>
				<td class='status debug' title='debug' alt='debug'><i class='material-icons'>low_priority</i></td>
				<td class='timestamp'>5:23:24 PM</td>
				<td class='step-details'>
						Response Code:401
					
				</td>
			</tr>
			<tr class='log' status='debug'>
				<td class='status debug' title='debug' alt='debug'><i class='material-icons'>low_priority</i></td>
				<td class='timestamp'>5:23:24 PM</td>
				<td class='step-details'>
						Response:{"Error":{"Code":"UnAuthorizedUser","Message":"Logged-In User is not authorized to create this user","Target":null,"Details":null,"InnerError":null}}
					
				</td>
			</tr>
			<tr class='log' status='fail'>
				<td class='status fail' title='fail' alt='fail'><i class='material-icons'>cancel</i></td>
				<td class='timestamp'>5:23:24 PM</td>
				<td class='step-details'>
						<textarea disabled class="code-block">java.lang.AssertionError: expected [400] but found [401]
	at org.testng.Assert.fail(Assert.java:96)
	at org.testng.Assert.failNotEquals(Assert.java:776)
	at org.testng.Assert.assertEqualsImpl(Assert.java:137)
	at org.testng.Assert.assertEquals(Assert.java:118)
	at org.testng.Assert.assertEquals(Assert.java:652)
	at org.testng.Assert.assertEquals(Assert.java:662)
	at com.mdp.api.tests.AdminUserService_AdminUserTests.tC201_AdminUser_Test13_CreateAppAdminWithExistingSSCAdminMail(AdminUserService_AdminUserTests.java:284)
	at sun.reflect.NativeMethodAccessorImpl.invoke0(Native Method)
	at sun.reflect.NativeMethodAccessorImpl.invoke(NativeMethodAccessorImpl.java:62)
	at sun.reflect.DelegatingMethodAccessorImpl.invoke(DelegatingMethodAccessorImpl.java:43)
	at java.lang.reflect.Method.invoke(Method.java:498)
	at org.testng.internal.MethodInvocationHelper.invokeMethod(MethodInvocationHelper.java:124)
	at org.testng.internal.Invoker.invokeMethod(Invoker.java:583)
	at org.testng.internal.Invoker.invokeTestMethod(Invoker.java:719)
	at org.testng.internal.Invoker.invokeTestMethods(Invoker.java:989)
	at org.testng.internal.TestMethodWorker.invokeTestMethods(TestMethodWorker.java:125)
	at org.testng.internal.TestMethodWorker.run(TestMethodWorker.java:109)
	at org.testng.TestRunner.privateRun(TestRunner.java:648)
	at org.testng.TestRunner.run(TestRunner.java:505)
	at org.testng.SuiteRunner.runTest(SuiteRunner.java:455)
	at org.testng.SuiteRunner.runSequentially(SuiteRunner.java:450)
	at org.testng.SuiteRunner.privateRun(SuiteRunner.java:415)
	at org.testng.SuiteRunner.run(SuiteRunner.java:364)
	at org.testng.SuiteRunnerWorker.runSuite(SuiteRunnerWorker.java:52)
	at org.testng.SuiteRunnerWorker.run(SuiteRunnerWorker.java:84)
	at org.testng.TestNG.runSuitesSequentially(TestNG.java:1208)
	at org.testng.TestNG.runSuitesLocally(TestNG.java:1137)
	at org.testng.TestNG.runSuites(TestNG.java:1049)
	at org.testng.TestNG.run(TestNG.java:1017)
	at org.testng.remote.AbstractRemoteTestNG.run(AbstractRemoteTestNG.java:114)
	at org.testng.remote.RemoteTestNG.initAndRun(RemoteTestNG.java:251)
	at org.testng.remote.RemoteTestNG.main(RemoteTestNG.java:77)
</textarea>
					
				</td>
			</tr>
		</tbody>
	</table>
</div>
						<ul class='screenshots'>
							<li><img class='r-img' onerror='this.style.display="none"' data-featherlight='/Users/MDPAPITESTING/MDP/Reports/TestRun2020_01_31170623/tC201_AdminUser_Test13_CreateAppAdminWithExistingSSCAdminMail.png' src='/Users/MDPAPITESTING/MDP/Reports/TestRun2020_01_31170623/tC201_AdminUser_Test13_CreateAppAdminWithExistingSSCAdminMail.png' data-src='/Users/MDPAPITESTING/MDP/Reports/TestRun2020_01_31170623/tC201_AdminUser_Test13_CreateAppAdminWithExistingSSCAdminMail.png'></li>
						</ul>
					</div>
				</li>
				<li class='test displayed active  pass' status='pass' bdd='false' test-id='21'>
					<div class='test-heading'>
						<span class='test-name'>tC201_AdminUser_Test16_CreateMDPAdminWithEmailAsUniqueAndNoAlternateEmailForUserType2</span>
						<span class='test-time'>Jan 31, 2020 05:23:29 PM</span>
						<span class='test-status right pass'>pass</span>
					</div>
					<div class='test-content hide'>
<div class='test-time-info'>
	<span class='label start-time'>Jan 31, 2020 05:23:29 PM</span>
	<span class='label end-time'>Jan 31, 2020 05:24:01 PM</span>
	<span class='label time-taken grey lighten-1 white-text'>0h 0m 32s+485ms</span>
</div>
<div class='test-attributes'>
	<div class='category-list'>
		<span class='category label'>AdminService</span>
	</div>
</div>
<div class='test-steps'>
	<table class='bordered table-results'>
		<thead>
			<tr>
				<th>Status</th>
				<th>Timestamp</th>
				<th>Details</th>
			</tr>
		</thead>
		<tbody>
			<tr class='log' status='debug'>
				<td class='status debug' title='debug' alt='debug'><i class='material-icons'>low_priority</i></td>
				<td class='timestamp'>5:23:56 PM</td>
				<td class='step-details'>
						UserName Used for Genrating the Access token:MDPAdmin@id.zeiss.com
					
				</td>
			</tr>
			<tr class='log' status='debug'>
				<td class='status debug' title='debug' alt='debug'><i class='material-icons'>low_priority</i></td>
				<td class='timestamp'>5:23:56 PM</td>
				<td class='step-details'>
						Creating the user with defualt generated email:zeiss0719+20200131_172356@gmail.com
					
				</td>
			</tr>
			<tr class='log' status='debug'>
				<td class='status debug' title='debug' alt='debug'><i class='material-icons'>low_priority</i></td>
				<td class='timestamp'>5:23:56 PM</td>
				<td class='step-details'>
						The BaseUri is :https://mdptest.api.zeiss.com
					
				</td>
			</tr>
			<tr class='log' status='debug'>
				<td class='status debug' title='debug' alt='debug'><i class='material-icons'>low_priority</i></td>
				<td class='timestamp'>5:23:56 PM</td>
				<td class='step-details'>
						/nThe Values to change In JSON:{"ALTERNATEEMAIL":"","ZEISSIDUSERTYPE":2,"ROLEID":"985b931d-a04f-491c-de88-08d790386490","EMAIL":"zeiss0719+20200131_172356@gmail.com","CLIENTID":"ed8d6270-da8b-4ea0-aaa0-7214f6dd09d5"}
					
				</td>
			</tr>
			<tr class='log' status='debug'>
				<td class='status debug' title='debug' alt='debug'><i class='material-icons'>low_priority</i></td>
				<td class='timestamp'>5:23:56 PM</td>
				<td class='step-details'>
						The Effective end point is :/adminuserservice/api/v2.0/mdpapps/96b144c4-db4d-4cee-e6e9-08d7629609b9/AdminUsers
					
				</td>
			</tr>
			<tr class='log' status='debug'>
				<td class='status debug' title='debug' alt='debug'><i class='material-icons'>low_priority</i></td>
				<td class='timestamp'>5:23:56 PM</td>
				<td class='step-details'>
						Created users with the payload{"firstName":"ZeissUSer","lastName":"Admin","clientId":"ed8d6270-da8b-4ea0-aaa0-7214f6dd09d5","zeissIdUserType":2,"roleId":"985b931d-a04f-491c-de88-08d790386490","contactDetails":[{"country":"string","alternateEmail":"","period":"string","city":"Bangalore","district":"string","postalCode":"string","addressLine1":"Zeiss","addressLine2":"EC","state":"KA","type":"string","alternateNo":"string","contactNo":"string"}],"email":"zeiss0719+20200131_172356@gmail.com"}
					
				</td>
			</tr>
			<tr class='log' status='debug'>
				<td class='status debug' title='debug' alt='debug'><i class='material-icons'>low_priority</i></td>
				<td class='timestamp'>5:24:01 PM</td>
				<td class='step-details'>
						Response Code:400
					
				</td>
			</tr>
			<tr class='log' status='debug'>
				<td class='status debug' title='debug' alt='debug'><i class='material-icons'>low_priority</i></td>
				<td class='timestamp'>5:24:01 PM</td>
				<td class='step-details'>
						Response:{"Error":{"Code":"InvalidOrMissingParameter","Message":"One or more required parameters are invalid or missing.","Target":null,"Details":[{"Code":"InvalidOrMissingParameter","Message":"The AlternateEmail field is not a valid e-mail address.","Target":"ContactDetails[0].AlternateEmail","Details":null,"InnerError":null}],"InnerError":null}}
					
				</td>
			</tr>
			<tr class='log' status='pass'>
				<td class='status pass' title='pass' alt='pass'><i class='material-icons'>check_circle</i></td>
				<td class='timestamp'>5:24:01 PM</td>
				<td class='step-details'>
						Test passed
					
				</td>
			</tr>
		</tbody>
	</table>
</div>
					</div>
				</li>
				<li class='test displayed active  pass' status='pass' bdd='false' test-id='22'>
					<div class='test-heading'>
						<span class='test-name'>tC201_AdminUser_Test17_CreateSSCAdminWithEmailAsUniqueAndNoAlternateEmailForUserType2</span>
						<span class='test-time'>Jan 31, 2020 05:24:06 PM</span>
						<span class='test-status right pass'>pass</span>
					</div>
					<div class='test-content hide'>
<div class='test-time-info'>
	<span class='label start-time'>Jan 31, 2020 05:24:06 PM</span>
	<span class='label end-time'>Jan 31, 2020 05:24:43 PM</span>
	<span class='label time-taken grey lighten-1 white-text'>0h 0m 36s+965ms</span>
</div>
<div class='test-attributes'>
	<div class='category-list'>
		<span class='category label'>AdminService</span>
	</div>
</div>
<div class='test-steps'>
	<table class='bordered table-results'>
		<thead>
			<tr>
				<th>Status</th>
				<th>Timestamp</th>
				<th>Details</th>
			</tr>
		</thead>
		<tbody>
			<tr class='log' status='debug'>
				<td class='status debug' title='debug' alt='debug'><i class='material-icons'>low_priority</i></td>
				<td class='timestamp'>5:24:37 PM</td>
				<td class='step-details'>
						UserName Used for Genrating the Access token:MDPAdmin@id.zeiss.com
					
				</td>
			</tr>
			<tr class='log' status='debug'>
				<td class='status debug' title='debug' alt='debug'><i class='material-icons'>low_priority</i></td>
				<td class='timestamp'>5:24:37 PM</td>
				<td class='step-details'>
						Creating the user with defualt generated email:zeiss0719+20200131_172437@gmail.com
					
				</td>
			</tr>
			<tr class='log' status='debug'>
				<td class='status debug' title='debug' alt='debug'><i class='material-icons'>low_priority</i></td>
				<td class='timestamp'>5:24:37 PM</td>
				<td class='step-details'>
						The BaseUri is :https://mdptest.api.zeiss.com
					
				</td>
			</tr>
			<tr class='log' status='debug'>
				<td class='status debug' title='debug' alt='debug'><i class='material-icons'>low_priority</i></td>
				<td class='timestamp'>5:24:37 PM</td>
				<td class='step-details'>
						/nThe Values to change In JSON:{"ALTERNATEEMAIL":"","ZEISSIDUSERTYPE":2,"ROLEID":"985b931d-a04f-491c-de88-08d790386491","EMAIL":"zeiss0719+20200131_172437@gmail.com","CLIENTID":"ed8d6270-da8b-4ea0-aaa0-7214f6dd09d5"}
					
				</td>
			</tr>
			<tr class='log' status='debug'>
				<td class='status debug' title='debug' alt='debug'><i class='material-icons'>low_priority</i></td>
				<td class='timestamp'>5:24:37 PM</td>
				<td class='step-details'>
						The Effective end point is :/adminuserservice/api/v2.0/mdpapps/96b144c4-db4d-4cee-e6e9-08d7629609b9/AdminUsers
					
				</td>
			</tr>
			<tr class='log' status='debug'>
				<td class='status debug' title='debug' alt='debug'><i class='material-icons'>low_priority</i></td>
				<td class='timestamp'>5:24:37 PM</td>
				<td class='step-details'>
						Created users with the payload{"firstName":"ZeissUSer","lastName":"Admin","clientId":"ed8d6270-da8b-4ea0-aaa0-7214f6dd09d5","zeissIdUserType":2,"roleId":"985b931d-a04f-491c-de88-08d790386491","contactDetails":[{"country":"string","alternateEmail":"","period":"string","city":"Bangalore","district":"string","postalCode":"string","addressLine1":"Zeiss","addressLine2":"EC","state":"KA","type":"string","alternateNo":"string","contactNo":"string"}],"email":"zeiss0719+20200131_172437@gmail.com"}
					
				</td>
			</tr>
			<tr class='log' status='debug'>
				<td class='status debug' title='debug' alt='debug'><i class='material-icons'>low_priority</i></td>
				<td class='timestamp'>5:24:43 PM</td>
				<td class='step-details'>
						Response Code:400
					
				</td>
			</tr>
			<tr class='log' status='debug'>
				<td class='status debug' title='debug' alt='debug'><i class='material-icons'>low_priority</i></td>
				<td class='timestamp'>5:24:43 PM</td>
				<td class='step-details'>
						Response:{"Error":{"Code":"InvalidOrMissingParameter","Message":"One or more required parameters are invalid or missing.","Target":null,"Details":[{"Code":"InvalidOrMissingParameter","Message":"The AlternateEmail field is not a valid e-mail address.","Target":"ContactDetails[0].AlternateEmail","Details":null,"InnerError":null}],"InnerError":null}}
					
				</td>
			</tr>
			<tr class='log' status='pass'>
				<td class='status pass' title='pass' alt='pass'><i class='material-icons'>check_circle</i></td>
				<td class='timestamp'>5:24:43 PM</td>
				<td class='step-details'>
						Test passed
					
				</td>
			</tr>
		</tbody>
	</table>
</div>
					</div>
				</li>
				<li class='test displayed active  fail' status='fail' bdd='false' test-id='23'>
					<div class='test-heading'>
						<span class='test-name'>tC201_AdminUser_Test18_CreateMDPAdminWithEmailAsUniqueAndExistingAlternateEmailForUserType2</span>
						<span class='test-time'>Jan 31, 2020 05:24:47 PM</span>
						<span class='test-status right fail'>fail</span>
					</div>
					<div class='test-content hide'>
<div class='test-time-info'>
	<span class='label start-time'>Jan 31, 2020 05:24:47 PM</span>
	<span class='label end-time'>Jan 31, 2020 05:25:20 PM</span>
	<span class='label time-taken grey lighten-1 white-text'>0h 0m 32s+994ms</span>
</div>
<div class='test-attributes'>
	<div class='category-list'>
		<span class='category label'>AdminService</span>
	</div>
</div>
<div class='test-steps'>
	<table class='bordered table-results'>
		<thead>
			<tr>
				<th>Status</th>
				<th>Timestamp</th>
				<th>Details</th>
			</tr>
		</thead>
		<tbody>
			<tr class='log' status='debug'>
				<td class='status debug' title='debug' alt='debug'><i class='material-icons'>low_priority</i></td>
				<td class='timestamp'>5:25:15 PM</td>
				<td class='step-details'>
						UserName Used for Genrating the Access token:MDPAdmin@id.zeiss.com
					
				</td>
			</tr>
			<tr class='log' status='debug'>
				<td class='status debug' title='debug' alt='debug'><i class='material-icons'>low_priority</i></td>
				<td class='timestamp'>5:25:15 PM</td>
				<td class='step-details'>
						Creating the user with defualt generated email:zeiss0719+20200131_172515@gmail.com
					
				</td>
			</tr>
			<tr class='log' status='debug'>
				<td class='status debug' title='debug' alt='debug'><i class='material-icons'>low_priority</i></td>
				<td class='timestamp'>5:25:15 PM</td>
				<td class='step-details'>
						The BaseUri is :https://mdptest.api.zeiss.com
					
				</td>
			</tr>
			<tr class='log' status='debug'>
				<td class='status debug' title='debug' alt='debug'><i class='material-icons'>low_priority</i></td>
				<td class='timestamp'>5:25:15 PM</td>
				<td class='step-details'>
						/nThe Values to change In JSON:{"ALTERNATEEMAIL":"noemaildude@fuckoff.com","ZEISSIDUSERTYPE":2,"ROLEID":"985b931d-a04f-491c-de88-08d790386490","EMAIL":"zeiss0719+20200131_172515@gmail.com","CLIENTID":"ed8d6270-da8b-4ea0-aaa0-7214f6dd09d5"}
					
				</td>
			</tr>
			<tr class='log' status='debug'>
				<td class='status debug' title='debug' alt='debug'><i class='material-icons'>low_priority</i></td>
				<td class='timestamp'>5:25:15 PM</td>
				<td class='step-details'>
						The Effective end point is :/adminuserservice/api/v2.0/mdpapps/96b144c4-db4d-4cee-e6e9-08d7629609b9/AdminUsers
					
				</td>
			</tr>
			<tr class='log' status='debug'>
				<td class='status debug' title='debug' alt='debug'><i class='material-icons'>low_priority</i></td>
				<td class='timestamp'>5:25:15 PM</td>
				<td class='step-details'>
						Created users with the payload{"firstName":"ZeissUSer","lastName":"Admin","clientId":"ed8d6270-da8b-4ea0-aaa0-7214f6dd09d5","zeissIdUserType":2,"roleId":"985b931d-a04f-491c-de88-08d790386490","contactDetails":[{"country":"string","alternateEmail":"noemaildude@fuckoff.com","period":"string","city":"Bangalore","district":"string","postalCode":"string","addressLine1":"Zeiss","addressLine2":"EC","state":"KA","type":"string","alternateNo":"string","contactNo":"string"}],"email":"zeiss0719+20200131_172515@gmail.com"}
					
				</td>
			</tr>
			<tr class='log' status='debug'>
				<td class='status debug' title='debug' alt='debug'><i class='material-icons'>low_priority</i></td>
				<td class='timestamp'>5:25:20 PM</td>
				<td class='step-details'>
						Response Code:401
					
				</td>
			</tr>
			<tr class='log' status='debug'>
				<td class='status debug' title='debug' alt='debug'><i class='material-icons'>low_priority</i></td>
				<td class='timestamp'>5:25:20 PM</td>
				<td class='step-details'>
						Response:{"Error":{"Code":"UnAuthorizedUser","Message":"Logged-In User is not authorized to create this user","Target":null,"Details":null,"InnerError":null}}
					
				</td>
			</tr>
			<tr class='log' status='fail'>
				<td class='status fail' title='fail' alt='fail'><i class='material-icons'>cancel</i></td>
				<td class='timestamp'>5:25:20 PM</td>
				<td class='step-details'>
						<textarea disabled class="code-block">java.lang.AssertionError: expected [409] but found [401]
	at org.testng.Assert.fail(Assert.java:96)
	at org.testng.Assert.failNotEquals(Assert.java:776)
	at org.testng.Assert.assertEqualsImpl(Assert.java:137)
	at org.testng.Assert.assertEquals(Assert.java:118)
	at org.testng.Assert.assertEquals(Assert.java:652)
	at org.testng.Assert.assertEquals(Assert.java:662)
	at com.mdp.api.tests.AdminUserService_AdminUserTests.tC201_AdminUser_Test18_CreateMDPAdminWithEmailAsUniqueAndExistingAlternateEmailForUserType2(AdminUserService_AdminUserTests.java:390)
	at sun.reflect.NativeMethodAccessorImpl.invoke0(Native Method)
	at sun.reflect.NativeMethodAccessorImpl.invoke(NativeMethodAccessorImpl.java:62)
	at sun.reflect.DelegatingMethodAccessorImpl.invoke(DelegatingMethodAccessorImpl.java:43)
	at java.lang.reflect.Method.invoke(Method.java:498)
	at org.testng.internal.MethodInvocationHelper.invokeMethod(MethodInvocationHelper.java:124)
	at org.testng.internal.Invoker.invokeMethod(Invoker.java:583)
	at org.testng.internal.Invoker.invokeTestMethod(Invoker.java:719)
	at org.testng.internal.Invoker.invokeTestMethods(Invoker.java:989)
	at org.testng.internal.TestMethodWorker.invokeTestMethods(TestMethodWorker.java:125)
	at org.testng.internal.TestMethodWorker.run(TestMethodWorker.java:109)
	at org.testng.TestRunner.privateRun(TestRunner.java:648)
	at org.testng.TestRunner.run(TestRunner.java:505)
	at org.testng.SuiteRunner.runTest(SuiteRunner.java:455)
	at org.testng.SuiteRunner.runSequentially(SuiteRunner.java:450)
	at org.testng.SuiteRunner.privateRun(SuiteRunner.java:415)
	at org.testng.SuiteRunner.run(SuiteRunner.java:364)
	at org.testng.SuiteRunnerWorker.runSuite(SuiteRunnerWorker.java:52)
	at org.testng.SuiteRunnerWorker.run(SuiteRunnerWorker.java:84)
	at org.testng.TestNG.runSuitesSequentially(TestNG.java:1208)
	at org.testng.TestNG.runSuitesLocally(TestNG.java:1137)
	at org.testng.TestNG.runSuites(TestNG.java:1049)
	at org.testng.TestNG.run(TestNG.java:1017)
	at org.testng.remote.AbstractRemoteTestNG.run(AbstractRemoteTestNG.java:114)
	at org.testng.remote.RemoteTestNG.initAndRun(RemoteTestNG.java:251)
	at org.testng.remote.RemoteTestNG.main(RemoteTestNG.java:77)
</textarea>
					
				</td>
			</tr>
		</tbody>
	</table>
</div>
						<ul class='screenshots'>
							<li><img class='r-img' onerror='this.style.display="none"' data-featherlight='/Users/MDPAPITESTING/MDP/Reports/TestRun2020_01_31170623/tC201_AdminUser_Test18_CreateMDPAdminWithEmailAsUniqueAndExistingAlternateEmailForUserType2.png' src='/Users/MDPAPITESTING/MDP/Reports/TestRun2020_01_31170623/tC201_AdminUser_Test18_CreateMDPAdminWithEmailAsUniqueAndExistingAlternateEmailForUserType2.png' data-src='/Users/MDPAPITESTING/MDP/Reports/TestRun2020_01_31170623/tC201_AdminUser_Test18_CreateMDPAdminWithEmailAsUniqueAndExistingAlternateEmailForUserType2.png'></li>
						</ul>
					</div>
				</li>
				<li class='test displayed active  fail' status='fail' bdd='false' test-id='24'>
					<div class='test-heading'>
						<span class='test-name'>tC201_AdminUser_Test19_CreateSSCAdminWithEmailAsUniqueAndExistingAlternateEmailForUserType2</span>
						<span class='test-time'>Jan 31, 2020 05:25:25 PM</span>
						<span class='test-status right fail'>fail</span>
					</div>
					<div class='test-content hide'>
<div class='test-time-info'>
	<span class='label start-time'>Jan 31, 2020 05:25:25 PM</span>
	<span class='label end-time'>Jan 31, 2020 05:26:09 PM</span>
	<span class='label time-taken grey lighten-1 white-text'>0h 0m 43s+681ms</span>
</div>
<div class='test-attributes'>
	<div class='category-list'>
		<span class='category label'>AdminService</span>
	</div>
</div>
<div class='test-steps'>
	<table class='bordered table-results'>
		<thead>
			<tr>
				<th>Status</th>
				<th>Timestamp</th>
				<th>Details</th>
			</tr>
		</thead>
		<tbody>
			<tr class='log' status='debug'>
				<td class='status debug' title='debug' alt='debug'><i class='material-icons'>low_priority</i></td>
				<td class='timestamp'>5:25:53 PM</td>
				<td class='step-details'>
						UserName Used for Genrating the Access token:MDPAdmin@id.zeiss.com
					
				</td>
			</tr>
			<tr class='log' status='debug'>
				<td class='status debug' title='debug' alt='debug'><i class='material-icons'>low_priority</i></td>
				<td class='timestamp'>5:25:53 PM</td>
				<td class='step-details'>
						Creating the user with defualt generated email:zeiss0719+20200131_172553@gmail.com
					
				</td>
			</tr>
			<tr class='log' status='debug'>
				<td class='status debug' title='debug' alt='debug'><i class='material-icons'>low_priority</i></td>
				<td class='timestamp'>5:25:53 PM</td>
				<td class='step-details'>
						The BaseUri is :https://mdptest.api.zeiss.com
					
				</td>
			</tr>
			<tr class='log' status='debug'>
				<td class='status debug' title='debug' alt='debug'><i class='material-icons'>low_priority</i></td>
				<td class='timestamp'>5:25:53 PM</td>
				<td class='step-details'>
						/nThe Values to change In JSON:{"ALTERNATEEMAIL":"noemaildude@fuckoff.com","ZEISSIDUSERTYPE":2,"ROLEID":"985b931d-a04f-491c-de88-08d790386491","EMAIL":"zeiss0719+20200131_172553@gmail.com","CLIENTID":"ed8d6270-da8b-4ea0-aaa0-7214f6dd09d5"}
					
				</td>
			</tr>
			<tr class='log' status='debug'>
				<td class='status debug' title='debug' alt='debug'><i class='material-icons'>low_priority</i></td>
				<td class='timestamp'>5:25:53 PM</td>
				<td class='step-details'>
						The Effective end point is :/adminuserservice/api/v2.0/mdpapps/96b144c4-db4d-4cee-e6e9-08d7629609b9/AdminUsers
					
				</td>
			</tr>
			<tr class='log' status='debug'>
				<td class='status debug' title='debug' alt='debug'><i class='material-icons'>low_priority</i></td>
				<td class='timestamp'>5:25:53 PM</td>
				<td class='step-details'>
						Created users with the payload{"firstName":"ZeissUSer","lastName":"Admin","clientId":"ed8d6270-da8b-4ea0-aaa0-7214f6dd09d5","zeissIdUserType":2,"roleId":"985b931d-a04f-491c-de88-08d790386491","contactDetails":[{"country":"string","alternateEmail":"noemaildude@fuckoff.com","period":"string","city":"Bangalore","district":"string","postalCode":"string","addressLine1":"Zeiss","addressLine2":"EC","state":"KA","type":"string","alternateNo":"string","contactNo":"string"}],"email":"zeiss0719+20200131_172553@gmail.com"}
					
				</td>
			</tr>
			<tr class='log' status='debug'>
				<td class='status debug' title='debug' alt='debug'><i class='material-icons'>low_priority</i></td>
				<td class='timestamp'>5:26:09 PM</td>
				<td class='step-details'>
						Response Code:400
					
				</td>
			</tr>
			<tr class='log' status='debug'>
				<td class='status debug' title='debug' alt='debug'><i class='material-icons'>low_priority</i></td>
				<td class='timestamp'>5:26:09 PM</td>
				<td class='step-details'>
						Response:{"Error":{"Code":"UserInviteFailed","Message":"Unable to Invite User","Target":null,"Details":null,"InnerError":null}}
					
				</td>
			</tr>
			<tr class='log' status='fail'>
				<td class='status fail' title='fail' alt='fail'><i class='material-icons'>cancel</i></td>
				<td class='timestamp'>5:26:09 PM</td>
				<td class='step-details'>
						<textarea disabled class="code-block">java.lang.AssertionError: expected [409] but found [400]
	at org.testng.Assert.fail(Assert.java:96)
	at org.testng.Assert.failNotEquals(Assert.java:776)
	at org.testng.Assert.assertEqualsImpl(Assert.java:137)
	at org.testng.Assert.assertEquals(Assert.java:118)
	at org.testng.Assert.assertEquals(Assert.java:652)
	at org.testng.Assert.assertEquals(Assert.java:662)
	at com.mdp.api.tests.AdminUserService_AdminUserTests.tC201_AdminUser_Test19_CreateSSCAdminWithEmailAsUniqueAndExistingAlternateEmailForUserType2(AdminUserService_AdminUserTests.java:409)
	at sun.reflect.NativeMethodAccessorImpl.invoke0(Native Method)
	at sun.reflect.NativeMethodAccessorImpl.invoke(NativeMethodAccessorImpl.java:62)
	at sun.reflect.DelegatingMethodAccessorImpl.invoke(DelegatingMethodAccessorImpl.java:43)
	at java.lang.reflect.Method.invoke(Method.java:498)
	at org.testng.internal.MethodInvocationHelper.invokeMethod(MethodInvocationHelper.java:124)
	at org.testng.internal.Invoker.invokeMethod(Invoker.java:583)
	at org.testng.internal.Invoker.invokeTestMethod(Invoker.java:719)
	at org.testng.internal.Invoker.invokeTestMethods(Invoker.java:989)
	at org.testng.internal.TestMethodWorker.invokeTestMethods(TestMethodWorker.java:125)
	at org.testng.internal.TestMethodWorker.run(TestMethodWorker.java:109)
	at org.testng.TestRunner.privateRun(TestRunner.java:648)
	at org.testng.TestRunner.run(TestRunner.java:505)
	at org.testng.SuiteRunner.runTest(SuiteRunner.java:455)
	at org.testng.SuiteRunner.runSequentially(SuiteRunner.java:450)
	at org.testng.SuiteRunner.privateRun(SuiteRunner.java:415)
	at org.testng.SuiteRunner.run(SuiteRunner.java:364)
	at org.testng.SuiteRunnerWorker.runSuite(SuiteRunnerWorker.java:52)
	at org.testng.SuiteRunnerWorker.run(SuiteRunnerWorker.java:84)
	at org.testng.TestNG.runSuitesSequentially(TestNG.java:1208)
	at org.testng.TestNG.runSuitesLocally(TestNG.java:1137)
	at org.testng.TestNG.runSuites(TestNG.java:1049)
	at org.testng.TestNG.run(TestNG.java:1017)
	at org.testng.remote.AbstractRemoteTestNG.run(AbstractRemoteTestNG.java:114)
	at org.testng.remote.RemoteTestNG.initAndRun(RemoteTestNG.java:251)
	at org.testng.remote.RemoteTestNG.main(RemoteTestNG.java:77)
</textarea>
					
				</td>
			</tr>
		</tbody>
	</table>
</div>
						<ul class='screenshots'>
							<li><img class='r-img' onerror='this.style.display="none"' data-featherlight='/Users/MDPAPITESTING/MDP/Reports/TestRun2020_01_31170623/tC201_AdminUser_Test19_CreateSSCAdminWithEmailAsUniqueAndExistingAlternateEmailForUserType2.png' src='/Users/MDPAPITESTING/MDP/Reports/TestRun2020_01_31170623/tC201_AdminUser_Test19_CreateSSCAdminWithEmailAsUniqueAndExistingAlternateEmailForUserType2.png' data-src='/Users/MDPAPITESTING/MDP/Reports/TestRun2020_01_31170623/tC201_AdminUser_Test19_CreateSSCAdminWithEmailAsUniqueAndExistingAlternateEmailForUserType2.png'></li>
						</ul>
					</div>
				</li>
				<li class='test displayed active  pass' status='pass' bdd='false' test-id='25'>
					<div class='test-heading'>
						<span class='test-name'>tC201_AdminUser_Test20_CreateSSCAdminWithClientIdNull</span>
						<span class='test-time'>Jan 31, 2020 05:26:14 PM</span>
						<span class='test-status right pass'>pass</span>
					</div>
					<div class='test-content hide'>
<div class='test-time-info'>
	<span class='label start-time'>Jan 31, 2020 05:26:14 PM</span>
	<span class='label end-time'>Jan 31, 2020 05:26:42 PM</span>
	<span class='label time-taken grey lighten-1 white-text'>0h 0m 28s+138ms</span>
</div>
<div class='test-attributes'>
	<div class='category-list'>
		<span class='category label'>AdminService</span>
	</div>
</div>
<div class='test-steps'>
	<table class='bordered table-results'>
		<thead>
			<tr>
				<th>Status</th>
				<th>Timestamp</th>
				<th>Details</th>
			</tr>
		</thead>
		<tbody>
			<tr class='log' status='debug'>
				<td class='status debug' title='debug' alt='debug'><i class='material-icons'>low_priority</i></td>
				<td class='timestamp'>5:26:41 PM</td>
				<td class='step-details'>
						UserName Used for Genrating the Access token:MDPAdmin@id.zeiss.com
					
				</td>
			</tr>
			<tr class='log' status='debug'>
				<td class='status debug' title='debug' alt='debug'><i class='material-icons'>low_priority</i></td>
				<td class='timestamp'>5:26:41 PM</td>
				<td class='step-details'>
						Creating the user with defualt generated email:zeiss0719+20200131_172641@gmail.com
					
				</td>
			</tr>
			<tr class='log' status='debug'>
				<td class='status debug' title='debug' alt='debug'><i class='material-icons'>low_priority</i></td>
				<td class='timestamp'>5:26:41 PM</td>
				<td class='step-details'>
						The BaseUri is :https://mdptest.api.zeiss.com
					
				</td>
			</tr>
			<tr class='log' status='debug'>
				<td class='status debug' title='debug' alt='debug'><i class='material-icons'>low_priority</i></td>
				<td class='timestamp'>5:26:41 PM</td>
				<td class='step-details'>
						/nThe Values to change In JSON:{"ALTERNATEEMAIL":"","ZEISSIDUSERTYPE":1,"ROLEID":"985b931d-a04f-491c-de88-08d790386491","EMAIL":"zeiss0719+20200131_172641@gmail.com","CLIENTID":""}
					
				</td>
			</tr>
			<tr class='log' status='debug'>
				<td class='status debug' title='debug' alt='debug'><i class='material-icons'>low_priority</i></td>
				<td class='timestamp'>5:26:41 PM</td>
				<td class='step-details'>
						The Effective end point is :/adminuserservice/api/v2.0/mdpapps/96b144c4-db4d-4cee-e6e9-08d7629609b9/AdminUsers
					
				</td>
			</tr>
			<tr class='log' status='debug'>
				<td class='status debug' title='debug' alt='debug'><i class='material-icons'>low_priority</i></td>
				<td class='timestamp'>5:26:41 PM</td>
				<td class='step-details'>
						Created users with the payload{"firstName":"ZeissUSer","lastName":"Admin","clientId":"","zeissIdUserType":1,"roleId":"985b931d-a04f-491c-de88-08d790386491","contactDetails":[{"country":"string","alternateEmail":"","period":"string","city":"Bangalore","district":"string","postalCode":"string","addressLine1":"Zeiss","addressLine2":"EC","state":"KA","type":"string","alternateNo":"string","contactNo":"string"}],"email":"zeiss0719+20200131_172641@gmail.com"}
					
				</td>
			</tr>
			<tr class='log' status='debug'>
				<td class='status debug' title='debug' alt='debug'><i class='material-icons'>low_priority</i></td>
				<td class='timestamp'>5:26:42 PM</td>
				<td class='step-details'>
						Response Code:400
					
				</td>
			</tr>
			<tr class='log' status='debug'>
				<td class='status debug' title='debug' alt='debug'><i class='material-icons'>low_priority</i></td>
				<td class='timestamp'>5:26:42 PM</td>
				<td class='step-details'>
						Response:{"Error":{"Code":"InvalidOrMissingParameter","Message":"One or more required parameters are invalid or missing.","Target":null,"Details":[{"Code":"InvalidOrMissingParameter","Message":"Error converting value \"\" to type 'System.Guid'. Path 'clientId', line 1, position 57.","Target":"clientId","Details":null,"InnerError":null}],"InnerError":null}}
					
				</td>
			</tr>
			<tr class='log' status='pass'>
				<td class='status pass' title='pass' alt='pass'><i class='material-icons'>check_circle</i></td>
				<td class='timestamp'>5:26:42 PM</td>
				<td class='step-details'>
						Test passed
					
				</td>
			</tr>
		</tbody>
	</table>
</div>
					</div>
				</li>
				<li class='test displayed active  pass' status='pass' bdd='false' test-id='26'>
					<div class='test-heading'>
						<span class='test-name'>tC201_AdminUser_Test21_CreateSSCAdminWithRoleIdNull</span>
						<span class='test-time'>Jan 31, 2020 05:26:47 PM</span>
						<span class='test-status right pass'>pass</span>
					</div>
					<div class='test-content hide'>
<div class='test-time-info'>
	<span class='label start-time'>Jan 31, 2020 05:26:47 PM</span>
	<span class='label end-time'>Jan 31, 2020 05:27:22 PM</span>
	<span class='label time-taken grey lighten-1 white-text'>0h 0m 35s+197ms</span>
</div>
<div class='test-attributes'>
	<div class='category-list'>
		<span class='category label'>AdminService</span>
	</div>
</div>
<div class='test-steps'>
	<table class='bordered table-results'>
		<thead>
			<tr>
				<th>Status</th>
				<th>Timestamp</th>
				<th>Details</th>
			</tr>
		</thead>
		<tbody>
			<tr class='log' status='debug'>
				<td class='status debug' title='debug' alt='debug'><i class='material-icons'>low_priority</i></td>
				<td class='timestamp'>5:27:16 PM</td>
				<td class='step-details'>
						UserName Used for Genrating the Access token:MDPAdmin@id.zeiss.com
					
				</td>
			</tr>
			<tr class='log' status='debug'>
				<td class='status debug' title='debug' alt='debug'><i class='material-icons'>low_priority</i></td>
				<td class='timestamp'>5:27:16 PM</td>
				<td class='step-details'>
						Creating the user with defualt generated email:zeiss0719+20200131_172716@gmail.com
					
				</td>
			</tr>
			<tr class='log' status='debug'>
				<td class='status debug' title='debug' alt='debug'><i class='material-icons'>low_priority</i></td>
				<td class='timestamp'>5:27:16 PM</td>
				<td class='step-details'>
						The BaseUri is :https://mdptest.api.zeiss.com
					
				</td>
			</tr>
			<tr class='log' status='debug'>
				<td class='status debug' title='debug' alt='debug'><i class='material-icons'>low_priority</i></td>
				<td class='timestamp'>5:27:16 PM</td>
				<td class='step-details'>
						/nThe Values to change In JSON:{"ALTERNATEEMAIL":"","ZEISSIDUSERTYPE":1,"ROLEID":"","EMAIL":"zeiss0719+20200131_172716@gmail.com","CLIENTID":"ed8d6270-da8b-4ea0-aaa0-7214f6dd09d5"}
					
				</td>
			</tr>
			<tr class='log' status='debug'>
				<td class='status debug' title='debug' alt='debug'><i class='material-icons'>low_priority</i></td>
				<td class='timestamp'>5:27:16 PM</td>
				<td class='step-details'>
						The Effective end point is :/adminuserservice/api/v2.0/mdpapps/96b144c4-db4d-4cee-e6e9-08d7629609b9/AdminUsers
					
				</td>
			</tr>
			<tr class='log' status='debug'>
				<td class='status debug' title='debug' alt='debug'><i class='material-icons'>low_priority</i></td>
				<td class='timestamp'>5:27:16 PM</td>
				<td class='step-details'>
						Created users with the payload{"firstName":"ZeissUSer","lastName":"Admin","clientId":"ed8d6270-da8b-4ea0-aaa0-7214f6dd09d5","zeissIdUserType":1,"roleId":"","contactDetails":[{"country":"string","alternateEmail":"","period":"string","city":"Bangalore","district":"string","postalCode":"string","addressLine1":"Zeiss","addressLine2":"EC","state":"KA","type":"string","alternateNo":"string","contactNo":"string"}],"email":"zeiss0719+20200131_172716@gmail.com"}
					
				</td>
			</tr>
			<tr class='log' status='debug'>
				<td class='status debug' title='debug' alt='debug'><i class='material-icons'>low_priority</i></td>
				<td class='timestamp'>5:27:22 PM</td>
				<td class='step-details'>
						Response Code:400
					
				</td>
			</tr>
			<tr class='log' status='debug'>
				<td class='status debug' title='debug' alt='debug'><i class='material-icons'>low_priority</i></td>
				<td class='timestamp'>5:27:22 PM</td>
				<td class='step-details'>
						Response:{"Error":{"Code":"InvalidOrMissingParameter","Message":"One or more required parameters are invalid or missing.","Target":null,"Details":[{"Code":"InvalidOrMissingParameter","Message":"Error converting value \"\" to type 'System.Guid'. Path 'roleId', line 1, position 125.","Target":"roleId","Details":null,"InnerError":null}],"InnerError":null}}
					
				</td>
			</tr>
			<tr class='log' status='pass'>
				<td class='status pass' title='pass' alt='pass'><i class='material-icons'>check_circle</i></td>
				<td class='timestamp'>5:27:22 PM</td>
				<td class='step-details'>
						Test passed
					
				</td>
			</tr>
		</tbody>
	</table>
</div>
					</div>
				</li>
				<li class='test displayed active  pass' status='pass' bdd='false' test-id='27'>
					<div class='test-heading'>
						<span class='test-name'>tC201_AdminUser_Test22_CreateSSCAdminWithUserTypeNull</span>
						<span class='test-time'>Jan 31, 2020 05:27:26 PM</span>
						<span class='test-status right pass'>pass</span>
					</div>
					<div class='test-content hide'>
<div class='test-time-info'>
	<span class='label start-time'>Jan 31, 2020 05:27:26 PM</span>
	<span class='label end-time'>Jan 31, 2020 05:28:00 PM</span>
	<span class='label time-taken grey lighten-1 white-text'>0h 0m 33s+904ms</span>
</div>
<div class='test-attributes'>
	<div class='category-list'>
		<span class='category label'>AdminService</span>
	</div>
</div>
<div class='test-steps'>
	<table class='bordered table-results'>
		<thead>
			<tr>
				<th>Status</th>
				<th>Timestamp</th>
				<th>Details</th>
			</tr>
		</thead>
		<tbody>
			<tr class='log' status='debug'>
				<td class='status debug' title='debug' alt='debug'><i class='material-icons'>low_priority</i></td>
				<td class='timestamp'>5:27:55 PM</td>
				<td class='step-details'>
						UserName Used for Genrating the Access token:MDPAdmin@id.zeiss.com
					
				</td>
			</tr>
			<tr class='log' status='debug'>
				<td class='status debug' title='debug' alt='debug'><i class='material-icons'>low_priority</i></td>
				<td class='timestamp'>5:27:55 PM</td>
				<td class='step-details'>
						Creating the user with defualt generated email:zeiss0719+20200131_172755@gmail.com
					
				</td>
			</tr>
			<tr class='log' status='debug'>
				<td class='status debug' title='debug' alt='debug'><i class='material-icons'>low_priority</i></td>
				<td class='timestamp'>5:27:55 PM</td>
				<td class='step-details'>
						The BaseUri is :https://mdptest.api.zeiss.com
					
				</td>
			</tr>
			<tr class='log' status='debug'>
				<td class='status debug' title='debug' alt='debug'><i class='material-icons'>low_priority</i></td>
				<td class='timestamp'>5:27:55 PM</td>
				<td class='step-details'>
						/nThe Values to change In JSON:{"ALTERNATEEMAIL":"","ZEISSIDUSERTYPE":null,"ROLEID":"985b931d-a04f-491c-de88-08d790386491","EMAIL":"zeiss0719+20200131_172755@gmail.com","CLIENTID":"ed8d6270-da8b-4ea0-aaa0-7214f6dd09d5"}
					
				</td>
			</tr>
			<tr class='log' status='debug'>
				<td class='status debug' title='debug' alt='debug'><i class='material-icons'>low_priority</i></td>
				<td class='timestamp'>5:27:55 PM</td>
				<td class='step-details'>
						The Effective end point is :/adminuserservice/api/v2.0/mdpapps/96b144c4-db4d-4cee-e6e9-08d7629609b9/AdminUsers
					
				</td>
			</tr>
			<tr class='log' status='debug'>
				<td class='status debug' title='debug' alt='debug'><i class='material-icons'>low_priority</i></td>
				<td class='timestamp'>5:27:55 PM</td>
				<td class='step-details'>
						Created users with the payload{"firstName":"ZeissUSer","lastName":"Admin","clientId":"ed8d6270-da8b-4ea0-aaa0-7214f6dd09d5","zeissIdUserType":null,"roleId":"985b931d-a04f-491c-de88-08d790386491","contactDetails":[{"country":"string","alternateEmail":"","period":"string","city":"Bangalore","district":"string","postalCode":"string","addressLine1":"Zeiss","addressLine2":"EC","state":"KA","type":"string","alternateNo":"string","contactNo":"string"}],"email":"zeiss0719+20200131_172755@gmail.com"}
					
				</td>
			</tr>
			<tr class='log' status='debug'>
				<td class='status debug' title='debug' alt='debug'><i class='material-icons'>low_priority</i></td>
				<td class='timestamp'>5:28:00 PM</td>
				<td class='step-details'>
						Response Code:400
					
				</td>
			</tr>
			<tr class='log' status='debug'>
				<td class='status debug' title='debug' alt='debug'><i class='material-icons'>low_priority</i></td>
				<td class='timestamp'>5:28:00 PM</td>
				<td class='step-details'>
						Response:{"Error":{"Code":"InvalidOrMissingParameter","Message":"One or more required parameters are invalid or missing.","Target":null,"Details":[{"Code":"InvalidOrMissingParameter","Message":"Error converting value {null} to type 'Czm.Czi.MDPAdminUserService.DTO.ZeissIdUserTypeDto'. Path 'zeissIdUserType', line 1, position 116.","Target":"zeissIdUserType","Details":null,"InnerError":null}],"InnerError":null}}
					
				</td>
			</tr>
			<tr class='log' status='pass'>
				<td class='status pass' title='pass' alt='pass'><i class='material-icons'>check_circle</i></td>
				<td class='timestamp'>5:28:00 PM</td>
				<td class='step-details'>
						Test passed
					
				</td>
			</tr>
		</tbody>
	</table>
</div>
					</div>
				</li>
				<li class='test displayed active  pass' status='pass' bdd='false' test-id='28'>
					<div class='test-heading'>
						<span class='test-name'>tC201_AdminUser_Test23_CreateSSCAdminWithClientIdRandom</span>
						<span class='test-time'>Jan 31, 2020 05:28:05 PM</span>
						<span class='test-status right pass'>pass</span>
					</div>
					<div class='test-content hide'>
<div class='test-time-info'>
	<span class='label start-time'>Jan 31, 2020 05:28:05 PM</span>
	<span class='label end-time'>Jan 31, 2020 05:28:35 PM</span>
	<span class='label time-taken grey lighten-1 white-text'>0h 0m 29s+877ms</span>
</div>
<div class='test-attributes'>
	<div class='category-list'>
		<span class='category label'>AdminService</span>
	</div>
</div>
<div class='test-steps'>
	<table class='bordered table-results'>
		<thead>
			<tr>
				<th>Status</th>
				<th>Timestamp</th>
				<th>Details</th>
			</tr>
		</thead>
		<tbody>
			<tr class='log' status='debug'>
				<td class='status debug' title='debug' alt='debug'><i class='material-icons'>low_priority</i></td>
				<td class='timestamp'>5:28:34 PM</td>
				<td class='step-details'>
						UserName Used for Genrating the Access token:MDPAdmin@id.zeiss.com
					
				</td>
			</tr>
			<tr class='log' status='debug'>
				<td class='status debug' title='debug' alt='debug'><i class='material-icons'>low_priority</i></td>
				<td class='timestamp'>5:28:34 PM</td>
				<td class='step-details'>
						Creating the user with defualt generated email:zeiss0719+20200131_172834@gmail.com
					
				</td>
			</tr>
			<tr class='log' status='debug'>
				<td class='status debug' title='debug' alt='debug'><i class='material-icons'>low_priority</i></td>
				<td class='timestamp'>5:28:34 PM</td>
				<td class='step-details'>
						The BaseUri is :https://mdptest.api.zeiss.com
					
				</td>
			</tr>
			<tr class='log' status='debug'>
				<td class='status debug' title='debug' alt='debug'><i class='material-icons'>low_priority</i></td>
				<td class='timestamp'>5:28:34 PM</td>
				<td class='step-details'>
						/nThe Values to change In JSON:{"ALTERNATEEMAIL":"","ZEISSIDUSERTYPE":1,"ROLEID":"985b931d-a04f-491c-de88-08d790386491","EMAIL":"zeiss0719+20200131_172834@gmail.com","CLIENTID":"ed8d6270-da8b-4ea0-aaa0-7214f6dd09d6"}
					
				</td>
			</tr>
			<tr class='log' status='debug'>
				<td class='status debug' title='debug' alt='debug'><i class='material-icons'>low_priority</i></td>
				<td class='timestamp'>5:28:34 PM</td>
				<td class='step-details'>
						The Effective end point is :/adminuserservice/api/v2.0/mdpapps/96b144c4-db4d-4cee-e6e9-08d7629609b9/AdminUsers
					
				</td>
			</tr>
			<tr class='log' status='debug'>
				<td class='status debug' title='debug' alt='debug'><i class='material-icons'>low_priority</i></td>
				<td class='timestamp'>5:28:34 PM</td>
				<td class='step-details'>
						Created users with the payload{"firstName":"ZeissUSer","lastName":"Admin","clientId":"ed8d6270-da8b-4ea0-aaa0-7214f6dd09d6","zeissIdUserType":1,"roleId":"985b931d-a04f-491c-de88-08d790386491","contactDetails":[{"country":"string","alternateEmail":"","period":"string","city":"Bangalore","district":"string","postalCode":"string","addressLine1":"Zeiss","addressLine2":"EC","state":"KA","type":"string","alternateNo":"string","contactNo":"string"}],"email":"zeiss0719+20200131_172834@gmail.com"}
					
				</td>
			</tr>
			<tr class='log' status='debug'>
				<td class='status debug' title='debug' alt='debug'><i class='material-icons'>low_priority</i></td>
				<td class='timestamp'>5:28:35 PM</td>
				<td class='step-details'>
						Response Code:400
					
				</td>
			</tr>
			<tr class='log' status='debug'>
				<td class='status debug' title='debug' alt='debug'><i class='material-icons'>low_priority</i></td>
				<td class='timestamp'>5:28:35 PM</td>
				<td class='step-details'>
						Response:{"Error":{"Code":"InvalidOrMissingParameter","Message":"One or more required parameters are invalid or missing.","Target":null,"Details":[{"Code":"InvalidOrMissingParameter","Message":"The AlternateEmail field is not a valid e-mail address.","Target":"ContactDetails[0].AlternateEmail","Details":null,"InnerError":null}],"InnerError":null}}
					
				</td>
			</tr>
			<tr class='log' status='pass'>
				<td class='status pass' title='pass' alt='pass'><i class='material-icons'>check_circle</i></td>
				<td class='timestamp'>5:28:35 PM</td>
				<td class='step-details'>
						Test passed
					
				</td>
			</tr>
		</tbody>
	</table>
</div>
					</div>
				</li>
				<li class='test displayed active  pass' status='pass' bdd='false' test-id='29'>
					<div class='test-heading'>
						<span class='test-name'>tC201_AdminUser_Test24_CreateSSCAdminWithRoleIdRandom</span>
						<span class='test-time'>Jan 31, 2020 05:28:39 PM</span>
						<span class='test-status right pass'>pass</span>
					</div>
					<div class='test-content hide'>
<div class='test-time-info'>
	<span class='label start-time'>Jan 31, 2020 05:28:39 PM</span>
	<span class='label end-time'>Jan 31, 2020 05:29:12 PM</span>
	<span class='label time-taken grey lighten-1 white-text'>0h 0m 32s+943ms</span>
</div>
<div class='test-attributes'>
	<div class='category-list'>
		<span class='category label'>AdminService</span>
	</div>
</div>
<div class='test-steps'>
	<table class='bordered table-results'>
		<thead>
			<tr>
				<th>Status</th>
				<th>Timestamp</th>
				<th>Details</th>
			</tr>
		</thead>
		<tbody>
			<tr class='log' status='debug'>
				<td class='status debug' title='debug' alt='debug'><i class='material-icons'>low_priority</i></td>
				<td class='timestamp'>5:29:07 PM</td>
				<td class='step-details'>
						UserName Used for Genrating the Access token:MDPAdmin@id.zeiss.com
					
				</td>
			</tr>
			<tr class='log' status='debug'>
				<td class='status debug' title='debug' alt='debug'><i class='material-icons'>low_priority</i></td>
				<td class='timestamp'>5:29:07 PM</td>
				<td class='step-details'>
						Creating the user with defualt generated email:zeiss0719+20200131_172907@gmail.com
					
				</td>
			</tr>
			<tr class='log' status='debug'>
				<td class='status debug' title='debug' alt='debug'><i class='material-icons'>low_priority</i></td>
				<td class='timestamp'>5:29:07 PM</td>
				<td class='step-details'>
						The BaseUri is :https://mdptest.api.zeiss.com
					
				</td>
			</tr>
			<tr class='log' status='debug'>
				<td class='status debug' title='debug' alt='debug'><i class='material-icons'>low_priority</i></td>
				<td class='timestamp'>5:29:07 PM</td>
				<td class='step-details'>
						/nThe Values to change In JSON:{"ALTERNATEEMAIL":"","ZEISSIDUSERTYPE":1,"ROLEID":"985b931d-a04f-491c-de88-08d790386410","EMAIL":"zeiss0719+20200131_172907@gmail.com","CLIENTID":"ed8d6270-da8b-4ea0-aaa0-7214f6dd09d5"}
					
				</td>
			</tr>
			<tr class='log' status='debug'>
				<td class='status debug' title='debug' alt='debug'><i class='material-icons'>low_priority</i></td>
				<td class='timestamp'>5:29:07 PM</td>
				<td class='step-details'>
						The Effective end point is :/adminuserservice/api/v2.0/mdpapps/96b144c4-db4d-4cee-e6e9-08d7629609b9/AdminUsers
					
				</td>
			</tr>
			<tr class='log' status='debug'>
				<td class='status debug' title='debug' alt='debug'><i class='material-icons'>low_priority</i></td>
				<td class='timestamp'>5:29:07 PM</td>
				<td class='step-details'>
						Created users with the payload{"firstName":"ZeissUSer","lastName":"Admin","clientId":"ed8d6270-da8b-4ea0-aaa0-7214f6dd09d5","zeissIdUserType":1,"roleId":"985b931d-a04f-491c-de88-08d790386410","contactDetails":[{"country":"string","alternateEmail":"","period":"string","city":"Bangalore","district":"string","postalCode":"string","addressLine1":"Zeiss","addressLine2":"EC","state":"KA","type":"string","alternateNo":"string","contactNo":"string"}],"email":"zeiss0719+20200131_172907@gmail.com"}
					
				</td>
			</tr>
			<tr class='log' status='debug'>
				<td class='status debug' title='debug' alt='debug'><i class='material-icons'>low_priority</i></td>
				<td class='timestamp'>5:29:12 PM</td>
				<td class='step-details'>
						Response Code:400
					
				</td>
			</tr>
			<tr class='log' status='debug'>
				<td class='status debug' title='debug' alt='debug'><i class='material-icons'>low_priority</i></td>
				<td class='timestamp'>5:29:12 PM</td>
				<td class='step-details'>
						Response:{"Error":{"Code":"InvalidOrMissingParameter","Message":"One or more required parameters are invalid or missing.","Target":null,"Details":[{"Code":"InvalidOrMissingParameter","Message":"The AlternateEmail field is not a valid e-mail address.","Target":"ContactDetails[0].AlternateEmail","Details":null,"InnerError":null}],"InnerError":null}}
					
				</td>
			</tr>
			<tr class='log' status='pass'>
				<td class='status pass' title='pass' alt='pass'><i class='material-icons'>check_circle</i></td>
				<td class='timestamp'>5:29:12 PM</td>
				<td class='step-details'>
						Test passed
					
				</td>
			</tr>
		</tbody>
	</table>
</div>
					</div>
				</li>
				<li class='test displayed active  pass' status='pass' bdd='false' test-id='30'>
					<div class='test-heading'>
						<span class='test-name'>tC201_AdminUser_Test25_CreateSSCAdminWithUserTypeRandom</span>
						<span class='test-time'>Jan 31, 2020 05:29:17 PM</span>
						<span class='test-status right pass'>pass</span>
					</div>
					<div class='test-content hide'>
<div class='test-time-info'>
	<span class='label start-time'>Jan 31, 2020 05:29:17 PM</span>
	<span class='label end-time'>Jan 31, 2020 05:29:50 PM</span>
	<span class='label time-taken grey lighten-1 white-text'>0h 0m 33s+193ms</span>
</div>
<div class='test-attributes'>
	<div class='category-list'>
		<span class='category label'>AdminService</span>
	</div>
</div>
<div class='test-steps'>
	<table class='bordered table-results'>
		<thead>
			<tr>
				<th>Status</th>
				<th>Timestamp</th>
				<th>Details</th>
			</tr>
		</thead>
		<tbody>
			<tr class='log' status='debug'>
				<td class='status debug' title='debug' alt='debug'><i class='material-icons'>low_priority</i></td>
				<td class='timestamp'>5:29:44 PM</td>
				<td class='step-details'>
						UserName Used for Genrating the Access token:MDPAdmin@id.zeiss.com
					
				</td>
			</tr>
			<tr class='log' status='debug'>
				<td class='status debug' title='debug' alt='debug'><i class='material-icons'>low_priority</i></td>
				<td class='timestamp'>5:29:44 PM</td>
				<td class='step-details'>
						Creating the user with defualt generated email:zeiss0719+20200131_172944@gmail.com
					
				</td>
			</tr>
			<tr class='log' status='debug'>
				<td class='status debug' title='debug' alt='debug'><i class='material-icons'>low_priority</i></td>
				<td class='timestamp'>5:29:44 PM</td>
				<td class='step-details'>
						The BaseUri is :https://mdptest.api.zeiss.com
					
				</td>
			</tr>
			<tr class='log' status='debug'>
				<td class='status debug' title='debug' alt='debug'><i class='material-icons'>low_priority</i></td>
				<td class='timestamp'>5:29:44 PM</td>
				<td class='step-details'>
						/nThe Values to change In JSON:{"ALTERNATEEMAIL":"","ZEISSIDUSERTYPE":5,"ROLEID":"985b931d-a04f-491c-de88-08d790386491","EMAIL":"zeiss0719+20200131_172944@gmail.com","CLIENTID":"ed8d6270-da8b-4ea0-aaa0-7214f6dd09d5"}
					
				</td>
			</tr>
			<tr class='log' status='debug'>
				<td class='status debug' title='debug' alt='debug'><i class='material-icons'>low_priority</i></td>
				<td class='timestamp'>5:29:44 PM</td>
				<td class='step-details'>
						The Effective end point is :/adminuserservice/api/v2.0/mdpapps/96b144c4-db4d-4cee-e6e9-08d7629609b9/AdminUsers
					
				</td>
			</tr>
			<tr class='log' status='debug'>
				<td class='status debug' title='debug' alt='debug'><i class='material-icons'>low_priority</i></td>
				<td class='timestamp'>5:29:44 PM</td>
				<td class='step-details'>
						Created users with the payload{"firstName":"ZeissUSer","lastName":"Admin","clientId":"ed8d6270-da8b-4ea0-aaa0-7214f6dd09d5","zeissIdUserType":5,"roleId":"985b931d-a04f-491c-de88-08d790386491","contactDetails":[{"country":"string","alternateEmail":"","period":"string","city":"Bangalore","district":"string","postalCode":"string","addressLine1":"Zeiss","addressLine2":"EC","state":"KA","type":"string","alternateNo":"string","contactNo":"string"}],"email":"zeiss0719+20200131_172944@gmail.com"}
					
				</td>
			</tr>
			<tr class='log' status='debug'>
				<td class='status debug' title='debug' alt='debug'><i class='material-icons'>low_priority</i></td>
				<td class='timestamp'>5:29:50 PM</td>
				<td class='step-details'>
						Response Code:400
					
				</td>
			</tr>
			<tr class='log' status='debug'>
				<td class='status debug' title='debug' alt='debug'><i class='material-icons'>low_priority</i></td>
				<td class='timestamp'>5:29:50 PM</td>
				<td class='step-details'>
						Response:{"Error":{"Code":"InvalidOrMissingParameter","Message":"One or more required parameters are invalid or missing.","Target":null,"Details":[{"Code":"InvalidOrMissingParameter","Message":"The field ZeissIdUserType must be between 1 and 3.","Target":"ZeissIdUserType","Details":null,"InnerError":null},{"Code":"InvalidOrMissingParameter","Message":"The AlternateEmail field is not a valid e-mail address.","Target":"ContactDetails[0].AlternateEmail","Details":null,"InnerError":null}],"InnerError":null}}
					
				</td>
			</tr>
			<tr class='log' status='pass'>
				<td class='status pass' title='pass' alt='pass'><i class='material-icons'>check_circle</i></td>
				<td class='timestamp'>5:29:50 PM</td>
				<td class='step-details'>
						Test passed
					
				</td>
			</tr>
		</tbody>
	</table>
</div>
					</div>
				</li>
				<li class='test displayed active  pass' status='pass' bdd='false' test-id='31'>
					<div class='test-heading'>
						<span class='test-name'>tC201_AdminUser_Test26_CreateSSCAdminWithMDPAppIdNull</span>
						<span class='test-time'>Jan 31, 2020 05:29:54 PM</span>
						<span class='test-status right pass'>pass</span>
					</div>
					<div class='test-content hide'>
<div class='test-time-info'>
	<span class='label start-time'>Jan 31, 2020 05:29:54 PM</span>
	<span class='label end-time'>Jan 31, 2020 05:30:28 PM</span>
	<span class='label time-taken grey lighten-1 white-text'>0h 0m 33s+710ms</span>
</div>
<div class='test-attributes'>
	<div class='category-list'>
		<span class='category label'>AdminService</span>
	</div>
</div>
<div class='test-steps'>
	<table class='bordered table-results'>
		<thead>
			<tr>
				<th>Status</th>
				<th>Timestamp</th>
				<th>Details</th>
			</tr>
		</thead>
		<tbody>
			<tr class='log' status='debug'>
				<td class='status debug' title='debug' alt='debug'><i class='material-icons'>low_priority</i></td>
				<td class='timestamp'>5:30:22 PM</td>
				<td class='step-details'>
						UserName Used for Genrating the Access token:MDPAdmin@id.zeiss.com
					
				</td>
			</tr>
			<tr class='log' status='debug'>
				<td class='status debug' title='debug' alt='debug'><i class='material-icons'>low_priority</i></td>
				<td class='timestamp'>5:30:22 PM</td>
				<td class='step-details'>
						Creating the user with defualt generated email:zeiss0719+20200131_173022@gmail.com
					
				</td>
			</tr>
			<tr class='log' status='debug'>
				<td class='status debug' title='debug' alt='debug'><i class='material-icons'>low_priority</i></td>
				<td class='timestamp'>5:30:22 PM</td>
				<td class='step-details'>
						The BaseUri is :https://mdptest.api.zeiss.com
					
				</td>
			</tr>
			<tr class='log' status='debug'>
				<td class='status debug' title='debug' alt='debug'><i class='material-icons'>low_priority</i></td>
				<td class='timestamp'>5:30:22 PM</td>
				<td class='step-details'>
						/nThe Values to change In JSON:{"ALTERNATEEMAIL":"","ZEISSIDUSERTYPE":1,"ROLEID":"985b931d-a04f-491c-de88-08d790386491","EMAIL":"zeiss0719+20200131_173022@gmail.com","CLIENTID":"ed8d6270-da8b-4ea0-aaa0-7214f6dd09d5"}
					
				</td>
			</tr>
			<tr class='log' status='debug'>
				<td class='status debug' title='debug' alt='debug'><i class='material-icons'>low_priority</i></td>
				<td class='timestamp'>5:30:22 PM</td>
				<td class='step-details'>
						The Effective end point is :/adminuserservice/api/v2.0/mdpapps//AdminUsers
					
				</td>
			</tr>
			<tr class='log' status='debug'>
				<td class='status debug' title='debug' alt='debug'><i class='material-icons'>low_priority</i></td>
				<td class='timestamp'>5:30:22 PM</td>
				<td class='step-details'>
						Created users with the payload{"firstName":"ZeissUSer","lastName":"Admin","clientId":"ed8d6270-da8b-4ea0-aaa0-7214f6dd09d5","zeissIdUserType":1,"roleId":"985b931d-a04f-491c-de88-08d790386491","contactDetails":[{"country":"string","alternateEmail":"","period":"string","city":"Bangalore","district":"string","postalCode":"string","addressLine1":"Zeiss","addressLine2":"EC","state":"KA","type":"string","alternateNo":"string","contactNo":"string"}],"email":"zeiss0719+20200131_173022@gmail.com"}
					
				</td>
			</tr>
			<tr class='log' status='debug'>
				<td class='status debug' title='debug' alt='debug'><i class='material-icons'>low_priority</i></td>
				<td class='timestamp'>5:30:28 PM</td>
				<td class='step-details'>
						Response Code:404
					
				</td>
			</tr>
			<tr class='log' status='debug'>
				<td class='status debug' title='debug' alt='debug'><i class='material-icons'>low_priority</i></td>
				<td class='timestamp'>5:30:28 PM</td>
				<td class='step-details'>
						Response:
					
				</td>
			</tr>
			<tr class='log' status='pass'>
				<td class='status pass' title='pass' alt='pass'><i class='material-icons'>check_circle</i></td>
				<td class='timestamp'>5:30:28 PM</td>
				<td class='step-details'>
						Test passed
					
				</td>
			</tr>
		</tbody>
	</table>
</div>
					</div>
				</li>
			</ul>
		</div>
	</div>
	<!-- subview left -->
	<div class='subview-right left'>
		<div class='view-summary'>
			<div id='step-filters' class="right sr-filters">
				<a class="btn-floating waves-effect waves-light green" status="pass" alt="pass" title="pass"><i class="material-icons">check_circle</i></a>
				<a class="btn-floating waves-effect waves-light red" status="fail" alt="fail" title="fail"><i class="material-icons">cancel</i></a>
				<a class="btn-floating waves-effect waves-light red darken-4" status="fatal" alt="fatal" title="fatal"><i class="material-icons">cancel</i></a>
				<a class="btn-floating waves-effect waves-light pink text-lighten-1" status="error" alt="error" title="error"><i class="material-icons">error</i></a>
				<a class="btn-floating waves-effect waves-light orange" alt="warning" status="warning" title="warning"><i class="material-icons">warning</i></a>
				<a class="btn-floating waves-effect waves-light teal" status="skip" alt="skip" title="skip"><i class="material-icons">redo</i></a>
				<a class="btn-floating waves-effect waves-light grey" status="clear" alt="Clear filters" title="Clear filters"><i class="material-icons">clear</i></a>
			</div>
			<h5 class='test-name'></h5>
		</div>
	</div>
	<!-- subview right -->
</div>
<!-- test view --><div id='category-view' class='view hide'>
	<section id='controls'>
		<div class='controls grey lighten-4'>
			<!-- search -->
			<div class='chip transparent' alt='Search Tests' title='Search Tests'>
				<a href="#" class='search-div'>
				<i class='material-icons'>search</i> Search
				</a>
				<div class='input-field left hide'>
					<input id='search-tests' type='text' class='validate browser-default' placeholder='Search Tests...'>
				</div>
			</div>
			<!-- search -->
		</div>
	</section>
	<div class='subview-left left'>
		<div class='view-summary'>
			<ul id='category-collection' class='category-collection'>
				<li class='category displayed active'>
					<div class='category-heading'>
						<span class='category-name'>AdminService</span>
						<span class='category-status right'>
						<span class='label pass'>16</span>
						<span class='label fail'>15</span>
						</span>
					</div>
					<div class='category-content hide'>
						<div class='category-status-counts'>
							<span status="pass" class='label green accent-4 white-text'>Passed: 16</span>
							<span status="fail" class='label red lighten-1 white-text'>Failed: 15</span>
							
						</div>
						<div class='category-tests'>
							<table class='bordered table-results'>
								<thead>
									<tr>
										<th>Timestamp</th>
										<th>TestName</th>
										<th>Status</th>
									</tr>
								</thead>
								<tbody>
									<tr>
										<td>Jan 31, 2020 05:06:34 PM</td>
										<td class='linked' test-id='1'>tC201_AdminUser_Test01_CreateAppAdminSibblingWithUserType1</td>
										<td><span class='test-status fail'>fail</span></td>
									</tr>
									<tr>
										<td>Jan 31, 2020 05:07:29 PM</td>
										<td class='linked' test-id='2'>tC201_AdminUser_Test02_CreateAppAdminSibblingWithUserType2</td>
										<td><span class='test-status fail'>fail</span></td>
									</tr>
									<tr>
										<td>Jan 31, 2020 05:08:09 PM</td>
										<td class='linked' test-id='3'>tC201_AdminUser_Test03_CreateAppAdminSibblingWithUserType3</td>
										<td><span class='test-status pass'>pass</span></td>
									</tr>
									<tr>
										<td>Jan 31, 2020 05:08:56 PM</td>
										<td class='linked' test-id='4'>tC201_AdminUser_Test04_CreateSSCAdminWithUserType1</td>
										<td><span class='test-status pass'>pass</span></td>
									</tr>
									<tr>
										<td>Jan 31, 2020 05:10:56 PM</td>
										<td class='linked' test-id='5'>tC201_AdminUser_Test05_CreateSSCAdminWithUserType2</td>
										<td><span class='test-status fail'>fail</span></td>
									</tr>
									<tr>
										<td>Jan 31, 2020 05:13:27 PM</td>
										<td class='linked' test-id='6'>tC201_AdminUser_Test06_CreateSSCAdminWithUserType3</td>
										<td><span class='test-status fail'>fail</span></td>
									</tr>
									<tr>
										<td>Jan 31, 2020 05:14:13 PM</td>
										<td class='linked' test-id='7'>tC201_AdminUser_Test12_CreateAppAdminWithExistingMDPAdminMail</td>
										<td><span class='test-status fail'>fail</span></td>
									</tr>
									<tr>
										<td>Jan 31, 2020 05:14:49 PM</td>
										<td class='linked' test-id='8'>tC201_AdminUser_Test14_CreateSSCAdminWithExistingMDPAdminMail</td>
										<td><span class='test-status fail'>fail</span></td>
									</tr>
									<tr>
										<td>Jan 31, 2020 05:15:24 PM</td>
										<td class='linked' test-id='9'>tC201_AdminUser_Test15_CreateSSCAdminWithExistingSSCAdminMail</td>
										<td><span class='test-status fail'>fail</span></td>
									</tr>
									<tr>
										<td>Jan 31, 2020 05:16:26 PM</td>
										<td class='linked' test-id='10'>TC201_AdminUser_Test27_CreateSSCAdminWithMDPAppIdInvalid</td>
										<td><span class='test-status fail'>fail</span></td>
									</tr>
									<tr>
										<td>Jan 31, 2020 05:17:04 PM</td>
										<td class='linked' test-id='11'>TC201_AdminUser_Test28_CreateSSCAdminWithInvalidemailId</td>
										<td><span class='test-status pass'>pass</span></td>
									</tr>
									<tr>
										<td>Jan 31, 2020 05:17:43 PM</td>
										<td class='linked' test-id='12'>TC201_AdminUser_Test28_CreateSSCAdminWithInvalidemailId</td>
										<td><span class='test-status pass'>pass</span></td>
									</tr>
									<tr>
										<td>Jan 31, 2020 05:18:22 PM</td>
										<td class='linked' test-id='13'>TC201_AdminUser_Test28_CreateSSCAdminWithInvalidemailId</td>
										<td><span class='test-status pass'>pass</span></td>
									</tr>
									<tr>
										<td>Jan 31, 2020 05:18:55 PM</td>
										<td class='linked' test-id='14'>TC201_AdminUser_Test28_CreateSSCAdminWithInvalidemailId</td>
										<td><span class='test-status pass'>pass</span></td>
									</tr>
									<tr>
										<td>Jan 31, 2020 05:19:34 PM</td>
										<td class='linked' test-id='15'>TC201_AdminUser_Test28_CreateSSCAdminWithInvalidemailId</td>
										<td><span class='test-status pass'>pass</span></td>
									</tr>
									<tr>
										<td>Jan 31, 2020 05:20:12 PM</td>
										<td class='linked' test-id='16'>TC201_AdminUser_Test28_CreateSSCAdminWithoutContactDetails</td>
										<td><span class='test-status fail'>fail</span></td>
									</tr>
									<tr>
										<td>Jan 31, 2020 05:20:55 PM</td>
										<td class='linked' test-id='17'>tC201_AdminUser_Test09_CreateSSCAdminWithSSCAdmin</td>
										<td><span class='test-status fail'>fail</span></td>
									</tr>
									<tr>
										<td>Jan 31, 2020 05:21:45 PM</td>
										<td class='linked' test-id='18'>tC201_AdminUser_Test10_CreateAccountAdminWithSSCAdmin</td>
										<td><span class='test-status fail'>fail</span></td>
									</tr>
									<tr>
										<td>Jan 31, 2020 05:22:18 PM</td>
										<td class='linked' test-id='19'>tC201_AdminUser_Test11_CreateSiteAdminWithSSCAdmin</td>
										<td><span class='test-status fail'>fail</span></td>
									</tr>
									<tr>
										<td>Jan 31, 2020 05:22:50 PM</td>
										<td class='linked' test-id='20'>tC201_AdminUser_Test13_CreateAppAdminWithExistingSSCAdminMail</td>
										<td><span class='test-status fail'>fail</span></td>
									</tr>
									<tr>
										<td>Jan 31, 2020 05:23:29 PM</td>
										<td class='linked' test-id='21'>tC201_AdminUser_Test16_CreateMDPAdminWithEmailAsUniqueAndNoAlternateEmailForUserType2</td>
										<td><span class='test-status pass'>pass</span></td>
									</tr>
									<tr>
										<td>Jan 31, 2020 05:24:06 PM</td>
										<td class='linked' test-id='22'>tC201_AdminUser_Test17_CreateSSCAdminWithEmailAsUniqueAndNoAlternateEmailForUserType2</td>
										<td><span class='test-status pass'>pass</span></td>
									</tr>
									<tr>
										<td>Jan 31, 2020 05:24:47 PM</td>
										<td class='linked' test-id='23'>tC201_AdminUser_Test18_CreateMDPAdminWithEmailAsUniqueAndExistingAlternateEmailForUserType2</td>
										<td><span class='test-status fail'>fail</span></td>
									</tr>
									<tr>
										<td>Jan 31, 2020 05:25:25 PM</td>
										<td class='linked' test-id='24'>tC201_AdminUser_Test19_CreateSSCAdminWithEmailAsUniqueAndExistingAlternateEmailForUserType2</td>
										<td><span class='test-status fail'>fail</span></td>
									</tr>
									<tr>
										<td>Jan 31, 2020 05:26:14 PM</td>
										<td class='linked' test-id='25'>tC201_AdminUser_Test20_CreateSSCAdminWithClientIdNull</td>
										<td><span class='test-status pass'>pass</span></td>
									</tr>
									<tr>
										<td>Jan 31, 2020 05:26:47 PM</td>
										<td class='linked' test-id='26'>tC201_AdminUser_Test21_CreateSSCAdminWithRoleIdNull</td>
										<td><span class='test-status pass'>pass</span></td>
									</tr>
									<tr>
										<td>Jan 31, 2020 05:27:26 PM</td>
										<td class='linked' test-id='27'>tC201_AdminUser_Test22_CreateSSCAdminWithUserTypeNull</td>
										<td><span class='test-status pass'>pass</span></td>
									</tr>
									<tr>
										<td>Jan 31, 2020 05:28:05 PM</td>
										<td class='linked' test-id='28'>tC201_AdminUser_Test23_CreateSSCAdminWithClientIdRandom</td>
										<td><span class='test-status pass'>pass</span></td>
									</tr>
									<tr>
										<td>Jan 31, 2020 05:28:39 PM</td>
										<td class='linked' test-id='29'>tC201_AdminUser_Test24_CreateSSCAdminWithRoleIdRandom</td>
										<td><span class='test-status pass'>pass</span></td>
									</tr>
									<tr>
										<td>Jan 31, 2020 05:29:17 PM</td>
										<td class='linked' test-id='30'>tC201_AdminUser_Test25_CreateSSCAdminWithUserTypeRandom</td>
										<td><span class='test-status pass'>pass</span></td>
									</tr>
									<tr>
										<td>Jan 31, 2020 05:29:54 PM</td>
										<td class='linked' test-id='31'>tC201_AdminUser_Test26_CreateSSCAdminWithMDPAppIdNull</td>
										<td><span class='test-status pass'>pass</span></td>
									</tr>
								</tbody>
							</table>
						</div>
					</div>
				</li>
			</ul>
		</div>
	</div>
	<div class='subview-right left'>
		<div class='view-summary'>
			<h5 class='category-name'></h5>
		</div>
	</div>
</div>
<!-- category view --><div id='exception-view' class='view hide'>
	<section id='controls'>
		<div class='controls grey lighten-4'>
			<!-- search -->
			<div class='chip transparent' alt='Search Tests' title='Search Tests'>
				<a href="#" class='search-div'>
				<i class='material-icons'>search</i> Search
				</a>
				<div class='input-field left hide'>
					<input id='search-tests' type='text' class='validate browser-default' placeholder='Search Tests...'>
				</div>
			</div>
			<!-- search -->
		</div>
	</section>
	<div class='subview-left left'>
		<div class='view-summary'>
			<ul id='exception-collection' class='exception-collection'>
				<li class='exception displayed active'>
					<div class='exception-heading'>
						<span class='exception-name'>java.lang.AssertionError</span>
						<span class='exception-count right'><span class='label red lighten-1 white-text'>14</span></span>
					</div>
					<div class='exception-content hide'>
						<div class='exception-tests'>
							<table class='bordered table-results'>
								<thead>
									<tr>
										<th>Timestamp</th>
										<th>TestName</th>
										<th>Status</th>
									</tr>
								</thead>
								<tbody>
									<tr>
										<td>Jan 31, 2020 05:06:34 PM</td>
										<td class='linked' test-id='1'>tC201_AdminUser_Test01_CreateAppAdminSibblingWithUserType1</td>
										<td>
											<textarea disabled class="code-block">java.lang.AssertionError: expected [201] but found [401]
	at org.testng.Assert.fail(Assert.java:96)
	at org.testng.Assert.failNotEquals(Assert.java:776)
	at org.testng.Assert.assertEqualsImpl(Assert.java:137)
	at org.testng.Assert.assertEquals(Assert.java:118)
	at org.testng.Assert.assertEquals(Assert.java:652)
	at org.testng.Assert.assertEquals(Assert.java:662)
	at com.mdp.api.tests.AdminUserService_AdminUserTests.tC201_AdminUser_Test01_CreateAppAdminSibblingWithUserType1(AdminUserService_AdminUserTests.java:42)
	at sun.reflect.NativeMethodAccessorImpl.invoke0(Native Method)
	at sun.reflect.NativeMethodAccessorImpl.invoke(NativeMethodAccessorImpl.java:62)
	at sun.reflect.DelegatingMethodAccessorImpl.invoke(DelegatingMethodAccessorImpl.java:43)
	at java.lang.reflect.Method.invoke(Method.java:498)
	at org.testng.internal.MethodInvocationHelper.invokeMethod(MethodInvocationHelper.java:124)
	at org.testng.internal.Invoker.invokeMethod(Invoker.java:583)
	at org.testng.internal.Invoker.invokeTestMethod(Invoker.java:719)
	at org.testng.internal.Invoker.invokeTestMethods(Invoker.java:989)
	at org.testng.internal.TestMethodWorker.invokeTestMethods(TestMethodWorker.java:125)
	at org.testng.internal.TestMethodWorker.run(TestMethodWorker.java:109)
	at org.testng.TestRunner.privateRun(TestRunner.java:648)
	at org.testng.TestRunner.run(TestRunner.java:505)
	at org.testng.SuiteRunner.runTest(SuiteRunner.java:455)
	at org.testng.SuiteRunner.runSequentially(SuiteRunner.java:450)
	at org.testng.SuiteRunner.privateRun(SuiteRunner.java:415)
	at org.testng.SuiteRunner.run(SuiteRunner.java:364)
	at org.testng.SuiteRunnerWorker.runSuite(SuiteRunnerWorker.java:52)
	at org.testng.SuiteRunnerWorker.run(SuiteRunnerWorker.java:84)
	at org.testng.TestNG.runSuitesSequentially(TestNG.java:1208)
	at org.testng.TestNG.runSuitesLocally(TestNG.java:1137)
	at org.testng.TestNG.runSuites(TestNG.java:1049)
	at org.testng.TestNG.run(TestNG.java:1017)
	at org.testng.remote.AbstractRemoteTestNG.run(AbstractRemoteTestNG.java:114)
	at org.testng.remote.RemoteTestNG.initAndRun(RemoteTestNG.java:251)
	at org.testng.remote.RemoteTestNG.main(RemoteTestNG.java:77)
</textarea>
										</td>
									</tr>
									<tr>
										<td>Jan 31, 2020 05:07:29 PM</td>
										<td class='linked' test-id='2'>tC201_AdminUser_Test02_CreateAppAdminSibblingWithUserType2</td>
										<td>
											<textarea disabled class="code-block">java.lang.AssertionError: expected [201] but found [401]
	at org.testng.Assert.fail(Assert.java:96)
	at org.testng.Assert.failNotEquals(Assert.java:776)
	at org.testng.Assert.assertEqualsImpl(Assert.java:137)
	at org.testng.Assert.assertEquals(Assert.java:118)
	at org.testng.Assert.assertEquals(Assert.java:652)
	at org.testng.Assert.assertEquals(Assert.java:662)
	at com.mdp.api.tests.AdminUserService_AdminUserTests.tC201_AdminUser_Test02_CreateAppAdminSibblingWithUserType2(AdminUserService_AdminUserTests.java:68)
	at sun.reflect.NativeMethodAccessorImpl.invoke0(Native Method)
	at sun.reflect.NativeMethodAccessorImpl.invoke(NativeMethodAccessorImpl.java:62)
	at sun.reflect.DelegatingMethodAccessorImpl.invoke(DelegatingMethodAccessorImpl.java:43)
	at java.lang.reflect.Method.invoke(Method.java:498)
	at org.testng.internal.MethodInvocationHelper.invokeMethod(MethodInvocationHelper.java:124)
	at org.testng.internal.Invoker.invokeMethod(Invoker.java:583)
	at org.testng.internal.Invoker.invokeTestMethod(Invoker.java:719)
	at org.testng.internal.Invoker.invokeTestMethods(Invoker.java:989)
	at org.testng.internal.TestMethodWorker.invokeTestMethods(TestMethodWorker.java:125)
	at org.testng.internal.TestMethodWorker.run(TestMethodWorker.java:109)
	at org.testng.TestRunner.privateRun(TestRunner.java:648)
	at org.testng.TestRunner.run(TestRunner.java:505)
	at org.testng.SuiteRunner.runTest(SuiteRunner.java:455)
	at org.testng.SuiteRunner.runSequentially(SuiteRunner.java:450)
	at org.testng.SuiteRunner.privateRun(SuiteRunner.java:415)
	at org.testng.SuiteRunner.run(SuiteRunner.java:364)
	at org.testng.SuiteRunnerWorker.runSuite(SuiteRunnerWorker.java:52)
	at org.testng.SuiteRunnerWorker.run(SuiteRunnerWorker.java:84)
	at org.testng.TestNG.runSuitesSequentially(TestNG.java:1208)
	at org.testng.TestNG.runSuitesLocally(TestNG.java:1137)
	at org.testng.TestNG.runSuites(TestNG.java:1049)
	at org.testng.TestNG.run(TestNG.java:1017)
	at org.testng.remote.AbstractRemoteTestNG.run(AbstractRemoteTestNG.java:114)
	at org.testng.remote.RemoteTestNG.initAndRun(RemoteTestNG.java:251)
	at org.testng.remote.RemoteTestNG.main(RemoteTestNG.java:77)
</textarea>
										</td>
									</tr>
									<tr>
										<td>Jan 31, 2020 05:13:27 PM</td>
										<td class='linked' test-id='6'>tC201_AdminUser_Test06_CreateSSCAdminWithUserType3</td>
										<td>
											<textarea disabled class="code-block">java.lang.AssertionError: expected [null] but found [f62b4ca5-491c-400b-895e-9418968389f3]
	at org.testng.Assert.fail(Assert.java:96)
	at org.testng.Assert.failNotEquals(Assert.java:776)
	at org.testng.Assert.assertEqualsImpl(Assert.java:132)
	at org.testng.Assert.assertEquals(Assert.java:118)
	at org.testng.Assert.assertEquals(Assert.java:453)
	at org.testng.Assert.assertEquals(Assert.java:463)
	at com.mdp.api.tests.AdminUserService_AdminUserTests.tC201_AdminUser_Test06_CreateSSCAdminWithUserType3(AdminUserService_AdminUserTests.java:152)
	at sun.reflect.NativeMethodAccessorImpl.invoke0(Native Method)
	at sun.reflect.NativeMethodAccessorImpl.invoke(NativeMethodAccessorImpl.java:62)
	at sun.reflect.DelegatingMethodAccessorImpl.invoke(DelegatingMethodAccessorImpl.java:43)
	at java.lang.reflect.Method.invoke(Method.java:498)
	at org.testng.internal.MethodInvocationHelper.invokeMethod(MethodInvocationHelper.java:124)
	at org.testng.internal.Invoker.invokeMethod(Invoker.java:583)
	at org.testng.internal.Invoker.invokeTestMethod(Invoker.java:719)
	at org.testng.internal.Invoker.invokeTestMethods(Invoker.java:989)
	at org.testng.internal.TestMethodWorker.invokeTestMethods(TestMethodWorker.java:125)
	at org.testng.internal.TestMethodWorker.run(TestMethodWorker.java:109)
	at org.testng.TestRunner.privateRun(TestRunner.java:648)
	at org.testng.TestRunner.run(TestRunner.java:505)
	at org.testng.SuiteRunner.runTest(SuiteRunner.java:455)
	at org.testng.SuiteRunner.runSequentially(SuiteRunner.java:450)
	at org.testng.SuiteRunner.privateRun(SuiteRunner.java:415)
	at org.testng.SuiteRunner.run(SuiteRunner.java:364)
	at org.testng.SuiteRunnerWorker.runSuite(SuiteRunnerWorker.java:52)
	at org.testng.SuiteRunnerWorker.run(SuiteRunnerWorker.java:84)
	at org.testng.TestNG.runSuitesSequentially(TestNG.java:1208)
	at org.testng.TestNG.runSuitesLocally(TestNG.java:1137)
	at org.testng.TestNG.runSuites(TestNG.java:1049)
	at org.testng.TestNG.run(TestNG.java:1017)
	at org.testng.remote.AbstractRemoteTestNG.run(AbstractRemoteTestNG.java:114)
	at org.testng.remote.RemoteTestNG.initAndRun(RemoteTestNG.java:251)
	at org.testng.remote.RemoteTestNG.main(RemoteTestNG.java:77)
</textarea>
										</td>
									</tr>
									<tr>
										<td>Jan 31, 2020 05:14:13 PM</td>
										<td class='linked' test-id='7'>tC201_AdminUser_Test12_CreateAppAdminWithExistingMDPAdminMail</td>
										<td>
											<textarea disabled class="code-block">java.lang.AssertionError: expected [400] but found [401]
	at org.testng.Assert.fail(Assert.java:96)
	at org.testng.Assert.failNotEquals(Assert.java:776)
	at org.testng.Assert.assertEqualsImpl(Assert.java:137)
	at org.testng.Assert.assertEquals(Assert.java:118)
	at org.testng.Assert.assertEquals(Assert.java:652)
	at org.testng.Assert.assertEquals(Assert.java:662)
	at com.mdp.api.tests.AdminUserService_AdminUserTests.tC201_AdminUser_Test12_CreateAppAdminWithExistingMDPAdminMail(AdminUserService_AdminUserTests.java:264)
	at sun.reflect.NativeMethodAccessorImpl.invoke0(Native Method)
	at sun.reflect.NativeMethodAccessorImpl.invoke(NativeMethodAccessorImpl.java:62)
	at sun.reflect.DelegatingMethodAccessorImpl.invoke(DelegatingMethodAccessorImpl.java:43)
	at java.lang.reflect.Method.invoke(Method.java:498)
	at org.testng.internal.MethodInvocationHelper.invokeMethod(MethodInvocationHelper.java:124)
	at org.testng.internal.Invoker.invokeMethod(Invoker.java:583)
	at org.testng.internal.Invoker.invokeTestMethod(Invoker.java:719)
	at org.testng.internal.Invoker.invokeTestMethods(Invoker.java:989)
	at org.testng.internal.TestMethodWorker.invokeTestMethods(TestMethodWorker.java:125)
	at org.testng.internal.TestMethodWorker.run(TestMethodWorker.java:109)
	at org.testng.TestRunner.privateRun(TestRunner.java:648)
	at org.testng.TestRunner.run(TestRunner.java:505)
	at org.testng.SuiteRunner.runTest(SuiteRunner.java:455)
	at org.testng.SuiteRunner.runSequentially(SuiteRunner.java:450)
	at org.testng.SuiteRunner.privateRun(SuiteRunner.java:415)
	at org.testng.SuiteRunner.run(SuiteRunner.java:364)
	at org.testng.SuiteRunnerWorker.runSuite(SuiteRunnerWorker.java:52)
	at org.testng.SuiteRunnerWorker.run(SuiteRunnerWorker.java:84)
	at org.testng.TestNG.runSuitesSequentially(TestNG.java:1208)
	at org.testng.TestNG.runSuitesLocally(TestNG.java:1137)
	at org.testng.TestNG.runSuites(TestNG.java:1049)
	at org.testng.TestNG.run(TestNG.java:1017)
	at org.testng.remote.AbstractRemoteTestNG.run(AbstractRemoteTestNG.java:114)
	at org.testng.remote.RemoteTestNG.initAndRun(RemoteTestNG.java:251)
	at org.testng.remote.RemoteTestNG.main(RemoteTestNG.java:77)
</textarea>
										</td>
									</tr>
									<tr>
										<td>Jan 31, 2020 05:14:49 PM</td>
										<td class='linked' test-id='8'>tC201_AdminUser_Test14_CreateSSCAdminWithExistingMDPAdminMail</td>
										<td>
											<textarea disabled class="code-block">java.lang.AssertionError: expected [400] but found [201]
	at org.testng.Assert.fail(Assert.java:96)
	at org.testng.Assert.failNotEquals(Assert.java:776)
	at org.testng.Assert.assertEqualsImpl(Assert.java:137)
	at org.testng.Assert.assertEquals(Assert.java:118)
	at org.testng.Assert.assertEquals(Assert.java:652)
	at org.testng.Assert.assertEquals(Assert.java:662)
	at com.mdp.api.tests.AdminUserService_AdminUserTests.tC201_AdminUser_Test14_CreateSSCAdminWithExistingMDPAdminMail(AdminUserService_AdminUserTests.java:308)
	at sun.reflect.NativeMethodAccessorImpl.invoke0(Native Method)
	at sun.reflect.NativeMethodAccessorImpl.invoke(NativeMethodAccessorImpl.java:62)
	at sun.reflect.DelegatingMethodAccessorImpl.invoke(DelegatingMethodAccessorImpl.java:43)
	at java.lang.reflect.Method.invoke(Method.java:498)
	at org.testng.internal.MethodInvocationHelper.invokeMethod(MethodInvocationHelper.java:124)
	at org.testng.internal.Invoker.invokeMethod(Invoker.java:583)
	at org.testng.internal.Invoker.invokeTestMethod(Invoker.java:719)
	at org.testng.internal.Invoker.invokeTestMethods(Invoker.java:989)
	at org.testng.internal.TestMethodWorker.invokeTestMethods(TestMethodWorker.java:125)
	at org.testng.internal.TestMethodWorker.run(TestMethodWorker.java:109)
	at org.testng.TestRunner.privateRun(TestRunner.java:648)
	at org.testng.TestRunner.run(TestRunner.java:505)
	at org.testng.SuiteRunner.runTest(SuiteRunner.java:455)
	at org.testng.SuiteRunner.runSequentially(SuiteRunner.java:450)
	at org.testng.SuiteRunner.privateRun(SuiteRunner.java:415)
	at org.testng.SuiteRunner.run(SuiteRunner.java:364)
	at org.testng.SuiteRunnerWorker.runSuite(SuiteRunnerWorker.java:52)
	at org.testng.SuiteRunnerWorker.run(SuiteRunnerWorker.java:84)
	at org.testng.TestNG.runSuitesSequentially(TestNG.java:1208)
	at org.testng.TestNG.runSuitesLocally(TestNG.java:1137)
	at org.testng.TestNG.runSuites(TestNG.java:1049)
	at org.testng.TestNG.run(TestNG.java:1017)
	at org.testng.remote.AbstractRemoteTestNG.run(AbstractRemoteTestNG.java:114)
	at org.testng.remote.RemoteTestNG.initAndRun(RemoteTestNG.java:251)
	at org.testng.remote.RemoteTestNG.main(RemoteTestNG.java:77)
</textarea>
										</td>
									</tr>
									<tr>
										<td>Jan 31, 2020 05:15:24 PM</td>
										<td class='linked' test-id='9'>tC201_AdminUser_Test15_CreateSSCAdminWithExistingSSCAdminMail</td>
										<td>
											<textarea disabled class="code-block">java.lang.AssertionError: expected [400] but found [201]
	at org.testng.Assert.fail(Assert.java:96)
	at org.testng.Assert.failNotEquals(Assert.java:776)
	at org.testng.Assert.assertEqualsImpl(Assert.java:137)
	at org.testng.Assert.assertEquals(Assert.java:118)
	at org.testng.Assert.assertEquals(Assert.java:652)
	at org.testng.Assert.assertEquals(Assert.java:662)
	at com.mdp.api.tests.AdminUserService_AdminUserTests.tC201_AdminUser_Test15_CreateSSCAdminWithExistingSSCAdminMail(AdminUserService_AdminUserTests.java:332)
	at sun.reflect.NativeMethodAccessorImpl.invoke0(Native Method)
	at sun.reflect.NativeMethodAccessorImpl.invoke(NativeMethodAccessorImpl.java:62)
	at sun.reflect.DelegatingMethodAccessorImpl.invoke(DelegatingMethodAccessorImpl.java:43)
	at java.lang.reflect.Method.invoke(Method.java:498)
	at org.testng.internal.MethodInvocationHelper.invokeMethod(MethodInvocationHelper.java:124)
	at org.testng.internal.Invoker.invokeMethod(Invoker.java:583)
	at org.testng.internal.Invoker.invokeTestMethod(Invoker.java:719)
	at org.testng.internal.Invoker.invokeTestMethods(Invoker.java:989)
	at org.testng.internal.TestMethodWorker.invokeTestMethods(TestMethodWorker.java:125)
	at org.testng.internal.TestMethodWorker.run(TestMethodWorker.java:109)
	at org.testng.TestRunner.privateRun(TestRunner.java:648)
	at org.testng.TestRunner.run(TestRunner.java:505)
	at org.testng.SuiteRunner.runTest(SuiteRunner.java:455)
	at org.testng.SuiteRunner.runSequentially(SuiteRunner.java:450)
	at org.testng.SuiteRunner.privateRun(SuiteRunner.java:415)
	at org.testng.SuiteRunner.run(SuiteRunner.java:364)
	at org.testng.SuiteRunnerWorker.runSuite(SuiteRunnerWorker.java:52)
	at org.testng.SuiteRunnerWorker.run(SuiteRunnerWorker.java:84)
	at org.testng.TestNG.runSuitesSequentially(TestNG.java:1208)
	at org.testng.TestNG.runSuitesLocally(TestNG.java:1137)
	at org.testng.TestNG.runSuites(TestNG.java:1049)
	at org.testng.TestNG.run(TestNG.java:1017)
	at org.testng.remote.AbstractRemoteTestNG.run(AbstractRemoteTestNG.java:114)
	at org.testng.remote.RemoteTestNG.initAndRun(RemoteTestNG.java:251)
	at org.testng.remote.RemoteTestNG.main(RemoteTestNG.java:77)
</textarea>
										</td>
									</tr>
									<tr>
										<td>Jan 31, 2020 05:16:26 PM</td>
										<td class='linked' test-id='10'>TC201_AdminUser_Test27_CreateSSCAdminWithMDPAppIdInvalid</td>
										<td>
											<textarea disabled class="code-block">java.lang.AssertionError: expected [404] but found [400]
	at org.testng.Assert.fail(Assert.java:96)
	at org.testng.Assert.failNotEquals(Assert.java:776)
	at org.testng.Assert.assertEqualsImpl(Assert.java:137)
	at org.testng.Assert.assertEquals(Assert.java:118)
	at org.testng.Assert.assertEquals(Assert.java:652)
	at org.testng.Assert.assertEquals(Assert.java:662)
	at com.mdp.api.tests.AdminUserService_AdminUserTests.TC201_AdminUser_Test27_CreateSSCAdminWithMDPAppIdInvalid(AdminUserService_AdminUserTests.java:561)
	at sun.reflect.NativeMethodAccessorImpl.invoke0(Native Method)
	at sun.reflect.NativeMethodAccessorImpl.invoke(NativeMethodAccessorImpl.java:62)
	at sun.reflect.DelegatingMethodAccessorImpl.invoke(DelegatingMethodAccessorImpl.java:43)
	at java.lang.reflect.Method.invoke(Method.java:498)
	at org.testng.internal.MethodInvocationHelper.invokeMethod(MethodInvocationHelper.java:124)
	at org.testng.internal.Invoker.invokeMethod(Invoker.java:583)
	at org.testng.internal.Invoker.invokeTestMethod(Invoker.java:719)
	at org.testng.internal.Invoker.invokeTestMethods(Invoker.java:989)
	at org.testng.internal.TestMethodWorker.invokeTestMethods(TestMethodWorker.java:125)
	at org.testng.internal.TestMethodWorker.run(TestMethodWorker.java:109)
	at org.testng.TestRunner.privateRun(TestRunner.java:648)
	at org.testng.TestRunner.run(TestRunner.java:505)
	at org.testng.SuiteRunner.runTest(SuiteRunner.java:455)
	at org.testng.SuiteRunner.runSequentially(SuiteRunner.java:450)
	at org.testng.SuiteRunner.privateRun(SuiteRunner.java:415)
	at org.testng.SuiteRunner.run(SuiteRunner.java:364)
	at org.testng.SuiteRunnerWorker.runSuite(SuiteRunnerWorker.java:52)
	at org.testng.SuiteRunnerWorker.run(SuiteRunnerWorker.java:84)
	at org.testng.TestNG.runSuitesSequentially(TestNG.java:1208)
	at org.testng.TestNG.runSuitesLocally(TestNG.java:1137)
	at org.testng.TestNG.runSuites(TestNG.java:1049)
	at org.testng.TestNG.run(TestNG.java:1017)
	at org.testng.remote.AbstractRemoteTestNG.run(AbstractRemoteTestNG.java:114)
	at org.testng.remote.RemoteTestNG.initAndRun(RemoteTestNG.java:251)
	at org.testng.remote.RemoteTestNG.main(RemoteTestNG.java:77)
</textarea>
										</td>
									</tr>
									<tr>
										<td>Jan 31, 2020 05:20:12 PM</td>
										<td class='linked' test-id='16'>TC201_AdminUser_Test28_CreateSSCAdminWithoutContactDetails</td>
										<td>
											<textarea disabled class="code-block">java.lang.AssertionError: expected [404] but found [400]
	at org.testng.Assert.fail(Assert.java:96)
	at org.testng.Assert.failNotEquals(Assert.java:776)
	at org.testng.Assert.assertEqualsImpl(Assert.java:137)
	at org.testng.Assert.assertEquals(Assert.java:118)
	at org.testng.Assert.assertEquals(Assert.java:652)
	at org.testng.Assert.assertEquals(Assert.java:662)
	at com.mdp.api.tests.AdminUserService_AdminUserTests.TC201_AdminUser_Test28_CreateSSCAdminWithoutContactDetails(AdminUserService_AdminUserTests.java:599)
	at sun.reflect.NativeMethodAccessorImpl.invoke0(Native Method)
	at sun.reflect.NativeMethodAccessorImpl.invoke(NativeMethodAccessorImpl.java:62)
	at sun.reflect.DelegatingMethodAccessorImpl.invoke(DelegatingMethodAccessorImpl.java:43)
	at java.lang.reflect.Method.invoke(Method.java:498)
	at org.testng.internal.MethodInvocationHelper.invokeMethod(MethodInvocationHelper.java:124)
	at org.testng.internal.Invoker.invokeMethod(Invoker.java:583)
	at org.testng.internal.Invoker.invokeTestMethod(Invoker.java:719)
	at org.testng.internal.Invoker.invokeTestMethods(Invoker.java:989)
	at org.testng.internal.TestMethodWorker.invokeTestMethods(TestMethodWorker.java:125)
	at org.testng.internal.TestMethodWorker.run(TestMethodWorker.java:109)
	at org.testng.TestRunner.privateRun(TestRunner.java:648)
	at org.testng.TestRunner.run(TestRunner.java:505)
	at org.testng.SuiteRunner.runTest(SuiteRunner.java:455)
	at org.testng.SuiteRunner.runSequentially(SuiteRunner.java:450)
	at org.testng.SuiteRunner.privateRun(SuiteRunner.java:415)
	at org.testng.SuiteRunner.run(SuiteRunner.java:364)
	at org.testng.SuiteRunnerWorker.runSuite(SuiteRunnerWorker.java:52)
	at org.testng.SuiteRunnerWorker.run(SuiteRunnerWorker.java:84)
	at org.testng.TestNG.runSuitesSequentially(TestNG.java:1208)
	at org.testng.TestNG.runSuitesLocally(TestNG.java:1137)
	at org.testng.TestNG.runSuites(TestNG.java:1049)
	at org.testng.TestNG.run(TestNG.java:1017)
	at org.testng.remote.AbstractRemoteTestNG.run(AbstractRemoteTestNG.java:114)
	at org.testng.remote.RemoteTestNG.initAndRun(RemoteTestNG.java:251)
	at org.testng.remote.RemoteTestNG.main(RemoteTestNG.java:77)
</textarea>
										</td>
									</tr>
									<tr>
										<td>Jan 31, 2020 05:20:55 PM</td>
										<td class='linked' test-id='17'>tC201_AdminUser_Test09_CreateSSCAdminWithSSCAdmin</td>
										<td>
											<textarea disabled class="code-block">java.lang.AssertionError: expected [401] but found [500]
	at org.testng.Assert.fail(Assert.java:96)
	at org.testng.Assert.failNotEquals(Assert.java:776)
	at org.testng.Assert.assertEqualsImpl(Assert.java:137)
	at org.testng.Assert.assertEquals(Assert.java:118)
	at org.testng.Assert.assertEquals(Assert.java:652)
	at org.testng.Assert.assertEquals(Assert.java:662)
	at com.mdp.api.tests.AdminUserService_AdminUserTests.tC201_AdminUser_Test09_CreateSSCAdminWithSSCAdmin(AdminUserService_AdminUserTests.java:207)
	at sun.reflect.NativeMethodAccessorImpl.invoke0(Native Method)
	at sun.reflect.NativeMethodAccessorImpl.invoke(NativeMethodAccessorImpl.java:62)
	at sun.reflect.DelegatingMethodAccessorImpl.invoke(DelegatingMethodAccessorImpl.java:43)
	at java.lang.reflect.Method.invoke(Method.java:498)
	at org.testng.internal.MethodInvocationHelper.invokeMethod(MethodInvocationHelper.java:124)
	at org.testng.internal.Invoker.invokeMethod(Invoker.java:583)
	at org.testng.internal.Invoker.invokeTestMethod(Invoker.java:719)
	at org.testng.internal.Invoker.invokeTestMethods(Invoker.java:989)
	at org.testng.internal.TestMethodWorker.invokeTestMethods(TestMethodWorker.java:125)
	at org.testng.internal.TestMethodWorker.run(TestMethodWorker.java:109)
	at org.testng.TestRunner.privateRun(TestRunner.java:648)
	at org.testng.TestRunner.run(TestRunner.java:505)
	at org.testng.SuiteRunner.runTest(SuiteRunner.java:455)
	at org.testng.SuiteRunner.runSequentially(SuiteRunner.java:450)
	at org.testng.SuiteRunner.privateRun(SuiteRunner.java:415)
	at org.testng.SuiteRunner.run(SuiteRunner.java:364)
	at org.testng.SuiteRunnerWorker.runSuite(SuiteRunnerWorker.java:52)
	at org.testng.SuiteRunnerWorker.run(SuiteRunnerWorker.java:84)
	at org.testng.TestNG.runSuitesSequentially(TestNG.java:1208)
	at org.testng.TestNG.runSuitesLocally(TestNG.java:1137)
	at org.testng.TestNG.runSuites(TestNG.java:1049)
	at org.testng.TestNG.run(TestNG.java:1017)
	at org.testng.remote.AbstractRemoteTestNG.run(AbstractRemoteTestNG.java:114)
	at org.testng.remote.RemoteTestNG.initAndRun(RemoteTestNG.java:251)
	at org.testng.remote.RemoteTestNG.main(RemoteTestNG.java:77)
</textarea>
										</td>
									</tr>
									<tr>
										<td>Jan 31, 2020 05:21:45 PM</td>
										<td class='linked' test-id='18'>tC201_AdminUser_Test10_CreateAccountAdminWithSSCAdmin</td>
										<td>
											<textarea disabled class="code-block">java.lang.AssertionError: expected [401] but found [500]
	at org.testng.Assert.fail(Assert.java:96)
	at org.testng.Assert.failNotEquals(Assert.java:776)
	at org.testng.Assert.assertEqualsImpl(Assert.java:137)
	at org.testng.Assert.assertEquals(Assert.java:118)
	at org.testng.Assert.assertEquals(Assert.java:652)
	at org.testng.Assert.assertEquals(Assert.java:662)
	at com.mdp.api.tests.AdminUserService_AdminUserTests.tC201_AdminUser_Test10_CreateAccountAdminWithSSCAdmin(AdminUserService_AdminUserTests.java:225)
	at sun.reflect.NativeMethodAccessorImpl.invoke0(Native Method)
	at sun.reflect.NativeMethodAccessorImpl.invoke(NativeMethodAccessorImpl.java:62)
	at sun.reflect.DelegatingMethodAccessorImpl.invoke(DelegatingMethodAccessorImpl.java:43)
	at java.lang.reflect.Method.invoke(Method.java:498)
	at org.testng.internal.MethodInvocationHelper.invokeMethod(MethodInvocationHelper.java:124)
	at org.testng.internal.Invoker.invokeMethod(Invoker.java:583)
	at org.testng.internal.Invoker.invokeTestMethod(Invoker.java:719)
	at org.testng.internal.Invoker.invokeTestMethods(Invoker.java:989)
	at org.testng.internal.TestMethodWorker.invokeTestMethods(TestMethodWorker.java:125)
	at org.testng.internal.TestMethodWorker.run(TestMethodWorker.java:109)
	at org.testng.TestRunner.privateRun(TestRunner.java:648)
	at org.testng.TestRunner.run(TestRunner.java:505)
	at org.testng.SuiteRunner.runTest(SuiteRunner.java:455)
	at org.testng.SuiteRunner.runSequentially(SuiteRunner.java:450)
	at org.testng.SuiteRunner.privateRun(SuiteRunner.java:415)
	at org.testng.SuiteRunner.run(SuiteRunner.java:364)
	at org.testng.SuiteRunnerWorker.runSuite(SuiteRunnerWorker.java:52)
	at org.testng.SuiteRunnerWorker.run(SuiteRunnerWorker.java:84)
	at org.testng.TestNG.runSuitesSequentially(TestNG.java:1208)
	at org.testng.TestNG.runSuitesLocally(TestNG.java:1137)
	at org.testng.TestNG.runSuites(TestNG.java:1049)
	at org.testng.TestNG.run(TestNG.java:1017)
	at org.testng.remote.AbstractRemoteTestNG.run(AbstractRemoteTestNG.java:114)
	at org.testng.remote.RemoteTestNG.initAndRun(RemoteTestNG.java:251)
	at org.testng.remote.RemoteTestNG.main(RemoteTestNG.java:77)
</textarea>
										</td>
									</tr>
									<tr>
										<td>Jan 31, 2020 05:22:18 PM</td>
										<td class='linked' test-id='19'>tC201_AdminUser_Test11_CreateSiteAdminWithSSCAdmin</td>
										<td>
											<textarea disabled class="code-block">java.lang.AssertionError: expected [401] but found [500]
	at org.testng.Assert.fail(Assert.java:96)
	at org.testng.Assert.failNotEquals(Assert.java:776)
	at org.testng.Assert.assertEqualsImpl(Assert.java:137)
	at org.testng.Assert.assertEquals(Assert.java:118)
	at org.testng.Assert.assertEquals(Assert.java:652)
	at org.testng.Assert.assertEquals(Assert.java:662)
	at com.mdp.api.tests.AdminUserService_AdminUserTests.tC201_AdminUser_Test11_CreateSiteAdminWithSSCAdmin(AdminUserService_AdminUserTests.java:243)
	at sun.reflect.NativeMethodAccessorImpl.invoke0(Native Method)
	at sun.reflect.NativeMethodAccessorImpl.invoke(NativeMethodAccessorImpl.java:62)
	at sun.reflect.DelegatingMethodAccessorImpl.invoke(DelegatingMethodAccessorImpl.java:43)
	at java.lang.reflect.Method.invoke(Method.java:498)
	at org.testng.internal.MethodInvocationHelper.invokeMethod(MethodInvocationHelper.java:124)
	at org.testng.internal.Invoker.invokeMethod(Invoker.java:583)
	at org.testng.internal.Invoker.invokeTestMethod(Invoker.java:719)
	at org.testng.internal.Invoker.invokeTestMethods(Invoker.java:989)
	at org.testng.internal.TestMethodWorker.invokeTestMethods(TestMethodWorker.java:125)
	at org.testng.internal.TestMethodWorker.run(TestMethodWorker.java:109)
	at org.testng.TestRunner.privateRun(TestRunner.java:648)
	at org.testng.TestRunner.run(TestRunner.java:505)
	at org.testng.SuiteRunner.runTest(SuiteRunner.java:455)
	at org.testng.SuiteRunner.runSequentially(SuiteRunner.java:450)
	at org.testng.SuiteRunner.privateRun(SuiteRunner.java:415)
	at org.testng.SuiteRunner.run(SuiteRunner.java:364)
	at org.testng.SuiteRunnerWorker.runSuite(SuiteRunnerWorker.java:52)
	at org.testng.SuiteRunnerWorker.run(SuiteRunnerWorker.java:84)
	at org.testng.TestNG.runSuitesSequentially(TestNG.java:1208)
	at org.testng.TestNG.runSuitesLocally(TestNG.java:1137)
	at org.testng.TestNG.runSuites(TestNG.java:1049)
	at org.testng.TestNG.run(TestNG.java:1017)
	at org.testng.remote.AbstractRemoteTestNG.run(AbstractRemoteTestNG.java:114)
	at org.testng.remote.RemoteTestNG.initAndRun(RemoteTestNG.java:251)
	at org.testng.remote.RemoteTestNG.main(RemoteTestNG.java:77)
</textarea>
										</td>
									</tr>
									<tr>
										<td>Jan 31, 2020 05:22:50 PM</td>
										<td class='linked' test-id='20'>tC201_AdminUser_Test13_CreateAppAdminWithExistingSSCAdminMail</td>
										<td>
											<textarea disabled class="code-block">java.lang.AssertionError: expected [400] but found [401]
	at org.testng.Assert.fail(Assert.java:96)
	at org.testng.Assert.failNotEquals(Assert.java:776)
	at org.testng.Assert.assertEqualsImpl(Assert.java:137)
	at org.testng.Assert.assertEquals(Assert.java:118)
	at org.testng.Assert.assertEquals(Assert.java:652)
	at org.testng.Assert.assertEquals(Assert.java:662)
	at com.mdp.api.tests.AdminUserService_AdminUserTests.tC201_AdminUser_Test13_CreateAppAdminWithExistingSSCAdminMail(AdminUserService_AdminUserTests.java:284)
	at sun.reflect.NativeMethodAccessorImpl.invoke0(Native Method)
	at sun.reflect.NativeMethodAccessorImpl.invoke(NativeMethodAccessorImpl.java:62)
	at sun.reflect.DelegatingMethodAccessorImpl.invoke(DelegatingMethodAccessorImpl.java:43)
	at java.lang.reflect.Method.invoke(Method.java:498)
	at org.testng.internal.MethodInvocationHelper.invokeMethod(MethodInvocationHelper.java:124)
	at org.testng.internal.Invoker.invokeMethod(Invoker.java:583)
	at org.testng.internal.Invoker.invokeTestMethod(Invoker.java:719)
	at org.testng.internal.Invoker.invokeTestMethods(Invoker.java:989)
	at org.testng.internal.TestMethodWorker.invokeTestMethods(TestMethodWorker.java:125)
	at org.testng.internal.TestMethodWorker.run(TestMethodWorker.java:109)
	at org.testng.TestRunner.privateRun(TestRunner.java:648)
	at org.testng.TestRunner.run(TestRunner.java:505)
	at org.testng.SuiteRunner.runTest(SuiteRunner.java:455)
	at org.testng.SuiteRunner.runSequentially(SuiteRunner.java:450)
	at org.testng.SuiteRunner.privateRun(SuiteRunner.java:415)
	at org.testng.SuiteRunner.run(SuiteRunner.java:364)
	at org.testng.SuiteRunnerWorker.runSuite(SuiteRunnerWorker.java:52)
	at org.testng.SuiteRunnerWorker.run(SuiteRunnerWorker.java:84)
	at org.testng.TestNG.runSuitesSequentially(TestNG.java:1208)
	at org.testng.TestNG.runSuitesLocally(TestNG.java:1137)
	at org.testng.TestNG.runSuites(TestNG.java:1049)
	at org.testng.TestNG.run(TestNG.java:1017)
	at org.testng.remote.AbstractRemoteTestNG.run(AbstractRemoteTestNG.java:114)
	at org.testng.remote.RemoteTestNG.initAndRun(RemoteTestNG.java:251)
	at org.testng.remote.RemoteTestNG.main(RemoteTestNG.java:77)
</textarea>
										</td>
									</tr>
									<tr>
										<td>Jan 31, 2020 05:24:47 PM</td>
										<td class='linked' test-id='23'>tC201_AdminUser_Test18_CreateMDPAdminWithEmailAsUniqueAndExistingAlternateEmailForUserType2</td>
										<td>
											<textarea disabled class="code-block">java.lang.AssertionError: expected [409] but found [401]
	at org.testng.Assert.fail(Assert.java:96)
	at org.testng.Assert.failNotEquals(Assert.java:776)
	at org.testng.Assert.assertEqualsImpl(Assert.java:137)
	at org.testng.Assert.assertEquals(Assert.java:118)
	at org.testng.Assert.assertEquals(Assert.java:652)
	at org.testng.Assert.assertEquals(Assert.java:662)
	at com.mdp.api.tests.AdminUserService_AdminUserTests.tC201_AdminUser_Test18_CreateMDPAdminWithEmailAsUniqueAndExistingAlternateEmailForUserType2(AdminUserService_AdminUserTests.java:390)
	at sun.reflect.NativeMethodAccessorImpl.invoke0(Native Method)
	at sun.reflect.NativeMethodAccessorImpl.invoke(NativeMethodAccessorImpl.java:62)
	at sun.reflect.DelegatingMethodAccessorImpl.invoke(DelegatingMethodAccessorImpl.java:43)
	at java.lang.reflect.Method.invoke(Method.java:498)
	at org.testng.internal.MethodInvocationHelper.invokeMethod(MethodInvocationHelper.java:124)
	at org.testng.internal.Invoker.invokeMethod(Invoker.java:583)
	at org.testng.internal.Invoker.invokeTestMethod(Invoker.java:719)
	at org.testng.internal.Invoker.invokeTestMethods(Invoker.java:989)
	at org.testng.internal.TestMethodWorker.invokeTestMethods(TestMethodWorker.java:125)
	at org.testng.internal.TestMethodWorker.run(TestMethodWorker.java:109)
	at org.testng.TestRunner.privateRun(TestRunner.java:648)
	at org.testng.TestRunner.run(TestRunner.java:505)
	at org.testng.SuiteRunner.runTest(SuiteRunner.java:455)
	at org.testng.SuiteRunner.runSequentially(SuiteRunner.java:450)
	at org.testng.SuiteRunner.privateRun(SuiteRunner.java:415)
	at org.testng.SuiteRunner.run(SuiteRunner.java:364)
	at org.testng.SuiteRunnerWorker.runSuite(SuiteRunnerWorker.java:52)
	at org.testng.SuiteRunnerWorker.run(SuiteRunnerWorker.java:84)
	at org.testng.TestNG.runSuitesSequentially(TestNG.java:1208)
	at org.testng.TestNG.runSuitesLocally(TestNG.java:1137)
	at org.testng.TestNG.runSuites(TestNG.java:1049)
	at org.testng.TestNG.run(TestNG.java:1017)
	at org.testng.remote.AbstractRemoteTestNG.run(AbstractRemoteTestNG.java:114)
	at org.testng.remote.RemoteTestNG.initAndRun(RemoteTestNG.java:251)
	at org.testng.remote.RemoteTestNG.main(RemoteTestNG.java:77)
</textarea>
										</td>
									</tr>
									<tr>
										<td>Jan 31, 2020 05:25:25 PM</td>
										<td class='linked' test-id='24'>tC201_AdminUser_Test19_CreateSSCAdminWithEmailAsUniqueAndExistingAlternateEmailForUserType2</td>
										<td>
											<textarea disabled class="code-block">java.lang.AssertionError: expected [409] but found [400]
	at org.testng.Assert.fail(Assert.java:96)
	at org.testng.Assert.failNotEquals(Assert.java:776)
	at org.testng.Assert.assertEqualsImpl(Assert.java:137)
	at org.testng.Assert.assertEquals(Assert.java:118)
	at org.testng.Assert.assertEquals(Assert.java:652)
	at org.testng.Assert.assertEquals(Assert.java:662)
	at com.mdp.api.tests.AdminUserService_AdminUserTests.tC201_AdminUser_Test19_CreateSSCAdminWithEmailAsUniqueAndExistingAlternateEmailForUserType2(AdminUserService_AdminUserTests.java:409)
	at sun.reflect.NativeMethodAccessorImpl.invoke0(Native Method)
	at sun.reflect.NativeMethodAccessorImpl.invoke(NativeMethodAccessorImpl.java:62)
	at sun.reflect.DelegatingMethodAccessorImpl.invoke(DelegatingMethodAccessorImpl.java:43)
	at java.lang.reflect.Method.invoke(Method.java:498)
	at org.testng.internal.MethodInvocationHelper.invokeMethod(MethodInvocationHelper.java:124)
	at org.testng.internal.Invoker.invokeMethod(Invoker.java:583)
	at org.testng.internal.Invoker.invokeTestMethod(Invoker.java:719)
	at org.testng.internal.Invoker.invokeTestMethods(Invoker.java:989)
	at org.testng.internal.TestMethodWorker.invokeTestMethods(TestMethodWorker.java:125)
	at org.testng.internal.TestMethodWorker.run(TestMethodWorker.java:109)
	at org.testng.TestRunner.privateRun(TestRunner.java:648)
	at org.testng.TestRunner.run(TestRunner.java:505)
	at org.testng.SuiteRunner.runTest(SuiteRunner.java:455)
	at org.testng.SuiteRunner.runSequentially(SuiteRunner.java:450)
	at org.testng.SuiteRunner.privateRun(SuiteRunner.java:415)
	at org.testng.SuiteRunner.run(SuiteRunner.java:364)
	at org.testng.SuiteRunnerWorker.runSuite(SuiteRunnerWorker.java:52)
	at org.testng.SuiteRunnerWorker.run(SuiteRunnerWorker.java:84)
	at org.testng.TestNG.runSuitesSequentially(TestNG.java:1208)
	at org.testng.TestNG.runSuitesLocally(TestNG.java:1137)
	at org.testng.TestNG.runSuites(TestNG.java:1049)
	at org.testng.TestNG.run(TestNG.java:1017)
	at org.testng.remote.AbstractRemoteTestNG.run(AbstractRemoteTestNG.java:114)
	at org.testng.remote.RemoteTestNG.initAndRun(RemoteTestNG.java:251)
	at org.testng.remote.RemoteTestNG.main(RemoteTestNG.java:77)
</textarea>
										</td>
									</tr>
								</tbody>
							</table>
						</div>
					</div>
				</li>
				<li class='exception displayed active'>
					<div class='exception-heading'>
						<span class='exception-name'>java.lang.IllegalStateException</span>
						<span class='exception-count right'><span class='label red lighten-1 white-text'>1</span></span>
					</div>
					<div class='exception-content hide'>
						<div class='exception-tests'>
							<table class='bordered table-results'>
								<thead>
									<tr>
										<th>Timestamp</th>
										<th>TestName</th>
										<th>Status</th>
									</tr>
								</thead>
								<tbody>
									<tr>
										<td>Jan 31, 2020 05:10:56 PM</td>
										<td class='linked' test-id='5'>tC201_AdminUser_Test05_CreateSSCAdminWithUserType2</td>
										<td>
											<textarea disabled class="code-block">java.lang.IllegalStateException: This operation is not allowed on a closed folder
	at com.sun.mail.imap.IMAPFolder.checkOpened(IMAPFolder.java:478)
	at com.sun.mail.imap.IMAPFolder.getMessages(IMAPFolder.java:1856)
	at com.selenium.utils.MailBox.getContent(MailBox.java:92)
	at com.mdp.api.tests.AdminUserService_AdminUserTests.tC201_AdminUser_Test05_CreateSSCAdminWithUserType2(AdminUserService_AdminUserTests.java:131)
	at sun.reflect.NativeMethodAccessorImpl.invoke0(Native Method)
	at sun.reflect.NativeMethodAccessorImpl.invoke(NativeMethodAccessorImpl.java:62)
	at sun.reflect.DelegatingMethodAccessorImpl.invoke(DelegatingMethodAccessorImpl.java:43)
	at java.lang.reflect.Method.invoke(Method.java:498)
	at org.testng.internal.MethodInvocationHelper.invokeMethod(MethodInvocationHelper.java:124)
	at org.testng.internal.Invoker.invokeMethod(Invoker.java:583)
	at org.testng.internal.Invoker.invokeTestMethod(Invoker.java:719)
	at org.testng.internal.Invoker.invokeTestMethods(Invoker.java:989)
	at org.testng.internal.TestMethodWorker.invokeTestMethods(TestMethodWorker.java:125)
	at org.testng.internal.TestMethodWorker.run(TestMethodWorker.java:109)
	at org.testng.TestRunner.privateRun(TestRunner.java:648)
	at org.testng.TestRunner.run(TestRunner.java:505)
	at org.testng.SuiteRunner.runTest(SuiteRunner.java:455)
	at org.testng.SuiteRunner.runSequentially(SuiteRunner.java:450)
	at org.testng.SuiteRunner.privateRun(SuiteRunner.java:415)
	at org.testng.SuiteRunner.run(SuiteRunner.java:364)
	at org.testng.SuiteRunnerWorker.runSuite(SuiteRunnerWorker.java:52)
	at org.testng.SuiteRunnerWorker.run(SuiteRunnerWorker.java:84)
	at org.testng.TestNG.runSuitesSequentially(TestNG.java:1208)
	at org.testng.TestNG.runSuitesLocally(TestNG.java:1137)
	at org.testng.TestNG.runSuites(TestNG.java:1049)
	at org.testng.TestNG.run(TestNG.java:1017)
	at org.testng.remote.AbstractRemoteTestNG.run(AbstractRemoteTestNG.java:114)
	at org.testng.remote.RemoteTestNG.initAndRun(RemoteTestNG.java:251)
	at org.testng.remote.RemoteTestNG.main(RemoteTestNG.java:77)
</textarea>
										</td>
									</tr>
								</tbody>
							</table>
						</div>
					</div>
				</li>
			</ul>
		</div>
	</div>
	<div class='subview-right left'>
		<div class='view-summary'>
			<h5 class='exception-name'></h5>
		</div>
	</div>
</div>
<!-- exception view --><div id='dashboard-view' class='view hide'>
	<div class='card-panel transparent np-v'>
		<h5>Dashboard</h5>

		<div class='row'>
			<div class='col s2'>
				<div class='card-panel r'>
					Tests
					<div class='panel-lead'>31</div>
				</div>
			</div>
			<div class='col s2'>
				<div class='card-panel r'>
					Steps
					<div class='panel-lead'>0</div>
				</div>
			</div>
			<div class='col s2'>
				<div class='card-panel r'>
					Start
					<div class='panel-lead'>Jan 31, 2020 05:06:24 PM</div>
				</div>
			</div>
			<div class='col s2'>
				<div class='card-panel r'>
			 		End
			 		<div class='panel-lead'>Jan 31, 2020 05:30:33 PM</div>
				</div>
			</div>
			<div class='col s2'>
				<div class='card-panel r'>
					Time Taken
					<div class='panel-lead'>0h 24m 9s+522ms</div>
				</div>
			</div>
			<div class='col s4'>
				<div class='card-panel dashboard-environment'>
					<span class='right label cyan white-text'>Environment</span><p>&nbsp;</p>
					
					<table>
						<tr>
							<th>Name</th>
							<th>Value</th>
						</tr>
							<tr>
								<td>HostName</td>
								<td>Kanchenjungas-MacBook-Pro.local</td>
							</tr>
							<tr>
								<td>Operating System</td>
								<td>MAC</td>
							</tr>
							<tr>
								<td>APIServiceName</td>
								<td>MDPAPITestAutomationResult</td>
							</tr>
							<tr>
								<td>BuildeDetails: </td>
								<td></td>
							</tr>
							<tr>
								<td>AdminService</td>
								<td>1.0.0.37</td>
							</tr>
							<tr>
								<td>ReportService</td>
								<td>1.0.0.35</td>
							</tr>
							<tr>
								<td>PatientService</td>
								<td>1.0.0.37</td>
							</tr>
					</table>
				</div>
			</div>
			<div class='col s6'>
				<div class='card-panel dashboard-categories'>
					<span class='right label cyan white-text'>Categories</span><p>&nbsp;</p>
					
					<table>
						<tr>
							<th>Name</th>
							<th>Passed</th>
							<th>Failed</th>
							<th>Others</th>
							<th>Passed %</th>
						</tr>
						<tr>
							<td>AdminService</td>
							<td>16</td>
							<td>15</td>
							<td>0</td>
							<td>
									51.613%
							</td>
						</tr>
					</table>
				</div>
			</div>
		</div>
	</div>
</div>
<!-- dashboard view -->
<!-- testrunner-logs view -->		</div>
		<!-- container -->
		<script>
			var statusGroup = {
                parentCount: 31,
				passParent: 16,
				failParent: 15,
				fatalParent: 0,
				errorParent: 0,
				warningParent: 0,
				skipParent: 0,
				exceptionsParent: 15,
				childCount: 0,
				passChild: 0,
				failChild: 0,
				fatalChild: 0,
				errorChild: 0,
				warningChild: 0,
				skipChild: 0,
				infoChild: 0,
				debugChild: 0,
				exceptionsChild: 0,
				grandChildCount: 0,
				passGrandChild: 0,
				failGrandChild: 0,
				fatalGrandChild: 0,
				errorGrandChild: 0,
				warningGrandChild: 0,
				skipGrandChild: 0,
				infoGrandChild: 0,
				debugGrandChild: 0,
				exceptionsGrandChild: 0,
			};
		</script>
		<script>
			var timeline = {
			        "tC201_AdminUser_Test01_CreateAppAdminSibblingWithUserType1":50.74,"tC201_AdminUser_Test02_CreateAppAdminSibblingWithUserType2":34.835,"tC201_AdminUser_Test03_CreateAppAdminSibblingWithUserType3":41.692,"tC201_AdminUser_Test04_CreateSSCAdminWithUserType1":116.369,"tC201_AdminUser_Test05_CreateSSCAdminWithUserType2":145.425,"tC201_AdminUser_Test06_CreateSSCAdminWithUserType3":41.367,"tC201_AdminUser_Test12_CreateAppAdminWithExistingMDPAdminMail":30.528,"tC201_AdminUser_Test14_CreateSSCAdminWithExistingMDPAdminMail":30.328,"tC201_AdminUser_Test15_CreateSSCAdminWithExistingSSCAdminMail":56.889,"TC201_AdminUser_Test27_CreateSSCAdminWithMDPAppIdInvalid":32.908,"TC201_AdminUser_Test28_CreateSSCAdminWithInvalidemailId":34.315,"TC201_AdminUser_Test28_CreateSSCAdminWithInvalidemailId":34.383,"TC201_AdminUser_Test28_CreateSSCAdminWithInvalidemailId":28.458,"TC201_AdminUser_Test28_CreateSSCAdminWithInvalidemailId":34.721,"TC201_AdminUser_Test28_CreateSSCAdminWithInvalidemailId":33.906,"TC201_AdminUser_Test28_CreateSSCAdminWithoutContactDetails":38.112,"tC201_AdminUser_Test09_CreateSSCAdminWithSSCAdmin":44.723,"tC201_AdminUser_Test10_CreateAccountAdminWithSSCAdmin":27.762,"tC201_AdminUser_Test11_CreateSiteAdminWithSSCAdmin":26.917,"tC201_AdminUser_Test13_CreateAppAdminWithExistingSSCAdminMail":34.316,"tC201_AdminUser_Test16_CreateMDPAdminWithEmailAsUniqueAndNoAlternateEmailForUserType2":32.485,"tC201_AdminUser_Test17_CreateSSCAdminWithEmailAsUniqueAndNoAlternateEmailForUserType2":36.965,"tC201_AdminUser_Test18_CreateMDPAdminWithEmailAsUniqueAndExistingAlternateEmailForUserType2":32.994,"tC201_AdminUser_Test19_CreateSSCAdminWithEmailAsUniqueAndExistingAlternateEmailForUserType2":43.681,"tC201_AdminUser_Test20_CreateSSCAdminWithClientIdNull":28.138,"tC201_AdminUser_Test21_CreateSSCAdminWithRoleIdNull":35.197,"tC201_AdminUser_Test22_CreateSSCAdminWithUserTypeNull":33.904,"tC201_AdminUser_Test23_CreateSSCAdminWithClientIdRandom":29.877,"tC201_AdminUser_Test24_CreateSSCAdminWithRoleIdRandom":32.943,"tC201_AdminUser_Test25_CreateSSCAdminWithUserTypeRandom":33.193,"tC201_AdminUser_Test26_CreateSSCAdminWithMDPAppIdNull":33.71
			};
		</script>
		<script src='https://cdn.rawgit.com/extent-framework/extent-github-cdn/b65cd69/v3html/js/extent.js' type='text/javascript'></script>
		<script type='text/javascript'>
		</script>
	</body>
</html>